main.js:8 --- ðŸš€ App Initializing ---
main.js:9 Initial State: followUser=true, headingUp=false
gps.js:94 ç£åè§’APIå¤±æ•—ã€‚ç³»3ã®ä»£è¡¨å€¤ã‚’ä½¿ç”¨: 7.50Â°
updateDeclinationIfNeeded @ gps.js:94
gps.js:174 [Compass] init 349.1Â° (TN)
mapController.js:105 [toggle] headingUp=true
mapController.js:117 [Heading Snap] Synced all headings to 349.1Â°
gps.js:195 [Compass] update -> 350.1Â° (TN)
gps.js:195 [Compass] update -> 351.1Â° (TN)
gps.js:195 [Compass] update -> 352.1Â° (TN)
gps.js:195 [Compass] update -> 353.2Â° (TN)
gps.js:195 [Compass] update -> 354.2Â° (TN)
gps.js:195 [Compass] update -> 355.3Â° (TN)
gps.js:195 [Compass] update -> 356.3Â° (TN)
gps.js:195 [Compass] update -> 357.3Â° (TN)
gps.js:195 [Compass] update -> 358.4Â° (TN)
gps.js:195 [Compass] update -> 359.4Â° (TN)
gps.js:195 [Compass] update -> 0.4Â° (TN)
gps.js:195 [Compass] update -> 1.5Â° (TN)
gps.js:195 [Compass] update -> 2.5Â° (TN)
gps.js:195 [Compass] update -> 3.6Â° (TN)
gps.js:195 [Compass] update -> 2.5Â° (TN)
gps.js:195 [Compass] update -> 1.4Â° (TN)
gps.js:195 [Compass] update -> 0.4Â° (TN)
gps.js:195 [Compass] update -> 359.3Â° (TN)
gps.js:195 [Compass] update -> 358.2Â° (TN)
gps.js:195 [Compass] update -> 357.2Â° (TN)
gps.js:195 [Compass] update -> 356.1Â° (TN)
gps.js:195 [Compass] update -> 355.1Â° (TN)
gps.js:195 [Compass] update -> 354.1Â° (TN)
gps.js:195 [Compass] update -> 353.1Â° (TN)
gps.js:195 [Compass] update -> 354.1Â° (TN)
gps.js:195 [Compass] update -> 355.1Â° (TN)
gps.js:195 [Compass] update -> 356.1Â° (TN)
gps.js:195 [Compass] update -> 357.2Â° (TN)
gps.js:195 [Compass] update -> 358.2Â° (TN)
gps.js:195 [Compass] update -> 359.2Â° (TN)
gps.js:195 [Compass] update -> 358.2Â° (TN)
gps.js:195 [Compass] update -> 357.1Â° (TN)
gps.js:195 [Compass] update -> 356.1Â° (TN)
gps.js:195 [Compass] update -> 355.0Â° (TN)
gps.js:195 [Compass] update -> 354.0Â° (TN)
gps.js:195 [Compass] update -> 355.0Â° (TN)
gps.js:195 [Compass] update -> 356.0Â° (TN)
gps.js:195 [Compass] update -> 357.1Â° (TN)
gps.js:195 [Compass] update -> 358.1Â° (TN)
gps.js:195 [Compass] update -> 359.2Â° (TN)
gps.js:195 [Compass] update -> 0.2Â° (TN)
gps.js:195 [Compass] update -> 1.2Â° (TN)
gps.js:195 [Compass] update -> 2.2Â° (TN)
gps.js:195 [Compass] update -> 1.2Â° (TN)
gps.js:195 [Compass] update -> 0.1Â° (TN)
gps.js:195 [Compass] update -> 359.1Â° (TN)
gps.js:195 [Compass] update -> 358.1Â° (TN)
gps.js:195 [Compass] update -> 357.1Â° (TN)
gps.js:195 [Compass] update -> 356.0Â° (TN)
gps.js:195 [Compass] update -> 355.0Â° (TN)
gps.js:195 [Compass] update -> 353.7Â° (TN)
gps.js:195 [Compass] update -> 352.7Â° (TN)
gps.js:195 [Compass] update -> 351.6Â° (TN)
gps.js:195 [Compass] update -> 350.6Â° (TN)
gps.js:195 [Compass] update -> 351.7Â° (TN)
gps.js:195 [Compass] update -> 352.8Â° (TN)
gps.js:195 [Compass] update -> 353.8Â° (TN)
gps.js:195 [Compass] update -> 354.8Â° (TN)
gps.js:195 [Compass] update -> 355.9Â° (TN)
gps.js:195 [Compass] update -> 357.0Â° (TN)
gps.js:195 [Compass] update -> 358.0Â° (TN)
gps.js:195 [Compass] update -> 359.1Â° (TN)
gps.js:195 [Compass] update -> 0.1Â° (TN)
gps.js:195 [Compass] update -> 1.1Â° (TN)
gps.js:195 [Compass] update -> 2.1Â° (TN)
gps.js:195 [Compass] update -> 3.2Â° (TN)
gps.js:195 [Compass] update -> 2.1Â° (TN)
gps.js:195 [Compass] update -> 1.1Â° (TN)
gps.js:195 [Compass] update -> 0.0Â° (TN)
gps.js:195 [Compass] update -> 358.9Â° (TN)
gps.js:195 [Compass] update -> 357.8Â° (TN)
gps.js:195 [Compass] update -> 356.8Â° (TN)
gps.js:195 [Compass] update -> 355.7Â° (TN)
gps.js:195 [Compass] update -> 354.7Â° (TN)
 [Compass] update -> 353.6Â° (TN)
 [Compass] update -> 354.7Â° (TN)
 [Compass] update -> 355.7Â° (TN)
 [Compass] update -> 356.7Â° (TN)
 [Compass] update -> 357.7Â° (TN)
 [Compass] update -> 358.8Â° (TN)
 [Compass] update -> 359.9Â° (TN)
 [Compass] update -> 358.8Â° (TN)
 [Compass] update -> 357.7Â° (TN)
 [Compass] update -> 356.6Â° (TN)
 [Compass] update -> 355.6Â° (TN)
 [Compass] update -> 356.6Â° (TN)
 [Compass] update -> 357.8Â° (TN)
 [Compass] update -> 358.8Â° (TN)
 [Compass] update -> 357.8Â° (TN)
 [Compass] update -> 356.8Â° (TN)
 [Compass] update -> 355.7Â° (TN)
 [Compass] update -> 354.7Â° (TN)
 [Compass] update -> 353.7Â° (TN)
 [Compass] update -> 354.7Â° (TN)
 [Compass] update -> 355.7Â° (TN)
 [Compass] update -> 356.7Â° (TN)
 [Compass] update -> 357.8Â° (TN)
 [Compass] update -> 358.8Â° (TN)
 [Compass] update -> 359.9Â° (TN)
 [Compass] update -> 1.0Â° (TN)
 [Compass] update -> 359.9Â° (TN)
 [Compass] update -> 358.8Â° (TN)
 [Compass] update -> 357.8Â° (TN)
 [Compass] update -> 356.7Â° (TN)
 [Compass] update -> 355.7Â° (TN)
 [Compass] update -> 354.7Â° (TN)
 [Compass] update -> 353.7Â° (TN)
 [toggle] followUser=false
 --- ðŸ“º Fullscreen Change Event Triggered ---
 [Compass] update -> 354.7Â° (TN)
 [Compass] update -> 355.7Â° (TN)
 [Compass] update -> 356.7Â° (TN)
 [Compass] update -> 357.8Â° (TN)
 [Compass] update -> 358.8Â° (TN)
 [Compass] update -> 359.9Â° (TN)
 [Compass] update -> 1.0Â° (TN)
 [Compass] update -> 2.1Â° (TN)
 [Compass] update -> 3.1Â° (TN)
 [Compass] update -> 2.0Â° (TN)
 [Compass] update -> 0.9Â° (TN)
 [Compass] update -> 359.9Â° (TN)
 [Compass] update -> 358.9Â° (TN)
 [Compass] update -> 357.9Â° (TN)
 [Compass] update -> 356.9Â° (TN)
 [toggle] followUser=true
 [toggle] followUser=false
 [toggle] followUser=true
 [toggle] followUser=false
 [toggle] followUser=true
 [Compass] update -> 355.8Â° (TN)
 [Compass] update -> 354.8Â° (TN)
 [Compass] update -> 353.8Â° (TN)
 [Compass] update -> 352.7Â° (TN)
 [Compass] update -> 351.6Â° (TN)
 [Compass] update -> 350.6Â° (TN)
 [Compass] update -> 349.5Â° (TN)
 [Compass] update -> 350.6Â° (TN)
 [Compass] update -> 351.6Â° (TN)
 [Compass] update -> 352.7Â° (TN)
 [Compass] update -> 353.8Â° (TN)
 [Compass] update -> 354.9Â° (TN)
 [Compass] update -> 355.9Â° (TN)
 [Compass] update -> 357.0Â° (TN)
 [Compass] update -> 358.0Â° (TN)
 [Compass] update -> 359.0Â° (TN)
 [Compass] update -> 0.0Â° (TN)
 [Compass] update -> 1.0Â° (TN)
 [Compass] update -> 0.0Â° (TN)
 [Compass] update -> 359.0Â° (TN)
 [Compass] update -> 357.9Â° (TN)
 [Compass] update -> 356.9Â° (TN)
 [Compass] update -> 355.8Â° (TN)
 [Compass] update -> 354.7Â° (TN)
 [Compass] update -> 355.8Â° (TN)
 [Compass] update -> 356.8Â° (TN)
 [Compass] update -> 357.8Â° (TN)
 [Compass] update -> 358.8Â° (TN)
 [Compass] update -> 359.8Â° (TN)
 [Compass] update -> 0.9Â° (TN)
 [Compass] update -> 1.9Â° (TN)
 [Compass] update -> 3.0Â° (TN)
 [Compass] update -> 1.9Â° (TN)
 [Compass] update -> 0.8Â° (TN)
 [Compass] update -> 359.7Â° (TN)
 [Compass] update -> 358.7Â° (TN)
 [Compass] update -> 357.5Â° (TN)
 [Compass] update -> 356.5Â° (TN)
 [Compass] update -> 355.4Â° (TN)
 [Compass] update -> 354.3Â° (TN)
 [Compass] update -> 353.3Â° (TN)
 [Compass] update -> 352.3Â° (TN)
 [Compass] update -> 351.2Â° (TN)
 [Compass] update -> 352.3Â° (TN)
 [Compass] update -> 353.4Â° (TN)
 [Compass] update -> 354.5Â° (TN)
 [Compass] update -> 355.5Â° (TN)
 [Compass] update -> 356.6Â° (TN)
 [Compass] update -> 357.7Â° (TN)
 [Compass] update -> 358.7Â° (TN)
 [Compass] update -> 359.8Â° (TN)
 [Compass] update -> 0.8Â° (TN)
 [Compass] update -> 1.9Â° (TN)
 [Compass] update -> 0.8Â° (TN)
 [Compass] update -> 359.8Â° (TN)
 [Compass] update -> 358.8Â° (TN)
 [Compass] update -> 357.7Â° (TN)
 [Compass] update -> 356.6Â° (TN)
 [Compass] update -> 355.6Â° (TN)
 [Compass] update -> 354.5Â° (TN)
 [Compass] update -> 353.5Â° (TN)
 [Compass] update -> 352.4Â° (TN)
 [Compass] update -> 353.5Â° (TN)
 [Compass] update -> 354.5Â° (TN)
 [Compass] update -> 355.7Â° (TN)
 [Compass] update -> 356.7Â° (TN)
 [Compass] update -> 357.7Â° (TN)
 [Compass] update -> 358.7Â° (TN)
 [Compass] update -> 359.7Â° (TN)
 [Compass] update -> 0.7Â° (TN)
 [Compass] update -> 359.7Â° (TN)
 [Compass] update -> 358.6Â° (TN)
 [Compass] update -> 357.5Â° (TN)
 [Compass] update -> 356.5Â° (TN)
 [Compass] update -> 355.5Â° (TN)
 [Compass] update -> 356.5Â° (TN)
 [Compass] update -> 357.5Â° (TN)
 [Compass] update -> 358.6Â° (TN)
 [Compass] update -> 359.6Â° (TN)
 [Compass] update -> 0.6Â° (TN)
 [Compass] update -> 1.6Â° (TN)
 [Compass] update -> 2.7Â° (TN)
 [Compass] update -> 1.7Â° (TN)
 [Compass] update -> 0.6Â° (TN)
 [Compass] update -> 359.6Â° (TN)
 [Compass] update -> 358.5Â° (TN)
 [Compass] update -> 357.5Â° (TN)
 [Compass] update -> 356.4Â° (TN)
 [Compass] update -> 355.4Â° (TN)
 [Compass] update -> 356.4Â° (TN)
 [Compass] update -> 357.5Â° (TN)
 [Compass] update -> 358.5Â° (TN)
 [Compass] update -> 359.6Â° (TN)
 [Compass] update -> 0.6Â° (TN)
 [Compass] update -> 1.6Â° (TN)
 [Compass] update -> 2.7Â° (TN)
 [Compass] update -> 1.7Â° (TN)
 [Compass] update -> 0.7Â° (TN)
 [Compass] update -> 359.7Â° (TN)
 [Compass] update -> 358.7Â° (TN)
