content.js:28 Current URL: https://umineko-aabf34.netlify.app/
content.js:29 Protocol: https:
content.js:30 Hostname: umineko-aabf34.netlify.app
content.js:31 Is excluded: false
content.js:46 Found code blocks: 1
content.js:57 Block 0: Single line, skipping
main.js:7 --- 🚀 App Initializing ---
main.js:8 Initial State: followUser=true, headingUp=false, debug=true
content.js:28 Current URL: https://umineko-aabf34.netlify.app/
content.js:29 Protocol: https:
content.js:30 Hostname: umineko-aabf34.netlify.app
content.js:31 Is excluded: false
content.js:46 Found code blocks: 1
content.js:57 Block 0: Single line, skipping
state.js:54 {
  "ts": 1759810301190,
  "module": "state.js",
  "event": "heading_null",
  "data": {
    "value": null,
    "reason": "low_accuracy"
  }
}
state.js:54 {
  "ts": 1759810301190,
  "module": "mapController.js",
  "event": "skip_rotation",
  "data": {
    "reason": "low_accuracy",
    "mode": "NorthUp"
  }
}
/favicon.ico:1  Failed to load resource: the server responded with a status of 404 ()
content.js:28 Current URL: https://umineko-aabf34.netlify.app/
content.js:29 Protocol: https:
content.js:30 Hostname: umineko-aabf34.netlify.app
content.js:31 Is excluded: false
content.js:46 Found code blocks: 1
content.js:57 Block 0: Single line, skipping
content.js:28 Current URL: https://umineko-aabf34.netlify.app/
content.js:29 Protocol: https:
content.js:30 Hostname: umineko-aabf34.netlify.app
content.js:31 Is excluded: false
content.js:46 Found code blocks: 1
content.js:57 Block 0: Single line, skipping
content.js:28 Current URL: https://umineko-aabf34.netlify.app/
content.js:29 Protocol: https:
content.js:30 Hostname: umineko-aabf34.netlify.app
content.js:31 Is excluded: false
content.js:46 Found code blocks: 1
content.js:57 Block 0: Single line, skipping
content.js:28 Current URL: https://umineko-aabf34.netlify.app/
content.js:29 Protocol: https:
content.js:30 Hostname: umineko-aabf34.netlify.app
content.js:31 Is excluded: false
content.js:46 Found code blocks: 1
content.js:57 Block 0: Single line, skipping
content.js:28 Current URL: https://umineko-aabf34.netlify.app/
content.js:29 Protocol: https:
content.js:30 Hostname: umineko-aabf34.netlify.app
content.js:31 Is excluded: false
content.js:46 Found code blocks: 1
content.js:57 Block 0: Single line, skipping
content.js:28 Current URL: https://umineko-aabf34.netlify.app/
content.js:29 Protocol: https:
content.js:30 Hostname: umineko-aabf34.netlify.app
content.js:31 Is excluded: false
content.js:46 Found code blocks: 1
content.js:57 Block 0: Single line, skipping
content.js:28 Current URL: https://umineko-aabf34.netlify.app/
content.js:29 Protocol: https:
content.js:30 Hostname: umineko-aabf34.netlify.app
content.js:31 Is excluded: false
content.js:46 Found code blocks: 1
content.js:57 Block 0: Single line, skipping
content.js:28 Current URL: https://umineko-aabf34.netlify.app/
content.js:29 Protocol: https:
content.js:30 Hostname: umineko-aabf34.netlify.app
content.js:31 Is excluded: false
content.js:46 Found code blocks: 1
content.js:57 Block 0: Single line, skipping
content.js:28 Current URL: https://umineko-aabf34.netlify.app/
content.js:29 Protocol: https:
content.js:30 Hostname: umineko-aabf34.netlify.app
content.js:31 Is excluded: false
content.js:46 Found code blocks: 1
content.js:57 Block 0: Single line, skipping
content.js:28 Current URL: https://umineko-aabf34.netlify.app/
content.js:29 Protocol: https:
content.js:30 Hostname: umineko-aabf34.netlify.app
content.js:31 Is excluded: false
content.js:46 Found code blocks: 1
content.js:57 Block 0: Single line, skipping
content.js:28 Current URL: https://umineko-aabf34.netlify.app/
content.js:29 Protocol: https:
content.js:30 Hostname: umineko-aabf34.netlify.app
content.js:31 Is excluded: false
content.js:46 Found code blocks: 1
content.js:57 Block 0: Single line, skipping
content.js:28 Current URL: https://umineko-aabf34.netlify.app/
content.js:29 Protocol: https:
content.js:30 Hostname: umineko-aabf34.netlify.app
content.js:31 Is excluded: false
content.js:46 Found code blocks: 1
content.js:57 Block 0: Single line, skipping
content.js:28 Current URL: https://umineko-aabf34.netlify.app/
content.js:29 Protocol: https:
content.js:30 Hostname: umineko-aabf34.netlify.app
content.js:31 Is excluded: false
content.js:46 Found code blocks: 1
content.js:57 Block 0: Single line, skipping
content.js:28 Current URL: https://umineko-aabf34.netlify.app/
content.js:29 Protocol: https:
content.js:30 Hostname: umineko-aabf34.netlify.app
content.js:31 Is excluded: false
content.js:46 Found code blocks: 1
content.js:57 Block 0: Single line, skipping
state.js:54 {
  "ts": 1759810326285,
  "module": "mapController.js",
  "event": "skip_rotation",
  "data": {
    "reason": "low_accuracy",
    "mode": "HeadingUp"
  }
}
state.js:54 {
  "ts": 1759810328588,
  "module": "mapController.js",
  "event": "skip_rotation",
  "data": {
    "reason": "low_accuracy",
    "mode": "NorthUp"
  }
}
content.js:28 Current URL: https://umineko-aabf34.netlify.app/
content.js:29 Protocol: https:
content.js:30 Hostname: umineko-aabf34.netlify.app
content.js:31 Is excluded: false
content.js:46 Found code blocks: 1
content.js:57 Block 0: Single line, skipping
state.js:54 {
  "ts": 1759810329769,
  "module": "mapController.js",
  "event": "skip_rotation",
  "data": {
    "reason": "low_accuracy",
    "mode": "NorthUp"
  }
}
content.js:28 Current URL: https://umineko-aabf34.netlify.app/
content.js:29 Protocol: https:
content.js:30 Hostname: umineko-aabf34.netlify.app
content.js:31 Is excluded: false
content.js:46 Found code blocks: 1
content.js:57 Block 0: Single line, skipping
content.js:28 Current URL: https://umineko-aabf34.netlify.app/
content.js:29 Protocol: https:
content.js:30 Hostname: umineko-aabf34.netlify.app
content.js:31 Is excluded: false
content.js:46 Found code blocks: 1
content.js:57 Block 0: Single line, skipping
content.js:28 Current URL: https://umineko-aabf34.netlify.app/
content.js:29 Protocol: https:
content.js:30 Hostname: umineko-aabf34.netlify.app
content.js:31 Is excluded: false
content.js:46 Found code blocks: 1
content.js:57 Block 0: Single line, skipping
content.js:28 Current URL: https://umineko-aabf34.netlify.app/
content.js:29 Protocol: https:
content.js:30 Hostname: umineko-aabf34.netlify.app
content.js:31 Is excluded: false
content.js:46 Found code blocks: 1
content.js:57 Block 0: Single line, skipping
content.js:28 Current URL: https://umineko-aabf34.netlify.app/
content.js:29 Protocol: https:
content.js:30 Hostname: umineko-aabf34.netlify.app
content.js:31 Is excluded: false
content.js:46 Found code blocks: 1
content.js:57 Block 0: Single line, skipping
content.js:28 Current URL: https://umineko-aabf34.netlify.app/
content.js:29 Protocol: https:
content.js:30 Hostname: umineko-aabf34.netlify.app
content.js:31 Is excluded: false
content.js:46 Found code blocks: 1
content.js:57 Block 0: Single line, skipping
content.js:28 Current URL: https://umineko-aabf34.netlify.app/
content.js:29 Protocol: https:
content.js:30 Hostname: umineko-aabf34.netlify.app
content.js:31 Is excluded: false
content.js:46 Found code blocks: 1
content.js:57 Block 0: Single line, skipping
content.js:28 Current URL: https://umineko-aabf34.netlify.app/
content.js:29 Protocol: https:
content.js:30 Hostname: umineko-aabf34.netlify.app
content.js:31 Is excluded: false
content.js:46 Found code blocks: 1
content.js:57 Block 0: Single line, skipping
content.js:28 Current URL: https://umineko-aabf34.netlify.app/
content.js:29 Protocol: https:
content.js:30 Hostname: umineko-aabf34.netlify.app
content.js:31 Is excluded: false
content.js:46 Found code blocks: 1
content.js:57 Block 0: Single line, skipping
content.js:28 Current URL: https://umineko-aabf34.netlify.app/
content.js:29 Protocol: https:
content.js:30 Hostname: umineko-aabf34.netlify.app
content.js:31 Is excluded: false
content.js:46 Found code blocks: 1
content.js:57 Block 0: Single line, skipping
content.js:28 Current URL: https://umineko-aabf34.netlify.app/
content.js:29 Protocol: https:
content.js:30 Hostname: umineko-aabf34.netlify.app
content.js:31 Is excluded: false
content.js:46 Found code blocks: 1
content.js:57 Block 0: Single line, skipping
content.js:28 Current URL: https://umineko-aabf34.netlify.app/
content.js:29 Protocol: https:
content.js:30 Hostname: umineko-aabf34.netlify.app
content.js:31 Is excluded: false
content.js:46 Found code blocks: 1
content.js:57 Block 0: Single line, skipping
content.js:28 Current URL: https://umineko-aabf34.netlify.app/
content.js:29 Protocol: https:
content.js:30 Hostname: umineko-aabf34.netlify.app
content.js:31 Is excluded: false
content.js:46 Found code blocks: 1
content.js:57 Block 0: Single line, skipping
content.js:28 Current URL: https://umineko-aabf34.netlify.app/
content.js:29 Protocol: https:
content.js:30 Hostname: umineko-aabf34.netlify.app
content.js:31 Is excluded: false
content.js:46 Found code blocks: 1
content.js:57 Block 0: Single line, skipping
content.js:28 Current URL: https://umineko-aabf34.netlify.app/
content.js:29 Protocol: https:
content.js:30 Hostname: umineko-aabf34.netlify.app
content.js:31 Is excluded: false
content.js:46 Found code blocks: 1
content.js:57 Block 0: Single line, skipping
content.js:28 Current URL: https://umineko-aabf34.netlify.app/
content.js:29 Protocol: https:
content.js:30 Hostname: umineko-aabf34.netlify.app
content.js:31 Is excluded: false
content.js:46 Found code blocks: 1
content.js:57 Block 0: Single line, skipping
content.js:28 Current URL: https://umineko-aabf34.netlify.app/
content.js:29 Protocol: https:
content.js:30 Hostname: umineko-aabf34.netlify.app
content.js:31 Is excluded: false
content.js:46 Found code blocks: 1
content.js:57 Block 0: Single line, skipping
content.js:28 Current URL: https://umineko-aabf34.netlify.app/
content.js:29 Protocol: https:
content.js:30 Hostname: umineko-aabf34.netlify.app
content.js:31 Is excluded: false
content.js:46 Found code blocks: 1
content.js:57 Block 0: Single line, skipping
content.js:28 Current URL: https://umineko-aabf34.netlify.app/
content.js:29 Protocol: https:
content.js:30 Hostname: umineko-aabf34.netlify.app
content.js:31 Is excluded: false
content.js:46 Found code blocks: 1
content.js:57 Block 0: Single line, skipping
content.js:28 Current URL: https://umineko-aabf34.netlify.app/
content.js:29 Protocol: https:
content.js:30 Hostname: umineko-aabf34.netlify.app
content.js:31 Is excluded: false
content.js:46 Found code blocks: 1
content.js:57 Block 0: Single line, skipping
content.js:28 Current URL: https://umineko-aabf34.netlify.app/
content.js:29 Protocol: https:
content.js:30 Hostname: umineko-aabf34.netlify.app
content.js:31 Is excluded: false
content.js:46 Found code blocks: 1
content.js:57 Block 0: Single line, skipping
content.js:28 Current URL: https://umineko-aabf34.netlify.app/
content.js:29 Protocol: https:
content.js:30 Hostname: umineko-aabf34.netlify.app
content.js:31 Is excluded: false
content.js:46 Found code blocks: 1
content.js:57 Block 0: Single line, skipping
state.js:54 {
  "ts": 1759810351526,
  "module": "mapController.js",
  "event": "skip_rotation",
  "data": {
    "reason": "low_accuracy",
    "mode": "NorthUp"
  }
}
content.js:28 Current URL: https://umineko-aabf34.netlify.app/
content.js:29 Protocol: https:
content.js:30 Hostname: umineko-aabf34.netlify.app
content.js:31 Is excluded: false
content.js:46 Found code blocks: 1
content.js:57 Block 0: Single line, skipping
state.js:54 {
  "ts": 1759810360826,
  "module": "state.js",
  "event": "heading_null",
  "data": {
    "value": null,
    "reason": "low_accuracy"
  }
}
state.js:54 {
  "ts": 1759810360827,
  "module": "mapController.js",
  "event": "skip_rotation",
  "data": {
    "reason": "low_accuracy",
    "mode": "NorthUp"
  }
}
state.js:54 {
  "ts": 1759810366712,
  "module": "mapController.js",
  "event": "skip_rotation",
  "data": {
    "reason": "low_accuracy",
    "mode": "HeadingUp"
  }
}
state.js:54 {
  "ts": 1759810367506,
  "module": "mapController.js",
  "event": "skip_rotation",
  "data": {
    "reason": "low_accuracy",
    "mode": "NorthUp"
  }
}
content.js:28 Current URL: https://umineko-aabf34.netlify.app/
content.js:29 Protocol: https:
content.js:30 Hostname: umineko-aabf34.netlify.app
content.js:31 Is excluded: false
content.js:46 Found code blocks: 1
content.js:57 Block 0: Single line, skipping
content.js:28 Current URL: https://umineko-aabf34.netlify.app/
content.js:29 Protocol: https:
content.js:30 Hostname: umineko-aabf34.netlify.app
content.js:31 Is excluded: false
content.js:46 Found code blocks: 1
content.js:57 Block 0: Single line, skipping
state.js:54 {
  "ts": 1759810370877,
  "module": "mapController.js",
  "event": "skip_rotation",
  "data": {
    "reason": "low_accuracy",
    "mode": "NorthUp"
  }
}
content.js:28 Current URL: https://umineko-aabf34.netlify.app/
content.js:29 Protocol: https:
content.js:30 Hostname: umineko-aabf34.netlify.app
content.js:31 Is excluded: false
content.js:46 Found code blocks: 1
content.js:57 Block 0: Single line, skipping
content.js:28 Current URL: https://umineko-aabf34.netlify.app/
content.js:29 Protocol: https:
content.js:30 Hostname: umineko-aabf34.netlify.app
content.js:31 Is excluded: false
content.js:46 Found code blocks: 1
content.js:57 Block 0: Single line, skipping
state.js:54 {
  "ts": 1759810372858,
  "module": "mapController.js",
  "event": "skip_rotation",
  "data": {
    "reason": "low_accuracy",
    "mode": "NorthUp"
  }
}
content.js:28 Current URL: https://umineko-aabf34.netlify.app/
content.js:29 Protocol: https:
content.js:30 Hostname: umineko-aabf34.netlify.app
content.js:31 Is excluded: false
content.js:46 Found code blocks: 1
content.js:57 Block 0: Single line, skipping
state.js:54 {
  "ts": 1759810375067,
  "module": "mapController.js",
  "event": "skip_rotation",
  "data": {
    "reason": "low_accuracy",
    "mode": "HeadingUp"
  }
}
state.js:54 {
  "ts": 1759810375929,
  "module": "mapController.js",
  "event": "skip_rotation",
  "data": {
    "reason": "low_accuracy",
    "mode": "NorthUp"
  }
}
content.js:28 Current URL: https://umineko-aabf34.netlify.app/
content.js:29 Protocol: https:
content.js:30 Hostname: umineko-aabf34.netlify.app
content.js:31 Is excluded: false
content.js:46 Found code blocks: 1
content.js:57 Block 0: Single line, skipping
content.js:28 Current URL: https://umineko-aabf34.netlify.app/
content.js:29 Protocol: https:
content.js:30 Hostname: umineko-aabf34.netlify.app
content.js:31 Is excluded: false
content.js:46 Found code blocks: 1
content.js:57 Block 0: Single line, skipping
content.js:28 Current URL: https://umineko-aabf34.netlify.app/
content.js:29 Protocol: https:
content.js:30 Hostname: umineko-aabf34.netlify.app
content.js:31 Is excluded: false
content.js:46 Found code blocks: 1
content.js:57 Block 0: Single line, skipping
content.js:28 Current URL: https://umineko-aabf34.netlify.app/
content.js:29 Protocol: https:
content.js:30 Hostname: umineko-aabf34.netlify.app
content.js:31 Is excluded: false
content.js:46 Found code blocks: 1
content.js:57 Block 0: Single line, skipping
content.js:28 Current URL: https://umineko-aabf34.netlify.app/
content.js:29 Protocol: https:
content.js:30 Hostname: umineko-aabf34.netlify.app
content.js:31 Is excluded: false
content.js:46 Found code blocks: 1
content.js:57 Block 0: Single line, skipping
content.js:28 Current URL: https://umineko-aabf34.netlify.app/
content.js:29 Protocol: https:
content.js:30 Hostname: umineko-aabf34.netlify.app
content.js:31 Is excluded: false
content.js:46 Found code blocks: 1
content.js:57 Block 0: Single line, skipping
content.js:28 Current URL: https://umineko-aabf34.netlify.app/
content.js:29 Protocol: https:
content.js:30 Hostname: umineko-aabf34.netlify.app
content.js:31 Is excluded: false
content.js:46 Found code blocks: 1
content.js:57 Block 0: Single line, skipping
content.js:28 Current URL: https://umineko-aabf34.netlify.app/
content.js:29 Protocol: https:
content.js:30 Hostname: umineko-aabf34.netlify.app
content.js:31 Is excluded: false
content.js:46 Found code blocks: 1
content.js:57 Block 0: Single line, skipping
content.js:28 Current URL: https://umineko-aabf34.netlify.app/
content.js:29 Protocol: https:
content.js:30 Hostname: umineko-aabf34.netlify.app
content.js:31 Is excluded: false
content.js:46 Found code blocks: 1
content.js:57 Block 0: Single line, skipping
content.js:28 Current URL: https://umineko-aabf34.netlify.app/
content.js:29 Protocol: https:
content.js:30 Hostname: umineko-aabf34.netlify.app
content.js:31 Is excluded: false
content.js:46 Found code blocks: 1
content.js:57 Block 0: Single line, skipping
content.js:28 Current URL: https://umineko-aabf34.netlify.app/
content.js:29 Protocol: https:
content.js:30 Hostname: umineko-aabf34.netlify.app
content.js:31 Is excluded: false
content.js:46 Found code blocks: 1
content.js:57 Block 0: Single line, skipping
content.js:28 Current URL: https://umineko-aabf34.netlify.app/
content.js:29 Protocol: https:
content.js:30 Hostname: umineko-aabf34.netlify.app
content.js:31 Is excluded: false
content.js:46 Found code blocks: 1
content.js:57 Block 0: Single line, skipping
content.js:28 Current URL: https://umineko-aabf34.netlify.app/
content.js:29 Protocol: https:
content.js:30 Hostname: umineko-aabf34.netlify.app
content.js:31 Is excluded: false
content.js:46 Found code blocks: 1
content.js:57 Block 0: Single line, skipping
content.js:28 Current URL: https://umineko-aabf34.netlify.app/
content.js:29 Protocol: https:
content.js:30 Hostname: umineko-aabf34.netlify.app
content.js:31 Is excluded: false
content.js:46 Found code blocks: 1
content.js:57 Block 0: Single line, skipping
content.js:28 Current URL: https://umineko-aabf34.netlify.app/
content.js:29 Protocol: https:
content.js:30 Hostname: umineko-aabf34.netlify.app
content.js:31 Is excluded: false
content.js:46 Found code blocks: 1
content.js:57 Block 0: Single line, skipping
content.js:28 Current URL: https://umineko-aabf34.netlify.app/
content.js:29 Protocol: https:
content.js:30 Hostname: umineko-aabf34.netlify.app
content.js:31 Is excluded: false
content.js:46 Found code blocks: 1
content.js:57 Block 0: Single line, skipping
content.js:28 Current URL: https://umineko-aabf34.netlify.app/
content.js:29 Protocol: https:
content.js:30 Hostname: umineko-aabf34.netlify.app
content.js:31 Is excluded: false
content.js:46 Found code blocks: 1
content.js:57 Block 0: Single line, skipping
content.js:28 Current URL: https://umineko-aabf34.netlify.app/
content.js:29 Protocol: https:
content.js:30 Hostname: umineko-aabf34.netlify.app
content.js:31 Is excluded: false
content.js:46 Found code blocks: 1
content.js:57 Block 0: Single line, skipping
content.js:28 Current URL: https://umineko-aabf34.netlify.app/
content.js:29 Protocol: https:
content.js:30 Hostname: umineko-aabf34.netlify.app
content.js:31 Is excluded: false
content.js:46 Found code blocks: 1
content.js:57 Block 0: Single line, skipping
content.js:28 Current URL: https://umineko-aabf34.netlify.app/
content.js:29 Protocol: https:
content.js:30 Hostname: umineko-aabf34.netlify.app
content.js:31 Is excluded: false
content.js:46 Found code blocks: 1
content.js:57 Block 0: Single line, skipping
content.js:28 Current URL: https://umineko-aabf34.netlify.app/
content.js:29 Protocol: https:
content.js:30 Hostname: umineko-aabf34.netlify.app
content.js:31 Is excluded: false
content.js:46 Found code blocks: 1
content.js:57 Block 0: Single line, skipping
content.js:28 Current URL: https://umineko-aabf34.netlify.app/
content.js:29 Protocol: https:
content.js:30 Hostname: umineko-aabf34.netlify.app
content.js:31 Is excluded: false
content.js:46 Found code blocks: 1
content.js:57 Block 0: Single line, skipping
content.js:28 Current URL: https://umineko-aabf34.netlify.app/
content.js:29 Protocol: https:
content.js:30 Hostname: umineko-aabf34.netlify.app
content.js:31 Is excluded: false
content.js:46 Found code blocks: 1
content.js:57 Block 0: Single line, skipping
content.js:28 Current URL: https://umineko-aabf34.netlify.app/
content.js:29 Protocol: https:
content.js:30 Hostname: umineko-aabf34.netlify.app
content.js:31 Is excluded: false
content.js:46 Found code blocks: 1
content.js:57 Block 0: Single line, skipping
content.js:28 Current URL: https://umineko-aabf34.netlify.app/
content.js:29 Protocol: https:
content.js:30 Hostname: umineko-aabf34.netlify.app
content.js:31 Is excluded: false
content.js:46 Found code blocks: 1
content.js:57 Block 0: Single line, skipping
content.js:28 Current URL: https://umineko-aabf34.netlify.app/
content.js:29 Protocol: https:
content.js:30 Hostname: umineko-aabf34.netlify.app
content.js:31 Is excluded: false
content.js:46 Found code blocks: 1
content.js:57 Block 0: Single line, skipping
content.js:28 Current URL: https://umineko-aabf34.netlify.app/
content.js:29 Protocol: https:
content.js:30 Hostname: umineko-aabf34.netlify.app
content.js:31 Is excluded: false
content.js:46 Found code blocks: 1
content.js:57 Block 0: Single line, skipping
content.js:28 Current URL: https://umineko-aabf34.netlify.app/
content.js:29 Protocol: https:
content.js:30 Hostname: umineko-aabf34.netlify.app
content.js:31 Is excluded: false
content.js:46 Found code blocks: 1
content.js:57 Block 0: Single line, skipping
content.js:28 Current URL: https://umineko-aabf34.netlify.app/
content.js:29 Protocol: https:
content.js:30 Hostname: umineko-aabf34.netlify.app
content.js:31 Is excluded: false
content.js:46 Found code blocks: 1
content.js:57 Block 0: Single line, skipping
content.js:28 Current URL: https://umineko-aabf34.netlify.app/
content.js:29 Protocol: https:
content.js:30 Hostname: umineko-aabf34.netlify.app
content.js:31 Is excluded: false
content.js:46 Found code blocks: 1
content.js:57 Block 0: Single line, skipping
content.js:28 Current URL: https://umineko-aabf34.netlify.app/
content.js:29 Protocol: https:
content.js:30 Hostname: umineko-aabf34.netlify.app
content.js:31 Is excluded: false
content.js:46 Found code blocks: 1
content.js:57 Block 0: Single line, skipping
content.js:28 Current URL: https://umineko-aabf34.netlify.app/
content.js:29 Protocol: https:
content.js:30 Hostname: umineko-aabf34.netlify.app
content.js:31 Is excluded: false
content.js:46 Found code blocks: 1
content.js:57 Block 0: Single line, skipping
content.js:28 Current URL: https://umineko-aabf34.netlify.app/
content.js:29 Protocol: https:
content.js:30 Hostname: umineko-aabf34.netlify.app
content.js:31 Is excluded: false
content.js:46 Found code blocks: 1
content.js:57 Block 0: Single line, skipping
content.js:28 Current URL: https://umineko-aabf34.netlify.app/
content.js:29 Protocol: https:
content.js:30 Hostname: umineko-aabf34.netlify.app
content.js:31 Is excluded: false
content.js:46 Found code blocks: 1
content.js:57 Block 0: Single line, skipping
content.js:28 Current URL: https://umineko-aabf34.netlify.app/
content.js:29 Protocol: https:
content.js:30 Hostname: umineko-aabf34.netlify.app
content.js:31 Is excluded: false
content.js:46 Found code blocks: 1
content.js:57 Block 0: Single line, skipping
content.js:28 Current URL: https://umineko-aabf34.netlify.app/
content.js:29 Protocol: https:
content.js:30 Hostname: umineko-aabf34.netlify.app
content.js:31 Is excluded: false
content.js:46 Found code blocks: 1
content.js:57 Block 0: Single line, skipping
content.js:28 Current URL: https://umineko-aabf34.netlify.app/
content.js:29 Protocol: https:
content.js:30 Hostname: umineko-aabf34.netlify.app
content.js:31 Is excluded: false
content.js:46 Found code blocks: 1
content.js:57 Block 0: Single line, skipping
content.js:28 Current URL: https://umineko-aabf34.netlify.app/
content.js:29 Protocol: https:
content.js:30 Hostname: umineko-aabf34.netlify.app
content.js:31 Is excluded: false
content.js:46 Found code blocks: 1
content.js:57 Block 0: Single line, skipping
content.js:28 Current URL: https://umineko-aabf34.netlify.app/
content.js:29 Protocol: https:
content.js:30 Hostname: umineko-aabf34.netlify.app
content.js:31 Is excluded: false
content.js:46 Found code blocks: 1
content.js:57 Block 0: Single line, skipping
content.js:28 Current URL: https://umineko-aabf34.netlify.app/
content.js:29 Protocol: https:
content.js:30 Hostname: umineko-aabf34.netlify.app
content.js:31 Is excluded: false
content.js:46 Found code blocks: 1
content.js:57 Block 0: Single line, skipping
content.js:28 Current URL: https://umineko-aabf34.netlify.app/
content.js:29 Protocol: https:
content.js:30 Hostname: umineko-aabf34.netlify.app
content.js:31 Is excluded: false
content.js:46 Found code blocks: 1
content.js:57 Block 0: Single line, skipping
content.js:28 Current URL: https://umineko-aabf34.netlify.app/
content.js:29 Protocol: https:
content.js:30 Hostname: umineko-aabf34.netlify.app
content.js:31 Is excluded: false
content.js:46 Found code blocks: 1
content.js:57 Block 0: Single line, skipping
content.js:28 Current URL: https://umineko-aabf34.netlify.app/
content.js:29 Protocol: https:
content.js:30 Hostname: umineko-aabf34.netlify.app
content.js:31 Is excluded: false
content.js:46 Found code blocks: 1
content.js:57 Block 0: Single line, skipping
content.js:28 Current URL: https://umineko-aabf34.netlify.app/
content.js:29 Protocol: https:
content.js:30 Hostname: umineko-aabf34.netlify.app
content.js:31 Is excluded: false
content.js:46 Found code blocks: 1
content.js:57 Block 0: Single line, skipping
content.js:28 Current URL: https://umineko-aabf34.netlify.app/
content.js:29 Protocol: https:
content.js:30 Hostname: umineko-aabf34.netlify.app
content.js:31 Is excluded: false
content.js:46 Found code blocks: 1
content.js:57 Block 0: Single line, skipping
content.js:28 Current URL: https://umineko-aabf34.netlify.app/
content.js:29 Protocol: https:
content.js:30 Hostname: umineko-aabf34.netlify.app
content.js:31 Is excluded: false
content.js:46 Found code blocks: 1
content.js:57 Block 0: Single line, skipping
content.js:28 Current URL: https://umineko-aabf34.netlify.app/
content.js:29 Protocol: https:
content.js:30 Hostname: umineko-aabf34.netlify.app
content.js:31 Is excluded: false
content.js:46 Found code blocks: 1
content.js:57 Block 0: Single line, skipping
content.js:28 Current URL: https://umineko-aabf34.netlify.app/
content.js:29 Protocol: https:
content.js:30 Hostname: umineko-aabf34.netlify.app
content.js:31 Is excluded: false
content.js:46 Found code blocks: 1
content.js:57 Block 0: Single line, skipping
content.js:28 Current URL: https://umineko-aabf34.netlify.app/
content.js:29 Protocol: https:
content.js:30 Hostname: umineko-aabf34.netlify.app
content.js:31 Is excluded: false
content.js:46 Found code blocks: 1
content.js:57 Block 0: Single line, skipping
content.js:28 Current URL: https://umineko-aabf34.netlify.app/
content.js:29 Protocol: https:
content.js:30 Hostname: umineko-aabf34.netlify.app
content.js:31 Is excluded: false
content.js:46 Found code blocks: 1
content.js:57 Block 0: Single line, skipping
content.js:28 Current URL: https://umineko-aabf34.netlify.app/
content.js:29 Protocol: https:
content.js:30 Hostname: umineko-aabf34.netlify.app
content.js:31 Is excluded: false
content.js:46 Found code blocks: 1
content.js:57 Block 0: Single line, skipping
content.js:28 Current URL: https://umineko-aabf34.netlify.app/
content.js:29 Protocol: https:
content.js:30 Hostname: umineko-aabf34.netlify.app
content.js:31 Is excluded: false
content.js:46 Found code blocks: 1
content.js:57 Block 0: Single line, skipping
content.js:28 Current URL: https://umineko-aabf34.netlify.app/
content.js:29 Protocol: https:
content.js:30 Hostname: umineko-aabf34.netlify.app
content.js:31 Is excluded: false
content.js:46 Found code blocks: 1
content.js:57 Block 0: Single line, skipping
content.js:28 Current URL: https://umineko-aabf34.netlify.app/
content.js:29 Protocol: https:
content.js:30 Hostname: umineko-aabf34.netlify.app
content.js:31 Is excluded: false
content.js:46 Found code blocks: 1
content.js:57 Block 0: Single line, skipping
content.js:28 Current URL: https://umineko-aabf34.netlify.app/
content.js:29 Protocol: https:
content.js:30 Hostname: umineko-aabf34.netlify.app
content.js:31 Is excluded: false
content.js:46 Found code blocks: 1
content.js:57 Block 0: Single line, skipping
content.js:28 Current URL: https://umineko-aabf34.netlify.app/
content.js:29 Protocol: https:
content.js:30 Hostname: umineko-aabf34.netlify.app
content.js:31 Is excluded: false
content.js:46 Found code blocks: 1
content.js:57 Block 0: Single line, skipping
content.js:28 Current URL: https://umineko-aabf34.netlify.app/
content.js:29 Protocol: https:
content.js:30 Hostname: umineko-aabf34.netlify.app
content.js:31 Is excluded: false
content.js:46 Found code blocks: 1
content.js:57 Block 0: Single line, skipping
content.js:28 Current URL: https://umineko-aabf34.netlify.app/
content.js:29 Protocol: https:
content.js:30 Hostname: umineko-aabf34.netlify.app
content.js:31 Is excluded: false
content.js:46 Found code blocks: 1
content.js:57 Block 0: Single line, skipping
content.js:28 Current URL: https://umineko-aabf34.netlify.app/
content.js:29 Protocol: https:
content.js:30 Hostname: umineko-aabf34.netlify.app
content.js:31 Is excluded: false
content.js:46 Found code blocks: 1
content.js:57 Block 0: Single line, skipping
content.js:28 Current URL: https://umineko-aabf34.netlify.app/
content.js:29 Protocol: https:
content.js:30 Hostname: umineko-aabf34.netlify.app
content.js:31 Is excluded: false
content.js:46 Found code blocks: 1
content.js:57 Block 0: Single line, skipping
content.js:28 Current URL: https://umineko-aabf34.netlify.app/
content.js:29 Protocol: https:
content.js:30 Hostname: umineko-aabf34.netlify.app
content.js:31 Is excluded: false
content.js:46 Found code blocks: 1
content.js:57 Block 0: Single line, skipping
content.js:28 Current URL: https://umineko-aabf34.netlify.app/
content.js:29 Protocol: https:
content.js:30 Hostname: umineko-aabf34.netlify.app
content.js:31 Is excluded: false
content.js:46 Found code blocks: 1
content.js:57 Block 0: Single line, skipping
content.js:28 Current URL: https://umineko-aabf34.netlify.app/
content.js:29 Protocol: https:
content.js:30 Hostname: umineko-aabf34.netlify.app
content.js:31 Is excluded: false
content.js:46 Found code blocks: 1
content.js:57 Block 0: Single line, skipping
content.js:28 Current URL: https://umineko-aabf34.netlify.app/
content.js:29 Protocol: https:
content.js:30 Hostname: umineko-aabf34.netlify.app
content.js:31 Is excluded: false
content.js:46 Found code blocks: 1
content.js:57 Block 0: Single line, skipping
content.js:28 Current URL: https://umineko-aabf34.netlify.app/
content.js:29 Protocol: https:
content.js:30 Hostname: umineko-aabf34.netlify.app
content.js:31 Is excluded: false
content.js:46 Found code blocks: 1
content.js:57 Block 0: Single line, skipping
content.js:28 Current URL: https://umineko-aabf34.netlify.app/
content.js:29 Protocol: https:
content.js:30 Hostname: umineko-aabf34.netlify.app
content.js:31 Is excluded: false
content.js:46 Found code blocks: 1
content.js:57 Block 0: Single line, skipping
content.js:28 Current URL: https://umineko-aabf34.netlify.app/
content.js:29 Protocol: https:
content.js:30 Hostname: umineko-aabf34.netlify.app
content.js:31 Is excluded: false
content.js:46 Found code blocks: 1
content.js:57 Block 0: Single line, skipping
content.js:28 Current URL: https://umineko-aabf34.netlify.app/
content.js:29 Protocol: https:
content.js:30 Hostname: umineko-aabf34.netlify.app
content.js:31 Is excluded: false
content.js:46 Found code blocks: 1
content.js:57 Block 0: Single line, skipping
content.js:28 Current URL: https://umineko-aabf34.netlify.app/
content.js:29 Protocol: https:
content.js:30 Hostname: umineko-aabf34.netlify.app
content.js:31 Is excluded: false
content.js:46 Found code blocks: 1
content.js:57 Block 0: Single line, skipping
content.js:28 Current URL: https://umineko-aabf34.netlify.app/
content.js:29 Protocol: https:
content.js:30 Hostname: umineko-aabf34.netlify.app
content.js:31 Is excluded: false
content.js:46 Found code blocks: 1
content.js:57 Block 0: Single line, skipping
content.js:28 Current URL: https://umineko-aabf34.netlify.app/
content.js:29 Protocol: https:
content.js:30 Hostname: umineko-aabf34.netlify.app
content.js:31 Is excluded: false
content.js:46 Found code blocks: 1
content.js:57 Block 0: Single line, skipping
content.js:28 Current URL: https://umineko-aabf34.netlify.app/
content.js:29 Protocol: https:
content.js:30 Hostname: umineko-aabf34.netlify.app
content.js:31 Is excluded: false
content.js:46 Found code blocks: 1
content.js:57 Block 0: Single line, skipping
content.js:28 Current URL: https://umineko-aabf34.netlify.app/
content.js:29 Protocol: https:
content.js:30 Hostname: umineko-aabf34.netlify.app
content.js:31 Is excluded: false
content.js:46 Found code blocks: 1
content.js:57 Block 0: Single line, skipping
content.js:28 Current URL: https://umineko-aabf34.netlify.app/
content.js:29 Protocol: https:
content.js:30 Hostname: umineko-aabf34.netlify.app
content.js:31 Is excluded: false
content.js:46 Found code blocks: 1
content.js:57 Block 0: Single line, skipping
state.js:54 {
  "ts": 1759810382914,
  "module": "mapController.js",
  "event": "skip_rotation",
  "data": {
    "reason": "low_accuracy",
    "mode": "NorthUp"
  }
}
content.js:28 Current URL: https://umineko-aabf34.netlify.app/
content.js:29 Protocol: https:
content.js:30 Hostname: umineko-aabf34.netlify.app
content.js:31 Is excluded: false
content.js:46 Found code blocks: 1
content.js:57 Block 0: Single line, skipping
content.js:28 Current URL: https://umineko-aabf34.netlify.app/
content.js:29 Protocol: https:
content.js:30 Hostname: umineko-aabf34.netlify.app
content.js:31 Is excluded: false
content.js:46 Found code blocks: 1
content.js:57 Block 0: Single line, skipping
state.js:54 {
  "ts": 1759810384698,
  "module": "mapController.js",
  "event": "skip_rotation",
  "data": {
    "reason": "low_accuracy",
    "mode": "NorthUp"
  }
}
content.js:28 Current URL: https://umineko-aabf34.netlify.app/
content.js:29 Protocol: https:
content.js:30 Hostname: umineko-aabf34.netlify.app
content.js:31 Is excluded: false
content.js:46 Found code blocks: 1
content.js:57 Block 0: Single line, skipping
