main.js:8 --- ðŸš€ App Initializing ---
main.js:9 Initial State: followUser=true, headingUp=false
gps.js:121 ç£åè§’APIå¤±æ•—ã€‚ç³»3ã®ä»£è¡¨å€¤ã‚’ä½¿ç”¨: 7.50Â°
updateDeclinationIfNeeded @ gps.js:121
gps.js:121 ç£åè§’APIå¤±æ•—ã€‚ç³»3ã®ä»£è¡¨å€¤ã‚’ä½¿ç”¨: 7.50Â°
updateDeclinationIfNeeded @ gps.js:121
mapController.js:108 [toggle] headingUp=true
mapController.js:121 [Heading Snap] Synced all headings to 90.0Â°
mapController.js:170 [Rotation Spike] diff=-129.5Â° â†’ è£œé–“åˆ¶é™
mapController.js:170 [Rotation Spike] diff=-120.5Â° â†’ è£œé–“åˆ¶é™
mapController.js:170 [Rotation Spike] diff=-111.5Â° â†’ è£œé–“åˆ¶é™
mapController.js:170 [Rotation Spike] diff=-102.5Â° â†’ è£œé–“åˆ¶é™
mapController.js:170 [Rotation Spike] diff=-93.5Â° â†’ è£œé–“åˆ¶é™
mapController.js:170 [Rotation Spike] diff=112.1Â° â†’ è£œé–“åˆ¶é™
mapController.js:170 [Rotation Spike] diff=103.1Â° â†’ è£œé–“åˆ¶é™
mapController.js:170 [Rotation Spike] diff=94.1Â° â†’ è£œé–“åˆ¶é™
mapController.js:170 [Rotation Spike] diff=-91.1Â° â†’ è£œé–“åˆ¶é™
mapController.js:170 [Rotation Spike] diff=90.3Â° â†’ è£œé–“åˆ¶é™
mapController.js:170 [Rotation Spike] diff=108.1Â° â†’ è£œé–“åˆ¶é™
mapController.js:170 [Rotation Spike] diff=99.1Â° â†’ è£œé–“åˆ¶é™
mapController.js:170 [Rotation Spike] diff=90.1Â° â†’ è£œé–“åˆ¶é™
mapController.js:170 [Rotation Spike] diff=-120.4Â° â†’ è£œé–“åˆ¶é™
mapController.js:170 [Rotation Spike] diff=-111.4Â° â†’ è£œé–“åˆ¶é™
mapController.js:170 [Rotation Spike] diff=-102.4Â° â†’ è£œé–“åˆ¶é™
mapController.js:170 [Rotation Spike] diff=-93.4Â° â†’ è£œé–“åˆ¶é™
mapController.js:170 [Rotation Spike] diff=-168.4Â° â†’ è£œé–“åˆ¶é™
mapController.js:170 [Rotation Spike] diff=-159.4Â° â†’ è£œé–“åˆ¶é™
mapController.js:170 [Rotation Spike] diff=-150.4Â° â†’ è£œé–“åˆ¶é™
mapController.js:170 [Rotation Spike] diff=-141.4Â° â†’ è£œé–“åˆ¶é™
mapController.js:170 [Rotation Spike] diff=-132.4Â° â†’ è£œé–“åˆ¶é™
mapController.js:170 [Rotation Spike] diff=-123.4Â° â†’ è£œé–“åˆ¶é™
mapController.js:170 [Rotation Spike] diff=-114.4Â° â†’ è£œé–“åˆ¶é™
mapController.js:170 [Rotation Spike] diff=-105.4Â° â†’ è£œé–“åˆ¶é™
mapController.js:170 [Rotation Spike] diff=-96.4Â° â†’ è£œé–“åˆ¶é™
mapController.js:170 [Rotation Spike] diff=167.9Â° â†’ è£œé–“åˆ¶é™
mapController.js:170 [Rotation Spike] diff=158.9Â° â†’ è£œé–“åˆ¶é™
mapController.js:170 [Rotation Spike] diff=149.9Â° â†’ è£œé–“åˆ¶é™
mapController.js:170 [Rotation Spike] diff=140.9Â° â†’ è£œé–“åˆ¶é™
mapController.js:170 [Rotation Spike] diff=131.9Â° â†’ è£œé–“åˆ¶é™
mapController.js:170 [Rotation Spike] diff=122.9Â° â†’ è£œé–“åˆ¶é™
mapController.js:170 [Rotation Spike] diff=113.9Â° â†’ è£œé–“åˆ¶é™
mapController.js:170 [Rotation Spike] diff=104.9Â° â†’ è£œé–“åˆ¶é™
mapController.js:170 [Rotation Spike] diff=95.9Â° â†’ è£œé–“åˆ¶é™
mapController.js:13 --- ðŸ“º Fullscreen Change Event Triggered ---
mapController.js:28 --- ðŸŽ¯ Recenter (Immediate) after fullscreen change ---
mapController.js:36 --- ðŸŽ¯ Recenter (Delayed) after fullscreen change ---
mapController.js:170 [Rotation Spike] diff=143.3Â° â†’ è£œé–“åˆ¶é™
mapController.js:170 [Rotation Spike] diff=134.3Â° â†’ è£œé–“åˆ¶é™
mapController.js:170 [Rotation Spike] diff=125.3Â° â†’ è£œé–“åˆ¶é™
mapController.js:170 [Rotation Spike] diff=116.3Â° â†’ è£œé–“åˆ¶é™
mapController.js:170 [Rotation Spike] diff=107.3Â° â†’ è£œé–“åˆ¶é™
mapController.js:170 [Rotation Spike] diff=98.3Â° â†’ è£œé–“åˆ¶é™
mapController.js:170 [Rotation Spike] diff=-135.4Â° â†’ è£œé–“åˆ¶é™
mapController.js:170 [Rotation Spike] diff=-126.4Â° â†’ è£œé–“åˆ¶é™
mapController.js:170 [Rotation Spike] diff=-117.4Â° â†’ è£œé–“åˆ¶é™
mapController.js:170 [Rotation Spike] diff=-108.4Â° â†’ è£œé–“åˆ¶é™
mapController.js:170 [Rotation Spike] diff=-99.4Â° â†’ è£œé–“åˆ¶é™
mapController.js:170 [Rotation Spike] diff=-90.4Â° â†’ è£œé–“åˆ¶é™
mapController.js:170 [Rotation Spike] diff=164.3Â° â†’ è£œé–“åˆ¶é™
mapController.js:170 [Rotation Spike] diff=155.3Â° â†’ è£œé–“åˆ¶é™
mapController.js:170 [Rotation Spike] diff=146.3Â° â†’ è£œé–“åˆ¶é™
mapController.js:170 [Rotation Spike] diff=137.3Â° â†’ è£œé–“åˆ¶é™
mapController.js:170 [Rotation Spike] diff=128.3Â° â†’ è£œé–“åˆ¶é™
mapController.js:170 [Rotation Spike] diff=119.3Â° â†’ è£œé–“åˆ¶é™
mapController.js:170 [Rotation Spike] diff=110.3Â° â†’ è£œé–“åˆ¶é™
mapController.js:170 [Rotation Spike] diff=101.3Â° â†’ è£œé–“åˆ¶é™
mapController.js:170 [Rotation Spike] diff=92.3Â° â†’ è£œé–“åˆ¶é™
mapController.js:170 [Rotation Spike] diff=-168.3Â° â†’ è£œé–“åˆ¶é™
mapController.js:170 [Rotation Spike] diff=-159.3Â° â†’ è£œé–“åˆ¶é™
mapController.js:170 [Rotation Spike] diff=-150.3Â° â†’ è£œé–“åˆ¶é™
mapController.js:170 [Rotation Spike] diff=-141.3Â° â†’ è£œé–“åˆ¶é™
mapController.js:170 [Rotation Spike] diff=-132.3Â° â†’ è£œé–“åˆ¶é™
mapController.js:170 [Rotation Spike] diff=-123.3Â° â†’ è£œé–“åˆ¶é™
mapController.js:170 [Rotation Spike] diff=-114.3Â° â†’ è£œé–“åˆ¶é™
mapController.js:170 [Rotation Spike] diff=-105.3Â° â†’ è£œé–“åˆ¶é™
mapController.js:170 [Rotation Spike] diff=-96.3Â° â†’ è£œé–“åˆ¶é™
mapController.js:170 [Rotation Spike] diff=150.7Â° â†’ è£œé–“åˆ¶é™
mapController.js:170 [Rotation Spike] diff=141.7Â° â†’ è£œé–“åˆ¶é™
mapController.js:170 [Rotation Spike] diff=132.7Â° â†’ è£œé–“åˆ¶é™
mapController.js:170 [Rotation Spike] diff=123.7Â° â†’ è£œé–“åˆ¶é™
mapController.js:170 [Rotation Spike] diff=114.7Â° â†’ è£œé–“åˆ¶é™
mapController.js:170 [Rotation Spike] diff=105.7Â° â†’ è£œé–“åˆ¶é™
mapController.js:170 [Rotation Spike] diff=96.7Â° â†’ è£œé–“åˆ¶é™
mapController.js:170 [Rotation Spike] diff=130.5Â° â†’ è£œé–“åˆ¶é™
mapController.js:170 [Rotation Spike] diff=121.5Â° â†’ è£œé–“åˆ¶é™
mapController.js:170 [Rotation Spike] diff=112.5Â° â†’ è£œé–“åˆ¶é™
mapController.js:170 [Rotation Spike] diff=103.5Â° â†’ è£œé–“åˆ¶é™
mapController.js:170 [Rotation Spike] diff=94.5Â° â†’ è£œé–“åˆ¶é™
mapController.js:170 [Rotation Spike] diff=-147.9Â° â†’ è£œé–“åˆ¶é™
mapController.js:170 [Rotation Spike] diff=-138.9Â° â†’ è£œé–“åˆ¶é™
mapController.js:170 [Rotation Spike] diff=-129.9Â° â†’ è£œé–“åˆ¶é™
mapController.js:170 [Rotation Spike] diff=-120.9Â° â†’ è£œé–“åˆ¶é™
mapController.js:170 [Rotation Spike] diff=-111.9Â° â†’ è£œé–“åˆ¶é™
mapController.js:170 [Rotation Spike] diff=-102.9Â° â†’ è£œé–“åˆ¶é™
mapController.js:170 [Rotation Spike] diff=-93.9Â° â†’ è£œé–“åˆ¶é™
mapController.js:170 [Rotation Spike] diff=145.5Â° â†’ è£œé–“åˆ¶é™
mapController.js:170 [Rotation Spike] diff=136.5Â° â†’ è£œé–“åˆ¶é™
mapController.js:170 [Rotation Spike] diff=127.5Â° â†’ è£œé–“åˆ¶é™
mapController.js:170 [Rotation Spike] diff=118.5Â° â†’ è£œé–“åˆ¶é™
mapController.js:170 [Rotation Spike] diff=109.5Â° â†’ è£œé–“åˆ¶é™
mapController.js:170 [Rotation Spike] diff=100.5Â° â†’ è£œé–“åˆ¶é™
mapController.js:170 [Rotation Spike] diff=91.5Â° â†’ è£œé–“åˆ¶é™
mapController.js:170 [Rotation Spike] diff=-128.7Â° â†’ è£œé–“åˆ¶é™
mapController.js:170 [Rotation Spike] diff=-119.7Â° â†’ è£œé–“åˆ¶é™
mapController.js:170 [Rotation Spike] diff=-110.7Â° â†’ è£œé–“åˆ¶é™
mapController.js:170 [Rotation Spike] diff=-101.7Â° â†’ è£œé–“åˆ¶é™
mapController.js:170 [Rotation Spike] diff=-92.7Â° â†’ è£œé–“åˆ¶é™
mapController.js:170 [Rotation Spike] diff=128.7Â° â†’ è£œé–“åˆ¶é™
mapController.js:170 [Rotation Spike] diff=119.7Â° â†’ è£œé–“åˆ¶é™
mapController.js:170 [Rotation Spike] diff=110.7Â° â†’ è£œé–“åˆ¶é™
mapController.js:170 [Rotation Spike] diff=101.7Â° â†’ è£œé–“åˆ¶é™
mapController.js:170 [Rotation Spike] diff=92.7Â° â†’ è£œé–“åˆ¶é™
gps.js:208 [Compass] init 291.2Â° (TN)
mapController.js:170 [Rotation Spike] diff=-147.5Â° â†’ è£œé–“åˆ¶é™
mapController.js:170 [Rotation Spike] diff=-138.5Â° â†’ è£œé–“åˆ¶é™
mapController.js:170 [Rotation Spike] diff=-129.5Â° â†’ è£œé–“åˆ¶é™
mapController.js:170 [Rotation Spike] diff=-120.5Â° â†’ è£œé–“åˆ¶é™
mapController.js:170 [Rotation Spike] diff=-111.5Â° â†’ è£œé–“åˆ¶é™
mapController.js:170 [Rotation Spike] diff=-102.5Â° â†’ è£œé–“åˆ¶é™
mapController.js:170 [Rotation Spike] diff=-93.5Â° â†’ è£œé–“åˆ¶é™
mapController.js:94 [toggle] followUser=false
gps.js:231 [Compass] update -> 290.2Â° (TN)
mapController.js:13 --- ðŸ“º Fullscreen Change Event Triggered ---
mapController.js:13 --- ðŸ“º Fullscreen Change Event Triggered ---
gps.js:231 [Compass] update -> 291.2Â° (TN)
gps.js:231 [Compass] update -> 292.2Â° (TN)
gps.js:231 [Compass] update -> 293.3Â° (TN)
gps.js:231 [Compass] update -> 294.3Â° (TN)
gps.js:231 [Compass] update -> 295.4Â° (TN)
gps.js:231 [Compass] update -> 296.4Â° (TN)
gps.js:231 [Compass] update -> 297.5Â° (TN)
gps.js:231 [Compass] update -> 298.5Â° (TN)
gps.js:231 [Compass] update -> 299.6Â° (TN)
gps.js:231 [Compass] update -> 300.7Â° (TN)
gps.js:231 [Compass] update -> 301.9Â° (TN)
gps.js:231 [Compass] update -> 303.0Â° (TN)
gps.js:231 [Compass] update -> 304.0Â° (TN)
gps.js:231 [Compass] update -> 305.0Â° (TN)
gps.js:231 [Compass] update -> 306.2Â° (TN)
gps.js:231 [Compass] update -> 307.3Â° (TN)
gps.js:231 [Compass] update -> 308.4Â° (TN)
gps.js:231 [Compass] update -> 309.6Â° (TN)
gps.js:231 [Compass] update -> 311.1Â° (TN)
gps.js:231 [Compass] update -> 312.8Â° (TN)
gps.js:231 [Compass] update -> 314.8Â° (TN)
gps.js:231 [Compass] update -> 316.7Â° (TN)
gps.js:231 [Compass] update -> 318.4Â° (TN)
gps.js:231 [Compass] update -> 320.0Â° (TN)
gps.js:231 [Compass] update -> 321.5Â° (TN)
gps.js:231 [Compass] update -> 323.0Â° (TN)
gps.js:231 [Compass] update -> 324.3Â° (TN)
gps.js:231 [Compass] update -> 325.6Â° (TN)
gps.js:231 [Compass] update -> 326.7Â° (TN)
gps.js:231 [Compass] update -> 327.8Â° (TN)
gps.js:231 [Compass] update -> 328.8Â° (TN)
gps.js:231 [Compass] update -> 329.9Â° (TN)
gps.js:231 [Compass] update -> 331.0Â° (TN)
gps.js:231 [Compass] update -> 332.1Â° (TN)
gps.js:231 [Compass] update -> 333.1Â° (TN)
gps.js:231 [Compass] update -> 334.1Â° (TN)
gps.js:231 [Compass] update -> 335.3Â° (TN)
gps.js:231 [Compass] update -> 336.5Â° (TN)
gps.js:231 [Compass] update -> 337.7Â° (TN)
gps.js:231 [Compass] update -> 338.8Â° (TN)
gps.js:231 [Compass] update -> 337.7Â° (TN)
gps.js:231 [Compass] update -> 336.4Â° (TN)
gps.js:231 [Compass] update -> 334.8Â° (TN)
gps.js:231 [Compass] update -> 332.1Â° (TN)
gps.js:231 [Compass] update -> 329.5Â° (TN)
gps.js:231 [Compass] update -> 326.8Â° (TN)
gps.js:231 [Compass] update -> 324.2Â° (TN)
gps.js:231 [Compass] update -> 321.3Â° (TN)
gps.js:231 [Compass] update -> 318.1Â° (TN)
gps.js:231 [Compass] update -> 315.3Â° (TN)
gps.js:231 [Compass] update -> 312.3Â° (TN)
gps.js:231 [Compass] update -> 309.5Â° (TN)
gps.js:231 [Compass] update -> 306.7Â° (TN)
gps.js:231 [Compass] update -> 304.0Â° (TN)
gps.js:231 [Compass] update -> 301.3Â° (TN)
gps.js:231 [Compass] update -> 298.7Â° (TN)
gps.js:231 [Compass] update -> 296.3Â° (TN)
gps.js:231 [Compass] update -> 294.5Â° (TN)
gps.js:231 [Compass] update -> 293.1Â° (TN)
gps.js:231 [Compass] update -> 292.0Â° (TN)
gps.js:231 [Compass] update -> 291.0Â° (TN)
gps.js:231 [Compass] update -> 292.1Â° (TN)
gps.js:231 [Compass] update -> 293.3Â° (TN)
gps.js:231 [Compass] update -> 294.4Â° (TN)
gps.js:231 [Compass] update -> 295.5Â° (TN)
gps.js:231 [Compass] update -> 296.7Â° (TN)
gps.js:231 [Compass] update -> 297.7Â° (TN)
gps.js:231 [Compass] update -> 298.8Â° (TN)
gps.js:231 [Compass] update -> 299.8Â° (TN)
gps.js:231 [Compass] update -> 300.9Â° (TN)
gps.js:231 [Compass] update -> 301.9Â° (TN)
gps.js:231 [Compass] update -> 302.9Â° (TN)
gps.js:231 [Compass] update -> 304.0Â° (TN)
gps.js:231 [Compass] update -> 305.0Â° (TN)
gps.js:231 [Compass] update -> 306.1Â° (TN)
gps.js:231 [Compass] update -> 307.1Â° (TN)
gps.js:231 [Compass] update -> 306.0Â° (TN)
gps.js:231 [Compass] update -> 305.0Â° (TN)
gps.js:231 [Compass] update -> 304.0Â° (TN)
gps.js:231 [Compass] update -> 302.9Â° (TN)
gps.js:231 [Compass] update -> 301.9Â° (TN)
gps.js:231 [Compass] update -> 300.8Â° (TN)
gps.js:231 [Compass] update -> 299.7Â° (TN)
gps.js:231 [Compass] update -> 298.7Â° (TN)
gps.js:231 [Compass] update -> 297.6Â° (TN)
gps.js:231 [Compass] update -> 296.6Â° (TN)
gps.js:231 [Compass] update -> 295.6Â° (TN)
gps.js:231 [Compass] update -> 294.6Â° (TN)
gps.js:231 [Compass] update -> 293.6Â° (TN)
gps.js:231 [Compass] update -> 292.5Â° (TN)
gps.js:231 [Compass] update -> 291.4Â° (TN)
gps.js:231 [Compass] update -> 290.3Â° (TN)
gps.js:231 [Compass] update -> 289.2Â° (TN)
gps.js:231 [Compass] update -> 288.2Â° (TN)
gps.js:231 [Compass] update -> 287.1Â° (TN)
gps.js:231 [Compass] update -> 286.1Â° (TN)
gps.js:231 [Compass] update -> 285.0Â° (TN)
gps.js:231 [Compass] update -> 284.0Â° (TN)
gps.js:231 [Compass] update -> 282.9Â° (TN)
gps.js:231 [Compass] update -> 281.7Â° (TN)
gps.js:231 [Compass] update -> 280.7Â° (TN)
gps.js:231 [Compass] update -> 279.7Â° (TN)
gps.js:231 [Compass] update -> 278.4Â° (TN)
gps.js:231 [Compass] update -> 277.4Â° (TN)
gps.js:231 [Compass] update -> 278.4Â° (TN)
gps.js:231 [Compass] update -> 279.4Â° (TN)
mapController.js:170 [Rotation Spike] diff=118.7Â° â†’ è£œé–“åˆ¶é™
mapController.js:170 [Rotation Spike] diff=109.7Â° â†’ è£œé–“åˆ¶é™
mapController.js:170 [Rotation Spike] diff=100.7Â° â†’ è£œé–“åˆ¶é™
mapController.js:170 [Rotation Spike] diff=91.7Â° â†’ è£œé–“åˆ¶é™
gps.js:231 [Compass] update -> 280.4Â° (TN)
gps.js:231 [Compass] update -> 281.5Â° (TN)
mapController.js:13 --- ðŸ“º Fullscreen Change Event Triggered ---
mapController.js:13 --- ðŸ“º Fullscreen Change Event Triggered ---
mapController.js:170 [Rotation Spike] diff=-109.0Â° â†’ è£œé–“åˆ¶é™
mapController.js:170 [Rotation Spike] diff=-100.0Â° â†’ è£œé–“åˆ¶é™
mapController.js:170 [Rotation Spike] diff=-91.0Â° â†’ è£œé–“åˆ¶é™
gps.js:231 [Compass] update -> 282.6Â° (TN)
gps.js:231 [Compass] update -> 283.6Â° (TN)
gps.js:231 [Compass] update -> 284.7Â° (TN)
gps.js:231 [Compass] update -> 285.7Â° (TN)
gps.js:231 [Compass] update -> 286.7Â° (TN)
mapController.js:94 [toggle] followUser=true
gps.js:231 [Compass] update -> 287.7Â° (TN)
mapController.js:170 [Rotation Spike] diff=-133.3Â° â†’ è£œé–“åˆ¶é™
mapController.js:170 [Rotation Spike] diff=-124.3Â° â†’ è£œé–“åˆ¶é™
mapController.js:170 [Rotation Spike] diff=-115.3Â° â†’ è£œé–“åˆ¶é™
mapController.js:170 [Rotation Spike] diff=-106.3Â° â†’ è£œé–“åˆ¶é™
mapController.js:170 [Rotation Spike] diff=-97.3Â° â†’ è£œé–“åˆ¶é™
gps.js:231 [Compass] update -> 288.7Â° (TN)
gps.js:231 [Compass] update -> 289.7Â° (TN)
gps.js:231 [Compass] update -> 290.7Â° (TN)
gps.js:231 [Compass] update -> 291.7Â° (TN)
gps.js:231 [Compass] update -> 292.8Â° (TN)
gps.js:231 [Compass] update -> 293.9Â° (TN)
gps.js:231 [Compass] update -> 295.0Â° (TN)
gps.js:231 [Compass] update -> 296.1Â° (TN)
gps.js:231 [Compass] update -> 297.2Â° (TN)
gps.js:231 [Compass] update -> 298.2Â° (TN)
mapController.js:170 [Rotation Spike] diff=143.9Â° â†’ è£œé–“åˆ¶é™
mapController.js:170 [Rotation Spike] diff=134.9Â° â†’ è£œé–“åˆ¶é™
mapController.js:170 [Rotation Spike] diff=125.9Â° â†’ è£œé–“åˆ¶é™
mapController.js:170 [Rotation Spike] diff=116.9Â° â†’ è£œé–“åˆ¶é™
mapController.js:170 [Rotation Spike] diff=107.9Â° â†’ è£œé–“åˆ¶é™
mapController.js:170 [Rotation Spike] diff=98.9Â° â†’ è£œé–“åˆ¶é™
gps.js:231 [Compass] update -> 297.2Â° (TN)
gps.js:231 [Compass] update -> 296.2Â° (TN)
gps.js:231 [Compass] update -> 295.2Â° (TN)
gps.js:231 [Compass] update -> 296.2Â° (TN)
gps.js:231 [Compass] update -> 297.3Â° (TN)
gps.js:231 [Compass] update -> 298.5Â° (TN)
gps.js:231 [Compass] update -> 299.5Â° (TN)
gps.js:231 [Compass] update -> 300.6Â° (TN)
gps.js:231 [Compass] update -> 301.9Â° (TN)
gps.js:231 [Compass] update -> 303.3Â° (TN)
gps.js:231 [Compass] update -> 304.7Â° (TN)
gps.js:231 [Compass] update -> 306.2Â° (TN)
gps.js:231 [Compass] update -> 307.7Â° (TN)
gps.js:231 [Compass] update -> 309.1Â° (TN)
gps.js:231 [Compass] update -> 310.5Â° (TN)
gps.js:231 [Compass] update -> 311.9Â° (TN)
gps.js:231 [Compass] update -> 313.3Â° (TN)
gps.js:231 [Compass] update -> 314.6Â° (TN)
gps.js:231 [Compass] update -> 315.8Â° (TN)
gps.js:231 [Compass] update -> 317.0Â° (TN)
gps.js:231 [Compass] update -> 318.1Â° (TN)
gps.js:231 [Compass] update -> 319.2Â° (TN)
gps.js:231 [Compass] update -> 320.4Â° (TN)
gps.js:231 [Compass] update -> 321.4Â° (TN)
gps.js:231 [Compass] update -> 322.7Â° (TN)
gps.js:231 [Compass] update -> 323.7Â° (TN)
gps.js:231 [Compass] update -> 324.7Â° (TN)
gps.js:231 [Compass] update -> 325.9Â° (TN)
gps.js:231 [Compass] update -> 326.9Â° (TN)
gps.js:231 [Compass] update -> 328.0Â° (TN)
gps.js:231 [Compass] update -> 329.1Â° (TN)
gps.js:231 [Compass] update -> 330.2Â° (TN)
gps.js:231 [Compass] update -> 331.3Â° (TN)
gps.js:231 [Compass] update -> 332.6Â° (TN)
gps.js:231 [Compass] update -> 333.7Â° (TN)
gps.js:231 [Compass] update -> 334.9Â° (TN)
gps.js:231 [Compass] update -> 335.9Â° (TN)
gps.js:231 [Compass] update -> 337.1Â° (TN)
gps.js:231 [Compass] update -> 338.2Â° (TN)
gps.js:231 [Compass] update -> 339.4Â° (TN)
gps.js:231 [Compass] update -> 340.4Â° (TN)
gps.js:231 [Compass] update -> 341.4Â° (TN)
gps.js:231 [Compass] update -> 342.5Â° (TN)
gps.js:231 [Compass] update -> 343.6Â° (TN)
gps.js:231 [Compass] update -> 344.7Â° (TN)
gps.js:231 [Compass] update -> 345.9Â° (TN)
gps.js:231 [Compass] update -> 346.9Â° (TN)
gps.js:231 [Compass] update -> 347.9Â° (TN)
gps.js:231 [Compass] update -> 349.1Â° (TN)
gps.js:231 [Compass] update -> 350.3Â° (TN)
gps.js:231 [Compass] update -> 351.3Â° (TN)
gps.js:231 [Compass] update -> 352.5Â° (TN)
gps.js:231 [Compass] update -> 353.7Â° (TN)
gps.js:231 [Compass] update -> 354.9Â° (TN)
gps.js:231 [Compass] update -> 355.9Â° (TN)
gps.js:231 [Compass] update -> 357.1Â° (TN)
gps.js:231 [Compass] update -> 358.1Â° (TN)
gps.js:231 [Compass] update -> 359.1Â° (TN)
gps.js:231 [Compass] update -> 0.3Â° (TN)
gps.js:231 [Compass] update -> 1.3Â° (TN)
gps.js:231 [Compass] update -> 2.4Â° (TN)
gps.js:231 [Compass] update -> 3.5Â° (TN)
gps.js:231 [Compass] update -> 4.6Â° (TN)
gps.js:231 [Compass] update -> 5.6Â° (TN)
gps.js:231 [Compass] update -> 7.0Â° (TN)
gps.js:231 [Compass] update -> 8.2Â° (TN)
gps.js:231 [Compass] update -> 9.5Â° (TN)
gps.js:231 [Compass] update -> 10.6Â° (TN)
gps.js:231 [Compass] update -> 11.8Â° (TN)
gps.js:231 [Compass] update -> 12.8Â° (TN)
gps.js:231 [Compass] update -> 13.9Â° (TN)
gps.js:231 [Compass] update -> 15.0Â° (TN)
gps.js:231 [Compass] update -> 16.4Â° (TN)
gps.js:231 [Compass] update -> 17.6Â° (TN)
gps.js:231 [Compass] update -> 18.7Â° (TN)
gps.js:231 [Compass] update -> 19.9Â° (TN)
gps.js:231 [Compass] update -> 21.1Â° (TN)
gps.js:231 [Compass] update -> 22.2Â° (TN)
gps.js:231 [Compass] update -> 23.3Â° (TN)
gps.js:231 [Compass] update -> 24.4Â° (TN)
gps.js:231 [Compass] update -> 25.6Â° (TN)
gps.js:231 [Compass] update -> 26.7Â° (TN)
gps.js:231 [Compass] update -> 27.8Â° (TN)
gps.js:231 [Compass] update -> 28.8Â° (TN)
gps.js:231 [Compass] update -> 29.8Â° (TN)
gps.js:231 [Compass] update -> 30.9Â° (TN)
gps.js:231 [Compass] update -> 32.0Â° (TN)
gps.js:231 [Compass] update -> 33.1Â° (TN)
gps.js:231 [Compass] update -> 34.2Â° (TN)
gps.js:231 [Compass] update -> 35.2Â° (TN)
gps.js:231 [Compass] update -> 36.3Â° (TN)
gps.js:231 [Compass] update -> 37.4Â° (TN)
gps.js:231 [Compass] update -> 38.5Â° (TN)
gps.js:231 [Compass] update -> 39.5Â° (TN)
gps.js:231 [Compass] update -> 40.6Â° (TN)
gps.js:231 [Compass] update -> 41.6Â° (TN)
gps.js:231 [Compass] update -> 40.6Â° (TN)
gps.js:231 [Compass] update -> 39.5Â° (TN)
gps.js:231 [Compass] update -> 38.4Â° (TN)
gps.js:231 [Compass] update -> 37.4Â° (TN)
mapController.js:170 [Rotation Spike] diff=126.9Â° â†’ è£œé–“åˆ¶é™
mapController.js:170 [Rotation Spike] diff=117.9Â° â†’ è£œé–“åˆ¶é™
mapController.js:170 [Rotation Spike] diff=108.9Â° â†’ è£œé–“åˆ¶é™
mapController.js:170 [Rotation Spike] diff=99.9Â° â†’ è£œé–“åˆ¶é™
gps.js:231 [Compass] update -> 36.4Â° (TN)
mapController.js:170 [Rotation Spike] diff=90.9Â° â†’ è£œé–“åˆ¶é™
gps.js:231 [Compass] update -> 35.3Â° (TN)
gps.js:231 [Compass] update -> 34.2Â° (TN)
gps.js:231 [Compass] update -> 33.2Â° (TN)
gps.js:231 [Compass] update -> 32.1Â° (TN)
gps.js:231 [Compass] update -> 31.1Â° (TN)
gps.js:231 [Compass] update -> 32.2Â° (TN)
gps.js:231 [Compass] update -> 33.3Â° (TN)
mapController.js:170 [Rotation Spike] diff=-134.9Â° â†’ è£œé–“åˆ¶é™
mapController.js:170 [Rotation Spike] diff=-125.9Â° â†’ è£œé–“åˆ¶é™
mapController.js:170 [Rotation Spike] diff=-116.9Â° â†’ è£œé–“åˆ¶é™
mapController.js:170 [Rotation Spike] diff=-107.9Â° â†’ è£œé–“åˆ¶é™
mapController.js:170 [Rotation Spike] diff=-98.9Â° â†’ è£œé–“åˆ¶é™
gps.js:231 [Compass] update -> 34.3Â° (TN)
gps.js:231 [Compass] update -> 35.3Â° (TN)
gps.js:231 [Compass] update -> 36.3Â° (TN)
gps.js:231 [Compass] update -> 37.4Â° (TN)
gps.js:231 [Compass] update -> 38.4Â° (TN)
gps.js:231 [Compass] update -> 39.4Â° (TN)
gps.js:231 [Compass] update -> 40.4Â° (TN)
gps.js:231 [Compass] update -> 41.5Â° (TN)
gps.js:231 [Compass] update -> 42.5Â° (TN)
gps.js:231 [Compass] update -> 43.6Â° (TN)
gps.js:231 [Compass] update -> 44.6Â° (TN)
gps.js:231 [Compass] update -> 45.6Â° (TN)
gps.js:231 [Compass] update -> 46.7Â° (TN)
gps.js:231 [Compass] update -> 47.8Â° (TN)
gps.js:231 [Compass] update -> 48.8Â° (TN)
gps.js:231 [Compass] update -> 49.8Â° (TN)
gps.js:231 [Compass] update -> 50.9Â° (TN)
gps.js:231 [Compass] update -> 51.9Â° (TN)
gps.js:231 [Compass] update -> 53.0Â° (TN)
gps.js:231 [Compass] update -> 54.0Â° (TN)
gps.js:231 [Compass] update -> 55.0Â° (TN)
gps.js:231 [Compass] update -> 56.1Â° (TN)
gps.js:231 [Compass] update -> 57.1Â° (TN)
gps.js:231 [Compass] update -> 58.1Â° (TN)
gps.js:231 [Compass] update -> 59.1Â° (TN)
gps.js:231 [Compass] update -> 60.1Â° (TN)
gps.js:231 [Compass] update -> 61.1Â° (TN)
gps.js:231 [Compass] update -> 62.1Â° (TN)
gps.js:231 [Compass] update -> 61.0Â° (TN)
gps.js:231 [Compass] update -> 60.0Â° (TN)
gps.js:231 [Compass] update -> 58.9Â° (TN)
gps.js:231 [Compass] update -> 57.9Â° (TN)
gps.js:231 [Compass] update -> 56.8Â° (TN)
gps.js:231 [Compass] update -> 55.7Â° (TN)
gps.js:231 [Compass] update -> 54.6Â° (TN)
gps.js:231 [Compass] update -> 53.4Â° (TN)
gps.js:231 [Compass] update -> 52.2Â° (TN)
gps.js:231 [Compass] update -> 50.8Â° (TN)
gps.js:231 [Compass] update -> 49.4Â° (TN)
gps.js:231 [Compass] update -> 48.0Â° (TN)
gps.js:231 [Compass] update -> 46.5Â° (TN)
gps.js:231 [Compass] update -> 44.7Â° (TN)
gps.js:231 [Compass] update -> 42.5Â° (TN)
gps.js:231 [Compass] update -> 38.8Â° (TN)
gps.js:231 [Compass] update -> 35.3Â° (TN)
gps.js:231 [Compass] update -> 32.4Â° (TN)
gps.js:231 [Compass] update -> 29.9Â° (TN)
gps.js:231 [Compass] update -> 27.9Â° (TN)
gps.js:231 [Compass] update -> 26.2Â° (TN)
gps.js:231 [Compass] update -> 24.5Â° (TN)
gps.js:231 [Compass] update -> 22.7Â° (TN)
gps.js:231 [Compass] update -> 20.7Â° (TN)
gps.js:231 [Compass] update -> 18.9Â° (TN)
gps.js:231 [Compass] update -> 17.3Â° (TN)
gps.js:231 [Compass] update -> 15.6Â° (TN)
gps.js:231 [Compass] update -> 14.2Â° (TN)
gps.js:231 [Compass] update -> 12.8Â° (TN)
gps.js:231 [Compass] update -> 11.6Â° (TN)
gps.js:231 [Compass] update -> 10.5Â° (TN)
gps.js:231 [Compass] update -> 9.3Â° (TN)
gps.js:231 [Compass] update -> 10.6Â° (TN)
gps.js:231 [Compass] update -> 12.3Â° (TN)
gps.js:231 [Compass] update -> 13.8Â° (TN)
gps.js:231 [Compass] update -> 15.0Â° (TN)
gps.js:231 [Compass] update -> 16.1Â° (TN)
gps.js:231 [Compass] update -> 17.2Â° (TN)
gps.js:231 [Compass] update -> 18.3Â° (TN)
gps.js:231 [Compass] update -> 19.3Â° (TN)
gps.js:231 [Compass] update -> 20.4Â° (TN)
gps.js:231 [Compass] update -> 21.6Â° (TN)
gps.js:231 [Compass] update -> 22.6Â° (TN)
gps.js:231 [Compass] update -> 23.6Â° (TN)
gps.js:231 [Compass] update -> 24.7Â° (TN)
gps.js:231 [Compass] update -> 25.8Â° (TN)
gps.js:231 [Compass] update -> 26.8Â° (TN)
gps.js:231 [Compass] update -> 28.0Â° (TN)
gps.js:231 [Compass] update -> 29.1Â° (TN)
gps.js:231 [Compass] update -> 30.1Â° (TN)
gps.js:231 [Compass] update -> 31.2Â° (TN)
gps.js:231 [Compass] update -> 32.2Â° (TN)
gps.js:231 [Compass] update -> 33.3Â° (TN)
gps.js:231 [Compass] update -> 34.5Â° (TN)
gps.js:231 [Compass] update -> 35.6Â° (TN)
gps.js:231 [Compass] update -> 36.6Â° (TN)
gps.js:231 [Compass] update -> 37.7Â° (TN)
gps.js:231 [Compass] update -> 38.7Â° (TN)
gps.js:231 [Compass] update -> 39.8Â° (TN)
gps.js:231 [Compass] update -> 40.8Â° (TN)
gps.js:231 [Compass] update -> 41.8Â° (TN)
gps.js:231 [Compass] update -> 42.9Â° (TN)
gps.js:231 [Compass] update -> 44.1Â° (TN)
gps.js:231 [Compass] update -> 45.3Â° (TN)
gps.js:231 [Compass] update -> 46.3Â° (TN)
gps.js:231 [Compass] update -> 47.3Â° (TN)
gps.js:231 [Compass] update -> 48.3Â° (TN)
gps.js:231 [Compass] update -> 49.3Â° (TN)
gps.js:231 [Compass] update -> 50.5Â° (TN)
gps.js:231 [Compass] update -> 51.6Â° (TN)
gps.js:231 [Compass] update -> 52.7Â° (TN)
gps.js:231 [Compass] update -> 51.5Â° (TN)
gps.js:231 [Compass] update -> 50.2Â° (TN)
gps.js:231 [Compass] update -> 48.8Â° (TN)
gps.js:231 [Compass] update -> 47.3Â° (TN)
gps.js:231 [Compass] update -> 45.7Â° (TN)
gps.js:231 [Compass] update -> 44.1Â° (TN)
gps.js:231 [Compass] update -> 42.7Â° (TN)
gps.js:231 [Compass] update -> 41.4Â° (TN)
gps.js:231 [Compass] update -> 40.1Â° (TN)
gps.js:231 [Compass] update -> 38.7Â° (TN)
gps.js:231 [Compass] update -> 37.4Â° (TN)
gps.js:231 [Compass] update -> 36.1Â° (TN)
gps.js:231 [Compass] update -> 35.1Â° (TN)
gps.js:231 [Compass] update -> 33.8Â° (TN)
gps.js:231 [Compass] update -> 32.8Â° (TN)
gps.js:231 [Compass] update -> 31.5Â° (TN)
gps.js:231 [Compass] update -> 30.0Â° (TN)
gps.js:231 [Compass] update -> 28.0Â° (TN)
gps.js:231 [Compass] update -> 25.9Â° (TN)
gps.js:231 [Compass] update -> 23.7Â° (TN)
gps.js:231 [Compass] update -> 21.4Â° (TN)
gps.js:231 [Compass] update -> 19.2Â° (TN)
gps.js:231 [Compass] update -> 17.4Â° (TN)
gps.js:231 [Compass] update -> 15.9Â° (TN)
gps.js:231 [Compass] update -> 14.9Â° (TN)
gps.js:231 [Compass] update -> 16.1Â° (TN)
gps.js:231 [Compass] update -> 17.1Â° (TN)
gps.js:231 [Compass] update -> 18.2Â° (TN)
gps.js:231 [Compass] update -> 19.3Â° (TN)
gps.js:231 [Compass] update -> 20.4Â° (TN)
gps.js:231 [Compass] update -> 21.5Â° (TN)
gps.js:231 [Compass] update -> 20.3Â° (TN)
gps.js:231 [Compass] update -> 18.8Â° (TN)
gps.js:231 [Compass] update -> 17.1Â° (TN)
gps.js:231 [Compass] update -> 14.9Â° (TN)
gps.js:231 [Compass] update -> 12.7Â° (TN)
gps.js:231 [Compass] update -> 10.1Â° (TN)
gps.js:231 [Compass] update -> 7.8Â° (TN)
gps.js:231 [Compass] update -> 5.4Â° (TN)
gps.js:231 [Compass] update -> 3.4Â° (TN)
gps.js:231 [Compass] update -> 1.3Â° (TN)
gps.js:231 [Compass] update -> 359.3Â° (TN)
gps.js:231 [Compass] update -> 357.5Â° (TN)
gps.js:231 [Compass] update -> 355.9Â° (TN)
gps.js:231 [Compass] update -> 354.6Â° (TN)
gps.js:231 [Compass] update -> 353.6Â° (TN)
gps.js:231 [Compass] update -> 352.5Â° (TN)
gps.js:231 [Compass] update -> 351.4Â° (TN)
gps.js:231 [Compass] update -> 352.5Â° (TN)
gps.js:231 [Compass] update -> 353.6Â° (TN)
gps.js:231 [Compass] update -> 355.0Â° (TN)
gps.js:231 [Compass] update -> 356.3Â° (TN)
gps.js:231 [Compass] update -> 357.4Â° (TN)
gps.js:231 [Compass] update -> 356.2Â° (TN)
gps.js:231 [Compass] update -> 355.2Â° (TN)
gps.js:231 [Compass] update -> 354.1Â° (TN)
gps.js:231 [Compass] update -> 353.1Â° (TN)
gps.js:231 [Compass] update -> 352.1Â° (TN)
gps.js:231 [Compass] update -> 351.1Â° (TN)
gps.js:231 [Compass] update -> 350.0Â° (TN)
gps.js:231 [Compass] update -> 348.9Â° (TN)
gps.js:231 [Compass] update -> 347.9Â° (TN)
gps.js:231 [Compass] update -> 346.9Â° (TN)
gps.js:231 [Compass] update -> 345.9Â° (TN)
gps.js:231 [Compass] update -> 344.9Â° (TN)
gps.js:231 [Compass] update -> 343.9Â° (TN)
gps.js:231 [Compass] update -> 342.9Â° (TN)
gps.js:231 [Compass] update -> 341.8Â° (TN)
gps.js:231 [Compass] update -> 340.8Â° (TN)
mapController.js:170 [Rotation Spike] diff=-109.1Â° â†’ è£œé–“åˆ¶é™
gps.js:231 [Compass] update -> 339.8Â° (TN)
mapController.js:170 [Rotation Spike] diff=-101.1Â° â†’ è£œé–“åˆ¶é™
mapController.js:170 [Rotation Spike] diff=-92.1Â° â†’ è£œé–“åˆ¶é™
mapController.js:94 [toggle] followUser=false
gps.js:231 [Compass] update -> 340.8Â° (TN)
gps.js:231 [Compass] update -> 339.8Â° (TN)
gps.js:231 [Compass] update -> 338.7Â° (TN)
gps.js:231 [Compass] update -> 337.7Â° (TN)
gps.js:231 [Compass] update -> 336.7Â° (TN)
gps.js:231 [Compass] update -> 335.7Â° (TN)
gps.js:231 [Compass] update -> 334.5Â° (TN)
gps.js:231 [Compass] update -> 333.2Â° (TN)
gps.js:231 [Compass] update -> 331.8Â° (TN)
gps.js:231 [Compass] update -> 330.5Â° (TN)
gps.js:231 [Compass] update -> 329.4Â° (TN)
gps.js:231 [Compass] update -> 328.4Â° (TN)
gps.js:231 [Compass] update -> 326.8Â° (TN)
gps.js:231 [Compass] update -> 325.3Â° (TN)
gps.js:231 [Compass] update -> 323.9Â° (TN)
gps.js:231 [Compass] update -> 322.6Â° (TN)
gps.js:231 [Compass] update -> 321.3Â° (TN)
gps.js:231 [Compass] update -> 320.0Â° (TN)
gps.js:231 [Compass] update -> 319.0Â° (TN)
gps.js:231 [Compass] update -> 317.9Â° (TN)
gps.js:231 [Compass] update -> 316.8Â° (TN)
gps.js:231 [Compass] update -> 315.6Â° (TN)
gps.js:231 [Compass] update -> 314.5Â° (TN)
gps.js:231 [Compass] update -> 313.4Â° (TN)
gps.js:231 [Compass] update -> 312.4Â° (TN)
gps.js:231 [Compass] update -> 313.5Â° (TN)
gps.js:231 [Compass] update -> 314.6Â° (TN)
gps.js:231 [Compass] update -> 315.7Â° (TN)
gps.js:231 [Compass] update -> 316.7Â° (TN)
gps.js:231 [Compass] update -> 317.8Â° (TN)
gps.js:231 [Compass] update -> 319.1Â° (TN)
gps.js:231 [Compass] update -> 320.1Â° (TN)
gps.js:231 [Compass] update -> 321.1Â° (TN)
gps.js:231 [Compass] update -> 322.3Â° (TN)
gps.js:231 [Compass] update -> 323.4Â° (TN)
gps.js:231 [Compass] update -> 324.4Â° (TN)
gps.js:231 [Compass] update -> 325.5Â° (TN)
gps.js:231 [Compass] update -> 326.6Â° (TN)
gps.js:231 [Compass] update -> 327.6Â° (TN)
gps.js:231 [Compass] update -> 328.6Â° (TN)
gps.js:231 [Compass] update -> 329.7Â° (TN)
gps.js:231 [Compass] update -> 330.9Â° (TN)
gps.js:231 [Compass] update -> 329.6Â° (TN)
gps.js:231 [Compass] update -> 328.4Â° (TN)
gps.js:231 [Compass] update -> 327.2Â° (TN)
gps.js:231 [Compass] update -> 325.9Â° (TN)
gps.js:231 [Compass] update -> 324.5Â° (TN)
gps.js:231 [Compass] update -> 323.1Â° (TN)
gps.js:231 [Compass] update -> 321.6Â° (TN)
gps.js:231 [Compass] update -> 320.2Â° (TN)
gps.js:231 [Compass] update -> 318.8Â° (TN)
gps.js:231 [Compass] update -> 317.4Â° (TN)
gps.js:231 [Compass] update -> 316.2Â° (TN)
gps.js:231 [Compass] update -> 315.1Â° (TN)
gps.js:231 [Compass] update -> 313.9Â° (TN)
gps.js:231 [Compass] update -> 312.7Â° (TN)
gps.js:231 [Compass] update -> 311.5Â° (TN)
gps.js:231 [Compass] update -> 310.3Â° (TN)
gps.js:231 [Compass] update -> 309.1Â° (TN)
gps.js:231 [Compass] update -> 308.0Â° (TN)
gps.js:231 [Compass] update -> 306.7Â° (TN)
gps.js:231 [Compass] update -> 305.6Â° (TN)
gps.js:231 [Compass] update -> 304.5Â° (TN)
gps.js:231 [Compass] update -> 303.5Â° (TN)
gps.js:231 [Compass] update -> 302.5Â° (TN)
gps.js:231 [Compass] update -> 301.4Â° (TN)
gps.js:231 [Compass] update -> 300.3Â° (TN)
gps.js:231 [Compass] update -> 299.3Â° (TN)
gps.js:231 [Compass] update -> 298.3Â° (TN)
gps.js:231 [Compass] update -> 297.2Â° (TN)
gps.js:231 [Compass] update -> 296.2Â° (TN)
gps.js:231 [Compass] update -> 295.2Â° (TN)
gps.js:231 [Compass] update -> 294.1Â° (TN)
gps.js:231 [Compass] update -> 293.0Â° (TN)
gps.js:231 [Compass] update -> 292.0Â° (TN)
gps.js:231 [Compass] update -> 290.9Â° (TN)
gps.js:231 [Compass] update -> 289.8Â° (TN)
gps.js:231 [Compass] update -> 288.8Â° (TN)
mapController.js:170 [Rotation Spike] diff=120.3Â° â†’ è£œé–“åˆ¶é™
mapController.js:170 [Rotation Spike] diff=111.3Â° â†’ è£œé–“åˆ¶é™
mapController.js:170 [Rotation Spike] diff=102.3Â° â†’ è£œé–“åˆ¶é™
mapController.js:170 [Rotation Spike] diff=93.3Â° â†’ è£œé–“åˆ¶é™
gps.js:231 [Compass] update -> 287.6Â° (TN)
gps.js:231 [Compass] update -> 286.5Â° (TN)
gps.js:231 [Compass] update -> 285.3Â° (TN)
gps.js:231 [Compass] update -> 284.3Â° (TN)
gps.js:231 [Compass] update -> 283.2Â° (TN)
gps.js:231 [Compass] update -> 282.0Â° (TN)
gps.js:231 [Compass] update -> 280.9Â° (TN)
gps.js:231 [Compass] update -> 279.9Â° (TN)
mapController.js:170 [Rotation Spike] diff=-170.1Â° â†’ è£œé–“åˆ¶é™
mapController.js:170 [Rotation Spike] diff=-161.1Â° â†’ è£œé–“åˆ¶é™
mapController.js:170 [Rotation Spike] diff=-152.1Â° â†’ è£œé–“åˆ¶é™
mapController.js:170 [Rotation Spike] diff=-143.1Â° â†’ è£œé–“åˆ¶é™
mapController.js:170 [Rotation Spike] diff=-134.1Â° â†’ è£œé–“åˆ¶é™
mapController.js:170 [Rotation Spike] diff=-125.1Â° â†’ è£œé–“åˆ¶é™
mapController.js:170 [Rotation Spike] diff=-116.1Â° â†’ è£œé–“åˆ¶é™
mapController.js:170 [Rotation Spike] diff=-107.1Â° â†’ è£œé–“åˆ¶é™
mapController.js:170 [Rotation Spike] diff=-98.1Â° â†’ è£œé–“åˆ¶é™
gps.js:231 [Compass] update -> 281.0Â° (TN)
gps.js:231 [Compass] update -> 282.3Â° (TN)
gps.js:231 [Compass] update -> 283.7Â° (TN)
gps.js:231 [Compass] update -> 285.1Â° (TN)
gps.js:231 [Compass] update -> 286.5Â° (TN)
gps.js:231 [Compass] update -> 288.1Â° (TN)
gps.js:231 [Compass] update -> 289.7Â° (TN)
gps.js:231 [Compass] update -> 291.4Â° (TN)
gps.js:231 [Compass] update -> 293.0Â° (TN)
gps.js:231 [Compass] update -> 294.8Â° (TN)
gps.js:231 [Compass] update -> 296.6Â° (TN)
gps.js:231 [Compass] update -> 298.2Â° (TN)
gps.js:231 [Compass] update -> 300.0Â° (TN)
gps.js:231 [Compass] update -> 301.9Â° (TN)
gps.js:231 [Compass] update -> 303.9Â° (TN)
gps.js:231 [Compass] update -> 305.8Â° (TN)
gps.js:231 [Compass] update -> 307.7Â° (TN)
gps.js:231 [Compass] update -> 309.5Â° (TN)
gps.js:231 [Compass] update -> 311.1Â° (TN)
gps.js:231 [Compass] update -> 312.7Â° (TN)
gps.js:231 [Compass] update -> 314.0Â° (TN)
gps.js:231 [Compass] update -> 315.3Â° (TN)
gps.js:231 [Compass] update -> 316.4Â° (TN)
gps.js:231 [Compass] update -> 317.6Â° (TN)
gps.js:231 [Compass] update -> 318.9Â° (TN)
gps.js:231 [Compass] update -> 319.9Â° (TN)
mapController.js:170 [Rotation Spike] diff=138.3Â° â†’ è£œé–“åˆ¶é™
mapController.js:170 [Rotation Spike] diff=129.3Â° â†’ è£œé–“åˆ¶é™
mapController.js:170 [Rotation Spike] diff=120.3Â° â†’ è£œé–“åˆ¶é™
mapController.js:170 [Rotation Spike] diff=111.3Â° â†’ è£œé–“åˆ¶é™
gps.js:231 [Compass] update -> 320.9Â° (TN)
mapController.js:170 [Rotation Spike] diff=102.3Â° â†’ è£œé–“åˆ¶é™
mapController.js:170 [Rotation Spike] diff=93.3Â° â†’ è£œé–“åˆ¶é™
mapController.js:170 [Rotation Spike] diff=-96.4Â° â†’ è£œé–“åˆ¶é™
gps.js:231 [Compass] update -> 319.9Â° (TN)
gps.js:231 [Compass] update -> 318.9Â° (TN)
gps.js:231 [Compass] update -> 317.8Â° (TN)
gps.js:231 [Compass] update -> 316.8Â° (TN)
mapController.js:170 [Rotation Spike] diff=118.6Â° â†’ è£œé–“åˆ¶é™
mapController.js:170 [Rotation Spike] diff=109.6Â° â†’ è£œé–“åˆ¶é™
mapController.js:170 [Rotation Spike] diff=100.6Â° â†’ è£œé–“åˆ¶é™
gps.js:231 [Compass] update -> 315.7Â° (TN)
mapController.js:170 [Rotation Spike] diff=91.6Â° â†’ è£œé–“åˆ¶é™
mapController.js:170 [Rotation Spike] diff=-132.4Â° â†’ è£œé–“åˆ¶é™
gps.js:231 [Compass] update -> 314.3Â° (TN)
mapController.js:170 [Rotation Spike] diff=-124.8Â° â†’ è£œé–“åˆ¶é™
mapController.js:170 [Rotation Spike] diff=-115.8Â° â†’ è£œé–“åˆ¶é™
gps.js:231 [Compass] update -> 313.0Â° (TN)
mapController.js:170 [Rotation Spike] diff=-108.1Â° â†’ è£œé–“åˆ¶é™
mapController.js:170 [Rotation Spike] diff=-99.1Â° â†’ è£œé–“åˆ¶é™
mapController.js:170 [Rotation Spike] diff=-90.1Â° â†’ è£œé–“åˆ¶é™
gps.js:231 [Compass] update -> 311.7Â° (TN)
gps.js:231 [Compass] update -> 310.4Â° (TN)
gps.js:231 [Compass] update -> 309.2Â° (TN)
gps.js:231 [Compass] update -> 307.9Â° (TN)
gps.js:231 [Compass] update -> 306.7Â° (TN)
gps.js:231 [Compass] update -> 305.5Â° (TN)
gps.js:231 [Compass] update -> 304.2Â° (TN)
gps.js:231 [Compass] update -> 303.1Â° (TN)
gps.js:231 [Compass] update -> 301.9Â° (TN)
mapController.js:170 [Rotation Spike] diff=135.4Â° â†’ è£œé–“åˆ¶é™
mapController.js:170 [Rotation Spike] diff=126.4Â° â†’ è£œé–“åˆ¶é™
gps.js:231 [Compass] update -> 300.7Â° (TN)
mapController.js:170 [Rotation Spike] diff=117.4Â° â†’ è£œé–“åˆ¶é™
mapController.js:170 [Rotation Spike] diff=108.4Â° â†’ è£œé–“åˆ¶é™
mapController.js:170 [Rotation Spike] diff=99.4Â° â†’ è£œé–“åˆ¶é™
gps.js:231 [Compass] update -> 299.5Â° (TN)
mapController.js:170 [Rotation Spike] diff=90.4Â° â†’ è£œé–“åˆ¶é™
gps.js:231 [Compass] update -> 298.4Â° (TN)
gps.js:231 [Compass] update -> 297.2Â° (TN)
gps.js:231 [Compass] update -> 296.2Â° (TN)
gps.js:231 [Compass] update -> 295.1Â° (TN)
gps.js:231 [Compass] update -> 294.0Â° (TN)
gps.js:231 [Compass] update -> 292.9Â° (TN)
gps.js:231 [Compass] update -> 291.8Â° (TN)
gps.js:231 [Compass] update -> 290.8Â° (TN)
gps.js:231 [Compass] update -> 289.7Â° (TN)
gps.js:231 [Compass] update -> 288.7Â° (TN)
mapController.js:170 [Rotation Spike] diff=-156.6Â° â†’ è£œé–“åˆ¶é™
gps.js:231 [Compass] update -> 287.4Â° (TN)
mapController.js:170 [Rotation Spike] diff=-148.9Â° â†’ è£œé–“åˆ¶é™
mapController.js:170 [Rotation Spike] diff=-139.9Â° â†’ è£œé–“åˆ¶é™
mapController.js:170 [Rotation Spike] diff=-130.9Â° â†’ è£œé–“åˆ¶é™
gps.js:231 [Compass] update -> 286.2Â° (TN)
mapController.js:170 [Rotation Spike] diff=-123.0Â° â†’ è£œé–“åˆ¶é™
mapController.js:170 [Rotation Spike] diff=-114.0Â° â†’ è£œé–“åˆ¶é™
mapController.js:170 [Rotation Spike] diff=-105.0Â° â†’ è£œé–“åˆ¶é™
gps.js:231 [Compass] update -> 285.1Â° (TN)
mapController.js:170 [Rotation Spike] diff=-97.1Â° â†’ è£œé–“åˆ¶é™
gps.js:231 [Compass] update -> 284.1Â° (TN)
gps.js:231 [Compass] update -> 282.9Â° (TN)
gps.js:231 [Compass] update -> 281.7Â° (TN)
gps.js:231 [Compass] update -> 280.7Â° (TN)
gps.js:231 [Compass] update -> 279.5Â° (TN)
gps.js:231 [Compass] update -> 278.4Â° (TN)
gps.js:231 [Compass] update -> 277.2Â° (TN)
gps.js:231 [Compass] update -> 276.1Â° (TN)
gps.js:231 [Compass] update -> 274.9Â° (TN)
gps.js:231 [Compass] update -> 273.8Â° (TN)
gps.js:231 [Compass] update -> 272.7Â° (TN)
gps.js:231 [Compass] update -> 271.7Â° (TN)
gps.js:231 [Compass] update -> 270.6Â° (TN)
gps.js:231 [Compass] update -> 269.4Â° (TN)
gps.js:231 [Compass] update -> 268.2Â° (TN)
gps.js:231 [Compass] update -> 267.2Â° (TN)
gps.js:231 [Compass] update -> 266.2Â° (TN)
gps.js:231 [Compass] update -> 265.1Â° (TN)
gps.js:231 [Compass] update -> 264.1Â° (TN)
gps.js:231 [Compass] update -> 263.0Â° (TN)
gps.js:231 [Compass] update -> 262.0Â° (TN)
gps.js:231 [Compass] update -> 260.8Â° (TN)
gps.js:231 [Compass] update -> 259.8Â° (TN)
gps.js:231 [Compass] update -> 258.7Â° (TN)
gps.js:231 [Compass] update -> 257.6Â° (TN)
gps.js:231 [Compass] update -> 256.5Â° (TN)
gps.js:231 [Compass] update -> 255.4Â° (TN)
gps.js:231 [Compass] update -> 254.4Â° (TN)
gps.js:231 [Compass] update -> 253.4Â° (TN)
gps.js:231 [Compass] update -> 252.3Â° (TN)
gps.js:231 [Compass] update -> 251.3Â° (TN)
gps.js:231 [Compass] update -> 250.3Â° (TN)
gps.js:231 [Compass] update -> 249.2Â° (TN)
gps.js:231 [Compass] update -> 248.2Â° (TN)
gps.js:231 [Compass] update -> 247.2Â° (TN)
gps.js:231 [Compass] update -> 246.1Â° (TN)
gps.js:231 [Compass] update -> 245.1Â° (TN)
gps.js:231 [Compass] update -> 244.1Â° (TN)
gps.js:231 [Compass] update -> 245.4Â° (TN)
gps.js:231 [Compass] update -> 246.7Â° (TN)
gps.js:231 [Compass] update -> 248.0Â° (TN)
gps.js:231 [Compass] update -> 249.6Â° (TN)
gps.js:231 [Compass] update -> 251.1Â° (TN)
gps.js:231 [Compass] update -> 252.4Â° (TN)
gps.js:231 [Compass] update -> 253.8Â° (TN)
gps.js:231 [Compass] update -> 255.0Â° (TN)
gps.js:231 [Compass] update -> 256.3Â° (TN)
gps.js:231 [Compass] update -> 257.5Â° (TN)
gps.js:231 [Compass] update -> 258.8Â° (TN)
gps.js:231 [Compass] update -> 259.9Â° (TN)
gps.js:231 [Compass] update -> 261.1Â° (TN)
gps.js:231 [Compass] update -> 262.3Â° (TN)
gps.js:231 [Compass] update -> 263.4Â° (TN)
gps.js:231 [Compass] update -> 264.5Â° (TN)
gps.js:231 [Compass] update -> 263.3Â° (TN)
gps.js:231 [Compass] update -> 262.1Â° (TN)
gps.js:231 [Compass] update -> 261.0Â° (TN)
gps.js:231 [Compass] update -> 259.8Â° (TN)
gps.js:231 [Compass] update -> 258.7Â° (TN)
gps.js:231 [Compass] update -> 257.6Â° (TN)
gps.js:231 [Compass] update -> 256.5Â° (TN)
gps.js:231 [Compass] update -> 255.4Â° (TN)
gps.js:231 [Compass] update -> 254.4Â° (TN)
gps.js:231 [Compass] update -> 253.3Â° (TN)
gps.js:231 [Compass] update -> 252.3Â° (TN)
gps.js:231 [Compass] update -> 251.3Â° (TN)
gps.js:231 [Compass] update -> 250.0Â° (TN)
gps.js:231 [Compass] update -> 248.8Â° (TN)
gps.js:231 [Compass] update -> 247.7Â° (TN)
gps.js:231 [Compass] update -> 246.7Â° (TN)
gps.js:231 [Compass] update -> 245.6Â° (TN)
gps.js:231 [Compass] update -> 244.5Â° (TN)
gps.js:231 [Compass] update -> 243.2Â° (TN)
gps.js:231 [Compass] update -> 242.1Â° (TN)
gps.js:231 [Compass] update -> 240.9Â° (TN)
gps.js:231 [Compass] update -> 239.9Â° (TN)
gps.js:231 [Compass] update -> 238.6Â° (TN)
gps.js:231 [Compass] update -> 237.4Â° (TN)
gps.js:231 [Compass] update -> 236.1Â° (TN)
gps.js:231 [Compass] update -> 234.9Â° (TN)
gps.js:231 [Compass] update -> 233.5Â° (TN)
gps.js:231 [Compass] update -> 232.2Â° (TN)
gps.js:231 [Compass] update -> 230.7Â° (TN)
gps.js:231 [Compass] update -> 229.3Â° (TN)
gps.js:231 [Compass] update -> 227.8Â° (TN)
gps.js:231 [Compass] update -> 226.3Â° (TN)
gps.js:231 [Compass] update -> 224.7Â° (TN)
gps.js:231 [Compass] update -> 223.1Â° (TN)
gps.js:231 [Compass] update -> 221.6Â° (TN)
gps.js:231 [Compass] update -> 220.1Â° (TN)
gps.js:231 [Compass] update -> 218.8Â° (TN)
gps.js:231 [Compass] update -> 217.5Â° (TN)
gps.js:231 [Compass] update -> 216.2Â° (TN)
gps.js:231 [Compass] update -> 214.9Â° (TN)
gps.js:231 [Compass] update -> 213.7Â° (TN)
gps.js:231 [Compass] update -> 212.3Â° (TN)
gps.js:231 [Compass] update -> 211.0Â° (TN)
gps.js:231 [Compass] update -> 209.9Â° (TN)
gps.js:231 [Compass] update -> 208.7Â° (TN)
gps.js:231 [Compass] update -> 207.6Â° (TN)
gps.js:231 [Compass] update -> 206.6Â° (TN)
gps.js:231 [Compass] update -> 205.3Â° (TN)
gps.js:231 [Compass] update -> 204.2Â° (TN)
gps.js:231 [Compass] update -> 203.2Â° (TN)
mapController.js:170 [Rotation Spike] diff=-157.6Â° â†’ è£œé–“åˆ¶é™
mapController.js:170 [Rotation Spike] diff=-148.6Â° â†’ è£œé–“åˆ¶é™
mapController.js:170 [Rotation Spike] diff=-139.6Â° â†’ è£œé–“åˆ¶é™
mapController.js:170 [Rotation Spike] diff=-130.6Â° â†’ è£œé–“åˆ¶é™
mapController.js:170 [Rotation Spike] diff=-121.6Â° â†’ è£œé–“åˆ¶é™
mapController.js:170 [Rotation Spike] diff=-112.6Â° â†’ è£œé–“åˆ¶é™
mapController.js:170 [Rotation Spike] diff=-103.6Â° â†’ è£œé–“åˆ¶é™
mapController.js:170 [Rotation Spike] diff=-94.6Â° â†’ è£œé–“åˆ¶é™
gps.js:231 [Compass] update -> 202.2Â° (TN)
gps.js:231 [Compass] update -> 201.2Â° (TN)
gps.js:231 [Compass] update -> 200.2Â° (TN)
mapController.js:170 [Rotation Spike] diff=-176.9Â° â†’ è£œé–“åˆ¶é™
mapController.js:170 [Rotation Spike] diff=-167.9Â° â†’ è£œé–“åˆ¶é™
mapController.js:170 [Rotation Spike] diff=-158.9Â° â†’ è£œé–“åˆ¶é™
mapController.js:170 [Rotation Spike] diff=-149.9Â° â†’ è£œé–“åˆ¶é™
mapController.js:170 [Rotation Spike] diff=-140.9Â° â†’ è£œé–“åˆ¶é™
mapController.js:170 [Rotation Spike] diff=-131.9Â° â†’ è£œé–“åˆ¶é™
mapController.js:170 [Rotation Spike] diff=-122.9Â° â†’ è£œé–“åˆ¶é™
mapController.js:170 [Rotation Spike] diff=-113.9Â° â†’ è£œé–“åˆ¶é™
mapController.js:170 [Rotation Spike] diff=-104.9Â° â†’ è£œé–“åˆ¶é™
mapController.js:170 [Rotation Spike] diff=-95.9Â° â†’ è£œé–“åˆ¶é™
gps.js:231 [Compass] update -> 199.1Â° (TN)
mapController.js:170 [Rotation Spike] diff=176.6Â° â†’ è£œé–“åˆ¶é™
mapController.js:170 [Rotation Spike] diff=167.6Â° â†’ è£œé–“åˆ¶é™
mapController.js:170 [Rotation Spike] diff=158.6Â° â†’ è£œé–“åˆ¶é™
mapController.js:170 [Rotation Spike] diff=149.6Â° â†’ è£œé–“åˆ¶é™
mapController.js:170 [Rotation Spike] diff=140.6Â° â†’ è£œé–“åˆ¶é™
mapController.js:170 [Rotation Spike] diff=131.6Â° â†’ è£œé–“åˆ¶é™
mapController.js:170 [Rotation Spike] diff=122.6Â° â†’ è£œé–“åˆ¶é™
mapController.js:170 [Rotation Spike] diff=113.6Â° â†’ è£œé–“åˆ¶é™
mapController.js:170 [Rotation Spike] diff=104.6Â° â†’ è£œé–“åˆ¶é™
mapController.js:170 [Rotation Spike] diff=95.6Â° â†’ è£œé–“åˆ¶é™
gps.js:231 [Compass] update -> 198.1Â° (TN)
gps.js:231 [Compass] update -> 197.1Â° (TN)
gps.js:231 [Compass] update -> 196.1Â° (TN)
gps.js:231 [Compass] update -> 195.0Â° (TN)
gps.js:231 [Compass] update -> 194.0Â° (TN)
mapController.js:170 [Rotation Spike] diff=-172.8Â° â†’ è£œé–“åˆ¶é™
mapController.js:170 [Rotation Spike] diff=-163.8Â° â†’ è£œé–“åˆ¶é™
mapController.js:170 [Rotation Spike] diff=-154.8Â° â†’ è£œé–“åˆ¶é™
mapController.js:170 [Rotation Spike] diff=-145.8Â° â†’ è£œé–“åˆ¶é™
mapController.js:170 [Rotation Spike] diff=-136.8Â° â†’ è£œé–“åˆ¶é™
mapController.js:170 [Rotation Spike] diff=-127.8Â° â†’ è£œé–“åˆ¶é™
mapController.js:170 [Rotation Spike] diff=-118.8Â° â†’ è£œé–“åˆ¶é™
mapController.js:170 [Rotation Spike] diff=-109.8Â° â†’ è£œé–“åˆ¶é™
mapController.js:170 [Rotation Spike] diff=-100.8Â° â†’ è£œé–“åˆ¶é™
mapController.js:170 [Rotation Spike] diff=-91.8Â° â†’ è£œé–“åˆ¶é™
mapController.js:170 [Rotation Spike] diff=172.0Â° â†’ è£œé–“åˆ¶é™
mapController.js:170 [Rotation Spike] diff=163.0Â° â†’ è£œé–“åˆ¶é™
mapController.js:170 [Rotation Spike] diff=154.0Â° â†’ è£œé–“åˆ¶é™
mapController.js:170 [Rotation Spike] diff=145.0Â° â†’ è£œé–“åˆ¶é™
mapController.js:170 [Rotation Spike] diff=136.0Â° â†’ è£œé–“åˆ¶é™
mapController.js:170 [Rotation Spike] diff=127.0Â° â†’ è£œé–“åˆ¶é™
mapController.js:170 [Rotation Spike] diff=118.0Â° â†’ è£œé–“åˆ¶é™
mapController.js:170 [Rotation Spike] diff=109.0Â° â†’ è£œé–“åˆ¶é™
mapController.js:170 [Rotation Spike] diff=100.0Â° â†’ è£œé–“åˆ¶é™
mapController.js:170 [Rotation Spike] diff=91.0Â° â†’ è£œé–“åˆ¶é™
gps.js:231 [Compass] update -> 195.0Â° (TN)
gps.js:231 [Compass] update -> 196.1Â° (TN)
gps.js:231 [Compass] update -> 197.1Â° (TN)
gps.js:231 [Compass] update -> 198.1Â° (TN)
gps.js:231 [Compass] update -> 199.1Â° (TN)
mapController.js:170 [Rotation Spike] diff=-106.4Â° â†’ è£œé–“åˆ¶é™
mapController.js:170 [Rotation Spike] diff=-97.4Â° â†’ è£œé–“åˆ¶é™
gps.js:231 [Compass] update -> 200.1Â° (TN)
gps.js:231 [Compass] update -> 201.1Â° (TN)
mapController.js:170 [Rotation Spike] diff=104.7Â° â†’ è£œé–“åˆ¶é™
mapController.js:170 [Rotation Spike] diff=95.7Â° â†’ è£œé–“åˆ¶é™
mapController.js:170 [Rotation Spike] diff=116.1Â° â†’ è£œé–“åˆ¶é™
mapController.js:170 [Rotation Spike] diff=107.1Â° â†’ è£œé–“åˆ¶é™
mapController.js:170 [Rotation Spike] diff=98.1Â° â†’ è£œé–“åˆ¶é™
mapController.js:170 [Rotation Spike] diff=-114.9Â° â†’ è£œé–“åˆ¶é™
mapController.js:170 [Rotation Spike] diff=-105.9Â° â†’ è£œé–“åˆ¶é™
mapController.js:170 [Rotation Spike] diff=-96.9Â° â†’ è£œé–“åˆ¶é™
gps.js:231 [Compass] update -> 202.1Â° (TN)
mapController.js:170 [Rotation Spike] diff=178.9Â° â†’ è£œé–“åˆ¶é™
mapController.js:170 [Rotation Spike] diff=169.9Â° â†’ è£œé–“åˆ¶é™
mapController.js:170 [Rotation Spike] diff=160.9Â° â†’ è£œé–“åˆ¶é™
mapController.js:170 [Rotation Spike] diff=151.9Â° â†’ è£œé–“åˆ¶é™
mapController.js:170 [Rotation Spike] diff=142.9Â° â†’ è£œé–“åˆ¶é™
mapController.js:170 [Rotation Spike] diff=133.9Â° â†’ è£œé–“åˆ¶é™
mapController.js:170 [Rotation Spike] diff=124.9Â° â†’ è£œé–“åˆ¶é™
mapController.js:170 [Rotation Spike] diff=115.9Â° â†’ è£œé–“åˆ¶é™
mapController.js:170 [Rotation Spike] diff=106.9Â° â†’ è£œé–“åˆ¶é™
mapController.js:170 [Rotation Spike] diff=97.9Â° â†’ è£œé–“åˆ¶é™
mapController.js:170 [Rotation Spike] diff=-178.4Â° â†’ è£œé–“åˆ¶é™
mapController.js:170 [Rotation Spike] diff=-169.4Â° â†’ è£œé–“åˆ¶é™
mapController.js:170 [Rotation Spike] diff=-160.4Â° â†’ è£œé–“åˆ¶é™
mapController.js:170 [Rotation Spike] diff=-151.4Â° â†’ è£œé–“åˆ¶é™
mapController.js:170 [Rotation Spike] diff=-142.4Â° â†’ è£œé–“åˆ¶é™
mapController.js:170 [Rotation Spike] diff=-133.4Â° â†’ è£œé–“åˆ¶é™
mapController.js:170 [Rotation Spike] diff=-124.4Â° â†’ è£œé–“åˆ¶é™
mapController.js:170 [Rotation Spike] diff=-115.4Â° â†’ è£œé–“åˆ¶é™
mapController.js:170 [Rotation Spike] diff=-106.4Â° â†’ è£œé–“åˆ¶é™
mapController.js:170 [Rotation Spike] diff=-97.4Â° â†’ è£œé–“åˆ¶é™
mapController.js:170 [Rotation Spike] diff=-176.5Â° â†’ è£œé–“åˆ¶é™
mapController.js:170 [Rotation Spike] diff=-167.5Â° â†’ è£œé–“åˆ¶é™
mapController.js:170 [Rotation Spike] diff=-158.5Â° â†’ è£œé–“åˆ¶é™
mapController.js:170 [Rotation Spike] diff=-149.5Â° â†’ è£œé–“åˆ¶é™
mapController.js:170 [Rotation Spike] diff=-140.5Â° â†’ è£œé–“åˆ¶é™
mapController.js:170 [Rotation Spike] diff=-131.5Â° â†’ è£œé–“åˆ¶é™
mapController.js:170 [Rotation Spike] diff=-122.5Â° â†’ è£œé–“åˆ¶é™
mapController.js:170 [Rotation Spike] diff=-113.5Â° â†’ è£œé–“åˆ¶é™
mapController.js:170 [Rotation Spike] diff=-104.5Â° â†’ è£œé–“åˆ¶é™
mapController.js:170 [Rotation Spike] diff=-95.5Â° â†’ è£œé–“åˆ¶é™
mapController.js:170 [Rotation Spike] diff=176.5Â° â†’ è£œé–“åˆ¶é™
mapController.js:170 [Rotation Spike] diff=167.5Â° â†’ è£œé–“åˆ¶é™
mapController.js:170 [Rotation Spike] diff=158.5Â° â†’ è£œé–“åˆ¶é™
mapController.js:170 [Rotation Spike] diff=149.5Â° â†’ è£œé–“åˆ¶é™
mapController.js:170 [Rotation Spike] diff=140.5Â° â†’ è£œé–“åˆ¶é™
mapController.js:170 [Rotation Spike] diff=131.5Â° â†’ è£œé–“åˆ¶é™
mapController.js:170 [Rotation Spike] diff=122.5Â° â†’ è£œé–“åˆ¶é™
mapController.js:170 [Rotation Spike] diff=113.5Â° â†’ è£œé–“åˆ¶é™
mapController.js:170 [Rotation Spike] diff=104.5Â° â†’ è£œé–“åˆ¶é™
mapController.js:170 [Rotation Spike] diff=95.5Â° â†’ è£œé–“åˆ¶é™
gps.js:231 [Compass] update -> 203.3Â° (TN)
gps.js:231 [Compass] update -> 204.7Â° (TN)
gps.js:231 [Compass] update -> 205.9Â° (TN)
gps.js:231 [Compass] update -> 207.0Â° (TN)
gps.js:231 [Compass] update -> 208.4Â° (TN)
gps.js:231 [Compass] update -> 209.6Â° (TN)
gps.js:231 [Compass] update -> 211.0Â° (TN)
gps.js:231 [Compass] update -> 212.3Â° (TN)
gps.js:231 [Compass] update -> 214.0Â° (TN)
gps.js:231 [Compass] update -> 215.7Â° (TN)
gps.js:231 [Compass] update -> 217.7Â° (TN)
gps.js:231 [Compass] update -> 219.6Â° (TN)
gps.js:231 [Compass] update -> 221.8Â° (TN)
gps.js:231 [Compass] update -> 224.2Â° (TN)
gps.js:231 [Compass] update -> 226.7Â° (TN)
gps.js:231 [Compass] update -> 229.2Â° (TN)
gps.js:231 [Compass] update -> 231.5Â° (TN)
gps.js:231 [Compass] update -> 233.5Â° (TN)
gps.js:231 [Compass] update -> 235.6Â° (TN)
gps.js:231 [Compass] update -> 237.7Â° (TN)
gps.js:231 [Compass] update -> 240.6Â° (TN)
gps.js:231 [Compass] update -> 243.2Â° (TN)
gps.js:231 [Compass] update -> 245.6Â° (TN)
gps.js:231 [Compass] update -> 247.7Â° (TN)
gps.js:231 [Compass] update -> 249.1Â° (TN)
gps.js:231 [Compass] update -> 250.2Â° (TN)
gps.js:231 [Compass] update -> 251.3Â° (TN)
gps.js:231 [Compass] update -> 252.6Â° (TN)
gps.js:231 [Compass] update -> 251.4Â° (TN)
gps.js:231 [Compass] update -> 249.9Â° (TN)
gps.js:231 [Compass] update -> 248.6Â° (TN)
gps.js:231 [Compass] update -> 247.4Â° (TN)
gps.js:231 [Compass] update -> 248.5Â° (TN)
gps.js:231 [Compass] update -> 249.5Â° (TN)
gps.js:231 [Compass] update -> 250.6Â° (TN)
gps.js:231 [Compass] update -> 251.7Â° (TN)
gps.js:231 [Compass] update -> 252.7Â° (TN)
gps.js:231 [Compass] update -> 253.7Â° (TN)
gps.js:231 [Compass] update -> 254.7Â° (TN)
gps.js:231 [Compass] update -> 255.8Â° (TN)
gps.js:231 [Compass] update -> 256.9Â° (TN)
gps.js:231 [Compass] update -> 258.1Â° (TN)
gps.js:231 [Compass] update -> 259.2Â° (TN)
gps.js:231 [Compass] update -> 260.3Â° (TN)
gps.js:231 [Compass] update -> 261.3Â° (TN)
gps.js:231 [Compass] update -> 262.4Â° (TN)
gps.js:231 [Compass] update -> 263.4Â° (TN)
gps.js:231 [Compass] update -> 264.6Â° (TN)
gps.js:231 [Compass] update -> 265.6Â° (TN)
gps.js:231 [Compass] update -> 266.7Â° (TN)
gps.js:231 [Compass] update -> 267.8Â° (TN)
gps.js:231 [Compass] update -> 268.8Â° (TN)
gps.js:231 [Compass] update -> 269.8Â° (TN)
gps.js:231 [Compass] update -> 270.8Â° (TN)
gps.js:231 [Compass] update -> 271.9Â° (TN)
gps.js:231 [Compass] update -> 273.1Â° (TN)
gps.js:231 [Compass] update -> 274.2Â° (TN)
gps.js:231 [Compass] update -> 275.2Â° (TN)
gps.js:231 [Compass] update -> 276.3Â° (TN)
gps.js:231 [Compass] update -> 277.4Â° (TN)
gps.js:231 [Compass] update -> 278.5Â° (TN)
gps.js:231 [Compass] update -> 279.6Â° (TN)
gps.js:231 [Compass] update -> 280.6Â° (TN)
gps.js:231 [Compass] update -> 281.9Â° (TN)
gps.js:231 [Compass] update -> 283.0Â° (TN)
gps.js:231 [Compass] update -> 284.1Â° (TN)
gps.js:231 [Compass] update -> 285.1Â° (TN)
gps.js:231 [Compass] update -> 286.2Â° (TN)
gps.js:231 [Compass] update -> 287.2Â° (TN)
gps.js:231 [Compass] update -> 288.3Â° (TN)
gps.js:231 [Compass] update -> 289.4Â° (TN)
gps.js:231 [Compass] update -> 290.6Â° (TN)
gps.js:231 [Compass] update -> 291.8Â° (TN)
gps.js:231 [Compass] update -> 293.0Â° (TN)
gps.js:231 [Compass] update -> 294.1Â° (TN)
gps.js:231 [Compass] update -> 295.2Â° (TN)
gps.js:231 [Compass] update -> 296.3Â° (TN)
gps.js:231 [Compass] update -> 297.5Â° (TN)
gps.js:231 [Compass] update -> 298.5Â° (TN)
gps.js:231 [Compass] update -> 299.6Â° (TN)
gps.js:231 [Compass] update -> 300.6Â° (TN)
gps.js:231 [Compass] update -> 301.6Â° (TN)
gps.js:231 [Compass] update -> 302.7Â° (TN)
gps.js:231 [Compass] update -> 303.7Â° (TN)
gps.js:231 [Compass] update -> 304.7Â° (TN)
gps.js:231 [Compass] update -> 305.9Â° (TN)
gps.js:231 [Compass] update -> 306.9Â° (TN)
gps.js:231 [Compass] update -> 308.0Â° (TN)
gps.js:231 [Compass] update -> 309.1Â° (TN)
gps.js:231 [Compass] update -> 310.2Â° (TN)
gps.js:231 [Compass] update -> 311.2Â° (TN)
gps.js:231 [Compass] update -> 312.2Â° (TN)
mapController.js:170 [Rotation Spike] diff=90.5Â° â†’ è£œé–“åˆ¶é™
gps.js:231 [Compass] update -> 313.3Â° (TN)
gps.js:231 [Compass] update -> 314.3Â° (TN)
gps.js:231 [Compass] update -> 315.4Â° (TN)
gps.js:231 [Compass] update -> 316.5Â° (TN)
gps.js:231 [Compass] update -> 317.5Â° (TN)
gps.js:231 [Compass] update -> 318.6Â° (TN)
gps.js:231 [Compass] update -> 319.7Â° (TN)
gps.js:231 [Compass] update -> 320.8Â° (TN)
gps.js:231 [Compass] update -> 322.2Â° (TN)
gps.js:231 [Compass] update -> 323.6Â° (TN)
gps.js:231 [Compass] update -> 324.9Â° (TN)
gps.js:231 [Compass] update -> 326.2Â° (TN)
gps.js:231 [Compass] update -> 327.5Â° (TN)
gps.js:231 [Compass] update -> 329.0Â° (TN)
gps.js:231 [Compass] update -> 330.4Â° (TN)
gps.js:231 [Compass] update -> 331.7Â° (TN)
gps.js:231 [Compass] update -> 333.0Â° (TN)
gps.js:231 [Compass] update -> 334.3Â° (TN)
gps.js:231 [Compass] update -> 335.7Â° (TN)
gps.js:231 [Compass] update -> 337.1Â° (TN)
gps.js:231 [Compass] update -> 338.5Â° (TN)
gps.js:231 [Compass] update -> 339.8Â° (TN)
gps.js:231 [Compass] update -> 340.9Â° (TN)
gps.js:231 [Compass] update -> 342.0Â° (TN)
gps.js:231 [Compass] update -> 343.1Â° (TN)
gps.js:231 [Compass] update -> 342.1Â° (TN)
gps.js:231 [Compass] update -> 341.1Â° (TN)
gps.js:231 [Compass] update -> 339.7Â° (TN)
gps.js:231 [Compass] update -> 338.6Â° (TN)
gps.js:231 [Compass] update -> 337.5Â° (TN)
gps.js:231 [Compass] update -> 336.2Â° (TN)
gps.js:231 [Compass] update -> 335.2Â° (TN)
gps.js:231 [Compass] update -> 334.0Â° (TN)
gps.js:231 [Compass] update -> 332.7Â° (TN)
gps.js:231 [Compass] update -> 331.1Â° (TN)
gps.js:231 [Compass] update -> 329.6Â° (TN)
gps.js:231 [Compass] update -> 328.1Â° (TN)
gps.js:231 [Compass] update -> 326.9Â° (TN)
gps.js:231 [Compass] update -> 325.5Â° (TN)
gps.js:231 [Compass] update -> 324.1Â° (TN)
gps.js:231 [Compass] update -> 322.6Â° (TN)
gps.js:231 [Compass] update -> 321.2Â° (TN)
gps.js:231 [Compass] update -> 319.9Â° (TN)
gps.js:231 [Compass] update -> 318.9Â° (TN)
gps.js:231 [Compass] update -> 317.9Â° (TN)
gps.js:231 [Compass] update -> 316.9Â° (TN)
gps.js:231 [Compass] update -> 315.8Â° (TN)
gps.js:231 [Compass] update -> 314.7Â° (TN)
gps.js:231 [Compass] update -> 313.7Â° (TN)
gps.js:231 [Compass] update -> 312.6Â° (TN)
gps.js:231 [Compass] update -> 311.5Â° (TN)
mapController.js:170 [Rotation Spike] diff=-91.5Â° â†’ è£œé–“åˆ¶é™
mapController.js:170 [Rotation Spike] diff=-97.5Â° â†’ è£œé–“åˆ¶é™
gps.js:231 [Compass] update -> 310.5Â° (TN)
mapController.js:170 [Rotation Spike] diff=95.2Â° â†’ è£œé–“åˆ¶é™
gps.js:231 [Compass] update -> 309.4Â° (TN)
gps.js:231 [Compass] update -> 308.4Â° (TN)
gps.js:231 [Compass] update -> 307.4Â° (TN)
gps.js:231 [Compass] update -> 306.4Â° (TN)
mapController.js:170 [Rotation Spike] diff=-98.1Â° â†’ è£œé–“åˆ¶é™
mapController.js:170 [Rotation Spike] diff=98.1Â° â†’ è£œé–“åˆ¶é™
gps.js:231 [Compass] update -> 305.4Â° (TN)
gps.js:231 [Compass] update -> 304.3Â° (TN)
mapController.js:170 [Rotation Spike] diff=110.9Â° â†’ è£œé–“åˆ¶é™
mapController.js:170 [Rotation Spike] diff=101.9Â° â†’ è£œé–“åˆ¶é™
mapController.js:170 [Rotation Spike] diff=92.9Â° â†’ è£œé–“åˆ¶é™
mapController.js:170 [Rotation Spike] diff=-110.9Â° â†’ è£œé–“åˆ¶é™
mapController.js:170 [Rotation Spike] diff=-101.9Â° â†’ è£œé–“åˆ¶é™
mapController.js:170 [Rotation Spike] diff=-92.9Â° â†’ è£œé–“åˆ¶é™
gps.js:231 [Compass] update -> 305.3Â° (TN)
gps.js:231 [Compass] update -> 306.4Â° (TN)
gps.js:231 [Compass] update -> 307.4Â° (TN)
gps.js:231 [Compass] update -> 308.4Â° (TN)
mapController.js:170 [Rotation Spike] diff=-96.6Â° â†’ è£œé–“åˆ¶é™
mapController.js:170 [Rotation Spike] diff=96.9Â° â†’ è£œé–“åˆ¶é™
gps.js:231 [Compass] update -> 309.4Â° (TN)
gps.js:231 [Compass] update -> 310.4Â° (TN)
gps.js:231 [Compass] update -> 311.4Â° (TN)
mapController.js:170 [Rotation Spike] diff=-97.1Â° â†’ è£œé–“åˆ¶é™
gps.js:231 [Compass] update -> 310.4Â° (TN)
mapController.js:170 [Rotation Spike] diff=97.0Â° â†’ è£œé–“åˆ¶é™
gps.js:231 [Compass] update -> 309.4Â° (TN)
gps.js:231 [Compass] update -> 308.4Â° (TN)
gps.js:231 [Compass] update -> 307.4Â° (TN)
gps.js:231 [Compass] update -> 306.3Â° (TN)
gps.js:231 [Compass] update -> 305.3Â° (TN)
gps.js:231 [Compass] update -> 304.3Â° (TN)
gps.js:231 [Compass] update -> 303.2Â° (TN)
gps.js:231 [Compass] update -> 302.2Â° (TN)
mapController.js:170 [Rotation Spike] diff=-155.0Â° â†’ è£œé–“åˆ¶é™
mapController.js:170 [Rotation Spike] diff=-146.0Â° â†’ è£œé–“åˆ¶é™
mapController.js:170 [Rotation Spike] diff=-137.0Â° â†’ è£œé–“åˆ¶é™
mapController.js:170 [Rotation Spike] diff=-128.0Â° â†’ è£œé–“åˆ¶é™
mapController.js:170 [Rotation Spike] diff=-119.0Â° â†’ è£œé–“åˆ¶é™
mapController.js:170 [Rotation Spike] diff=-110.0Â° â†’ è£œé–“åˆ¶é™
mapController.js:170 [Rotation Spike] diff=-101.0Â° â†’ è£œé–“åˆ¶é™
mapController.js:170 [Rotation Spike] diff=-92.0Â° â†’ è£œé–“åˆ¶é™
gps.js:231 [Compass] update -> 301.2Â° (TN)
gps.js:231 [Compass] update -> 300.2Â° (TN)
mapController.js:170 [Rotation Spike] diff=148.7Â° â†’ è£œé–“åˆ¶é™
mapController.js:170 [Rotation Spike] diff=139.7Â° â†’ è£œé–“åˆ¶é™
mapController.js:170 [Rotation Spike] diff=130.7Â° â†’ è£œé–“åˆ¶é™
mapController.js:170 [Rotation Spike] diff=121.7Â° â†’ è£œé–“åˆ¶é™
mapController.js:170 [Rotation Spike] diff=112.7Â° â†’ è£œé–“åˆ¶é™
mapController.js:170 [Rotation Spike] diff=103.7Â° â†’ è£œé–“åˆ¶é™
mapController.js:170 [Rotation Spike] diff=94.7Â° â†’ è£œé–“åˆ¶é™
gps.js:231 [Compass] update -> 299.2Â° (TN)
gps.js:231 [Compass] update -> 298.1Â° (TN)
gps.js:231 [Compass] update -> 297.1Â° (TN)
gps.js:231 [Compass] update -> 296.1Â° (TN)
gps.js:231 [Compass] update -> 295.1Â° (TN)
gps.js:231 [Compass] update -> 294.1Â° (TN)
gps.js:231 [Compass] update -> 293.1Â° (TN)
gps.js:231 [Compass] update -> 292.1Â° (TN)
gps.js:231 [Compass] update -> 291.1Â° (TN)
mapController.js:170 [Rotation Spike] diff=106.4Â° â†’ è£œé–“åˆ¶é™
mapController.js:170 [Rotation Spike] diff=97.4Â° â†’ è£œé–“åˆ¶é™
mapController.js:170 [Rotation Spike] diff=-106.4Â° â†’ è£œé–“åˆ¶é™
mapController.js:170 [Rotation Spike] diff=-97.4Â° â†’ è£œé–“åˆ¶é™
gps.js:231 [Compass] update -> 290.1Â° (TN)
gps.js:231 [Compass] update -> 289.1Â° (TN)
gps.js:231 [Compass] update -> 288.1Â° (TN)
mapController.js:170 [Rotation Spike] diff=91.0Â° â†’ è£œé–“åˆ¶é™
mapController.js:170 [Rotation Spike] diff=128.0Â° â†’ è£œé–“åˆ¶é™
mapController.js:170 [Rotation Spike] diff=119.0Â° â†’ è£œé–“åˆ¶é™
mapController.js:170 [Rotation Spike] diff=110.0Â° â†’ è£œé–“åˆ¶é™
mapController.js:170 [Rotation Spike] diff=101.0Â° â†’ è£œé–“åˆ¶é™
mapController.js:170 [Rotation Spike] diff=92.0Â° â†’ è£œé–“åˆ¶é™
