main.js:8 --- ðŸš€ App Initializing ---
main.js:9 Initial State: followUser=true, headingUp=false
gps.js:121 ç£åè§’APIå¤±æ•—ã€‚ç³»3ã®ä»£è¡¨å€¤ã‚’ä½¿ç”¨: 7.50Â°
updateDeclinationIfNeeded @ gps.js:121
gps.js:208 [Compass] init 3.4Â° (TN)
mapController.js:108 [toggle] headingUp=true
mapController.js:121 [Heading Snap] Synced all headings to 3.4Â°
gps.js:231 [Compass] update -> 4.4Â° (TN)
gps.js:231 [Compass] update -> 5.4Â° (TN)
gps.js:231 [Compass] update -> 6.4Â° (TN)
gps.js:231 [Compass] update -> 7.5Â° (TN)
gps.js:231 [Compass] update -> 8.5Â° (TN)
gps.js:231 [Compass] update -> 9.5Â° (TN)
gps.js:231 [Compass] update -> 10.5Â° (TN)
gps.js:231 [Compass] update -> 11.6Â° (TN)
gps.js:231 [Compass] update -> 12.6Â° (TN)
gps.js:231 [Compass] update -> 13.7Â° (TN)
gps.js:231 [Compass] update -> 14.9Â° (TN)
gps.js:231 [Compass] update -> 16.0Â° (TN)
gps.js:231 [Compass] update -> 17.1Â° (TN)
gps.js:231 [Compass] update -> 18.1Â° (TN)
gps.js:231 [Compass] update -> 19.2Â° (TN)
gps.js:231 [Compass] update -> 20.3Â° (TN)
gps.js:231 [Compass] update -> 21.4Â° (TN)
gps.js:231 [Compass] update -> 22.5Â° (TN)
gps.js:231 [Compass] update -> 23.6Â° (TN)
gps.js:231 [Compass] update -> 24.7Â° (TN)
gps.js:231 [Compass] update -> 25.8Â° (TN)
gps.js:231 [Compass] update -> 24.7Â° (TN)
gps.js:231 [Compass] update -> 23.7Â° (TN)
gps.js:231 [Compass] update -> 22.5Â° (TN)
gps.js:231 [Compass] update -> 21.3Â° (TN)
gps.js:231 [Compass] update -> 20.2Â° (TN)
gps.js:231 [Compass] update -> 19.2Â° (TN)
gps.js:231 [Compass] update -> 18.2Â° (TN)
gps.js:231 [Compass] update -> 17.1Â° (TN)
gps.js:231 [Compass] update -> 16.0Â° (TN)
gps.js:231 [Compass] update -> 14.8Â° (TN)
gps.js:231 [Compass] update -> 13.7Â° (TN)
gps.js:231 [Compass] update -> 12.5Â° (TN)
gps.js:231 [Compass] update -> 11.5Â° (TN)
gps.js:231 [Compass] update -> 10.5Â° (TN)
gps.js:231 [Compass] update -> 9.5Â° (TN)
gps.js:231 [Compass] update -> 8.4Â° (TN)
gps.js:231 [Compass] update -> 7.3Â° (TN)
gps.js:231 [Compass] update -> 6.2Â° (TN)
gps.js:231 [Compass] update -> 5.2Â° (TN)
gps.js:231 [Compass] update -> 4.2Â° (TN)
gps.js:231 [Compass] update -> 3.1Â° (TN)
gps.js:231 [Compass] update -> 2.1Â° (TN)
gps.js:231 [Compass] update -> 1.1Â° (TN)
gps.js:231 [Compass] update -> 359.9Â° (TN)
gps.js:231 [Compass] update -> 358.9Â° (TN)
gps.js:231 [Compass] update -> 357.9Â° (TN)
gps.js:231 [Compass] update -> 356.9Â° (TN)
gps.js:231 [Compass] update -> 355.9Â° (TN)
gps.js:231 [Compass] update -> 354.8Â° (TN)
gps.js:231 [Compass] update -> 355.8Â° (TN)
gps.js:231 [Compass] update -> 356.9Â° (TN)
gps.js:231 [Compass] update -> 357.9Â° (TN)
gps.js:231 [Compass] update -> 359.0Â° (TN)
gps.js:231 [Compass] update -> 0.0Â° (TN)
gps.js:231 [Compass] update -> 1.1Â° (TN)
gps.js:231 [Compass] update -> 2.2Â° (TN)
gps.js:231 [Compass] update -> 3.4Â° (TN)
gps.js:231 [Compass] update -> 4.5Â° (TN)
gps.js:231 [Compass] update -> 5.6Â° (TN)
gps.js:231 [Compass] update -> 6.7Â° (TN)
gps.js:231 [Compass] update -> 7.8Â° (TN)
gps.js:231 [Compass] update -> 8.8Â° (TN)
gps.js:231 [Compass] update -> 9.8Â° (TN)
gps.js:231 [Compass] update -> 10.9Â° (TN)
gps.js:231 [Compass] update -> 12.0Â° (TN)
gps.js:231 [Compass] update -> 13.1Â° (TN)
gps.js:231 [Compass] update -> 14.1Â° (TN)
gps.js:231 [Compass] update -> 15.2Â° (TN)
gps.js:231 [Compass] update -> 16.3Â° (TN)
gps.js:231 [Compass] update -> 17.3Â° (TN)
gps.js:231 [Compass] update -> 18.4Â° (TN)
gps.js:231 [Compass] update -> 19.4Â° (TN)
gps.js:231 [Compass] update -> 20.5Â° (TN)
gps.js:231 [Compass] update -> 21.5Â° (TN)
gps.js:231 [Compass] update -> 22.6Â° (TN)
gps.js:231 [Compass] update -> 23.7Â° (TN)
gps.js:231 [Compass] update -> 22.7Â° (TN)
gps.js:231 [Compass] update -> 21.6Â° (TN)
gps.js:231 [Compass] update -> 20.5Â° (TN)
gps.js:231 [Compass] update -> 19.5Â° (TN)
gps.js:231 [Compass] update -> 18.2Â° (TN)
gps.js:231 [Compass] update -> 17.1Â° (TN)
gps.js:231 [Compass] update -> 16.0Â° (TN)
gps.js:231 [Compass] update -> 14.9Â° (TN)
gps.js:231 [Compass] update -> 13.7Â° (TN)
gps.js:231 [Compass] update -> 12.7Â° (TN)
gps.js:231 [Compass] update -> 11.7Â° (TN)
gps.js:231 [Compass] update -> 10.5Â° (TN)
gps.js:231 [Compass] update -> 9.4Â° (TN)
gps.js:231 [Compass] update -> 8.4Â° (TN)
gps.js:231 [Compass] update -> 7.3Â° (TN)
gps.js:231 [Compass] update -> 6.2Â° (TN)
gps.js:231 [Compass] update -> 5.2Â° (TN)
gps.js:231 [Compass] update -> 4.1Â° (TN)
gps.js:231 [Compass] update -> 3.0Â° (TN)
gps.js:231 [Compass] update -> 2.0Â° (TN)
gps.js:231 [Compass] update -> 0.9Â° (TN)
gps.js:231 [Compass] update -> 359.9Â° (TN)
gps.js:231 [Compass] update -> 358.9Â° (TN)
gps.js:231 [Compass] update -> 357.8Â° (TN)
gps.js:231 [Compass] update -> 356.8Â° (TN)
gps.js:231 [Compass] update -> 355.7Â° (TN)
gps.js:231 [Compass] update -> 354.6Â° (TN)
gps.js:231 [Compass] update -> 353.6Â° (TN)
gps.js:231 [Compass] update -> 352.5Â° (TN)
gps.js:231 [Compass] update -> 351.5Â° (TN)
gps.js:231 [Compass] update -> 350.4Â° (TN)
gps.js:231 [Compass] update -> 351.5Â° (TN)
gps.js:231 [Compass] update -> 352.6Â° (TN)
gps.js:231 [Compass] update -> 353.7Â° (TN)
gps.js:231 [Compass] update -> 354.9Â° (TN)
gps.js:231 [Compass] update -> 356.0Â° (TN)
gps.js:231 [Compass] update -> 357.1Â° (TN)
gps.js:231 [Compass] update -> 358.1Â° (TN)
gps.js:231 [Compass] update -> 359.2Â° (TN)
gps.js:231 [Compass] update -> 0.2Â° (TN)
gps.js:231 [Compass] update -> 1.3Â° (TN)
gps.js:231 [Compass] update -> 2.3Â° (TN)
gps.js:231 [Compass] update -> 3.3Â° (TN)
gps.js:231 [Compass] update -> 4.4Â° (TN)
gps.js:231 [Compass] update -> 5.6Â° (TN)
gps.js:231 [Compass] update -> 6.6Â° (TN)
gps.js:231 [Compass] update -> 7.6Â° (TN)
gps.js:231 [Compass] update -> 8.6Â° (TN)
gps.js:231 [Compass] update -> 9.7Â° (TN)
gps.js:231 [Compass] update -> 10.8Â° (TN)
gps.js:231 [Compass] update -> 11.9Â° (TN)
gps.js:231 [Compass] update -> 12.9Â° (TN)
gps.js:231 [Compass] update -> 14.0Â° (TN)
gps.js:231 [Compass] update -> 13.0Â° (TN)
gps.js:231 [Compass] update -> 12.0Â° (TN)
gps.js:231 [Compass] update -> 10.9Â° (TN)
gps.js:231 [Compass] update -> 9.8Â° (TN)
gps.js:231 [Compass] update -> 8.6Â° (TN)
gps.js:231 [Compass] update -> 7.5Â° (TN)
gps.js:231 [Compass] update -> 6.4Â° (TN)
gps.js:231 [Compass] update -> 5.3Â° (TN)
gps.js:231 [Compass] update -> 4.2Â° (TN)
gps.js:231 [Compass] update -> 3.2Â° (TN)
gps.js:231 [Compass] update -> 4.2Â° (TN)
gps.js:231 [Compass] update -> 5.5Â° (TN)
gps.js:231 [Compass] update -> 6.5Â° (TN)
gps.js:231 [Compass] update -> 7.6Â° (TN)
gps.js:231 [Compass] update -> 8.6Â° (TN)
gps.js:231 [Compass] update -> 9.6Â° (TN)
gps.js:231 [Compass] update -> 10.7Â° (TN)
gps.js:231 [Compass] update -> 11.7Â° (TN)
gps.js:231 [Compass] update -> 12.7Â° (TN)
gps.js:231 [Compass] update -> 13.9Â° (TN)
gps.js:231 [Compass] update -> 14.9Â° (TN)
gps.js:231 [Compass] update -> 16.0Â° (TN)
gps.js:231 [Compass] update -> 14.8Â° (TN)
gps.js:231 [Compass] update -> 13.8Â° (TN)
gps.js:231 [Compass] update -> 12.7Â° (TN)
gps.js:231 [Compass] update -> 11.6Â° (TN)
gps.js:231 [Compass] update -> 10.6Â° (TN)
gps.js:231 [Compass] update -> 9.5Â° (TN)
gps.js:231 [Compass] update -> 8.4Â° (TN)
gps.js:231 [Compass] update -> 7.2Â° (TN)
gps.js:231 [Compass] update -> 6.2Â° (TN)
gps.js:231 [Compass] update -> 5.1Â° (TN)
gps.js:231 [Compass] update -> 4.1Â° (TN)
gps.js:231 [Compass] update -> 3.1Â° (TN)
gps.js:231 [Compass] update -> 2.0Â° (TN)
gps.js:231 [Compass] update -> 1.0Â° (TN)
gps.js:231 [Compass] update -> 360.0Â° (TN)
gps.js:231 [Compass] update -> 359.0Â° (TN)
gps.js:231 [Compass] update -> 357.9Â° (TN)
gps.js:231 [Compass] update -> 356.9Â° (TN)
gps.js:231 [Compass] update -> 355.8Â° (TN)
gps.js:231 [Compass] update -> 354.8Â° (TN)
gps.js:231 [Compass] update -> 356.0Â° (TN)
gps.js:231 [Compass] update -> 357.1Â° (TN)
gps.js:231 [Compass] update -> 358.2Â° (TN)
gps.js:231 [Compass] update -> 359.3Â° (TN)
gps.js:231 [Compass] update -> 0.3Â° (TN)
gps.js:231 [Compass] update -> 1.4Â° (TN)
gps.js:231 [Compass] update -> 2.5Â° (TN)
gps.js:231 [Compass] update -> 3.5Â° (TN)
gps.js:231 [Compass] update -> 4.7Â° (TN)
gps.js:231 [Compass] update -> 5.8Â° (TN)
gps.js:231 [Compass] update -> 6.8Â° (TN)
gps.js:231 [Compass] update -> 7.8Â° (TN)
gps.js:231 [Compass] update -> 8.9Â° (TN)
gps.js:231 [Compass] update -> 10.0Â° (TN)
gps.js:231 [Compass] update -> 11.1Â° (TN)
gps.js:231 [Compass] update -> 12.1Â° (TN)
gps.js:231 [Compass] update -> 13.2Â° (TN)
gps.js:231 [Compass] update -> 14.2Â° (TN)
gps.js:231 [Compass] update -> 15.2Â° (TN)
gps.js:231 [Compass] update -> 16.3Â° (TN)
gps.js:231 [Compass] update -> 17.3Â° (TN)
gps.js:231 [Compass] update -> 18.4Â° (TN)
gps.js:231 [Compass] update -> 19.4Â° (TN)
gps.js:231 [Compass] update -> 20.5Â° (TN)
gps.js:231 [Compass] update -> 21.5Â° (TN)
gps.js:231 [Compass] update -> 22.5Â° (TN)
gps.js:231 [Compass] update -> 23.5Â° (TN)
gps.js:231 [Compass] update -> 22.5Â° (TN)
gps.js:231 [Compass] update -> 21.4Â° (TN)
gps.js:231 [Compass] update -> 20.3Â° (TN)
gps.js:231 [Compass] update -> 19.3Â° (TN)
gps.js:231 [Compass] update -> 18.2Â° (TN)
gps.js:231 [Compass] update -> 17.1Â° (TN)
gps.js:231 [Compass] update -> 16.0Â° (TN)
gps.js:231 [Compass] update -> 14.9Â° (TN)
gps.js:231 [Compass] update -> 13.8Â° (TN)
gps.js:231 [Compass] update -> 12.8Â° (TN)
gps.js:231 [Compass] update -> 11.7Â° (TN)
gps.js:231 [Compass] update -> 10.5Â° (TN)
gps.js:231 [Compass] update -> 9.4Â° (TN)
gps.js:231 [Compass] update -> 8.4Â° (TN)
gps.js:231 [Compass] update -> 9.5Â° (TN)
gps.js:231 [Compass] update -> 10.5Â° (TN)
gps.js:231 [Compass] update -> 11.5Â° (TN)
gps.js:231 [Compass] update -> 12.6Â° (TN)
gps.js:231 [Compass] update -> 13.7Â° (TN)
gps.js:231 [Compass] update -> 14.8Â° (TN)
gps.js:231 [Compass] update -> 13.7Â° (TN)
gps.js:231 [Compass] update -> 12.6Â° (TN)
gps.js:231 [Compass] update -> 11.5Â° (TN)
gps.js:231 [Compass] update -> 10.5Â° (TN)
gps.js:231 [Compass] update -> 9.4Â° (TN)
gps.js:231 [Compass] update -> 8.4Â° (TN)
gps.js:231 [Compass] update -> 7.4Â° (TN)
gps.js:231 [Compass] update -> 6.4Â° (TN)
gps.js:231 [Compass] update -> 5.4Â° (TN)
gps.js:231 [Compass] update -> 4.4Â° (TN)
gps.js:231 [Compass] update -> 3.3Â° (TN)
gps.js:231 [Compass] update -> 2.3Â° (TN)
gps.js:231 [Compass] update -> 1.3Â° (TN)
gps.js:231 [Compass] update -> 0.2Â° (TN)
gps.js:231 [Compass] update -> 359.2Â° (TN)
gps.js:231 [Compass] update -> 358.1Â° (TN)
gps.js:231 [Compass] update -> 357.0Â° (TN)
gps.js:231 [Compass] update -> 356.0Â° (TN)
gps.js:231 [Compass] update -> 355.0Â° (TN)
gps.js:231 [Compass] update -> 353.9Â° (TN)
gps.js:231 [Compass] update -> 352.9Â° (TN)
gps.js:231 [Compass] update -> 353.9Â° (TN)
gps.js:231 [Compass] update -> 355.0Â° (TN)
gps.js:231 [Compass] update -> 356.0Â° (TN)
gps.js:231 [Compass] update -> 357.1Â° (TN)
gps.js:231 [Compass] update -> 358.1Â° (TN)
gps.js:231 [Compass] update -> 359.1Â° (TN)
gps.js:231 [Compass] update -> 0.2Â° (TN)
gps.js:231 [Compass] update -> 1.2Â° (TN)
gps.js:231 [Compass] update -> 2.3Â° (TN)
gps.js:231 [Compass] update -> 3.3Â° (TN)
gps.js:231 [Compass] update -> 4.3Â° (TN)
gps.js:231 [Compass] update -> 5.4Â° (TN)
gps.js:231 [Compass] update -> 6.5Â° (TN)
gps.js:231 [Compass] update -> 7.6Â° (TN)
gps.js:231 [Compass] update -> 8.7Â° (TN)
gps.js:231 [Compass] update -> 9.7Â° (TN)
gps.js:231 [Compass] update -> 10.8Â° (TN)
gps.js:231 [Compass] update -> 11.9Â° (TN)
gps.js:231 [Compass] update -> 12.9Â° (TN)
gps.js:231 [Compass] update -> 13.9Â° (TN)
gps.js:231 [Compass] update -> 15.0Â° (TN)
gps.js:231 [Compass] update -> 16.1Â° (TN)
gps.js:231 [Compass] update -> 17.1Â° (TN)
gps.js:231 [Compass] update -> 18.2Â° (TN)
gps.js:231 [Compass] update -> 19.2Â° (TN)
gps.js:231 [Compass] update -> 20.2Â° (TN)
gps.js:231 [Compass] update -> 21.2Â° (TN)
gps.js:231 [Compass] update -> 22.3Â° (TN)
gps.js:231 [Compass] update -> 23.4Â° (TN)
gps.js:231 [Compass] update -> 24.5Â° (TN)
gps.js:231 [Compass] update -> 25.6Â° (TN)
gps.js:231 [Compass] update -> 26.7Â° (TN)
gps.js:231 [Compass] update -> 25.5Â° (TN)
gps.js:231 [Compass] update -> 24.4Â° (TN)
gps.js:231 [Compass] update -> 23.2Â° (TN)
gps.js:231 [Compass] update -> 21.9Â° (TN)
gps.js:231 [Compass] update -> 20.9Â° (TN)
gps.js:231 [Compass] update -> 19.8Â° (TN)
gps.js:231 [Compass] update -> 18.7Â° (TN)
gps.js:231 [Compass] update -> 17.7Â° (TN)
gps.js:231 [Compass] update -> 16.7Â° (TN)
gps.js:231 [Compass] update -> 15.5Â° (TN)
gps.js:231 [Compass] update -> 14.4Â° (TN)
gps.js:231 [Compass] update -> 13.4Â° (TN)
gps.js:231 [Compass] update -> 12.2Â° (TN)
gps.js:231 [Compass] update -> 11.2Â° (TN)
gps.js:231 [Compass] update -> 10.1Â° (TN)
gps.js:231 [Compass] update -> 9.1Â° (TN)
gps.js:231 [Compass] update -> 8.0Â° (TN)
gps.js:231 [Compass] update -> 7.0Â° (TN)
gps.js:231 [Compass] update -> 5.9Â° (TN)
gps.js:231 [Compass] update -> 4.9Â° (TN)
gps.js:231 [Compass] update -> 3.9Â° (TN)
gps.js:231 [Compass] update -> 2.9Â° (TN)
gps.js:231 [Compass] update -> 1.9Â° (TN)
gps.js:231 [Compass] update -> 0.8Â° (TN)
gps.js:231 [Compass] update -> 359.8Â° (TN)
gps.js:231 [Compass] update -> 358.8Â° (TN)
gps.js:231 [Compass] update -> 357.8Â° (TN)
gps.js:231 [Compass] update -> 356.6Â° (TN)
gps.js:231 [Compass] update -> 355.6Â° (TN)
gps.js:231 [Compass] update -> 354.6Â° (TN)
gps.js:231 [Compass] update -> 353.5Â° (TN)
gps.js:231 [Compass] update -> 352.3Â° (TN)
gps.js:231 [Compass] update -> 351.2Â° (TN)
gps.js:231 [Compass] update -> 350.2Â° (TN)
gps.js:231 [Compass] update -> 349.2Â° (TN)
gps.js:231 [Compass] update -> 348.1Â° (TN)
gps.js:231 [Compass] update -> 347.1Â° (TN)
gps.js:231 [Compass] update -> 346.0Â° (TN)
gps.js:231 [Compass] update -> 344.9Â° (TN)
gps.js:231 [Compass] update -> 343.8Â° (TN)
gps.js:231 [Compass] update -> 342.7Â° (TN)
gps.js:231 [Compass] update -> 341.6Â° (TN)
gps.js:231 [Compass] update -> 340.6Â° (TN)
gps.js:231 [Compass] update -> 339.5Â° (TN)
gps.js:231 [Compass] update -> 338.5Â° (TN)
gps.js:231 [Compass] update -> 337.4Â° (TN)
gps.js:231 [Compass] update -> 338.4Â° (TN)
gps.js:231 [Compass] update -> 340.0Â° (TN)
gps.js:231 [Compass] update -> 341.2Â° (TN)
gps.js:231 [Compass] update -> 342.4Â° (TN)
gps.js:231 [Compass] update -> 343.5Â° (TN)
gps.js:231 [Compass] update -> 344.5Â° (TN)
gps.js:231 [Compass] update -> 345.6Â° (TN)
gps.js:231 [Compass] update -> 346.6Â° (TN)
gps.js:231 [Compass] update -> 347.6Â° (TN)
gps.js:231 [Compass] update -> 349.1Â° (TN)
gps.js:231 [Compass] update -> 350.4Â° (TN)
gps.js:231 [Compass] update -> 351.5Â° (TN)
gps.js:231 [Compass] update -> 353.0Â° (TN)
gps.js:231 [Compass] update -> 354.2Â° (TN)
gps.js:231 [Compass] update -> 355.3Â° (TN)
gps.js:231 [Compass] update -> 356.5Â° (TN)
gps.js:231 [Compass] update -> 357.6Â° (TN)
gps.js:231 [Compass] update -> 358.8Â° (TN)
gps.js:231 [Compass] update -> 359.9Â° (TN)
gps.js:231 [Compass] update -> 0.9Â° (TN)
gps.js:231 [Compass] update -> 2.1Â° (TN)
gps.js:231 [Compass] update -> 3.1Â° (TN)
gps.js:231 [Compass] update -> 4.1Â° (TN)
gps.js:231 [Compass] update -> 5.2Â° (TN)
gps.js:231 [Compass] update -> 6.2Â° (TN)
gps.js:231 [Compass] update -> 7.3Â° (TN)
gps.js:231 [Compass] update -> 8.4Â° (TN)
gps.js:231 [Compass] update -> 9.4Â° (TN)
gps.js:231 [Compass] update -> 10.4Â° (TN)
gps.js:231 [Compass] update -> 11.5Â° (TN)
gps.js:231 [Compass] update -> 12.5Â° (TN)
gps.js:231 [Compass] update -> 13.6Â° (TN)
gps.js:231 [Compass] update -> 14.6Â° (TN)
gps.js:231 [Compass] update -> 15.7Â° (TN)
gps.js:231 [Compass] update -> 16.7Â° (TN)
gps.js:231 [Compass] update -> 17.8Â° (TN)
gps.js:231 [Compass] update -> 18.8Â° (TN)
gps.js:231 [Compass] update -> 19.8Â° (TN)
gps.js:231 [Compass] update -> 20.9Â° (TN)
gps.js:231 [Compass] update -> 22.0Â° (TN)
gps.js:231 [Compass] update -> 23.0Â° (TN)
gps.js:231 [Compass] update -> 22.0Â° (TN)
gps.js:231 [Compass] update -> 20.9Â° (TN)
gps.js:231 [Compass] update -> 19.8Â° (TN)
gps.js:231 [Compass] update -> 18.8Â° (TN)
gps.js:231 [Compass] update -> 17.8Â° (TN)
gps.js:231 [Compass] update -> 18.8Â° (TN)
gps.js:231 [Compass] update -> 19.9Â° (TN)
gps.js:231 [Compass] update -> 21.0Â° (TN)
gps.js:231 [Compass] update -> 22.2Â° (TN)
gps.js:231 [Compass] update -> 23.4Â° (TN)
gps.js:231 [Compass] update -> 24.5Â° (TN)
gps.js:231 [Compass] update -> 25.7Â° (TN)
gps.js:231 [Compass] update -> 27.1Â° (TN)
gps.js:231 [Compass] update -> 28.2Â° (TN)
gps.js:231 [Compass] update -> 29.4Â° (TN)
gps.js:231 [Compass] update -> 30.7Â° (TN)
gps.js:231 [Compass] update -> 31.8Â° (TN)
gps.js:231 [Compass] update -> 33.0Â° (TN)
gps.js:231 [Compass] update -> 34.0Â° (TN)
gps.js:231 [Compass] update -> 35.1Â° (TN)
gps.js:231 [Compass] update -> 36.3Â° (TN)
gps.js:231 [Compass] update -> 37.5Â° (TN)
gps.js:231 [Compass] update -> 38.8Â° (TN)
gps.js:231 [Compass] update -> 39.8Â° (TN)
gps.js:231 [Compass] update -> 40.8Â° (TN)
gps.js:231 [Compass] update -> 41.8Â° (TN)
gps.js:231 [Compass] update -> 43.1Â° (TN)
gps.js:231 [Compass] update -> 44.1Â° (TN)
gps.js:231 [Compass] update -> 45.4Â° (TN)
gps.js:231 [Compass] update -> 46.4Â° (TN)
gps.js:231 [Compass] update -> 47.6Â° (TN)
gps.js:231 [Compass] update -> 48.8Â° (TN)
gps.js:231 [Compass] update -> 49.9Â° (TN)
gps.js:231 [Compass] update -> 50.9Â° (TN)
gps.js:231 [Compass] update -> 49.8Â° (TN)
gps.js:231 [Compass] update -> 48.7Â° (TN)
gps.js:231 [Compass] update -> 47.5Â° (TN)
gps.js:231 [Compass] update -> 46.3Â° (TN)
gps.js:231 [Compass] update -> 45.0Â° (TN)
gps.js:231 [Compass] update -> 44.0Â° (TN)
gps.js:231 [Compass] update -> 42.9Â° (TN)
gps.js:231 [Compass] update -> 41.7Â° (TN)
gps.js:231 [Compass] update -> 40.6Â° (TN)
gps.js:231 [Compass] update -> 39.6Â° (TN)
gps.js:231 [Compass] update -> 38.4Â° (TN)
gps.js:231 [Compass] update -> 37.2Â° (TN)
gps.js:231 [Compass] update -> 36.0Â° (TN)
gps.js:231 [Compass] update -> 34.8Â° (TN)
gps.js:231 [Compass] update -> 33.6Â° (TN)
gps.js:231 [Compass] update -> 32.4Â° (TN)
gps.js:231 [Compass] update -> 31.2Â° (TN)
gps.js:231 [Compass] update -> 30.0Â° (TN)
gps.js:231 [Compass] update -> 29.0Â° (TN)
gps.js:231 [Compass] update -> 28.0Â° (TN)
gps.js:231 [Compass] update -> 26.9Â° (TN)
gps.js:231 [Compass] update -> 25.8Â° (TN)
gps.js:231 [Compass] update -> 24.8Â° (TN)
gps.js:231 [Compass] update -> 23.8Â° (TN)
gps.js:231 [Compass] update -> 22.7Â° (TN)
gps.js:231 [Compass] update -> 21.7Â° (TN)
gps.js:231 [Compass] update -> 20.6Â° (TN)
gps.js:231 [Compass] update -> 19.5Â° (TN)
gps.js:231 [Compass] update -> 18.5Â° (TN)
gps.js:231 [Compass] update -> 17.4Â° (TN)
gps.js:231 [Compass] update -> 16.3Â° (TN)
gps.js:231 [Compass] update -> 15.2Â° (TN)
gps.js:231 [Compass] update -> 14.1Â° (TN)
gps.js:231 [Compass] update -> 13.1Â° (TN)
gps.js:231 [Compass] update -> 12.0Â° (TN)
gps.js:231 [Compass] update -> 11.0Â° (TN)
gps.js:231 [Compass] update -> 9.9Â° (TN)
gps.js:231 [Compass] update -> 8.8Â° (TN)
gps.js:231 [Compass] update -> 7.8Â° (TN)
gps.js:231 [Compass] update -> 6.7Â° (TN)
gps.js:231 [Compass] update -> 5.7Â° (TN)
gps.js:231 [Compass] update -> 4.6Â° (TN)
gps.js:231 [Compass] update -> 3.6Â° (TN)
gps.js:231 [Compass] update -> 2.6Â° (TN)
gps.js:231 [Compass] update -> 1.5Â° (TN)
gps.js:231 [Compass] update -> 0.5Â° (TN)
gps.js:231 [Compass] update -> 359.5Â° (TN)
gps.js:231 [Compass] update -> 358.5Â° (TN)
gps.js:231 [Compass] update -> 357.5Â° (TN)
gps.js:231 [Compass] update -> 356.4Â° (TN)
gps.js:231 [Compass] update -> 355.4Â° (TN)
gps.js:231 [Compass] update -> 356.4Â° (TN)
gps.js:231 [Compass] update -> 357.5Â° (TN)
gps.js:231 [Compass] update -> 358.6Â° (TN)
gps.js:231 [Compass] update -> 359.7Â° (TN)
gps.js:231 [Compass] update -> 0.8Â° (TN)
gps.js:231 [Compass] update -> 1.8Â° (TN)
gps.js:231 [Compass] update -> 2.9Â° (TN)
gps.js:231 [Compass] update -> 3.9Â° (TN)
gps.js:231 [Compass] update -> 5.0Â° (TN)
gps.js:231 [Compass] update -> 6.1Â° (TN)
gps.js:231 [Compass] update -> 7.1Â° (TN)
gps.js:231 [Compass] update -> 8.2Â° (TN)
gps.js:231 [Compass] update -> 7.1Â° (TN)
gps.js:231 [Compass] update -> 6.1Â° (TN)
gps.js:231 [Compass] update -> 5.1Â° (TN)
gps.js:231 [Compass] update -> 4.1Â° (TN)
gps.js:231 [Compass] update -> 3.0Â° (TN)
gps.js:231 [Compass] update -> 1.9Â° (TN)
gps.js:231 [Compass] update -> 0.7Â° (TN)
gps.js:231 [Compass] update -> 359.7Â° (TN)
gps.js:231 [Compass] update -> 358.7Â° (TN)
gps.js:231 [Compass] update -> 357.7Â° (TN)
gps.js:231 [Compass] update -> 356.7Â° (TN)
gps.js:231 [Compass] update -> 355.6Â° (TN)
gps.js:231 [Compass] update -> 354.6Â° (TN)
gps.js:231 [Compass] update -> 353.5Â° (TN)
gps.js:231 [Compass] update -> 352.4Â° (TN)
gps.js:231 [Compass] update -> 351.2Â° (TN)
gps.js:231 [Compass] update -> 350.2Â° (TN)
gps.js:231 [Compass] update -> 349.1Â° (TN)
gps.js:231 [Compass] update -> 348.0Â° (TN)
gps.js:231 [Compass] update -> 346.8Â° (TN)
gps.js:231 [Compass] update -> 345.8Â° (TN)
gps.js:231 [Compass] update -> 344.7Â° (TN)
gps.js:231 [Compass] update -> 343.7Â° (TN)
gps.js:231 [Compass] update -> 342.7Â° (TN)
gps.js:231 [Compass] update -> 341.6Â° (TN)
gps.js:231 [Compass] update -> 340.6Â° (TN)
gps.js:231 [Compass] update -> 339.5Â° (TN)
gps.js:231 [Compass] update -> 338.5Â° (TN)
gps.js:231 [Compass] update -> 337.4Â° (TN)
gps.js:231 [Compass] update -> 336.3Â° (TN)
gps.js:231 [Compass] update -> 335.2Â° (TN)
gps.js:231 [Compass] update -> 334.2Â° (TN)
gps.js:231 [Compass] update -> 333.0Â° (TN)
gps.js:231 [Compass] update -> 331.9Â° (TN)
gps.js:231 [Compass] update -> 330.9Â° (TN)
gps.js:231 [Compass] update -> 332.0Â° (TN)
gps.js:231 [Compass] update -> 333.2Â° (TN)
gps.js:231 [Compass] update -> 334.3Â° (TN)
gps.js:231 [Compass] update -> 335.4Â° (TN)
gps.js:231 [Compass] update -> 336.5Â° (TN)
gps.js:231 [Compass] update -> 337.5Â° (TN)
gps.js:231 [Compass] update -> 338.6Â° (TN)
gps.js:231 [Compass] update -> 339.6Â° (TN)
gps.js:231 [Compass] update -> 341.0Â° (TN)
gps.js:231 [Compass] update -> 342.2Â° (TN)
gps.js:231 [Compass] update -> 343.2Â° (TN)
gps.js:231 [Compass] update -> 344.3Â° (TN)
gps.js:231 [Compass] update -> 345.4Â° (TN)
gps.js:231 [Compass] update -> 346.6Â° (TN)
gps.js:231 [Compass] update -> 347.7Â° (TN)
gps.js:231 [Compass] update -> 348.8Â° (TN)
gps.js:231 [Compass] update -> 349.8Â° (TN)
gps.js:231 [Compass] update -> 350.9Â° (TN)
gps.js:231 [Compass] update -> 352.0Â° (TN)
gps.js:231 [Compass] update -> 353.1Â° (TN)
gps.js:231 [Compass] update -> 354.1Â° (TN)
gps.js:231 [Compass] update -> 355.1Â° (TN)
gps.js:231 [Compass] update -> 356.1Â° (TN)
gps.js:231 [Compass] update -> 357.2Â° (TN)
gps.js:231 [Compass] update -> 358.2Â° (TN)
gps.js:231 [Compass] update -> 359.3Â° (TN)
gps.js:231 [Compass] update -> 0.4Â° (TN)
gps.js:231 [Compass] update -> 1.5Â° (TN)
gps.js:231 [Compass] update -> 2.6Â° (TN)
gps.js:231 [Compass] update -> 3.7Â° (TN)
gps.js:231 [Compass] update -> 4.7Â° (TN)
gps.js:231 [Compass] update -> 5.8Â° (TN)
gps.js:231 [Compass] update -> 6.9Â° (TN)
gps.js:231 [Compass] update -> 8.0Â° (TN)
gps.js:231 [Compass] update -> 9.0Â° (TN)
gps.js:231 [Compass] update -> 10.1Â° (TN)
gps.js:231 [Compass] update -> 9.0Â° (TN)
gps.js:231 [Compass] update -> 7.9Â° (TN)
gps.js:231 [Compass] update -> 6.9Â° (TN)
gps.js:231 [Compass] update -> 5.9Â° (TN)
gps.js:231 [Compass] update -> 4.8Â° (TN)
gps.js:231 [Compass] update -> 3.8Â° (TN)
gps.js:231 [Compass] update -> 2.7Â° (TN)
gps.js:231 [Compass] update -> 1.5Â° (TN)
gps.js:231 [Compass] update -> 0.4Â° (TN)
gps.js:231 [Compass] update -> 359.3Â° (TN)
gps.js:231 [Compass] update -> 358.0Â° (TN)
gps.js:231 [Compass] update -> 356.7Â° (TN)
gps.js:231 [Compass] update -> 355.7Â° (TN)
gps.js:231 [Compass] update -> 354.4Â° (TN)
gps.js:231 [Compass] update -> 353.3Â° (TN)
gps.js:231 [Compass] update -> 352.2Â° (TN)
gps.js:231 [Compass] update -> 351.0Â° (TN)
gps.js:231 [Compass] update -> 349.8Â° (TN)
gps.js:231 [Compass] update -> 348.7Â° (TN)
gps.js:231 [Compass] update -> 349.8Â° (TN)
gps.js:231 [Compass] update -> 348.8Â° (TN)
gps.js:231 [Compass] update -> 347.5Â° (TN)
gps.js:231 [Compass] update -> 346.5Â° (TN)
gps.js:231 [Compass] update -> 345.3Â° (TN)
gps.js:231 [Compass] update -> 344.3Â° (TN)
gps.js:231 [Compass] update -> 343.2Â° (TN)
gps.js:231 [Compass] update -> 342.0Â° (TN)
gps.js:231 [Compass] update -> 343.3Â° (TN)
gps.js:231 [Compass] update -> 344.8Â° (TN)
gps.js:231 [Compass] update -> 346.2Â° (TN)
gps.js:231 [Compass] update -> 347.4Â° (TN)
gps.js:231 [Compass] update -> 348.9Â° (TN)
gps.js:231 [Compass] update -> 350.0Â° (TN)
gps.js:231 [Compass] update -> 351.1Â° (TN)
gps.js:231 [Compass] update -> 352.4Â° (TN)
gps.js:231 [Compass] update -> 353.5Â° (TN)
gps.js:231 [Compass] update -> 354.6Â° (TN)
gps.js:231 [Compass] update -> 355.8Â° (TN)
gps.js:231 [Compass] update -> 356.8Â° (TN)
gps.js:231 [Compass] update -> 357.9Â° (TN)
gps.js:231 [Compass] update -> 359.1Â° (TN)
gps.js:231 [Compass] update -> 0.2Â° (TN)
gps.js:231 [Compass] update -> 1.2Â° (TN)
gps.js:231 [Compass] update -> 2.3Â° (TN)
gps.js:231 [Compass] update -> 3.4Â° (TN)
gps.js:231 [Compass] update -> 4.4Â° (TN)
gps.js:231 [Compass] update -> 5.4Â° (TN)
gps.js:231 [Compass] update -> 6.5Â° (TN)
gps.js:231 [Compass] update -> 7.6Â° (TN)
gps.js:231 [Compass] update -> 8.6Â° (TN)
gps.js:231 [Compass] update -> 9.7Â° (TN)
gps.js:231 [Compass] update -> 10.8Â° (TN)
gps.js:231 [Compass] update -> 12.0Â° (TN)
gps.js:231 [Compass] update -> 13.0Â° (TN)
gps.js:231 [Compass] update -> 14.3Â° (TN)
gps.js:231 [Compass] update -> 15.3Â° (TN)
gps.js:231 [Compass] update -> 16.4Â° (TN)
gps.js:231 [Compass] update -> 15.4Â° (TN)
gps.js:231 [Compass] update -> 14.2Â° (TN)
gps.js:231 [Compass] update -> 13.2Â° (TN)
gps.js:231 [Compass] update -> 12.1Â° (TN)
gps.js:231 [Compass] update -> 10.9Â° (TN)
gps.js:231 [Compass] update -> 9.8Â° (TN)
gps.js:231 [Compass] update -> 8.6Â° (TN)
gps.js:231 [Compass] update -> 7.4Â° (TN)
gps.js:231 [Compass] update -> 6.3Â° (TN)
gps.js:231 [Compass] update -> 5.2Â° (TN)
gps.js:231 [Compass] update -> 4.1Â° (TN)
gps.js:231 [Compass] update -> 3.0Â° (TN)
gps.js:231 [Compass] update -> 2.0Â° (TN)
gps.js:231 [Compass] update -> 1.0Â° (TN)
gps.js:231 [Compass] update -> 359.7Â° (TN)
gps.js:231 [Compass] update -> 358.2Â° (TN)
gps.js:231 [Compass] update -> 356.9Â° (TN)
gps.js:231 [Compass] update -> 355.6Â° (TN)
gps.js:231 [Compass] update -> 354.4Â° (TN)
gps.js:231 [Compass] update -> 353.2Â° (TN)
gps.js:231 [Compass] update -> 352.0Â° (TN)
gps.js:231 [Compass] update -> 350.8Â° (TN)
gps.js:231 [Compass] update -> 349.7Â° (TN)
gps.js:231 [Compass] update -> 348.5Â° (TN)
gps.js:231 [Compass] update -> 347.4Â° (TN)
gps.js:231 [Compass] update -> 346.4Â° (TN)
gps.js:231 [Compass] update -> 345.0Â° (TN)
gps.js:231 [Compass] update -> 343.7Â° (TN)
gps.js:231 [Compass] update -> 342.6Â° (TN)
gps.js:231 [Compass] update -> 341.6Â° (TN)
gps.js:231 [Compass] update -> 340.6Â° (TN)
gps.js:231 [Compass] update -> 341.6Â° (TN)
gps.js:231 [Compass] update -> 342.7Â° (TN)
gps.js:231 [Compass] update -> 343.7Â° (TN)
gps.js:231 [Compass] update -> 344.7Â° (TN)
gps.js:231 [Compass] update -> 345.7Â° (TN)
gps.js:231 [Compass] update -> 347.0Â° (TN)
gps.js:231 [Compass] update -> 348.2Â° (TN)
gps.js:231 [Compass] update -> 349.4Â° (TN)
gps.js:231 [Compass] update -> 350.6Â° (TN)
gps.js:231 [Compass] update -> 351.9Â° (TN)
gps.js:231 [Compass] update -> 353.0Â° (TN)
gps.js:231 [Compass] update -> 354.0Â° (TN)
gps.js:231 [Compass] update -> 355.1Â° (TN)
gps.js:231 [Compass] update -> 356.1Â° (TN)
gps.js:231 [Compass] update -> 354.7Â° (TN)
gps.js:231 [Compass] update -> 353.2Â° (TN)
gps.js:231 [Compass] update -> 351.7Â° (TN)
gps.js:231 [Compass] update -> 350.4Â° (TN)
gps.js:231 [Compass] update -> 349.4Â° (TN)
gps.js:231 [Compass] update -> 348.3Â° (TN)
gps.js:231 [Compass] update -> 347.3Â° (TN)
gps.js:231 [Compass] update -> 346.2Â° (TN)
gps.js:231 [Compass] update -> 345.2Â° (TN)
gps.js:231 [Compass] update -> 344.2Â° (TN)
gps.js:231 [Compass] update -> 343.2Â° (TN)
gps.js:231 [Compass] update -> 344.2Â° (TN)
gps.js:231 [Compass] update -> 345.3Â° (TN)
gps.js:231 [Compass] update -> 346.3Â° (TN)
gps.js:231 [Compass] update -> 347.3Â° (TN)
gps.js:231 [Compass] update -> 348.7Â° (TN)
gps.js:231 [Compass] update -> 349.7Â° (TN)
gps.js:231 [Compass] update -> 350.9Â° (TN)
gps.js:231 [Compass] update -> 352.0Â° (TN)
gps.js:231 [Compass] update -> 353.0Â° (TN)
gps.js:231 [Compass] update -> 354.1Â° (TN)
gps.js:231 [Compass] update -> 355.2Â° (TN)
gps.js:231 [Compass] update -> 356.3Â° (TN)
gps.js:231 [Compass] update -> 357.3Â° (TN)
gps.js:231 [Compass] update -> 358.5Â° (TN)
gps.js:231 [Compass] update -> 359.5Â° (TN)
gps.js:231 [Compass] update -> 0.6Â° (TN)
gps.js:231 [Compass] update -> 1.6Â° (TN)
gps.js:231 [Compass] update -> 2.8Â° (TN)
gps.js:231 [Compass] update -> 1.6Â° (TN)
gps.js:231 [Compass] update -> 0.5Â° (TN)
gps.js:231 [Compass] update -> 359.4Â° (TN)
gps.js:231 [Compass] update -> 358.3Â° (TN)
gps.js:231 [Compass] update -> 357.3Â° (TN)
gps.js:231 [Compass] update -> 356.3Â° (TN)
gps.js:231 [Compass] update -> 355.3Â° (TN)
gps.js:231 [Compass] update -> 354.2Â° (TN)
gps.js:231 [Compass] update -> 353.2Â° (TN)
gps.js:231 [Compass] update -> 352.2Â° (TN)
gps.js:231 [Compass] update -> 351.1Â° (TN)
gps.js:231 [Compass] update -> 350.1Â° (TN)
gps.js:231 [Compass] update -> 349.1Â° (TN)
gps.js:231 [Compass] update -> 348.0Â° (TN)
gps.js:231 [Compass] update -> 347.0Â° (TN)
gps.js:231 [Compass] update -> 346.0Â° (TN)
gps.js:231 [Compass] update -> 345.0Â° (TN)
gps.js:231 [Compass] update -> 344.0Â° (TN)
gps.js:231 [Compass] update -> 343.0Â° (TN)
gps.js:231 [Compass] update -> 342.0Â° (TN)
gps.js:231 [Compass] update -> 341.0Â° (TN)
gps.js:231 [Compass] update -> 339.9Â° (TN)
gps.js:231 [Compass] update -> 338.9Â° (TN)
gps.js:231 [Compass] update -> 337.9Â° (TN)
gps.js:231 [Compass] update -> 336.9Â° (TN)
gps.js:231 [Compass] update -> 335.8Â° (TN)
gps.js:231 [Compass] update -> 334.8Â° (TN)
gps.js:231 [Compass] update -> 333.7Â° (TN)
gps.js:231 [Compass] update -> 332.7Â° (TN)
gps.js:231 [Compass] update -> 331.7Â° (TN)
gps.js:231 [Compass] update -> 330.7Â° (TN)
gps.js:231 [Compass] update -> 329.7Â° (TN)
gps.js:231 [Compass] update -> 328.4Â° (TN)
gps.js:231 [Compass] update -> 327.2Â° (TN)
gps.js:231 [Compass] update -> 326.1Â° (TN)
gps.js:231 [Compass] update -> 325.0Â° (TN)
gps.js:231 [Compass] update -> 324.0Â° (TN)
gps.js:231 [Compass] update -> 323.0Â° (TN)
gps.js:231 [Compass] update -> 322.0Â° (TN)
gps.js:231 [Compass] update -> 320.7Â° (TN)
gps.js:231 [Compass] update -> 319.5Â° (TN)
gps.js:231 [Compass] update -> 318.4Â° (TN)
gps.js:231 [Compass] update -> 317.4Â° (TN)
gps.js:231 [Compass] update -> 316.1Â° (TN)
gps.js:231 [Compass] update -> 315.0Â° (TN)
gps.js:231 [Compass] update -> 313.9Â° (TN)
gps.js:231 [Compass] update -> 312.9Â° (TN)
gps.js:231 [Compass] update -> 311.7Â° (TN)
gps.js:231 [Compass] update -> 310.6Â° (TN)
gps.js:231 [Compass] update -> 309.6Â° (TN)
gps.js:231 [Compass] update -> 308.4Â° (TN)
gps.js:231 [Compass] update -> 307.3Â° (TN)
gps.js:231 [Compass] update -> 306.3Â° (TN)
gps.js:231 [Compass] update -> 305.2Â° (TN)
gps.js:231 [Compass] update -> 304.1Â° (TN)
gps.js:231 [Compass] update -> 302.9Â° (TN)
gps.js:231 [Compass] update -> 301.9Â° (TN)
gps.js:231 [Compass] update -> 300.8Â° (TN)
gps.js:231 [Compass] update -> 299.7Â° (TN)
gps.js:231 [Compass] update -> 298.6Â° (TN)
gps.js:231 [Compass] update -> 297.4Â° (TN)
gps.js:231 [Compass] update -> 296.4Â° (TN)
gps.js:231 [Compass] update -> 295.3Â° (TN)
gps.js:231 [Compass] update -> 294.1Â° (TN)
gps.js:231 [Compass] update -> 293.0Â° (TN)
gps.js:231 [Compass] update -> 291.9Â° (TN)
gps.js:231 [Compass] update -> 290.7Â° (TN)
gps.js:231 [Compass] update -> 289.6Â° (TN)
gps.js:231 [Compass] update -> 288.4Â° (TN)
gps.js:231 [Compass] update -> 287.3Â° (TN)
gps.js:231 [Compass] update -> 286.2Â° (TN)
gps.js:231 [Compass] update -> 285.2Â° (TN)
gps.js:231 [Compass] update -> 284.2Â° (TN)
gps.js:231 [Compass] update -> 283.1Â° (TN)
gps.js:231 [Compass] update -> 282.0Â° (TN)
gps.js:231 [Compass] update -> 281.0Â° (TN)
gps.js:231 [Compass] update -> 279.9Â° (TN)
gps.js:231 [Compass] update -> 278.9Â° (TN)
gps.js:231 [Compass] update -> 277.8Â° (TN)
gps.js:231 [Compass] update -> 276.7Â° (TN)
gps.js:231 [Compass] update -> 275.6Â° (TN)
gps.js:231 [Compass] update -> 274.6Â° (TN)
gps.js:231 [Compass] update -> 273.5Â° (TN)
gps.js:231 [Compass] update -> 272.5Â° (TN)
gps.js:231 [Compass] update -> 271.5Â° (TN)
gps.js:231 [Compass] update -> 270.5Â° (TN)
gps.js:231 [Compass] update -> 269.5Â° (TN)
gps.js:231 [Compass] update -> 268.4Â° (TN)
gps.js:231 [Compass] update -> 267.4Â° (TN)
gps.js:231 [Compass] update -> 266.4Â° (TN)
gps.js:231 [Compass] update -> 265.4Â° (TN)
gps.js:231 [Compass] update -> 264.4Â° (TN)
gps.js:231 [Compass] update -> 263.4Â° (TN)
gps.js:231 [Compass] update -> 262.4Â° (TN)
gps.js:231 [Compass] update -> 261.4Â° (TN)
gps.js:231 [Compass] update -> 260.3Â° (TN)
gps.js:231 [Compass] update -> 259.3Â° (TN)
gps.js:231 [Compass] update -> 258.3Â° (TN)
gps.js:231 [Compass] update -> 257.2Â° (TN)
gps.js:231 [Compass] update -> 256.2Â° (TN)
gps.js:231 [Compass] update -> 255.1Â° (TN)
gps.js:231 [Compass] update -> 254.0Â° (TN)
gps.js:231 [Compass] update -> 252.9Â° (TN)
gps.js:231 [Compass] update -> 251.9Â° (TN)
gps.js:231 [Compass] update -> 250.9Â° (TN)
gps.js:231 [Compass] update -> 249.8Â° (TN)
gps.js:231 [Compass] update -> 248.7Â° (TN)
gps.js:231 [Compass] update -> 247.6Â° (TN)
gps.js:231 [Compass] update -> 246.3Â° (TN)
gps.js:231 [Compass] update -> 245.0Â° (TN)
gps.js:231 [Compass] update -> 243.7Â° (TN)
gps.js:231 [Compass] update -> 242.5Â° (TN)
gps.js:231 [Compass] update -> 241.4Â° (TN)
gps.js:231 [Compass] update -> 240.2Â° (TN)
gps.js:231 [Compass] update -> 239.1Â° (TN)
gps.js:231 [Compass] update -> 238.1Â° (TN)
gps.js:231 [Compass] update -> 237.0Â° (TN)
gps.js:231 [Compass] update -> 236.0Â° (TN)
gps.js:231 [Compass] update -> 235.0Â° (TN)
gps.js:231 [Compass] update -> 233.9Â° (TN)
gps.js:231 [Compass] update -> 232.9Â° (TN)
gps.js:231 [Compass] update -> 231.9Â° (TN)
gps.js:231 [Compass] update -> 230.8Â° (TN)
gps.js:231 [Compass] update -> 229.8Â° (TN)
gps.js:231 [Compass] update -> 228.7Â° (TN)
gps.js:231 [Compass] update -> 227.6Â° (TN)
gps.js:231 [Compass] update -> 226.5Â° (TN)
gps.js:231 [Compass] update -> 225.4Â° (TN)
gps.js:231 [Compass] update -> 226.5Â° (TN)
gps.js:231 [Compass] update -> 227.6Â° (TN)
gps.js:231 [Compass] update -> 228.7Â° (TN)
gps.js:231 [Compass] update -> 229.8Â° (TN)
gps.js:231 [Compass] update -> 231.1Â° (TN)
gps.js:231 [Compass] update -> 232.2Â° (TN)
gps.js:231 [Compass] update -> 233.3Â° (TN)
gps.js:231 [Compass] update -> 234.4Â° (TN)
gps.js:231 [Compass] update -> 235.4Â° (TN)
gps.js:231 [Compass] update -> 236.5Â° (TN)
gps.js:231 [Compass] update -> 237.6Â° (TN)
gps.js:231 [Compass] update -> 238.6Â° (TN)
gps.js:231 [Compass] update -> 239.7Â° (TN)
gps.js:231 [Compass] update -> 240.8Â° (TN)
gps.js:231 [Compass] update -> 241.9Â° (TN)
gps.js:231 [Compass] update -> 243.0Â° (TN)
gps.js:231 [Compass] update -> 244.1Â° (TN)
gps.js:231 [Compass] update -> 245.1Â° (TN)
gps.js:231 [Compass] update -> 246.2Â° (TN)
gps.js:231 [Compass] update -> 247.3Â° (TN)
gps.js:231 [Compass] update -> 248.4Â° (TN)
gps.js:231 [Compass] update -> 249.4Â° (TN)
gps.js:231 [Compass] update -> 250.4Â° (TN)
gps.js:231 [Compass] update -> 251.5Â° (TN)
gps.js:231 [Compass] update -> 252.6Â° (TN)
gps.js:231 [Compass] update -> 253.6Â° (TN)
gps.js:231 [Compass] update -> 254.7Â° (TN)
gps.js:231 [Compass] update -> 255.8Â° (TN)
gps.js:231 [Compass] update -> 256.9Â° (TN)
gps.js:231 [Compass] update -> 257.9Â° (TN)
gps.js:231 [Compass] update -> 259.0Â° (TN)
gps.js:231 [Compass] update -> 260.1Â° (TN)
gps.js:231 [Compass] update -> 261.2Â° (TN)
gps.js:231 [Compass] update -> 262.3Â° (TN)
gps.js:231 [Compass] update -> 263.4Â° (TN)
gps.js:231 [Compass] update -> 264.4Â° (TN)
gps.js:231 [Compass] update -> 265.4Â° (TN)
gps.js:231 [Compass] update -> 266.5Â° (TN)
gps.js:231 [Compass] update -> 267.6Â° (TN)
gps.js:231 [Compass] update -> 268.6Â° (TN)
gps.js:231 [Compass] update -> 269.6Â° (TN)
gps.js:231 [Compass] update -> 268.4Â° (TN)
gps.js:231 [Compass] update -> 267.1Â° (TN)
gps.js:231 [Compass] update -> 266.0Â° (TN)
gps.js:231 [Compass] update -> 264.9Â° (TN)
gps.js:231 [Compass] update -> 263.5Â° (TN)
gps.js:231 [Compass] update -> 262.4Â° (TN)
gps.js:231 [Compass] update -> 261.0Â° (TN)
gps.js:231 [Compass] update -> 259.5Â° (TN)
gps.js:231 [Compass] update -> 257.7Â° (TN)
gps.js:231 [Compass] update -> 256.1Â° (TN)
gps.js:231 [Compass] update -> 254.5Â° (TN)
gps.js:231 [Compass] update -> 253.2Â° (TN)
gps.js:231 [Compass] update -> 251.9Â° (TN)
gps.js:231 [Compass] update -> 250.8Â° (TN)
gps.js:231 [Compass] update -> 249.7Â° (TN)
gps.js:231 [Compass] update -> 248.7Â° (TN)
gps.js:231 [Compass] update -> 247.6Â° (TN)
gps.js:231 [Compass] update -> 246.5Â° (TN)
gps.js:231 [Compass] update -> 245.4Â° (TN)
gps.js:231 [Compass] update -> 244.4Â° (TN)
gps.js:231 [Compass] update -> 243.2Â° (TN)
gps.js:231 [Compass] update -> 242.0Â° (TN)
gps.js:231 [Compass] update -> 241.0Â° (TN)
gps.js:231 [Compass] update -> 239.8Â° (TN)
gps.js:231 [Compass] update -> 238.7Â° (TN)
gps.js:231 [Compass] update -> 237.6Â° (TN)
gps.js:231 [Compass] update -> 236.6Â° (TN)
gps.js:231 [Compass] update -> 235.4Â° (TN)
gps.js:231 [Compass] update -> 234.3Â° (TN)
gps.js:231 [Compass] update -> 233.3Â° (TN)
gps.js:231 [Compass] update -> 232.2Â° (TN)
gps.js:231 [Compass] update -> 231.0Â° (TN)
gps.js:231 [Compass] update -> 229.9Â° (TN)
gps.js:231 [Compass] update -> 228.6Â° (TN)
gps.js:231 [Compass] update -> 227.6Â° (TN)
gps.js:231 [Compass] update -> 226.6Â° (TN)
gps.js:231 [Compass] update -> 225.5Â° (TN)
gps.js:231 [Compass] update -> 226.5Â° (TN)
gps.js:231 [Compass] update -> 227.6Â° (TN)
gps.js:231 [Compass] update -> 228.6Â° (TN)
gps.js:231 [Compass] update -> 229.9Â° (TN)
gps.js:231 [Compass] update -> 231.0Â° (TN)
gps.js:231 [Compass] update -> 232.0Â° (TN)
gps.js:231 [Compass] update -> 233.3Â° (TN)
gps.js:231 [Compass] update -> 234.6Â° (TN)
gps.js:231 [Compass] update -> 235.6Â° (TN)
gps.js:231 [Compass] update -> 236.9Â° (TN)
gps.js:231 [Compass] update -> 237.9Â° (TN)
gps.js:231 [Compass] update -> 239.0Â° (TN)
gps.js:231 [Compass] update -> 240.1Â° (TN)
gps.js:231 [Compass] update -> 241.2Â° (TN)
gps.js:231 [Compass] update -> 242.3Â° (TN)
gps.js:231 [Compass] update -> 243.5Â° (TN)
gps.js:231 [Compass] update -> 244.6Â° (TN)
gps.js:231 [Compass] update -> 245.9Â° (TN)
gps.js:231 [Compass] update -> 247.0Â° (TN)
gps.js:231 [Compass] update -> 248.1Â° (TN)
gps.js:231 [Compass] update -> 249.5Â° (TN)
gps.js:231 [Compass] update -> 250.7Â° (TN)
gps.js:231 [Compass] update -> 252.0Â° (TN)
gps.js:231 [Compass] update -> 253.2Â° (TN)
gps.js:231 [Compass] update -> 254.6Â° (TN)
gps.js:231 [Compass] update -> 255.9Â° (TN)
gps.js:231 [Compass] update -> 257.5Â° (TN)
gps.js:231 [Compass] update -> 259.0Â° (TN)
gps.js:231 [Compass] update -> 260.7Â° (TN)
gps.js:231 [Compass] update -> 262.3Â° (TN)
gps.js:231 [Compass] update -> 264.0Â° (TN)
gps.js:231 [Compass] update -> 265.4Â° (TN)
gps.js:231 [Compass] update -> 267.1Â° (TN)
gps.js:231 [Compass] update -> 268.5Â° (TN)
gps.js:231 [Compass] update -> 270.2Â° (TN)
gps.js:231 [Compass] update -> 271.9Â° (TN)
gps.js:231 [Compass] update -> 273.8Â° (TN)
gps.js:231 [Compass] update -> 275.5Â° (TN)
gps.js:231 [Compass] update -> 277.4Â° (TN)
gps.js:231 [Compass] update -> 278.8Â° (TN)
gps.js:231 [Compass] update -> 280.2Â° (TN)
gps.js:231 [Compass] update -> 282.0Â° (TN)
gps.js:231 [Compass] update -> 283.5Â° (TN)
gps.js:231 [Compass] update -> 285.2Â° (TN)
gps.js:231 [Compass] update -> 286.6Â° (TN)
gps.js:231 [Compass] update -> 288.1Â° (TN)
gps.js:231 [Compass] update -> 289.3Â° (TN)
gps.js:231 [Compass] update -> 290.5Â° (TN)
gps.js:231 [Compass] update -> 291.9Â° (TN)
gps.js:231 [Compass] update -> 293.3Â° (TN)
gps.js:231 [Compass] update -> 294.6Â° (TN)
gps.js:231 [Compass] update -> 295.8Â° (TN)
gps.js:231 [Compass] update -> 297.2Â° (TN)
gps.js:231 [Compass] update -> 298.2Â° (TN)
gps.js:231 [Compass] update -> 299.4Â° (TN)
gps.js:231 [Compass] update -> 300.4Â° (TN)
gps.js:231 [Compass] update -> 301.7Â° (TN)
gps.js:231 [Compass] update -> 303.0Â° (TN)
gps.js:231 [Compass] update -> 304.4Â° (TN)
gps.js:231 [Compass] update -> 305.6Â° (TN)
gps.js:231 [Compass] update -> 306.7Â° (TN)
gps.js:231 [Compass] update -> 308.0Â° (TN)
gps.js:231 [Compass] update -> 309.6Â° (TN)
gps.js:231 [Compass] update -> 310.7Â° (TN)
gps.js:231 [Compass] update -> 311.7Â° (TN)
gps.js:231 [Compass] update -> 309.4Â° (TN)
gps.js:231 [Compass] update -> 306.9Â° (TN)
gps.js:231 [Compass] update -> 303.5Â° (TN)
gps.js:231 [Compass] update -> 299.6Â° (TN)
gps.js:231 [Compass] update -> 294.6Â° (TN)
gps.js:231 [Compass] update -> 289.1Â° (TN)
gps.js:231 [Compass] update -> 282.8Â° (TN)
gps.js:231 [Compass] update -> 276.5Â° (TN)
gps.js:231 [Compass] update -> 270.1Â° (TN)
gps.js:231 [Compass] update -> 264.4Â° (TN)
gps.js:231 [Compass] update -> 258.8Â° (TN)
gps.js:231 [Compass] update -> 253.8Â° (TN)
gps.js:231 [Compass] update -> 249.1Â° (TN)
gps.js:231 [Compass] update -> 245.1Â° (TN)
gps.js:231 [Compass] update -> 241.8Â° (TN)
gps.js:231 [Compass] update -> 240.0Â° (TN)
gps.js:231 [Compass] update -> 241.7Â° (TN)
gps.js:231 [Compass] update -> 244.9Â° (TN)
gps.js:231 [Compass] update -> 249.1Â° (TN)
gps.js:231 [Compass] update -> 254.6Â° (TN)
gps.js:231 [Compass] update -> 260.8Â° (TN)
gps.js:231 [Compass] update -> 267.4Â° (TN)
gps.js:231 [Compass] update -> 273.7Â° (TN)
gps.js:231 [Compass] update -> 279.3Â° (TN)
gps.js:231 [Compass] update -> 284.7Â° (TN)
gps.js:231 [Compass] update -> 289.9Â° (TN)
gps.js:231 [Compass] update -> 295.3Â° (TN)
gps.js:231 [Compass] update -> 300.4Â° (TN)
gps.js:231 [Compass] update -> 305.8Â° (TN)
gps.js:231 [Compass] update -> 311.2Â° (TN)
gps.js:231 [Compass] update -> 316.9Â° (TN)
gps.js:231 [Compass] update -> 324.8Â° (TN)
gps.js:231 [Compass] update -> 332.3Â° (TN)
gps.js:231 [Compass] update -> 339.4Â° (TN)
gps.js:231 [Compass] update -> 345.7Â° (TN)
gps.js:231 [Compass] update -> 351.2Â° (TN)
gps.js:231 [Compass] update -> 355.9Â° (TN)
gps.js:231 [Compass] update -> 0.1Â° (TN)
gps.js:231 [Compass] update -> 3.8Â° (TN)
gps.js:231 [Compass] update -> 6.8Â° (TN)
gps.js:231 [Compass] update -> 9.0Â° (TN)
gps.js:231 [Compass] update -> 10.3Â° (TN)
gps.js:231 [Compass] update -> 9.3Â° (TN)
gps.js:231 [Compass] update -> 7.9Â° (TN)
gps.js:231 [Compass] update -> 5.5Â° (TN)
gps.js:231 [Compass] update -> 2.2Â° (TN)
gps.js:231 [Compass] update -> 358.0Â° (TN)
gps.js:231 [Compass] update -> 353.3Â° (TN)
gps.js:231 [Compass] update -> 347.7Â° (TN)
gps.js:231 [Compass] update -> 341.6Â° (TN)
gps.js:231 [Compass] update -> 334.7Â° (TN)
gps.js:231 [Compass] update -> 328.0Â° (TN)
gps.js:217 [Compass] Spike 173.7Â° ignored
gps.js:217 [Compass] Spike 169.5Â° ignored
gps.js:231 [Compass] update -> 318.7Â° (TN)
gps.js:231 [Compass] update -> 310.9Â° (TN)
gps.js:231 [Compass] update -> 303.7Â° (TN)
gps.js:231 [Compass] update -> 297.2Â° (TN)
gps.js:231 [Compass] update -> 290.7Â° (TN)
gps.js:231 [Compass] update -> 284.9Â° (TN)
gps.js:231 [Compass] update -> 279.5Â° (TN)
gps.js:231 [Compass] update -> 275.3Â° (TN)
gps.js:231 [Compass] update -> 272.0Â° (TN)
gps.js:231 [Compass] update -> 269.9Â° (TN)
gps.js:231 [Compass] update -> 268.5Â° (TN)
gps.js:231 [Compass] update -> 270.2Â° (TN)
gps.js:231 [Compass] update -> 272.9Â° (TN)
gps.js:231 [Compass] update -> 276.8Â° (TN)
gps.js:231 [Compass] update -> 281.3Â° (TN)
gps.js:231 [Compass] update -> 286.3Â° (TN)
gps.js:231 [Compass] update -> 291.8Â° (TN)
gps.js:231 [Compass] update -> 298.8Â° (TN)
gps.js:231 [Compass] update -> 305.4Â° (TN)
gps.js:231 [Compass] update -> 311.6Â° (TN)
gps.js:231 [Compass] update -> 317.2Â° (TN)
gps.js:231 [Compass] update -> 322.6Â° (TN)
gps.js:231 [Compass] update -> 327.6Â° (TN)
gps.js:231 [Compass] update -> 332.6Â° (TN)
gps.js:231 [Compass] update -> 337.6Â° (TN)
gps.js:231 [Compass] update -> 342.7Â° (TN)
gps.js:231 [Compass] update -> 347.9Â° (TN)
gps.js:231 [Compass] update -> 352.8Â° (TN)
gps.js:231 [Compass] update -> 357.6Â° (TN)
gps.js:231 [Compass] update -> 2.1Â° (TN)
gps.js:231 [Compass] update -> 6.2Â° (TN)
gps.js:231 [Compass] update -> 10.0Â° (TN)
gps.js:231 [Compass] update -> 13.4Â° (TN)
gps.js:231 [Compass] update -> 16.3Â° (TN)
gps.js:231 [Compass] update -> 18.8Â° (TN)
gps.js:231 [Compass] update -> 20.9Â° (TN)
gps.js:231 [Compass] update -> 22.4Â° (TN)
gps.js:231 [Compass] update -> 20.8Â° (TN)
gps.js:231 [Compass] update -> 17.7Â° (TN)
gps.js:231 [Compass] update -> 13.4Â° (TN)
gps.js:231 [Compass] update -> 8.2Â° (TN)
gps.js:231 [Compass] update -> 2.8Â° (TN)
gps.js:231 [Compass] update -> 357.0Â° (TN)
gps.js:231 [Compass] update -> 351.2Â° (TN)
gps.js:217 [Compass] Spike 174.1Â° ignored
gps.js:217 [Compass] Spike 169.1Â° ignored
gps.js:217 [Compass] Spike 163.5Â° ignored
gps.js:217 [Compass] Spike 158.3Â° ignored
gps.js:217 [Compass] Spike 153.2Â° ignored
gps.js:217 [Compass] Spike 150.2Â° ignored
gps.js:217 [Compass] Spike 148.2Â° ignored
gps.js:231 [Compass] update -> 337.1Â° (TN)
gps.js:231 [Compass] update -> 324.6Â° (TN)
gps.js:231 [Compass] update -> 313.9Â° (TN)
gps.js:231 [Compass] update -> 305.2Â° (TN)
gps.js:231 [Compass] update -> 298.2Â° (TN)
gps.js:231 [Compass] update -> 293.0Â° (TN)
gps.js:231 [Compass] update -> 288.9Â° (TN)
gps.js:231 [Compass] update -> 286.4Â° (TN)
gps.js:231 [Compass] update -> 285.2Â° (TN)
gps.js:231 [Compass] update -> 286.3Â° (TN)
gps.js:231 [Compass] update -> 288.2Â° (TN)
gps.js:231 [Compass] update -> 289.6Â° (TN)
gps.js:231 [Compass] update -> 291.8Â° (TN)
gps.js:231 [Compass] update -> 296.2Â° (TN)
gps.js:231 [Compass] update -> 302.3Â° (TN)
gps.js:231 [Compass] update -> 307.8Â° (TN)
gps.js:231 [Compass] update -> 312.8Â° (TN)
gps.js:231 [Compass] update -> 317.6Â° (TN)
gps.js:231 [Compass] update -> 322.2Â° (TN)
gps.js:231 [Compass] update -> 326.6Â° (TN)
gps.js:231 [Compass] update -> 330.9Â° (TN)
gps.js:231 [Compass] update -> 335.2Â° (TN)
gps.js:231 [Compass] update -> 339.6Â° (TN)
gps.js:231 [Compass] update -> 344.1Â° (TN)
gps.js:231 [Compass] update -> 348.6Â° (TN)
gps.js:231 [Compass] update -> 353.1Â° (TN)
gps.js:231 [Compass] update -> 357.7Â° (TN)
gps.js:231 [Compass] update -> 2.4Â° (TN)
gps.js:231 [Compass] update -> 7.0Â° (TN)
gps.js:231 [Compass] update -> 11.5Â° (TN)
gps.js:231 [Compass] update -> 15.8Â° (TN)
gps.js:231 [Compass] update -> 19.8Â° (TN)
gps.js:231 [Compass] update -> 23.3Â° (TN)
gps.js:231 [Compass] update -> 26.2Â° (TN)
gps.js:231 [Compass] update -> 28.8Â° (TN)
gps.js:231 [Compass] update -> 31.0Â° (TN)
gps.js:231 [Compass] update -> 32.9Â° (TN)
gps.js:231 [Compass] update -> 34.2Â° (TN)
gps.js:231 [Compass] update -> 31.1Â° (TN)
gps.js:231 [Compass] update -> 26.7Â° (TN)
gps.js:231 [Compass] update -> 21.1Â° (TN)
gps.js:231 [Compass] update -> 14.7Â° (TN)
gps.js:231 [Compass] update -> 8.3Â° (TN)
gps.js:231 [Compass] update -> 2.1Â° (TN)
gps.js:231 [Compass] update -> 356.0Â° (TN)
gps.js:217 [Compass] Spike 172.8Â° ignored
gps.js:217 [Compass] Spike 166.5Â° ignored
gps.js:217 [Compass] Spike 161.8Â° ignored
gps.js:217 [Compass] Spike 159.4Â° ignored
gps.js:231 [Compass] update -> 344.9Â° (TN)
gps.js:231 [Compass] update -> 336.5Â° (TN)
gps.js:231 [Compass] update -> 329.5Â° (TN)
gps.js:231 [Compass] update -> 323.1Â° (TN)
gps.js:231 [Compass] update -> 316.8Â° (TN)
gps.js:231 [Compass] update -> 310.9Â° (TN)
gps.js:231 [Compass] update -> 305.8Â° (TN)
gps.js:231 [Compass] update -> 301.7Â° (TN)
gps.js:231 [Compass] update -> 298.1Â° (TN)
gps.js:231 [Compass] update -> 295.4Â° (TN)
gps.js:231 [Compass] update -> 293.5Â° (TN)
gps.js:231 [Compass] update -> 292.3Â° (TN)
gps.js:231 [Compass] update -> 294.5Â° (TN)
gps.js:231 [Compass] update -> 297.4Â° (TN)
gps.js:231 [Compass] update -> 300.6Â° (TN)
gps.js:231 [Compass] update -> 304.1Â° (TN)
gps.js:231 [Compass] update -> 307.9Â° (TN)
gps.js:231 [Compass] update -> 311.6Â° (TN)
gps.js:231 [Compass] update -> 315.0Â° (TN)
gps.js:231 [Compass] update -> 318.0Â° (TN)
gps.js:231 [Compass] update -> 320.5Â° (TN)
gps.js:231 [Compass] update -> 323.0Â° (TN)
gps.js:231 [Compass] update -> 325.4Â° (TN)
gps.js:231 [Compass] update -> 327.5Â° (TN)
gps.js:231 [Compass] update -> 329.3Â° (TN)
gps.js:231 [Compass] update -> 331.3Â° (TN)
gps.js:231 [Compass] update -> 333.2Â° (TN)
gps.js:231 [Compass] update -> 334.8Â° (TN)
gps.js:231 [Compass] update -> 336.2Â° (TN)
gps.js:231 [Compass] update -> 337.4Â° (TN)
gps.js:231 [Compass] update -> 338.6Â° (TN)
gps.js:231 [Compass] update -> 339.8Â° (TN)
gps.js:231 [Compass] update -> 340.9Â° (TN)
gps.js:231 [Compass] update -> 342.0Â° (TN)
gps.js:231 [Compass] update -> 343.0Â° (TN)
gps.js:231 [Compass] update -> 344.3Â° (TN)
gps.js:231 [Compass] update -> 345.3Â° (TN)
gps.js:231 [Compass] update -> 346.4Â° (TN)
gps.js:231 [Compass] update -> 347.5Â° (TN)
gps.js:231 [Compass] update -> 348.5Â° (TN)
gps.js:231 [Compass] update -> 349.5Â° (TN)
gps.js:231 [Compass] update -> 350.5Â° (TN)
gps.js:231 [Compass] update -> 351.5Â° (TN)
gps.js:231 [Compass] update -> 350.5Â° (TN)
gps.js:231 [Compass] update -> 349.5Â° (TN)
gps.js:231 [Compass] update -> 348.5Â° (TN)
gps.js:231 [Compass] update -> 349.5Â° (TN)
gps.js:231 [Compass] update -> 350.6Â° (TN)
gps.js:231 [Compass] update -> 351.6Â° (TN)
gps.js:231 [Compass] update -> 352.6Â° (TN)
gps.js:231 [Compass] update -> 353.6Â° (TN)
gps.js:231 [Compass] update -> 354.8Â° (TN)
gps.js:231 [Compass] update -> 356.0Â° (TN)
gps.js:231 [Compass] update -> 357.0Â° (TN)
gps.js:231 [Compass] update -> 358.1Â° (TN)
gps.js:231 [Compass] update -> 359.3Â° (TN)
gps.js:231 [Compass] update -> 0.4Â° (TN)
gps.js:231 [Compass] update -> 1.4Â° (TN)
gps.js:231 [Compass] update -> 2.4Â° (TN)
gps.js:231 [Compass] update -> 3.5Â° (TN)
gps.js:231 [Compass] update -> 4.6Â° (TN)
gps.js:231 [Compass] update -> 5.6Â° (TN)
gps.js:231 [Compass] update -> 6.7Â° (TN)
gps.js:231 [Compass] update -> 7.9Â° (TN)
gps.js:231 [Compass] update -> 8.9Â° (TN)
gps.js:231 [Compass] update -> 7.9Â° (TN)
gps.js:231 [Compass] update -> 6.8Â° (TN)
gps.js:231 [Compass] update -> 5.7Â° (TN)
gps.js:231 [Compass] update -> 4.6Â° (TN)
gps.js:231 [Compass] update -> 3.6Â° (TN)
gps.js:231 [Compass] update -> 2.5Â° (TN)
gps.js:231 [Compass] update -> 1.4Â° (TN)
gps.js:231 [Compass] update -> 0.3Â° (TN)
gps.js:231 [Compass] update -> 359.3Â° (TN)
gps.js:231 [Compass] update -> 358.2Â° (TN)
gps.js:231 [Compass] update -> 357.2Â° (TN)
gps.js:231 [Compass] update -> 356.1Â° (TN)
gps.js:231 [Compass] update -> 355.1Â° (TN)
gps.js:231 [Compass] update -> 354.1Â° (TN)
gps.js:231 [Compass] update -> 355.2Â° (TN)
gps.js:231 [Compass] update -> 356.2Â° (TN)
gps.js:231 [Compass] update -> 357.3Â° (TN)
gps.js:231 [Compass] update -> 358.3Â° (TN)
gps.js:231 [Compass] update -> 359.3Â° (TN)
gps.js:231 [Compass] update -> 0.4Â° (TN)
gps.js:231 [Compass] update -> 1.4Â° (TN)
gps.js:231 [Compass] update -> 2.4Â° (TN)
gps.js:231 [Compass] update -> 3.6Â° (TN)
gps.js:231 [Compass] update -> 4.6Â° (TN)
gps.js:231 [Compass] update -> 5.6Â° (TN)
gps.js:231 [Compass] update -> 6.6Â° (TN)
gps.js:231 [Compass] update -> 7.8Â° (TN)
gps.js:231 [Compass] update -> 8.8Â° (TN)
gps.js:231 [Compass] update -> 7.7Â° (TN)
gps.js:231 [Compass] update -> 6.6Â° (TN)
gps.js:231 [Compass] update -> 5.5Â° (TN)
gps.js:231 [Compass] update -> 4.3Â° (TN)
gps.js:231 [Compass] update -> 3.2Â° (TN)
gps.js:231 [Compass] update -> 2.1Â° (TN)
gps.js:231 [Compass] update -> 1.1Â° (TN)
gps.js:231 [Compass] update -> 0.1Â° (TN)
gps.js:231 [Compass] update -> 1.2Â° (TN)
gps.js:231 [Compass] update -> 2.3Â° (TN)
gps.js:231 [Compass] update -> 3.3Â° (TN)
gps.js:231 [Compass] update -> 4.5Â° (TN)
gps.js:231 [Compass] update -> 5.5Â° (TN)
gps.js:231 [Compass] update -> 6.6Â° (TN)
gps.js:231 [Compass] update -> 7.8Â° (TN)
gps.js:231 [Compass] update -> 8.8Â° (TN)
gps.js:231 [Compass] update -> 9.8Â° (TN)
gps.js:231 [Compass] update -> 10.8Â° (TN)
gps.js:231 [Compass] update -> 11.9Â° (TN)
gps.js:231 [Compass] update -> 12.9Â° (TN)
gps.js:231 [Compass] update -> 13.9Â° (TN)
gps.js:231 [Compass] update -> 14.9Â° (TN)
gps.js:231 [Compass] update -> 16.0Â° (TN)
gps.js:231 [Compass] update -> 17.0Â° (TN)
gps.js:231 [Compass] update -> 18.1Â° (TN)
gps.js:231 [Compass] update -> 17.1Â° (TN)
gps.js:231 [Compass] update -> 15.8Â° (TN)
gps.js:231 [Compass] update -> 14.7Â° (TN)
gps.js:231 [Compass] update -> 13.6Â° (TN)
gps.js:231 [Compass] update -> 12.6Â° (TN)
gps.js:231 [Compass] update -> 11.5Â° (TN)
gps.js:231 [Compass] update -> 10.4Â° (TN)
gps.js:231 [Compass] update -> 9.4Â° (TN)
gps.js:231 [Compass] update -> 8.3Â° (TN)
gps.js:231 [Compass] update -> 7.2Â° (TN)
gps.js:231 [Compass] update -> 6.0Â° (TN)
gps.js:231 [Compass] update -> 4.9Â° (TN)
gps.js:231 [Compass] update -> 3.8Â° (TN)
gps.js:231 [Compass] update -> 2.7Â° (TN)
gps.js:231 [Compass] update -> 1.7Â° (TN)
gps.js:231 [Compass] update -> 0.7Â° (TN)
gps.js:231 [Compass] update -> 359.6Â° (TN)
gps.js:231 [Compass] update -> 358.4Â° (TN)
gps.js:231 [Compass] update -> 357.3Â° (TN)
gps.js:231 [Compass] update -> 356.1Â° (TN)
gps.js:231 [Compass] update -> 355.1Â° (TN)
gps.js:231 [Compass] update -> 354.1Â° (TN)
gps.js:231 [Compass] update -> 353.1Â° (TN)
gps.js:231 [Compass] update -> 352.0Â° (TN)
gps.js:231 [Compass] update -> 350.9Â° (TN)
gps.js:231 [Compass] update -> 349.9Â° (TN)
gps.js:231 [Compass] update -> 350.9Â° (TN)
gps.js:231 [Compass] update -> 351.9Â° (TN)
gps.js:231 [Compass] update -> 353.0Â° (TN)
gps.js:231 [Compass] update -> 354.1Â° (TN)
gps.js:231 [Compass] update -> 355.2Â° (TN)
gps.js:231 [Compass] update -> 356.3Â° (TN)
gps.js:231 [Compass] update -> 357.3Â° (TN)
gps.js:231 [Compass] update -> 358.4Â° (TN)
gps.js:231 [Compass] update -> 359.5Â° (TN)
gps.js:231 [Compass] update -> 0.6Â° (TN)
gps.js:231 [Compass] update -> 1.7Â° (TN)
gps.js:231 [Compass] update -> 2.7Â° (TN)
gps.js:231 [Compass] update -> 3.9Â° (TN)
gps.js:231 [Compass] update -> 5.0Â° (TN)
gps.js:231 [Compass] update -> 6.1Â° (TN)
gps.js:231 [Compass] update -> 7.3Â° (TN)
gps.js:231 [Compass] update -> 8.4Â° (TN)
gps.js:231 [Compass] update -> 9.4Â° (TN)
gps.js:231 [Compass] update -> 10.6Â° (TN)
gps.js:231 [Compass] update -> 11.6Â° (TN)
gps.js:231 [Compass] update -> 12.7Â° (TN)
gps.js:231 [Compass] update -> 13.8Â° (TN)
gps.js:231 [Compass] update -> 15.0Â° (TN)
gps.js:231 [Compass] update -> 16.0Â° (TN)
gps.js:231 [Compass] update -> 17.0Â° (TN)
gps.js:231 [Compass] update -> 18.1Â° (TN)
gps.js:231 [Compass] update -> 19.2Â° (TN)
gps.js:231 [Compass] update -> 20.2Â° (TN)
gps.js:231 [Compass] update -> 21.3Â° (TN)
gps.js:231 [Compass] update -> 22.3Â° (TN)
gps.js:231 [Compass] update -> 23.4Â° (TN)
gps.js:231 [Compass] update -> 24.5Â° (TN)
gps.js:231 [Compass] update -> 25.6Â° (TN)
gps.js:231 [Compass] update -> 26.7Â° (TN)
gps.js:231 [Compass] update -> 27.8Â° (TN)
gps.js:231 [Compass] update -> 28.9Â° (TN)
gps.js:231 [Compass] update -> 30.0Â° (TN)
gps.js:231 [Compass] update -> 31.0Â° (TN)
gps.js:231 [Compass] update -> 32.2Â° (TN)
gps.js:231 [Compass] update -> 33.2Â° (TN)
gps.js:231 [Compass] update -> 34.3Â° (TN)
gps.js:231 [Compass] update -> 35.3Â° (TN)
gps.js:231 [Compass] update -> 36.4Â° (TN)
gps.js:231 [Compass] update -> 37.4Â° (TN)
gps.js:231 [Compass] update -> 38.5Â° (TN)
gps.js:231 [Compass] update -> 39.5Â° (TN)
gps.js:231 [Compass] update -> 40.6Â° (TN)
gps.js:231 [Compass] update -> 41.6Â° (TN)
gps.js:231 [Compass] update -> 40.5Â° (TN)
gps.js:231 [Compass] update -> 39.5Â° (TN)
gps.js:231 [Compass] update -> 38.5Â° (TN)
gps.js:231 [Compass] update -> 37.3Â° (TN)
gps.js:231 [Compass] update -> 36.2Â° (TN)
gps.js:231 [Compass] update -> 35.0Â° (TN)
gps.js:231 [Compass] update -> 33.8Â° (TN)
gps.js:231 [Compass] update -> 32.7Â° (TN)
gps.js:231 [Compass] update -> 31.6Â° (TN)
gps.js:231 [Compass] update -> 30.4Â° (TN)
gps.js:231 [Compass] update -> 29.4Â° (TN)
gps.js:231 [Compass] update -> 28.3Â° (TN)
gps.js:231 [Compass] update -> 27.1Â° (TN)
gps.js:231 [Compass] update -> 25.9Â° (TN)
gps.js:231 [Compass] update -> 24.9Â° (TN)
gps.js:231 [Compass] update -> 23.5Â° (TN)
gps.js:231 [Compass] update -> 22.4Â° (TN)
gps.js:231 [Compass] update -> 21.4Â° (TN)
gps.js:231 [Compass] update -> 20.3Â° (TN)
gps.js:231 [Compass] update -> 19.2Â° (TN)
gps.js:231 [Compass] update -> 18.0Â° (TN)
gps.js:231 [Compass] update -> 17.0Â° (TN)
gps.js:231 [Compass] update -> 16.0Â° (TN)
gps.js:231 [Compass] update -> 14.8Â° (TN)
gps.js:231 [Compass] update -> 13.7Â° (TN)
gps.js:231 [Compass] update -> 12.5Â° (TN)
gps.js:231 [Compass] update -> 11.3Â° (TN)
gps.js:231 [Compass] update -> 10.0Â° (TN)
gps.js:231 [Compass] update -> 8.4Â° (TN)
gps.js:231 [Compass] update -> 7.1Â° (TN)
gps.js:231 [Compass] update -> 6.0Â° (TN)
gps.js:231 [Compass] update -> 5.0Â° (TN)
gps.js:231 [Compass] update -> 3.9Â° (TN)
gps.js:231 [Compass] update -> 2.9Â° (TN)
gps.js:231 [Compass] update -> 1.9Â° (TN)
gps.js:231 [Compass] update -> 0.7Â° (TN)
gps.js:231 [Compass] update -> 359.7Â° (TN)
gps.js:231 [Compass] update -> 358.6Â° (TN)
gps.js:231 [Compass] update -> 357.5Â° (TN)
gps.js:231 [Compass] update -> 356.4Â° (TN)
gps.js:231 [Compass] update -> 355.4Â° (TN)
gps.js:231 [Compass] update -> 354.3Â° (TN)
gps.js:231 [Compass] update -> 353.3Â° (TN)
gps.js:231 [Compass] update -> 352.2Â° (TN)
gps.js:231 [Compass] update -> 351.1Â° (TN)
gps.js:231 [Compass] update -> 350.0Â° (TN)
gps.js:231 [Compass] update -> 349.0Â° (TN)
gps.js:231 [Compass] update -> 347.9Â° (TN)
gps.js:231 [Compass] update -> 346.8Â° (TN)
gps.js:231 [Compass] update -> 347.9Â° (TN)
gps.js:231 [Compass] update -> 348.9Â° (TN)
gps.js:231 [Compass] update -> 349.9Â° (TN)
gps.js:231 [Compass] update -> 351.0Â° (TN)
gps.js:231 [Compass] update -> 352.1Â° (TN)
gps.js:231 [Compass] update -> 353.2Â° (TN)
gps.js:231 [Compass] update -> 354.3Â° (TN)
gps.js:231 [Compass] update -> 355.5Â° (TN)
gps.js:231 [Compass] update -> 356.6Â° (TN)
gps.js:231 [Compass] update -> 357.6Â° (TN)
gps.js:231 [Compass] update -> 358.7Â° (TN)
gps.js:231 [Compass] update -> 359.8Â° (TN)
gps.js:231 [Compass] update -> 0.9Â° (TN)
gps.js:231 [Compass] update -> 1.9Â° (TN)
gps.js:231 [Compass] update -> 3.0Â° (TN)
gps.js:231 [Compass] update -> 4.1Â° (TN)
gps.js:231 [Compass] update -> 5.2Â° (TN)
gps.js:231 [Compass] update -> 6.3Â° (TN)
gps.js:231 [Compass] update -> 7.4Â° (TN)
gps.js:231 [Compass] update -> 8.4Â° (TN)
gps.js:231 [Compass] update -> 9.5Â° (TN)
gps.js:231 [Compass] update -> 10.5Â° (TN)
gps.js:231 [Compass] update -> 11.6Â° (TN)
gps.js:231 [Compass] update -> 12.6Â° (TN)
gps.js:231 [Compass] update -> 13.6Â° (TN)
gps.js:231 [Compass] update -> 12.5Â° (TN)
gps.js:231 [Compass] update -> 11.4Â° (TN)
gps.js:231 [Compass] update -> 10.3Â° (TN)
gps.js:231 [Compass] update -> 9.2Â° (TN)
gps.js:231 [Compass] update -> 8.1Â° (TN)
gps.js:231 [Compass] update -> 7.0Â° (TN)
gps.js:231 [Compass] update -> 6.0Â° (TN)
gps.js:231 [Compass] update -> 4.9Â° (TN)
gps.js:231 [Compass] update -> 3.9Â° (TN)
gps.js:231 [Compass] update -> 2.7Â° (TN)
gps.js:231 [Compass] update -> 1.6Â° (TN)
gps.js:231 [Compass] update -> 0.5Â° (TN)
gps.js:231 [Compass] update -> 359.5Â° (TN)
gps.js:231 [Compass] update -> 358.4Â° (TN)
gps.js:231 [Compass] update -> 357.4Â° (TN)
gps.js:231 [Compass] update -> 358.4Â° (TN)
gps.js:231 [Compass] update -> 359.5Â° (TN)
gps.js:231 [Compass] update -> 0.5Â° (TN)
gps.js:231 [Compass] update -> 1.5Â° (TN)
gps.js:231 [Compass] update -> 2.5Â° (TN)
gps.js:231 [Compass] update -> 3.6Â° (TN)
gps.js:231 [Compass] update -> 4.7Â° (TN)
gps.js:231 [Compass] update -> 5.7Â° (TN)
gps.js:231 [Compass] update -> 6.7Â° (TN)
gps.js:231 [Compass] update -> 7.7Â° (TN)
gps.js:231 [Compass] update -> 6.7Â° (TN)
gps.js:231 [Compass] update -> 5.7Â° (TN)
gps.js:231 [Compass] update -> 4.7Â° (TN)
gps.js:231 [Compass] update -> 3.6Â° (TN)
gps.js:231 [Compass] update -> 2.6Â° (TN)
gps.js:231 [Compass] update -> 1.6Â° (TN)
gps.js:231 [Compass] update -> 0.5Â° (TN)
gps.js:231 [Compass] update -> 359.5Â° (TN)
gps.js:231 [Compass] update -> 358.4Â° (TN)
gps.js:231 [Compass] update -> 357.4Â° (TN)
gps.js:231 [Compass] update -> 358.4Â° (TN)
gps.js:231 [Compass] update -> 359.5Â° (TN)
gps.js:231 [Compass] update -> 0.5Â° (TN)
gps.js:231 [Compass] update -> 1.6Â° (TN)
gps.js:231 [Compass] update -> 2.6Â° (TN)
gps.js:231 [Compass] update -> 3.7Â° (TN)
gps.js:231 [Compass] update -> 2.6Â° (TN)
gps.js:231 [Compass] update -> 1.6Â° (TN)
gps.js:231 [Compass] update -> 0.5Â° (TN)
gps.js:231 [Compass] update -> 359.4Â° (TN)
gps.js:231 [Compass] update -> 358.4Â° (TN)
gps.js:231 [Compass] update -> 357.4Â° (TN)
gps.js:231 [Compass] update -> 356.4Â° (TN)
gps.js:231 [Compass] update -> 355.3Â° (TN)
gps.js:231 [Compass] update -> 354.3Â° (TN)
gps.js:231 [Compass] update -> 353.3Â° (TN)
gps.js:231 [Compass] update -> 354.3Â° (TN)
gps.js:231 [Compass] update -> 355.4Â° (TN)
gps.js:231 [Compass] update -> 356.5Â° (TN)
gps.js:231 [Compass] update -> 357.7Â° (TN)
gps.js:231 [Compass] update -> 358.9Â° (TN)
gps.js:231 [Compass] update -> 0.0Â° (TN)
gps.js:231 [Compass] update -> 1.1Â° (TN)
gps.js:231 [Compass] update -> 2.2Â° (TN)
gps.js:231 [Compass] update -> 3.4Â° (TN)
gps.js:231 [Compass] update -> 4.6Â° (TN)
gps.js:231 [Compass] update -> 5.6Â° (TN)
gps.js:231 [Compass] update -> 4.6Â° (TN)
gps.js:231 [Compass] update -> 3.6Â° (TN)
gps.js:231 [Compass] update -> 2.6Â° (TN)
gps.js:231 [Compass] update -> 1.5Â° (TN)
gps.js:231 [Compass] update -> 0.5Â° (TN)
gps.js:231 [Compass] update -> 359.5Â° (TN)
gps.js:231 [Compass] update -> 358.5Â° (TN)
gps.js:231 [Compass] update -> 357.4Â° (TN)
gps.js:231 [Compass] update -> 356.4Â° (TN)
gps.js:231 [Compass] update -> 355.4Â° (TN)
gps.js:231 [Compass] update -> 354.4Â° (TN)
gps.js:231 [Compass] update -> 353.3Â° (TN)
gps.js:231 [Compass] update -> 352.3Â° (TN)
gps.js:231 [Compass] update -> 351.3Â° (TN)
gps.js:231 [Compass] update -> 350.2Â° (TN)
gps.js:231 [Compass] update -> 349.2Â° (TN)
gps.js:231 [Compass] update -> 348.2Â° (TN)
gps.js:231 [Compass] update -> 347.1Â° (TN)
gps.js:231 [Compass] update -> 346.1Â° (TN)
gps.js:231 [Compass] update -> 345.1Â° (TN)
gps.js:231 [Compass] update -> 346.3Â° (TN)
gps.js:231 [Compass] update -> 347.3Â° (TN)
gps.js:231 [Compass] update -> 348.4Â° (TN)
gps.js:231 [Compass] update -> 349.5Â° (TN)
gps.js:231 [Compass] update -> 350.6Â° (TN)
gps.js:231 [Compass] update -> 351.7Â° (TN)
gps.js:231 [Compass] update -> 352.7Â° (TN)
gps.js:231 [Compass] update -> 353.8Â° (TN)
gps.js:231 [Compass] update -> 354.8Â° (TN)
gps.js:231 [Compass] update -> 355.8Â° (TN)
gps.js:231 [Compass] update -> 356.9Â° (TN)
gps.js:231 [Compass] update -> 357.9Â° (TN)
gps.js:231 [Compass] update -> 359.0Â° (TN)
gps.js:231 [Compass] update -> 0.1Â° (TN)
gps.js:231 [Compass] update -> 1.2Â° (TN)
gps.js:231 [Compass] update -> 2.2Â° (TN)
gps.js:231 [Compass] update -> 3.3Â° (TN)
gps.js:231 [Compass] update -> 4.3Â° (TN)
gps.js:231 [Compass] update -> 5.4Â° (TN)
gps.js:231 [Compass] update -> 6.4Â° (TN)
gps.js:231 [Compass] update -> 7.4Â° (TN)
gps.js:231 [Compass] update -> 8.5Â° (TN)
gps.js:231 [Compass] update -> 9.5Â° (TN)
gps.js:231 [Compass] update -> 10.6Â° (TN)
gps.js:231 [Compass] update -> 11.7Â° (TN)
gps.js:231 [Compass] update -> 12.9Â° (TN)
gps.js:231 [Compass] update -> 13.9Â° (TN)
gps.js:231 [Compass] update -> 15.0Â° (TN)
gps.js:231 [Compass] update -> 16.0Â° (TN)
gps.js:231 [Compass] update -> 17.0Â° (TN)
gps.js:231 [Compass] update -> 18.0Â° (TN)
gps.js:231 [Compass] update -> 19.0Â° (TN)
gps.js:231 [Compass] update -> 20.0Â° (TN)
gps.js:231 [Compass] update -> 21.1Â° (TN)
gps.js:231 [Compass] update -> 22.2Â° (TN)
gps.js:231 [Compass] update -> 23.2Â° (TN)
gps.js:231 [Compass] update -> 24.2Â° (TN)
gps.js:231 [Compass] update -> 25.3Â° (TN)
gps.js:231 [Compass] update -> 26.3Â° (TN)
gps.js:231 [Compass] update -> 27.5Â° (TN)
gps.js:231 [Compass] update -> 28.6Â° (TN)
gps.js:231 [Compass] update -> 29.6Â° (TN)
gps.js:231 [Compass] update -> 30.8Â° (TN)
gps.js:231 [Compass] update -> 31.9Â° (TN)
gps.js:231 [Compass] update -> 32.9Â° (TN)
gps.js:231 [Compass] update -> 34.0Â° (TN)
gps.js:231 [Compass] update -> 35.2Â° (TN)
gps.js:231 [Compass] update -> 33.9Â° (TN)
gps.js:231 [Compass] update -> 32.9Â° (TN)
gps.js:231 [Compass] update -> 31.8Â° (TN)
gps.js:231 [Compass] update -> 30.8Â° (TN)
gps.js:231 [Compass] update -> 29.7Â° (TN)
gps.js:231 [Compass] update -> 28.5Â° (TN)
gps.js:231 [Compass] update -> 27.4Â° (TN)
gps.js:231 [Compass] update -> 26.3Â° (TN)
gps.js:231 [Compass] update -> 25.1Â° (TN)
gps.js:231 [Compass] update -> 23.9Â° (TN)
gps.js:231 [Compass] update -> 22.9Â° (TN)
gps.js:231 [Compass] update -> 21.8Â° (TN)
gps.js:231 [Compass] update -> 20.7Â° (TN)
gps.js:231 [Compass] update -> 19.6Â° (TN)
gps.js:231 [Compass] update -> 18.6Â° (TN)
gps.js:231 [Compass] update -> 17.0Â° (TN)
gps.js:231 [Compass] update -> 15.7Â° (TN)
gps.js:231 [Compass] update -> 14.5Â° (TN)
gps.js:231 [Compass] update -> 13.5Â° (TN)
gps.js:231 [Compass] update -> 12.5Â° (TN)
gps.js:231 [Compass] update -> 11.4Â° (TN)
gps.js:231 [Compass] update -> 10.3Â° (TN)
gps.js:231 [Compass] update -> 9.2Â° (TN)
gps.js:231 [Compass] update -> 8.1Â° (TN)
gps.js:231 [Compass] update -> 7.0Â° (TN)
gps.js:231 [Compass] update -> 6.0Â° (TN)
gps.js:231 [Compass] update -> 4.9Â° (TN)
gps.js:231 [Compass] update -> 3.9Â° (TN)
gps.js:231 [Compass] update -> 2.9Â° (TN)
gps.js:231 [Compass] update -> 1.9Â° (TN)
gps.js:231 [Compass] update -> 0.7Â° (TN)
gps.js:231 [Compass] update -> 359.6Â° (TN)
gps.js:231 [Compass] update -> 358.6Â° (TN)
gps.js:231 [Compass] update -> 357.5Â° (TN)
gps.js:231 [Compass] update -> 356.4Â° (TN)
gps.js:231 [Compass] update -> 355.4Â° (TN)
gps.js:231 [Compass] update -> 354.4Â° (TN)
gps.js:231 [Compass] update -> 353.3Â° (TN)
gps.js:231 [Compass] update -> 352.3Â° (TN)
gps.js:231 [Compass] update -> 351.3Â° (TN)
gps.js:231 [Compass] update -> 350.3Â° (TN)
gps.js:231 [Compass] update -> 349.2Â° (TN)
gps.js:231 [Compass] update -> 348.1Â° (TN)
gps.js:231 [Compass] update -> 347.0Â° (TN)
gps.js:231 [Compass] update -> 346.0Â° (TN)
gps.js:231 [Compass] update -> 345.0Â° (TN)
gps.js:231 [Compass] update -> 343.9Â° (TN)
gps.js:231 [Compass] update -> 342.9Â° (TN)
gps.js:231 [Compass] update -> 341.7Â° (TN)
gps.js:231 [Compass] update -> 340.7Â° (TN)
gps.js:231 [Compass] update -> 339.6Â° (TN)
gps.js:231 [Compass] update -> 338.6Â° (TN)
gps.js:231 [Compass] update -> 337.5Â° (TN)
gps.js:231 [Compass] update -> 336.4Â° (TN)
gps.js:231 [Compass] update -> 335.4Â° (TN)
gps.js:231 [Compass] update -> 334.3Â° (TN)
gps.js:231 [Compass] update -> 335.4Â° (TN)
gps.js:231 [Compass] update -> 336.5Â° (TN)
gps.js:231 [Compass] update -> 337.7Â° (TN)
gps.js:231 [Compass] update -> 338.9Â° (TN)
gps.js:231 [Compass] update -> 339.9Â° (TN)
gps.js:231 [Compass] update -> 341.1Â° (TN)
gps.js:231 [Compass] update -> 342.1Â° (TN)
gps.js:231 [Compass] update -> 343.2Â° (TN)
gps.js:231 [Compass] update -> 344.4Â° (TN)
gps.js:231 [Compass] update -> 345.6Â° (TN)
gps.js:231 [Compass] update -> 346.8Â° (TN)
gps.js:231 [Compass] update -> 348.0Â° (TN)
gps.js:231 [Compass] update -> 349.0Â° (TN)
gps.js:231 [Compass] update -> 350.4Â° (TN)
gps.js:231 [Compass] update -> 351.5Â° (TN)
gps.js:231 [Compass] update -> 352.5Â° (TN)
gps.js:231 [Compass] update -> 353.7Â° (TN)
gps.js:231 [Compass] update -> 354.8Â° (TN)
gps.js:231 [Compass] update -> 356.0Â° (TN)
gps.js:231 [Compass] update -> 357.1Â° (TN)
gps.js:231 [Compass] update -> 358.2Â° (TN)
gps.js:231 [Compass] update -> 359.3Â° (TN)
gps.js:231 [Compass] update -> 0.4Â° (TN)
gps.js:231 [Compass] update -> 1.5Â° (TN)
gps.js:231 [Compass] update -> 2.6Â° (TN)
gps.js:231 [Compass] update -> 3.6Â° (TN)
gps.js:231 [Compass] update -> 4.7Â° (TN)
gps.js:231 [Compass] update -> 5.7Â° (TN)
gps.js:231 [Compass] update -> 6.8Â° (TN)
gps.js:231 [Compass] update -> 7.9Â° (TN)
gps.js:231 [Compass] update -> 9.0Â° (TN)
gps.js:231 [Compass] update -> 10.1Â° (TN)
gps.js:231 [Compass] update -> 11.1Â° (TN)
gps.js:231 [Compass] update -> 12.1Â° (TN)
gps.js:231 [Compass] update -> 11.1Â° (TN)
gps.js:231 [Compass] update -> 9.9Â° (TN)
gps.js:231 [Compass] update -> 8.8Â° (TN)
gps.js:231 [Compass] update -> 7.6Â° (TN)
gps.js:231 [Compass] update -> 6.5Â° (TN)
gps.js:231 [Compass] update -> 5.5Â° (TN)
gps.js:231 [Compass] update -> 4.4Â° (TN)
gps.js:231 [Compass] update -> 3.3Â° (TN)
gps.js:231 [Compass] update -> 2.2Â° (TN)
gps.js:231 [Compass] update -> 1.1Â° (TN)
gps.js:231 [Compass] update -> 360.0Â° (TN)
gps.js:231 [Compass] update -> 358.8Â° (TN)
gps.js:231 [Compass] update -> 357.7Â° (TN)
gps.js:231 [Compass] update -> 356.6Â° (TN)
gps.js:231 [Compass] update -> 355.5Â° (TN)
gps.js:231 [Compass] update -> 354.5Â° (TN)
gps.js:231 [Compass] update -> 353.4Â° (TN)
gps.js:231 [Compass] update -> 352.4Â° (TN)
gps.js:231 [Compass] update -> 351.3Â° (TN)
gps.js:231 [Compass] update -> 352.4Â° (TN)
gps.js:231 [Compass] update -> 353.5Â° (TN)
gps.js:231 [Compass] update -> 354.5Â° (TN)
gps.js:231 [Compass] update -> 355.6Â° (TN)
gps.js:231 [Compass] update -> 356.6Â° (TN)
gps.js:231 [Compass] update -> 357.7Â° (TN)
gps.js:231 [Compass] update -> 358.7Â° (TN)
gps.js:231 [Compass] update -> 359.7Â° (TN)
gps.js:231 [Compass] update -> 0.7Â° (TN)
gps.js:231 [Compass] update -> 1.8Â° (TN)
gps.js:231 [Compass] update -> 2.9Â° (TN)
gps.js:231 [Compass] update -> 3.9Â° (TN)
gps.js:231 [Compass] update -> 5.0Â° (TN)
gps.js:231 [Compass] update -> 3.9Â° (TN)
gps.js:231 [Compass] update -> 2.8Â° (TN)
gps.js:231 [Compass] update -> 1.8Â° (TN)
gps.js:231 [Compass] update -> 0.8Â° (TN)
gps.js:231 [Compass] update -> 359.7Â° (TN)
gps.js:231 [Compass] update -> 358.6Â° (TN)
gps.js:231 [Compass] update -> 357.6Â° (TN)
gps.js:231 [Compass] update -> 356.6Â° (TN)
gps.js:231 [Compass] update -> 355.6Â° (TN)
gps.js:231 [Compass] update -> 354.6Â° (TN)
gps.js:231 [Compass] update -> 353.5Â° (TN)
gps.js:231 [Compass] update -> 352.4Â° (TN)
gps.js:231 [Compass] update -> 351.3Â° (TN)
gps.js:231 [Compass] update -> 350.3Â° (TN)
gps.js:231 [Compass] update -> 349.3Â° (TN)
gps.js:231 [Compass] update -> 348.3Â° (TN)
gps.js:231 [Compass] update -> 347.2Â° (TN)
gps.js:231 [Compass] update -> 346.2Â° (TN)
gps.js:231 [Compass] update -> 345.1Â° (TN)
gps.js:231 [Compass] update -> 344.0Â° (TN)
gps.js:231 [Compass] update -> 343.0Â° (TN)
gps.js:231 [Compass] update -> 342.0Â° (TN)
gps.js:231 [Compass] update -> 340.9Â° (TN)
gps.js:231 [Compass] update -> 339.9Â° (TN)
gps.js:231 [Compass] update -> 338.8Â° (TN)
gps.js:231 [Compass] update -> 337.8Â° (TN)
gps.js:231 [Compass] update -> 336.7Â° (TN)
gps.js:231 [Compass] update -> 335.7Â° (TN)
gps.js:231 [Compass] update -> 334.6Â° (TN)
gps.js:231 [Compass] update -> 333.6Â° (TN)
gps.js:231 [Compass] update -> 332.5Â° (TN)
gps.js:231 [Compass] update -> 331.5Â° (TN)
gps.js:231 [Compass] update -> 332.6Â° (TN)
gps.js:231 [Compass] update -> 333.6Â° (TN)
gps.js:231 [Compass] update -> 334.8Â° (TN)
gps.js:231 [Compass] update -> 336.0Â° (TN)
gps.js:231 [Compass] update -> 337.0Â° (TN)
gps.js:231 [Compass] update -> 338.2Â° (TN)
gps.js:231 [Compass] update -> 339.2Â° (TN)
gps.js:231 [Compass] update -> 340.3Â° (TN)
gps.js:231 [Compass] update -> 341.5Â° (TN)
gps.js:231 [Compass] update -> 342.5Â° (TN)
gps.js:231 [Compass] update -> 343.5Â° (TN)
gps.js:231 [Compass] update -> 344.6Â° (TN)
gps.js:231 [Compass] update -> 345.6Â° (TN)
gps.js:231 [Compass] update -> 346.7Â° (TN)
gps.js:231 [Compass] update -> 347.8Â° (TN)
gps.js:231 [Compass] update -> 348.8Â° (TN)
gps.js:231 [Compass] update -> 349.8Â° (TN)
gps.js:231 [Compass] update -> 350.9Â° (TN)
gps.js:231 [Compass] update -> 352.0Â° (TN)
gps.js:231 [Compass] update -> 353.0Â° (TN)
gps.js:231 [Compass] update -> 354.0Â° (TN)
gps.js:231 [Compass] update -> 355.1Â° (TN)
gps.js:231 [Compass] update -> 356.1Â° (TN)
gps.js:231 [Compass] update -> 357.2Â° (TN)
gps.js:231 [Compass] update -> 358.3Â° (TN)
gps.js:231 [Compass] update -> 359.3Â° (TN)
gps.js:231 [Compass] update -> 0.3Â° (TN)
gps.js:231 [Compass] update -> 1.3Â° (TN)
gps.js:231 [Compass] update -> 2.3Â° (TN)
gps.js:231 [Compass] update -> 3.4Â° (TN)
gps.js:231 [Compass] update -> 4.4Â° (TN)
gps.js:231 [Compass] update -> 5.5Â° (TN)
gps.js:231 [Compass] update -> 6.5Â° (TN)
gps.js:231 [Compass] update -> 7.6Â° (TN)
gps.js:231 [Compass] update -> 8.7Â° (TN)
gps.js:231 [Compass] update -> 9.8Â° (TN)
gps.js:231 [Compass] update -> 10.9Â° (TN)
gps.js:231 [Compass] update -> 11.9Â° (TN)
gps.js:231 [Compass] update -> 12.9Â° (TN)
gps.js:231 [Compass] update -> 14.0Â° (TN)
gps.js:231 [Compass] update -> 15.0Â° (TN)
gps.js:231 [Compass] update -> 16.0Â° (TN)
gps.js:231 [Compass] update -> 17.1Â° (TN)
gps.js:231 [Compass] update -> 18.1Â° (TN)
gps.js:231 [Compass] update -> 19.1Â° (TN)
gps.js:231 [Compass] update -> 20.1Â° (TN)
gps.js:231 [Compass] update -> 21.2Â° (TN)
gps.js:231 [Compass] update -> 20.1Â° (TN)
gps.js:231 [Compass] update -> 18.9Â° (TN)
gps.js:231 [Compass] update -> 17.9Â° (TN)
gps.js:231 [Compass] update -> 16.6Â° (TN)
gps.js:231 [Compass] update -> 15.6Â° (TN)
gps.js:231 [Compass] update -> 14.6Â° (TN)
gps.js:231 [Compass] update -> 13.5Â° (TN)
gps.js:231 [Compass] update -> 12.5Â° (TN)
gps.js:231 [Compass] update -> 11.5Â° (TN)
gps.js:231 [Compass] update -> 10.4Â° (TN)
gps.js:231 [Compass] update -> 9.4Â° (TN)
gps.js:231 [Compass] update -> 8.4Â° (TN)
gps.js:231 [Compass] update -> 7.4Â° (TN)
gps.js:231 [Compass] update -> 6.4Â° (TN)
gps.js:231 [Compass] update -> 5.3Â° (TN)
gps.js:231 [Compass] update -> 4.3Â° (TN)
gps.js:231 [Compass] update -> 3.3Â° (TN)
gps.js:231 [Compass] update -> 4.5Â° (TN)
gps.js:231 [Compass] update -> 5.6Â° (TN)
gps.js:231 [Compass] update -> 6.8Â° (TN)
gps.js:231 [Compass] update -> 7.8Â° (TN)
gps.js:231 [Compass] update -> 8.9Â° (TN)
gps.js:231 [Compass] update -> 9.9Â° (TN)
gps.js:231 [Compass] update -> 10.9Â° (TN)
gps.js:231 [Compass] update -> 12.2Â° (TN)
gps.js:231 [Compass] update -> 13.3Â° (TN)
gps.js:231 [Compass] update -> 14.4Â° (TN)
gps.js:231 [Compass] update -> 15.4Â° (TN)
gps.js:231 [Compass] update -> 16.4Â° (TN)
gps.js:231 [Compass] update -> 17.4Â° (TN)
gps.js:231 [Compass] update -> 18.4Â° (TN)
gps.js:231 [Compass] update -> 19.6Â° (TN)
gps.js:231 [Compass] update -> 20.6Â° (TN)
gps.js:231 [Compass] update -> 21.7Â° (TN)
gps.js:231 [Compass] update -> 22.7Â° (TN)
gps.js:231 [Compass] update -> 21.6Â° (TN)
gps.js:231 [Compass] update -> 20.5Â° (TN)
gps.js:231 [Compass] update -> 19.4Â° (TN)
gps.js:231 [Compass] update -> 18.3Â° (TN)
gps.js:231 [Compass] update -> 17.1Â° (TN)
gps.js:231 [Compass] update -> 16.0Â° (TN)
gps.js:231 [Compass] update -> 14.8Â° (TN)
gps.js:231 [Compass] update -> 13.7Â° (TN)
gps.js:231 [Compass] update -> 12.7Â° (TN)
gps.js:231 [Compass] update -> 11.7Â° (TN)
gps.js:231 [Compass] update -> 10.5Â° (TN)
gps.js:231 [Compass] update -> 9.4Â° (TN)
gps.js:231 [Compass] update -> 8.4Â° (TN)
gps.js:231 [Compass] update -> 7.3Â° (TN)
gps.js:231 [Compass] update -> 6.3Â° (TN)
gps.js:231 [Compass] update -> 5.2Â° (TN)
gps.js:231 [Compass] update -> 4.1Â° (TN)
gps.js:231 [Compass] update -> 3.0Â° (TN)
gps.js:231 [Compass] update -> 1.8Â° (TN)
gps.js:231 [Compass] update -> 0.8Â° (TN)
gps.js:231 [Compass] update -> 359.7Â° (TN)
gps.js:231 [Compass] update -> 358.7Â° (TN)
gps.js:231 [Compass] update -> 357.6Â° (TN)
gps.js:231 [Compass] update -> 356.5Â° (TN)
gps.js:231 [Compass] update -> 355.5Â° (TN)
gps.js:231 [Compass] update -> 354.5Â° (TN)
gps.js:231 [Compass] update -> 355.5Â° (TN)
gps.js:231 [Compass] update -> 354.4Â° (TN)
gps.js:231 [Compass] update -> 353.2Â° (TN)
gps.js:231 [Compass] update -> 352.2Â° (TN)
gps.js:231 [Compass] update -> 351.0Â° (TN)
gps.js:231 [Compass] update -> 349.9Â° (TN)
gps.js:231 [Compass] update -> 348.9Â° (TN)
gps.js:231 [Compass] update -> 349.9Â° (TN)
gps.js:231 [Compass] update -> 351.2Â° (TN)
gps.js:231 [Compass] update -> 352.6Â° (TN)
gps.js:231 [Compass] update -> 353.6Â° (TN)
gps.js:231 [Compass] update -> 354.6Â° (TN)
gps.js:231 [Compass] update -> 356.0Â° (TN)
gps.js:231 [Compass] update -> 357.3Â° (TN)
gps.js:231 [Compass] update -> 358.3Â° (TN)
gps.js:231 [Compass] update -> 359.4Â° (TN)
gps.js:231 [Compass] update -> 0.6Â° (TN)
gps.js:231 [Compass] update -> 1.8Â° (TN)
gps.js:231 [Compass] update -> 2.9Â° (TN)
gps.js:231 [Compass] update -> 3.9Â° (TN)
gps.js:231 [Compass] update -> 5.1Â° (TN)
gps.js:231 [Compass] update -> 6.3Â° (TN)
gps.js:231 [Compass] update -> 7.5Â° (TN)
gps.js:231 [Compass] update -> 8.6Â° (TN)
gps.js:231 [Compass] update -> 9.6Â° (TN)
gps.js:231 [Compass] update -> 8.5Â° (TN)
gps.js:231 [Compass] update -> 6.9Â° (TN)
gps.js:231 [Compass] update -> 5.6Â° (TN)
gps.js:231 [Compass] update -> 4.2Â° (TN)
gps.js:231 [Compass] update -> 3.0Â° (TN)
gps.js:231 [Compass] update -> 1.7Â° (TN)
gps.js:231 [Compass] update -> 0.7Â° (TN)
gps.js:231 [Compass] update -> 1.7Â° (TN)
gps.js:231 [Compass] update -> 2.8Â° (TN)
gps.js:231 [Compass] update -> 3.8Â° (TN)
gps.js:231 [Compass] update -> 4.9Â° (TN)
gps.js:231 [Compass] update -> 5.9Â° (TN)
gps.js:231 [Compass] update -> 6.9Â° (TN)
gps.js:231 [Compass] update -> 7.9Â° (TN)
gps.js:231 [Compass] update -> 9.0Â° (TN)
gps.js:231 [Compass] update -> 10.1Â° (TN)
gps.js:231 [Compass] update -> 11.2Â° (TN)
gps.js:231 [Compass] update -> 12.2Â° (TN)
gps.js:231 [Compass] update -> 13.3Â° (TN)
gps.js:231 [Compass] update -> 14.4Â° (TN)
gps.js:231 [Compass] update -> 15.6Â° (TN)
gps.js:231 [Compass] update -> 16.6Â° (TN)
gps.js:231 [Compass] update -> 17.7Â° (TN)
gps.js:231 [Compass] update -> 19.0Â° (TN)
gps.js:231 [Compass] update -> 20.1Â° (TN)
gps.js:231 [Compass] update -> 21.2Â° (TN)
gps.js:231 [Compass] update -> 22.3Â° (TN)
gps.js:231 [Compass] update -> 23.4Â° (TN)
gps.js:231 [Compass] update -> 24.6Â° (TN)
gps.js:231 [Compass] update -> 25.7Â° (TN)
gps.js:231 [Compass] update -> 26.8Â° (TN)
gps.js:231 [Compass] update -> 27.8Â° (TN)
gps.js:231 [Compass] update -> 28.8Â° (TN)
gps.js:231 [Compass] update -> 29.8Â° (TN)
gps.js:231 [Compass] update -> 28.8Â° (TN)
gps.js:231 [Compass] update -> 27.7Â° (TN)
gps.js:231 [Compass] update -> 26.4Â° (TN)
gps.js:231 [Compass] update -> 25.3Â° (TN)
gps.js:231 [Compass] update -> 24.1Â° (TN)
gps.js:231 [Compass] update -> 23.1Â° (TN)
gps.js:231 [Compass] update -> 22.1Â° (TN)
gps.js:231 [Compass] update -> 21.0Â° (TN)
gps.js:231 [Compass] update -> 20.0Â° (TN)
gps.js:231 [Compass] update -> 18.8Â° (TN)
gps.js:231 [Compass] update -> 17.7Â° (TN)
gps.js:231 [Compass] update -> 16.6Â° (TN)
gps.js:231 [Compass] update -> 15.6Â° (TN)
gps.js:231 [Compass] update -> 14.2Â° (TN)
gps.js:231 [Compass] update -> 13.0Â° (TN)
gps.js:231 [Compass] update -> 12.0Â° (TN)
gps.js:231 [Compass] update -> 13.0Â° (TN)
gps.js:231 [Compass] update -> 14.1Â° (TN)
gps.js:231 [Compass] update -> 15.1Â° (TN)
gps.js:231 [Compass] update -> 16.1Â° (TN)
gps.js:231 [Compass] update -> 17.1Â° (TN)
gps.js:231 [Compass] update -> 18.1Â° (TN)
gps.js:231 [Compass] update -> 19.1Â° (TN)
gps.js:231 [Compass] update -> 20.1Â° (TN)
gps.js:231 [Compass] update -> 21.2Â° (TN)
gps.js:231 [Compass] update -> 22.2Â° (TN)
gps.js:231 [Compass] update -> 23.3Â° (TN)
gps.js:231 [Compass] update -> 24.4Â° (TN)
gps.js:231 [Compass] update -> 25.5Â° (TN)
gps.js:231 [Compass] update -> 26.5Â° (TN)
gps.js:231 [Compass] update -> 27.5Â° (TN)
gps.js:231 [Compass] update -> 28.6Â° (TN)
gps.js:231 [Compass] update -> 29.6Â° (TN)
gps.js:231 [Compass] update -> 30.7Â° (TN)
gps.js:231 [Compass] update -> 31.7Â° (TN)
gps.js:231 [Compass] update -> 32.7Â° (TN)
gps.js:231 [Compass] update -> 33.7Â° (TN)
gps.js:231 [Compass] update -> 34.7Â° (TN)
gps.js:231 [Compass] update -> 35.8Â° (TN)
gps.js:231 [Compass] update -> 36.8Â° (TN)
gps.js:231 [Compass] update -> 37.8Â° (TN)
gps.js:231 [Compass] update -> 38.9Â° (TN)
gps.js:231 [Compass] update -> 39.9Â° (TN)
gps.js:231 [Compass] update -> 40.9Â° (TN)
gps.js:231 [Compass] update -> 41.9Â° (TN)
gps.js:231 [Compass] update -> 42.9Â° (TN)
gps.js:231 [Compass] update -> 44.0Â° (TN)
gps.js:231 [Compass] update -> 45.0Â° (TN)
gps.js:231 [Compass] update -> 46.1Â° (TN)
gps.js:231 [Compass] update -> 47.1Â° (TN)
gps.js:231 [Compass] update -> 48.2Â° (TN)
gps.js:231 [Compass] update -> 49.2Â° (TN)
gps.js:231 [Compass] update -> 50.2Â° (TN)
gps.js:231 [Compass] update -> 51.2Â° (TN)
gps.js:231 [Compass] update -> 52.3Â° (TN)
gps.js:231 [Compass] update -> 53.3Â° (TN)
gps.js:231 [Compass] update -> 54.4Â° (TN)
gps.js:231 [Compass] update -> 55.5Â° (TN)
gps.js:231 [Compass] update -> 56.6Â° (TN)
gps.js:231 [Compass] update -> 57.6Â° (TN)
gps.js:231 [Compass] update -> 58.6Â° (TN)
gps.js:231 [Compass] update -> 59.9Â° (TN)
gps.js:231 [Compass] update -> 60.9Â° (TN)
gps.js:231 [Compass] update -> 61.9Â° (TN)
gps.js:231 [Compass] update -> 62.9Â° (TN)
gps.js:231 [Compass] update -> 64.0Â° (TN)
gps.js:231 [Compass] update -> 65.2Â° (TN)
gps.js:231 [Compass] update -> 66.2Â° (TN)
gps.js:231 [Compass] update -> 64.8Â° (TN)
gps.js:231 [Compass] update -> 62.7Â° (TN)
gps.js:231 [Compass] update -> 60.5Â° (TN)
gps.js:231 [Compass] update -> 58.6Â° (TN)
gps.js:231 [Compass] update -> 56.4Â° (TN)
gps.js:231 [Compass] update -> 54.5Â° (TN)
gps.js:231 [Compass] update -> 52.9Â° (TN)
gps.js:231 [Compass] update -> 51.7Â° (TN)
gps.js:231 [Compass] update -> 50.5Â° (TN)
gps.js:231 [Compass] update -> 49.5Â° (TN)
gps.js:231 [Compass] update -> 48.5Â° (TN)
gps.js:231 [Compass] update -> 47.4Â° (TN)
gps.js:231 [Compass] update -> 46.4Â° (TN)
gps.js:231 [Compass] update -> 45.4Â° (TN)
gps.js:231 [Compass] update -> 44.2Â° (TN)
gps.js:231 [Compass] update -> 43.1Â° (TN)
gps.js:231 [Compass] update -> 42.1Â° (TN)
gps.js:231 [Compass] update -> 41.0Â° (TN)
gps.js:231 [Compass] update -> 39.9Â° (TN)
gps.js:231 [Compass] update -> 38.7Â° (TN)
gps.js:231 [Compass] update -> 37.6Â° (TN)
gps.js:231 [Compass] update -> 36.5Â° (TN)
gps.js:231 [Compass] update -> 35.4Â° (TN)
gps.js:231 [Compass] update -> 34.3Â° (TN)
mapController.js:94 [toggle] followUser=false
gps.js:231 [Compass] update -> 35.3Â° (TN)
mapController.js:94 [toggle] followUser=true
gps.js:231 [Compass] update -> 36.3Â° (TN)
gps.js:231 [Compass] update -> 37.4Â° (TN)
gps.js:231 [Compass] update -> 38.4Â° (TN)
gps.js:231 [Compass] update -> 39.4Â° (TN)
gps.js:231 [Compass] update -> 40.7Â° (TN)
gps.js:231 [Compass] update -> 41.8Â° (TN)
gps.js:231 [Compass] update -> 42.9Â° (TN)
gps.js:231 [Compass] update -> 44.2Â° (TN)
gps.js:231 [Compass] update -> 45.2Â° (TN)
gps.js:231 [Compass] update -> 46.5Â° (TN)
gps.js:231 [Compass] update -> 47.7Â° (TN)
gps.js:231 [Compass] update -> 48.8Â° (TN)
gps.js:231 [Compass] update -> 49.9Â° (TN)
gps.js:231 [Compass] update -> 51.1Â° (TN)
gps.js:231 [Compass] update -> 52.3Â° (TN)
gps.js:231 [Compass] update -> 53.3Â° (TN)
gps.js:231 [Compass] update -> 54.7Â° (TN)
gps.js:231 [Compass] update -> 56.2Â° (TN)
gps.js:231 [Compass] update -> 57.7Â° (TN)
gps.js:231 [Compass] update -> 59.0Â° (TN)
gps.js:231 [Compass] update -> 60.2Â° (TN)
gps.js:231 [Compass] update -> 61.3Â° (TN)
gps.js:231 [Compass] update -> 62.4Â° (TN)
gps.js:231 [Compass] update -> 63.5Â° (TN)
gps.js:231 [Compass] update -> 64.5Â° (TN)
gps.js:231 [Compass] update -> 65.6Â° (TN)
gps.js:231 [Compass] update -> 66.7Â° (TN)
gps.js:231 [Compass] update -> 67.8Â° (TN)
gps.js:231 [Compass] update -> 68.9Â° (TN)
gps.js:231 [Compass] update -> 70.0Â° (TN)
gps.js:231 [Compass] update -> 71.0Â° (TN)
gps.js:231 [Compass] update -> 72.0Â° (TN)
gps.js:231 [Compass] update -> 73.0Â° (TN)
gps.js:231 [Compass] update -> 72.0Â° (TN)
gps.js:231 [Compass] update -> 70.9Â° (TN)
gps.js:231 [Compass] update -> 69.8Â° (TN)
gps.js:231 [Compass] update -> 68.6Â° (TN)
gps.js:231 [Compass] update -> 67.6Â° (TN)
gps.js:231 [Compass] update -> 66.1Â° (TN)
gps.js:231 [Compass] update -> 64.8Â° (TN)
gps.js:231 [Compass] update -> 63.7Â° (TN)
gps.js:231 [Compass] update -> 62.6Â° (TN)
gps.js:231 [Compass] update -> 61.5Â° (TN)
gps.js:231 [Compass] update -> 60.4Â° (TN)
gps.js:231 [Compass] update -> 59.2Â° (TN)
gps.js:231 [Compass] update -> 58.0Â° (TN)
gps.js:231 [Compass] update -> 56.9Â° (TN)
gps.js:231 [Compass] update -> 55.8Â° (TN)
gps.js:231 [Compass] update -> 54.8Â° (TN)
gps.js:231 [Compass] update -> 53.8Â° (TN)
gps.js:231 [Compass] update -> 52.8Â° (TN)
gps.js:231 [Compass] update -> 51.7Â° (TN)
gps.js:231 [Compass] update -> 50.6Â° (TN)
gps.js:231 [Compass] update -> 49.5Â° (TN)
gps.js:231 [Compass] update -> 48.3Â° (TN)
gps.js:231 [Compass] update -> 47.3Â° (TN)
gps.js:231 [Compass] update -> 46.3Â° (TN)
gps.js:231 [Compass] update -> 45.3Â° (TN)
gps.js:231 [Compass] update -> 46.3Â° (TN)
gps.js:231 [Compass] update -> 47.5Â° (TN)
gps.js:231 [Compass] update -> 48.6Â° (TN)
gps.js:231 [Compass] update -> 49.7Â° (TN)
gps.js:231 [Compass] update -> 50.8Â° (TN)
gps.js:231 [Compass] update -> 52.0Â° (TN)
gps.js:231 [Compass] update -> 53.1Â° (TN)
gps.js:231 [Compass] update -> 54.2Â° (TN)
gps.js:231 [Compass] update -> 55.2Â° (TN)
gps.js:231 [Compass] update -> 56.2Â° (TN)
mapController.js:13 --- ðŸ“º Fullscreen Change Event Triggered ---
mapController.js:28 --- ðŸŽ¯ Recenter (Immediate) after fullscreen change ---
mapController.js:36 --- ðŸŽ¯ Recenter (Delayed) after fullscreen change ---
gps.js:231 [Compass] update -> 57.2Â° (TN)
gps.js:231 [Compass] update -> 58.2Â° (TN)
mapController.js:13 --- ðŸ“º Fullscreen Change Event Triggered ---
mapController.js:28 --- ðŸŽ¯ Recenter (Immediate) after fullscreen change ---
mapController.js:36 --- ðŸŽ¯ Recenter (Delayed) after fullscreen change ---
gps.js:231 [Compass] update -> 59.2Â° (TN)
gps.js:231 [Compass] update -> 60.3Â° (TN)
gps.js:231 [Compass] update -> 61.3Â° (TN)
gps.js:231 [Compass] update -> 62.3Â° (TN)
gps.js:231 [Compass] update -> 63.3Â° (TN)
gps.js:231 [Compass] update -> 64.3Â° (TN)
gps.js:231 [Compass] update -> 65.3Â° (TN)
gps.js:231 [Compass] update -> 66.3Â° (TN)
gps.js:231 [Compass] update -> 67.3Â° (TN)
gps.js:231 [Compass] update -> 68.3Â° (TN)
gps.js:231 [Compass] update -> 69.3Â° (TN)
gps.js:231 [Compass] update -> 70.3Â° (TN)
gps.js:231 [Compass] update -> 71.3Â° (TN)
gps.js:231 [Compass] update -> 72.3Â° (TN)
gps.js:231 [Compass] update -> 73.3Â° (TN)
