main.js:8 --- ðŸš€ App Initializing ---
main.js:9 Initial State: followUser=true, headingUp=false
gps.js:94 ç£åè§’APIå¤±æ•—ã€‚ç³»3ã®ä»£è¡¨å€¤ã‚’ä½¿ç”¨: 7.50Â°
updateDeclinationIfNeeded @ gps.js:94
gps.js:174 [Compass] init 351.8Â° (TN)
gps.js:195 [Compass] update -> 350.8Â° (TN)
gps.js:195 [Compass] update -> 349.7Â° (TN)
gps.js:195 [Compass] update -> 348.7Â° (TN)
gps.js:195 [Compass] update -> 349.8Â° (TN)
gps.js:195 [Compass] update -> 350.8Â° (TN)
gps.js:195 [Compass] update -> 351.9Â° (TN)
gps.js:195 [Compass] update -> 352.9Â° (TN)
gps.js:195 [Compass] update -> 351.9Â° (TN)
gps.js:195 [Compass] update -> 350.9Â° (TN)
gps.js:195 [Compass] update -> 349.8Â° (TN)
gps.js:195 [Compass] update -> 348.7Â° (TN)
gps.js:195 [Compass] update -> 347.2Â° (TN)
gps.js:195 [Compass] update -> 348.3Â° (TN)
gps.js:195 [Compass] update -> 349.4Â° (TN)
gps.js:195 [Compass] update -> 350.5Â° (TN)
gps.js:195 [Compass] update -> 351.5Â° (TN)
gps.js:195 [Compass] update -> 352.6Â° (TN)
gps.js:195 [Compass] update -> 353.7Â° (TN)
gps.js:195 [Compass] update -> 354.7Â° (TN)
gps.js:195 [Compass] update -> 355.8Â° (TN)
gps.js:195 [Compass] update -> 356.9Â° (TN)
gps.js:195 [Compass] update -> 355.8Â° (TN)
gps.js:195 [Compass] update -> 354.7Â° (TN)
gps.js:195 [Compass] update -> 353.5Â° (TN)
gps.js:195 [Compass] update -> 352.5Â° (TN)
gps.js:195 [Compass] update -> 351.5Â° (TN)
gps.js:195 [Compass] update -> 350.5Â° (TN)
gps.js:195 [Compass] update -> 349.3Â° (TN)
gps.js:195 [Compass] update -> 348.2Â° (TN)
gps.js:195 [Compass] update -> 347.2Â° (TN)
gps.js:195 [Compass] update -> 346.2Â° (TN)
gps.js:195 [Compass] update -> 345.1Â° (TN)
mapController.js:108 [toggle] headingUp=true
mapController.js:121 [Heading Snap] Synced all headings to 345.1Â°
gps.js:195 [Compass] update -> 346.1Â° (TN)
gps.js:195 [Compass] update -> 347.2Â° (TN)
gps.js:195 [Compass] update -> 348.2Â° (TN)
gps.js:195 [Compass] update -> 349.2Â° (TN)
gps.js:195 [Compass] update -> 350.3Â° (TN)
gps.js:195 [Compass] update -> 351.4Â° (TN)
gps.js:195 [Compass] update -> 352.4Â° (TN)
gps.js:195 [Compass] update -> 353.4Â° (TN)
gps.js:195 [Compass] update -> 354.4Â° (TN)
gps.js:195 [Compass] update -> 355.4Â° (TN)
gps.js:195 [Compass] update -> 356.4Â° (TN)
gps.js:195 [Compass] update -> 355.3Â° (TN)
mapController.js:94 [toggle] followUser=false
gps.js:195 [Compass] update -> 356.4Â° (TN)
gps.js:195 [Compass] update -> 357.6Â° (TN)
gps.js:195 [Compass] update -> 358.8Â° (TN)
gps.js:195 [Compass] update -> 360.0Â° (TN)
gps.js:195 [Compass] update -> 1.1Â° (TN)
gps.js:195 [Compass] update -> 2.3Â° (TN)
gps.js:195 [Compass] update -> 3.4Â° (TN)
gps.js:195 [Compass] update -> 4.6Â° (TN)
gps.js:195 [Compass] update -> 5.7Â° (TN)
gps.js:195 [Compass] update -> 6.8Â° (TN)
gps.js:195 [Compass] update -> 7.8Â° (TN)
gps.js:195 [Compass] update -> 8.9Â° (TN)
gps.js:195 [Compass] update -> 7.8Â° (TN)
gps.js:195 [Compass] update -> 6.8Â° (TN)
gps.js:195 [Compass] update -> 5.8Â° (TN)
gps.js:195 [Compass] update -> 4.7Â° (TN)
gps.js:195 [Compass] update -> 3.6Â° (TN)
gps.js:195 [Compass] update -> 2.6Â° (TN)
gps.js:195 [Compass] update -> 1.6Â° (TN)
gps.js:195 [Compass] update -> 0.5Â° (TN)
gps.js:195 [Compass] update -> 359.4Â° (TN)
gps.js:195 [Compass] update -> 358.4Â° (TN)
gps.js:195 [Compass] update -> 357.3Â° (TN)
gps.js:195 [Compass] update -> 356.3Â° (TN)
gps.js:195 [Compass] update -> 355.3Â° (TN)
gps.js:195 [Compass] update -> 354.2Â° (TN)
gps.js:195 [Compass] update -> 353.1Â° (TN)
gps.js:195 [Compass] update -> 354.2Â° (TN)
gps.js:195 [Compass] update -> 355.2Â° (TN)
gps.js:195 [Compass] update -> 356.3Â° (TN)
gps.js:195 [Compass] update -> 357.5Â° (TN)
gps.js:195 [Compass] update -> 358.5Â° (TN)
gps.js:195 [Compass] update -> 359.6Â° (TN)
gps.js:195 [Compass] update -> 0.6Â° (TN)
gps.js:195 [Compass] update -> 1.6Â° (TN)
gps.js:195 [Compass] update -> 0.6Â° (TN)
gps.js:195 [Compass] update -> 359.6Â° (TN)
gps.js:195 [Compass] update -> 358.5Â° (TN)
gps.js:195 [Compass] update -> 357.5Â° (TN)
gps.js:195 [Compass] update -> 356.4Â° (TN)
gps.js:195 [Compass] update -> 355.4Â° (TN)
gps.js:195 [Compass] update -> 354.4Â° (TN)
gps.js:195 [Compass] update -> 355.4Â° (TN)
gps.js:195 [Compass] update -> 356.5Â° (TN)
gps.js:195 [Compass] update -> 357.5Â° (TN)
gps.js:195 [Compass] update -> 358.6Â° (TN)
gps.js:195 [Compass] update -> 359.6Â° (TN)
gps.js:195 [Compass] update -> 0.6Â° (TN)
gps.js:195 [Compass] update -> 1.7Â° (TN)
gps.js:195 [Compass] update -> 2.7Â° (TN)
gps.js:195 [Compass] update -> 3.8Â° (TN)
gps.js:195 [Compass] update -> 4.8Â° (TN)
gps.js:195 [Compass] update -> 5.9Â° (TN)
gps.js:195 [Compass] update -> 7.0Â° (TN)
gps.js:195 [Compass] update -> 8.0Â° (TN)
gps.js:195 [Compass] update -> 9.1Â° (TN)
gps.js:195 [Compass] update -> 10.2Â° (TN)
gps.js:195 [Compass] update -> 9.2Â° (TN)
gps.js:195 [Compass] update -> 8.2Â° (TN)
gps.js:195 [Compass] update -> 7.1Â° (TN)
gps.js:195 [Compass] update -> 6.1Â° (TN)
gps.js:195 [Compass] update -> 5.1Â° (TN)
gps.js:195 [Compass] update -> 4.0Â° (TN)
gps.js:195 [Compass] update -> 2.8Â° (TN)
gps.js:195 [Compass] update -> 1.7Â° (TN)
gps.js:195 [Compass] update -> 0.7Â° (TN)
gps.js:195 [Compass] update -> 359.7Â° (TN)
gps.js:195 [Compass] update -> 358.6Â° (TN)
gps.js:195 [Compass] update -> 357.4Â° (TN)
gps.js:195 [Compass] update -> 356.4Â° (TN)
gps.js:195 [Compass] update -> 355.3Â° (TN)
gps.js:195 [Compass] update -> 354.3Â° (TN)
gps.js:195 [Compass] update -> 353.3Â° (TN)
gps.js:195 [Compass] update -> 354.5Â° (TN)
gps.js:195 [Compass] update -> 355.5Â° (TN)
gps.js:195 [Compass] update -> 356.6Â° (TN)
gps.js:195 [Compass] update -> 357.7Â° (TN)
gps.js:195 [Compass] update -> 358.8Â° (TN)
gps.js:195 [Compass] update -> 0.0Â° (TN)
gps.js:195 [Compass] update -> 1.2Â° (TN)
gps.js:195 [Compass] update -> 2.3Â° (TN)
gps.js:195 [Compass] update -> 3.3Â° (TN)
gps.js:195 [Compass] update -> 4.3Â° (TN)
gps.js:195 [Compass] update -> 5.3Â° (TN)
gps.js:195 [Compass] update -> 6.3Â° (TN)
gps.js:195 [Compass] update -> 5.3Â° (TN)
gps.js:195 [Compass] update -> 4.2Â° (TN)
gps.js:195 [Compass] update -> 3.2Â° (TN)
gps.js:195 [Compass] update -> 2.1Â° (TN)
gps.js:195 [Compass] update -> 1.0Â° (TN)
gps.js:195 [Compass] update -> 360.0Â° (TN)
gps.js:195 [Compass] update -> 358.9Â° (TN)
gps.js:195 [Compass] update -> 357.8Â° (TN)
gps.js:195 [Compass] update -> 356.8Â° (TN)
gps.js:195 [Compass] update -> 355.8Â° (TN)
gps.js:195 [Compass] update -> 354.7Â° (TN)
gps.js:195 [Compass] update -> 353.6Â° (TN)
gps.js:195 [Compass] update -> 352.6Â° (TN)
gps.js:195 [Compass] update -> 351.6Â° (TN)
gps.js:195 [Compass] update -> 350.6Â° (TN)
gps.js:195 [Compass] update -> 349.6Â° (TN)
gps.js:195 [Compass] update -> 350.7Â° (TN)
gps.js:195 [Compass] update -> 351.8Â° (TN)
gps.js:195 [Compass] update -> 352.9Â° (TN)
gps.js:195 [Compass] update -> 353.9Â° (TN)
gps.js:195 [Compass] update -> 354.9Â° (TN)
gps.js:195 [Compass] update -> 355.9Â° (TN)
gps.js:195 [Compass] update -> 357.0Â° (TN)
gps.js:195 [Compass] update -> 358.1Â° (TN)
gps.js:195 [Compass] update -> 359.2Â° (TN)
gps.js:195 [Compass] update -> 0.2Â° (TN)
gps.js:195 [Compass] update -> 1.3Â° (TN)
gps.js:195 [Compass] update -> 2.3Â° (TN)
gps.js:195 [Compass] update -> 3.4Â° (TN)
gps.js:195 [Compass] update -> 4.5Â° (TN)
gps.js:195 [Compass] update -> 3.4Â° (TN)
gps.js:195 [Compass] update -> 2.4Â° (TN)
gps.js:195 [Compass] update -> 1.4Â° (TN)
gps.js:195 [Compass] update -> 0.3Â° (TN)
gps.js:195 [Compass] update -> 359.3Â° (TN)
gps.js:195 [Compass] update -> 358.2Â° (TN)
gps.js:195 [Compass] update -> 357.1Â° (TN)
gps.js:195 [Compass] update -> 356.0Â° (TN)
gps.js:195 [Compass] update -> 354.9Â° (TN)
gps.js:195 [Compass] update -> 353.9Â° (TN)
gps.js:195 [Compass] update -> 354.9Â° (TN)
gps.js:195 [Compass] update -> 356.1Â° (TN)
gps.js:195 [Compass] update -> 357.2Â° (TN)
gps.js:195 [Compass] update -> 358.3Â° (TN)
gps.js:195 [Compass] update -> 359.3Â° (TN)
gps.js:195 [Compass] update -> 0.4Â° (TN)
gps.js:195 [Compass] update -> 1.5Â° (TN)
gps.js:195 [Compass] update -> 2.5Â° (TN)
gps.js:195 [Compass] update -> 1.5Â° (TN)
gps.js:195 [Compass] update -> 0.4Â° (TN)
gps.js:195 [Compass] update -> 359.4Â° (TN)
gps.js:195 [Compass] update -> 358.4Â° (TN)
gps.js:195 [Compass] update -> 357.4Â° (TN)
gps.js:195 [Compass] update -> 356.3Â° (TN)
gps.js:195 [Compass] update -> 355.3Â° (TN)
gps.js:195 [Compass] update -> 354.3Â° (TN)
gps.js:195 [Compass] update -> 353.2Â° (TN)
gps.js:195 [Compass] update -> 352.2Â° (TN)
gps.js:195 [Compass] update -> 351.1Â° (TN)
gps.js:195 [Compass] update -> 350.1Â° (TN)
gps.js:195 [Compass] update -> 351.3Â° (TN)
gps.js:195 [Compass] update -> 352.3Â° (TN)
gps.js:195 [Compass] update -> 353.5Â° (TN)
gps.js:195 [Compass] update -> 354.6Â° (TN)
gps.js:195 [Compass] update -> 355.6Â° (TN)
gps.js:195 [Compass] update -> 356.6Â° (TN)
gps.js:195 [Compass] update -> 357.6Â° (TN)
gps.js:195 [Compass] update -> 356.6Â° (TN)
gps.js:195 [Compass] update -> 355.5Â° (TN)
gps.js:195 [Compass] update -> 354.4Â° (TN)
gps.js:195 [Compass] update -> 353.4Â° (TN)
gps.js:195 [Compass] update -> 354.5Â° (TN)
gps.js:195 [Compass] update -> 355.5Â° (TN)
gps.js:195 [Compass] update -> 356.6Â° (TN)
gps.js:195 [Compass] update -> 357.6Â° (TN)
gps.js:195 [Compass] update -> 358.6Â° (TN)
gps.js:195 [Compass] update -> 357.5Â° (TN)
gps.js:195 [Compass] update -> 356.4Â° (TN)
gps.js:195 [Compass] update -> 355.3Â° (TN)
gps.js:195 [Compass] update -> 354.3Â° (TN)
gps.js:195 [Compass] update -> 353.2Â° (TN)
gps.js:195 [Compass] update -> 352.2Â° (TN)
gps.js:195 [Compass] update -> 351.1Â° (TN)
gps.js:195 [Compass] update -> 350.1Â° (TN)
gps.js:195 [Compass] update -> 349.0Â° (TN)
gps.js:195 [Compass] update -> 348.0Â° (TN)
gps.js:195 [Compass] update -> 347.0Â° (TN)
gps.js:195 [Compass] update -> 345.9Â° (TN)
gps.js:195 [Compass] update -> 344.6Â° (TN)
gps.js:195 [Compass] update -> 343.5Â° (TN)
gps.js:195 [Compass] update -> 342.4Â° (TN)
gps.js:195 [Compass] update -> 341.4Â° (TN)
gps.js:195 [Compass] update -> 340.3Â° (TN)
gps.js:195 [Compass] update -> 341.4Â° (TN)
gps.js:195 [Compass] update -> 342.5Â° (TN)
gps.js:195 [Compass] update -> 343.6Â° (TN)
gps.js:195 [Compass] update -> 344.8Â° (TN)
gps.js:195 [Compass] update -> 345.8Â° (TN)
gps.js:195 [Compass] update -> 346.9Â° (TN)
gps.js:195 [Compass] update -> 347.9Â° (TN)
gps.js:195 [Compass] update -> 349.0Â° (TN)
gps.js:195 [Compass] update -> 350.1Â° (TN)
gps.js:195 [Compass] update -> 351.2Â° (TN)
gps.js:195 [Compass] update -> 352.3Â° (TN)
gps.js:195 [Compass] update -> 353.4Â° (TN)
gps.js:195 [Compass] update -> 354.5Â° (TN)
gps.js:195 [Compass] update -> 355.8Â° (TN)
gps.js:195 [Compass] update -> 356.8Â° (TN)
gps.js:195 [Compass] update -> 357.9Â° (TN)
gps.js:195 [Compass] update -> 358.9Â° (TN)
gps.js:195 [Compass] update -> 359.9Â° (TN)
gps.js:195 [Compass] update -> 0.9Â° (TN)
gps.js:195 [Compass] update -> 1.9Â° (TN)
gps.js:195 [Compass] update -> 3.1Â° (TN)
gps.js:195 [Compass] update -> 4.4Â° (TN)
gps.js:195 [Compass] update -> 5.5Â° (TN)
gps.js:195 [Compass] update -> 6.5Â° (TN)
gps.js:195 [Compass] update -> 7.7Â° (TN)
gps.js:195 [Compass] update -> 8.7Â° (TN)
gps.js:195 [Compass] update -> 9.7Â° (TN)
gps.js:195 [Compass] update -> 8.6Â° (TN)
gps.js:195 [Compass] update -> 7.6Â° (TN)
gps.js:195 [Compass] update -> 6.5Â° (TN)
gps.js:195 [Compass] update -> 5.5Â° (TN)
gps.js:195 [Compass] update -> 4.5Â° (TN)
gps.js:195 [Compass] update -> 3.5Â° (TN)
gps.js:195 [Compass] update -> 4.5Â° (TN)
gps.js:195 [Compass] update -> 5.5Â° (TN)
gps.js:195 [Compass] update -> 6.6Â° (TN)
gps.js:195 [Compass] update -> 7.7Â° (TN)
gps.js:195 [Compass] update -> 8.8Â° (TN)
gps.js:195 [Compass] update -> 7.8Â° (TN)
gps.js:195 [Compass] update -> 6.7Â° (TN)
gps.js:195 [Compass] update -> 5.6Â° (TN)
gps.js:195 [Compass] update -> 4.6Â° (TN)
gps.js:195 [Compass] update -> 3.5Â° (TN)
gps.js:195 [Compass] update -> 2.4Â° (TN)
gps.js:195 [Compass] update -> 1.3Â° (TN)
gps.js:195 [Compass] update -> 0.2Â° (TN)
gps.js:195 [Compass] update -> 359.1Â° (TN)
gps.js:195 [Compass] update -> 358.0Â° (TN)
gps.js:195 [Compass] update -> 357.0Â° (TN)
gps.js:195 [Compass] update -> 355.9Â° (TN)
gps.js:195 [Compass] update -> 354.8Â° (TN)
gps.js:195 [Compass] update -> 353.7Â° (TN)
gps.js:195 [Compass] update -> 352.6Â° (TN)
gps.js:195 [Compass] update -> 353.7Â° (TN)
gps.js:195 [Compass] update -> 354.7Â° (TN)
gps.js:195 [Compass] update -> 355.7Â° (TN)
gps.js:195 [Compass] update -> 356.8Â° (TN)
gps.js:195 [Compass] update -> 357.9Â° (TN)
gps.js:195 [Compass] update -> 358.9Â° (TN)
gps.js:195 [Compass] update -> 359.9Â° (TN)
gps.js:195 [Compass] update -> 1.0Â° (TN)
gps.js:195 [Compass] update -> 2.0Â° (TN)
gps.js:195 [Compass] update -> 3.1Â° (TN)
gps.js:195 [Compass] update -> 4.1Â° (TN)
gps.js:195 [Compass] update -> 5.1Â° (TN)
gps.js:195 [Compass] update -> 6.1Â° (TN)
gps.js:195 [Compass] update -> 7.2Â° (TN)
gps.js:195 [Compass] update -> 6.0Â° (TN)
gps.js:195 [Compass] update -> 5.0Â° (TN)
gps.js:195 [Compass] update -> 3.9Â° (TN)
gps.js:195 [Compass] update -> 2.8Â° (TN)
gps.js:195 [Compass] update -> 1.8Â° (TN)
gps.js:195 [Compass] update -> 0.6Â° (TN)
gps.js:195 [Compass] update -> 359.5Â° (TN)
gps.js:195 [Compass] update -> 358.5Â° (TN)
gps.js:195 [Compass] update -> 357.4Â° (TN)
gps.js:195 [Compass] update -> 358.5Â° (TN)
gps.js:195 [Compass] update -> 359.5Â° (TN)
gps.js:195 [Compass] update -> 0.5Â° (TN)
gps.js:195 [Compass] update -> 1.6Â° (TN)
gps.js:195 [Compass] update -> 2.7Â° (TN)
gps.js:195 [Compass] update -> 3.7Â° (TN)
gps.js:195 [Compass] update -> 4.8Â° (TN)
gps.js:195 [Compass] update -> 5.9Â° (TN)
gps.js:195 [Compass] update -> 4.8Â° (TN)
gps.js:195 [Compass] update -> 3.8Â° (TN)
gps.js:195 [Compass] update -> 2.7Â° (TN)
gps.js:195 [Compass] update -> 1.6Â° (TN)
gps.js:195 [Compass] update -> 0.6Â° (TN)
gps.js:195 [Compass] update -> 359.5Â° (TN)
gps.js:195 [Compass] update -> 358.5Â° (TN)
gps.js:195 [Compass] update -> 359.5Â° (TN)
gps.js:195 [Compass] update -> 0.7Â° (TN)
gps.js:195 [Compass] update -> 1.9Â° (TN)
gps.js:195 [Compass] update -> 3.0Â° (TN)
gps.js:195 [Compass] update -> 4.1Â° (TN)
gps.js:195 [Compass] update -> 3.0Â° (TN)
gps.js:195 [Compass] update -> 2.0Â° (TN)
gps.js:195 [Compass] update -> 0.9Â° (TN)
gps.js:195 [Compass] update -> 359.9Â° (TN)
gps.js:195 [Compass] update -> 358.9Â° (TN)
gps.js:195 [Compass] update -> 357.8Â° (TN)
gps.js:195 [Compass] update -> 356.8Â° (TN)
gps.js:195 [Compass] update -> 358.0Â° (TN)
gps.js:195 [Compass] update -> 359.0Â° (TN)
gps.js:195 [Compass] update -> 0.0Â° (TN)
gps.js:195 [Compass] update -> 1.1Â° (TN)
gps.js:195 [Compass] update -> 2.1Â° (TN)
gps.js:195 [Compass] update -> 3.2Â° (TN)
gps.js:195 [Compass] update -> 4.3Â° (TN)
gps.js:195 [Compass] update -> 5.3Â° (TN)
gps.js:195 [Compass] update -> 6.4Â° (TN)
gps.js:195 [Compass] update -> 5.3Â° (TN)
gps.js:195 [Compass] update -> 4.3Â° (TN)
gps.js:195 [Compass] update -> 3.3Â° (TN)
gps.js:195 [Compass] update -> 2.2Â° (TN)
gps.js:195 [Compass] update -> 1.0Â° (TN)
gps.js:195 [Compass] update -> 359.9Â° (TN)
gps.js:195 [Compass] update -> 358.9Â° (TN)
gps.js:195 [Compass] update -> 357.9Â° (TN)
gps.js:195 [Compass] update -> 356.9Â° (TN)
