content.js:28 Current URL: https://umineko-aabf34.netlify.app/
content.js:29 Protocol: https:
content.js:30 Hostname: umineko-aabf34.netlify.app
content.js:31 Is excluded: false
content.js:46 Found code blocks: 1
content.js:57 Block 0: Single line, skipping
main.js:7 --- 🚀 App Initializing ---
main.js:8 Initial State: followUser=true, mode=north-up, debug=true
content.js:28 Current URL: https://umineko-aabf34.netlify.app/
content.js:29 Protocol: https:
content.js:30 Hostname: umineko-aabf34.netlify.app
content.js:31 Is excluded: false
content.js:46 Found code blocks: 1
content.js:57 Block 0: Single line, skipping
state.js:59 {
  "ts": 1759885035432,
  "module": "state.js",
  "event": "heading_null",
  "data": {
    "value": null,
    "reason": "low_accuracy"
  }
}
mapController.js:173 [ERROR-DOM] marker rotator element not found (selector: #userMarker .user-location-marker-rotator)
getMarkerRotatorElement @ mapController.js:173
state.js:59 {
  "ts": 1759885036116,
  "module": "state.js",
  "event": "position_set",
  "data": {
    "lat": 34.01900111701344,
    "lon": 131.83620362299843,
    "acc": 55
  }
}
state.js:59 {
  "ts": 1759885036116,
  "module": "mapController.js",
  "event": "marker_created",
  "data": {
    "lat": 34.01900111701344,
    "lon": 131.83620362299843
  }
}
state.js:59 {
  "ts": 1759885036116,
  "module": "ui.js",
  "event": "gps_status_updated",
  "data": {
    "status": "GPS受信中"
  }
}
content.js:28 Current URL: https://umineko-aabf34.netlify.app/
content.js:29 Protocol: https:
content.js:30 Hostname: umineko-aabf34.netlify.app
content.js:31 Is excluded: false
content.js:46 Found code blocks: 1
content.js:57 Block 0: Single line, skipping
state.js:59 {
  "ts": 1759885040629,
  "module": "state.js",
  "event": "mode_changed",
  "data": {
    "from": "north-up",
    "to": "heading-up"
  }
}
state.js:59 {
  "ts": 1759885040630,
  "module": "mapController.js",
  "event": "reset_rotation",
  "data": {
    "reason": "low_accuracy",
    "mode": "heading-up"
  }
}
content.js:28 Current URL: https://umineko-aabf34.netlify.app/
content.js:29 Protocol: https:
content.js:30 Hostname: umineko-aabf34.netlify.app
content.js:31 Is excluded: false
content.js:46 Found code blocks: 1
content.js:57 Block 0: Single line, skipping
content.js:28 Current URL: https://umineko-aabf34.netlify.app/
content.js:29 Protocol: https:
content.js:30 Hostname: umineko-aabf34.netlify.app
content.js:31 Is excluded: false
content.js:46 Found code blocks: 1
content.js:57 Block 0: Single line, skipping
content.js:28 Current URL: https://umineko-aabf34.netlify.app/
content.js:29 Protocol: https:
content.js:30 Hostname: umineko-aabf34.netlify.app
content.js:31 Is excluded: false
content.js:46 Found code blocks: 1
content.js:57 Block 0: Single line, skipping
content.js:28 Current URL: https://umineko-aabf34.netlify.app/
content.js:29 Protocol: https:
content.js:30 Hostname: umineko-aabf34.netlify.app
content.js:31 Is excluded: false
content.js:46 Found code blocks: 1
content.js:57 Block 0: Single line, skipping
content.js:28 Current URL: https://umineko-aabf34.netlify.app/
content.js:29 Protocol: https:
content.js:30 Hostname: umineko-aabf34.netlify.app
content.js:31 Is excluded: false
content.js:46 Found code blocks: 1
content.js:57 Block 0: Single line, skipping
content.js:28 Current URL: https://umineko-aabf34.netlify.app/
content.js:29 Protocol: https:
content.js:30 Hostname: umineko-aabf34.netlify.app
content.js:31 Is excluded: false
content.js:46 Found code blocks: 1
content.js:57 Block 0: Single line, skipping
content.js:28 Current URL: https://umineko-aabf34.netlify.app/
content.js:29 Protocol: https:
content.js:30 Hostname: umineko-aabf34.netlify.app
content.js:31 Is excluded: false
content.js:46 Found code blocks: 1
content.js:57 Block 0: Single line, skipping
content.js:28 Current URL: https://umineko-aabf34.netlify.app/
content.js:29 Protocol: https:
content.js:30 Hostname: umineko-aabf34.netlify.app
content.js:31 Is excluded: false
content.js:46 Found code blocks: 1
content.js:57 Block 0: Single line, skipping
content.js:28 Current URL: https://umineko-aabf34.netlify.app/
content.js:29 Protocol: https:
content.js:30 Hostname: umineko-aabf34.netlify.app
content.js:31 Is excluded: false
content.js:46 Found code blocks: 1
content.js:57 Block 0: Single line, skipping
content.js:28 Current URL: https://umineko-aabf34.netlify.app/
content.js:29 Protocol: https:
content.js:30 Hostname: umineko-aabf34.netlify.app
content.js:31 Is excluded: false
content.js:46 Found code blocks: 1
content.js:57 Block 0: Single line, skipping
content.js:28 Current URL: https://umineko-aabf34.netlify.app/
content.js:29 Protocol: https:
content.js:30 Hostname: umineko-aabf34.netlify.app
content.js:31 Is excluded: false
content.js:46 Found code blocks: 1
content.js:57 Block 0: Single line, skipping
content.js:28 Current URL: https://umineko-aabf34.netlify.app/
content.js:29 Protocol: https:
content.js:30 Hostname: umineko-aabf34.netlify.app
content.js:31 Is excluded: false
content.js:46 Found code blocks: 1
content.js:57 Block 0: Single line, skipping
content.js:28 Current URL: https://umineko-aabf34.netlify.app/
content.js:29 Protocol: https:
content.js:30 Hostname: umineko-aabf34.netlify.app
content.js:31 Is excluded: false
content.js:46 Found code blocks: 1
content.js:57 Block 0: Single line, skipping
content.js:28 Current URL: https://umineko-aabf34.netlify.app/
content.js:29 Protocol: https:
content.js:30 Hostname: umineko-aabf34.netlify.app
content.js:31 Is excluded: false
content.js:46 Found code blocks: 1
content.js:57 Block 0: Single line, skipping
content.js:28 Current URL: https://umineko-aabf34.netlify.app/
content.js:29 Protocol: https:
content.js:30 Hostname: umineko-aabf34.netlify.app
content.js:31 Is excluded: false
content.js:46 Found code blocks: 1
content.js:57 Block 0: Single line, skipping
content.js:28 Current URL: https://umineko-aabf34.netlify.app/
content.js:29 Protocol: https:
content.js:30 Hostname: umineko-aabf34.netlify.app
content.js:31 Is excluded: false
content.js:46 Found code blocks: 1
content.js:57 Block 0: Single line, skipping
content.js:28 Current URL: https://umineko-aabf34.netlify.app/
content.js:29 Protocol: https:
content.js:30 Hostname: umineko-aabf34.netlify.app
content.js:31 Is excluded: false
content.js:46 Found code blocks: 1
content.js:57 Block 0: Single line, skipping
content.js:28 Current URL: https://umineko-aabf34.netlify.app/
content.js:29 Protocol: https:
content.js:30 Hostname: umineko-aabf34.netlify.app
content.js:31 Is excluded: false
content.js:46 Found code blocks: 1
content.js:57 Block 0: Single line, skipping
content.js:28 Current URL: https://umineko-aabf34.netlify.app/
content.js:29 Protocol: https:
content.js:30 Hostname: umineko-aabf34.netlify.app
content.js:31 Is excluded: false
content.js:46 Found code blocks: 1
content.js:57 Block 0: Single line, skipping
content.js:28 Current URL: https://umineko-aabf34.netlify.app/
content.js:29 Protocol: https:
content.js:30 Hostname: umineko-aabf34.netlify.app
content.js:31 Is excluded: false
content.js:46 Found code blocks: 1
content.js:57 Block 0: Single line, skipping
content.js:28 Current URL: https://umineko-aabf34.netlify.app/
content.js:29 Protocol: https:
content.js:30 Hostname: umineko-aabf34.netlify.app
content.js:31 Is excluded: false
content.js:46 Found code blocks: 1
content.js:57 Block 0: Single line, skipping
content.js:28 Current URL: https://umineko-aabf34.netlify.app/
content.js:29 Protocol: https:
content.js:30 Hostname: umineko-aabf34.netlify.app
content.js:31 Is excluded: false
content.js:46 Found code blocks: 1
content.js:57 Block 0: Single line, skipping
content.js:28 Current URL: https://umineko-aabf34.netlify.app/
content.js:29 Protocol: https:
content.js:30 Hostname: umineko-aabf34.netlify.app
content.js:31 Is excluded: false
content.js:46 Found code blocks: 1
content.js:57 Block 0: Single line, skipping
state.js:59 {
  "ts": 1759885050969,
  "module": "mapController.js",
  "event": "reset_rotation",
  "data": {
    "reason": "low_accuracy",
    "mode": "heading-up"
  }
}
content.js:28 Current URL: https://umineko-aabf34.netlify.app/
content.js:29 Protocol: https:
content.js:30 Hostname: umineko-aabf34.netlify.app
content.js:31 Is excluded: false
content.js:46 Found code blocks: 1
content.js:57 Block 0: Single line, skipping
content.js:28 Current URL: https://umineko-aabf34.netlify.app/
content.js:29 Protocol: https:
content.js:30 Hostname: umineko-aabf34.netlify.app
content.js:31 Is excluded: false
content.js:46 Found code blocks: 1
content.js:57 Block 0: Single line, skipping
content.js:28 Current URL: https://umineko-aabf34.netlify.app/
content.js:29 Protocol: https:
content.js:30 Hostname: umineko-aabf34.netlify.app
content.js:31 Is excluded: false
content.js:46 Found code blocks: 1
content.js:57 Block 0: Single line, skipping
content.js:28 Current URL: https://umineko-aabf34.netlify.app/
content.js:29 Protocol: https:
content.js:30 Hostname: umineko-aabf34.netlify.app
content.js:31 Is excluded: false
content.js:46 Found code blocks: 1
content.js:57 Block 0: Single line, skipping
content.js:28 Current URL: https://umineko-aabf34.netlify.app/
content.js:29 Protocol: https:
content.js:30 Hostname: umineko-aabf34.netlify.app
content.js:31 Is excluded: false
content.js:46 Found code blocks: 1
content.js:57 Block 0: Single line, skipping
content.js:28 Current URL: https://umineko-aabf34.netlify.app/
content.js:29 Protocol: https:
content.js:30 Hostname: umineko-aabf34.netlify.app
content.js:31 Is excluded: false
content.js:46 Found code blocks: 1
content.js:57 Block 0: Single line, skipping
content.js:28 Current URL: https://umineko-aabf34.netlify.app/
content.js:29 Protocol: https:
content.js:30 Hostname: umineko-aabf34.netlify.app
content.js:31 Is excluded: false
content.js:46 Found code blocks: 1
content.js:57 Block 0: Single line, skipping
content.js:28 Current URL: https://umineko-aabf34.netlify.app/
content.js:29 Protocol: https:
content.js:30 Hostname: umineko-aabf34.netlify.app
content.js:31 Is excluded: false
content.js:46 Found code blocks: 1
content.js:57 Block 0: Single line, skipping
content.js:28 Current URL: https://umineko-aabf34.netlify.app/
content.js:29 Protocol: https:
content.js:30 Hostname: umineko-aabf34.netlify.app
content.js:31 Is excluded: false
content.js:46 Found code blocks: 1
content.js:57 Block 0: Single line, skipping
content.js:28 Current URL: https://umineko-aabf34.netlify.app/
content.js:29 Protocol: https:
content.js:30 Hostname: umineko-aabf34.netlify.app
content.js:31 Is excluded: false
content.js:46 Found code blocks: 1
content.js:57 Block 0: Single line, skipping
content.js:28 Current URL: https://umineko-aabf34.netlify.app/
content.js:29 Protocol: https:
content.js:30 Hostname: umineko-aabf34.netlify.app
content.js:31 Is excluded: false
content.js:46 Found code blocks: 1
content.js:57 Block 0: Single line, skipping
content.js:28 Current URL: https://umineko-aabf34.netlify.app/
content.js:29 Protocol: https:
content.js:30 Hostname: umineko-aabf34.netlify.app
content.js:31 Is excluded: false
content.js:46 Found code blocks: 1
content.js:57 Block 0: Single line, skipping
content.js:28 Current URL: https://umineko-aabf34.netlify.app/
content.js:29 Protocol: https:
content.js:30 Hostname: umineko-aabf34.netlify.app
content.js:31 Is excluded: false
content.js:46 Found code blocks: 1
content.js:57 Block 0: Single line, skipping
content.js:28 Current URL: https://umineko-aabf34.netlify.app/
content.js:29 Protocol: https:
content.js:30 Hostname: umineko-aabf34.netlify.app
content.js:31 Is excluded: false
content.js:46 Found code blocks: 1
content.js:57 Block 0: Single line, skipping
content.js:28 Current URL: https://umineko-aabf34.netlify.app/
content.js:29 Protocol: https:
content.js:30 Hostname: umineko-aabf34.netlify.app
content.js:31 Is excluded: false
content.js:46 Found code blocks: 1
content.js:57 Block 0: Single line, skipping
content.js:28 Current URL: https://umineko-aabf34.netlify.app/
content.js:29 Protocol: https:
content.js:30 Hostname: umineko-aabf34.netlify.app
content.js:31 Is excluded: false
content.js:46 Found code blocks: 1
content.js:57 Block 0: Single line, skipping
content.js:28 Current URL: https://umineko-aabf34.netlify.app/
content.js:29 Protocol: https:
content.js:30 Hostname: umineko-aabf34.netlify.app
content.js:31 Is excluded: false
content.js:46 Found code blocks: 1
content.js:57 Block 0: Single line, skipping
content.js:28 Current URL: https://umineko-aabf34.netlify.app/
content.js:29 Protocol: https:
content.js:30 Hostname: umineko-aabf34.netlify.app
content.js:31 Is excluded: false
content.js:46 Found code blocks: 1
content.js:57 Block 0: Single line, skipping
content.js:28 Current URL: https://umineko-aabf34.netlify.app/
content.js:29 Protocol: https:
content.js:30 Hostname: umineko-aabf34.netlify.app
content.js:31 Is excluded: false
content.js:46 Found code blocks: 1
content.js:57 Block 0: Single line, skipping
content.js:28 Current URL: https://umineko-aabf34.netlify.app/
content.js:29 Protocol: https:
content.js:30 Hostname: umineko-aabf34.netlify.app
content.js:31 Is excluded: false
content.js:46 Found code blocks: 1
content.js:57 Block 0: Single line, skipping
content.js:28 Current URL: https://umineko-aabf34.netlify.app/
content.js:29 Protocol: https:
content.js:30 Hostname: umineko-aabf34.netlify.app
content.js:31 Is excluded: false
content.js:46 Found code blocks: 1
content.js:57 Block 0: Single line, skipping
content.js:28 Current URL: https://umineko-aabf34.netlify.app/
content.js:29 Protocol: https:
content.js:30 Hostname: umineko-aabf34.netlify.app
content.js:31 Is excluded: false
content.js:46 Found code blocks: 1
content.js:57 Block 0: Single line, skipping
content.js:28 Current URL: https://umineko-aabf34.netlify.app/
content.js:29 Protocol: https:
content.js:30 Hostname: umineko-aabf34.netlify.app
content.js:31 Is excluded: false
content.js:46 Found code blocks: 1
content.js:57 Block 0: Single line, skipping
content.js:28 Current URL: https://umineko-aabf34.netlify.app/
content.js:29 Protocol: https:
content.js:30 Hostname: umineko-aabf34.netlify.app
content.js:31 Is excluded: false
content.js:46 Found code blocks: 1
content.js:57 Block 0: Single line, skipping
content.js:28 Current URL: https://umineko-aabf34.netlify.app/
content.js:29 Protocol: https:
content.js:30 Hostname: umineko-aabf34.netlify.app
content.js:31 Is excluded: false
content.js:46 Found code blocks: 1
content.js:57 Block 0: Single line, skipping
content.js:28 Current URL: https://umineko-aabf34.netlify.app/
content.js:29 Protocol: https:
content.js:30 Hostname: umineko-aabf34.netlify.app
content.js:31 Is excluded: false
content.js:46 Found code blocks: 1
content.js:57 Block 0: Single line, skipping
content.js:28 Current URL: https://umineko-aabf34.netlify.app/
content.js:29 Protocol: https:
content.js:30 Hostname: umineko-aabf34.netlify.app
content.js:31 Is excluded: false
content.js:46 Found code blocks: 1
content.js:57 Block 0: Single line, skipping
state.js:59 {
  "ts": 1759885058226,
  "module": "state.js",
  "event": "position_set",
  "data": {
    "lat": 34.01898589507138,
    "lon": 131.8362271268862,
    "acc": 55
  }
}
state.js:59 {
  "ts": 1759885058226,
  "module": "mapController.js",
  "event": "marker_updated",
  "data": {
    "lat": 34.01898589507138,
    "lon": 131.8362271268862
  }
}
content.js:28 Current URL: https://umineko-aabf34.netlify.app/
content.js:29 Protocol: https:
content.js:30 Hostname: umineko-aabf34.netlify.app
content.js:31 Is excluded: false
content.js:46 Found code blocks: 1
content.js:57 Block 0: Single line, skipping
content.js:28 Current URL: https://umineko-aabf34.netlify.app/
content.js:29 Protocol: https:
content.js:30 Hostname: umineko-aabf34.netlify.app
content.js:31 Is excluded: false
content.js:46 Found code blocks: 1
content.js:57 Block 0: Single line, skipping
content.js:28 Current URL: https://umineko-aabf34.netlify.app/
content.js:29 Protocol: https:
content.js:30 Hostname: umineko-aabf34.netlify.app
content.js:31 Is excluded: false
content.js:46 Found code blocks: 1
content.js:57 Block 0: Single line, skipping
content.js:28 Current URL: https://umineko-aabf34.netlify.app/
content.js:29 Protocol: https:
content.js:30 Hostname: umineko-aabf34.netlify.app
content.js:31 Is excluded: false
content.js:46 Found code blocks: 1
content.js:57 Block 0: Single line, skipping
state.js:59 {
  "ts": 1759885071075,
  "module": "state.js",
  "event": "position_set",
  "data": {
    "lat": 34.018994668786604,
    "lon": 131.8362140208761,
    "acc": 55
  }
}
state.js:59 {
  "ts": 1759885071075,
  "module": "mapController.js",
  "event": "marker_updated",
  "data": {
    "lat": 34.018994668786604,
    "lon": 131.8362140208761
  }
}
content.js:28 Current URL: https://umineko-aabf34.netlify.app/
content.js:29 Protocol: https:
content.js:30 Hostname: umineko-aabf34.netlify.app
content.js:31 Is excluded: false
content.js:46 Found code blocks: 1
content.js:57 Block 0: Single line, skipping
content.js:28 Current URL: https://umineko-aabf34.netlify.app/
content.js:29 Protocol: https:
content.js:30 Hostname: umineko-aabf34.netlify.app
content.js:31 Is excluded: false
content.js:46 Found code blocks: 1
content.js:57 Block 0: Single line, skipping
content.js:28 Current URL: https://umineko-aabf34.netlify.app/
content.js:29 Protocol: https:
content.js:30 Hostname: umineko-aabf34.netlify.app
content.js:31 Is excluded: false
content.js:46 Found code blocks: 1
content.js:57 Block 0: Single line, skipping
state.js:59 {
  "ts": 1759885074330,
  "module": "mapController.js",
  "event": "reset_rotation",
  "data": {
    "reason": "low_accuracy",
    "mode": "heading-up"
  }
}
content.js:28 Current URL: https://umineko-aabf34.netlify.app/
content.js:29 Protocol: https:
content.js:30 Hostname: umineko-aabf34.netlify.app
content.js:31 Is excluded: false
content.js:46 Found code blocks: 1
content.js:57 Block 0: Single line, skipping
content.js:28 Current URL: https://umineko-aabf34.netlify.app/
content.js:29 Protocol: https:
content.js:30 Hostname: umineko-aabf34.netlify.app
content.js:31 Is excluded: false
content.js:46 Found code blocks: 1
content.js:57 Block 0: Single line, skipping
state.js:59 {
  "ts": 1759885075940,
  "module": "mapController.js",
  "event": "reset_rotation",
  "data": {
    "reason": "low_accuracy",
    "mode": "heading-up"
  }
}
content.js:28 Current URL: https://umineko-aabf34.netlify.app/
content.js:29 Protocol: https:
content.js:30 Hostname: umineko-aabf34.netlify.app
content.js:31 Is excluded: false
content.js:46 Found code blocks: 1
content.js:57 Block 0: Single line, skipping
content.js:28 Current URL: https://umineko-aabf34.netlify.app/
content.js:29 Protocol: https:
content.js:30 Hostname: umineko-aabf34.netlify.app
content.js:31 Is excluded: false
content.js:46 Found code blocks: 1
content.js:57 Block 0: Single line, skipping
content.js:28 Current URL: https://umineko-aabf34.netlify.app/
content.js:29 Protocol: https:
content.js:30 Hostname: umineko-aabf34.netlify.app
content.js:31 Is excluded: false
content.js:46 Found code blocks: 1
content.js:57 Block 0: Single line, skipping
content.js:28 Current URL: https://umineko-aabf34.netlify.app/
content.js:29 Protocol: https:
content.js:30 Hostname: umineko-aabf34.netlify.app
content.js:31 Is excluded: false
content.js:46 Found code blocks: 1
content.js:57 Block 0: Single line, skipping
content.js:28 Current URL: https://umineko-aabf34.netlify.app/
content.js:29 Protocol: https:
content.js:30 Hostname: umineko-aabf34.netlify.app
content.js:31 Is excluded: false
content.js:46 Found code blocks: 1
content.js:57 Block 0: Single line, skipping
content.js:28 Current URL: https://umineko-aabf34.netlify.app/
content.js:29 Protocol: https:
content.js:30 Hostname: umineko-aabf34.netlify.app
content.js:31 Is excluded: false
content.js:46 Found code blocks: 1
content.js:57 Block 0: Single line, skipping
content.js:28 Current URL: https://umineko-aabf34.netlify.app/
content.js:29 Protocol: https:
content.js:30 Hostname: umineko-aabf34.netlify.app
content.js:31 Is excluded: false
content.js:46 Found code blocks: 1
content.js:57 Block 0: Single line, skipping
content.js:28 Current URL: https://umineko-aabf34.netlify.app/
content.js:29 Protocol: https:
content.js:30 Hostname: umineko-aabf34.netlify.app
content.js:31 Is excluded: false
content.js:46 Found code blocks: 1
content.js:57 Block 0: Single line, skipping
content.js:28 Current URL: https://umineko-aabf34.netlify.app/
content.js:29 Protocol: https:
content.js:30 Hostname: umineko-aabf34.netlify.app
content.js:31 Is excluded: false
content.js:46 Found code blocks: 1
content.js:57 Block 0: Single line, skipping
content.js:28 Current URL: https://umineko-aabf34.netlify.app/
content.js:29 Protocol: https:
content.js:30 Hostname: umineko-aabf34.netlify.app
content.js:31 Is excluded: false
content.js:46 Found code blocks: 1
content.js:57 Block 0: Single line, skipping
content.js:28 Current URL: https://umineko-aabf34.netlify.app/
content.js:29 Protocol: https:
content.js:30 Hostname: umineko-aabf34.netlify.app
content.js:31 Is excluded: false
content.js:46 Found code blocks: 1
content.js:57 Block 0: Single line, skipping
content.js:28 Current URL: https://umineko-aabf34.netlify.app/
content.js:29 Protocol: https:
content.js:30 Hostname: umineko-aabf34.netlify.app
content.js:31 Is excluded: false
content.js:46 Found code blocks: 1
content.js:57 Block 0: Single line, skipping
content.js:28 Current URL: https://umineko-aabf34.netlify.app/
content.js:29 Protocol: https:
content.js:30 Hostname: umineko-aabf34.netlify.app
content.js:31 Is excluded: false
content.js:46 Found code blocks: 1
content.js:57 Block 0: Single line, skipping
content.js:28 Current URL: https://umineko-aabf34.netlify.app/
content.js:29 Protocol: https:
content.js:30 Hostname: umineko-aabf34.netlify.app
content.js:31 Is excluded: false
content.js:46 Found code blocks: 1
content.js:57 Block 0: Single line, skipping
content.js:28 Current URL: https://umineko-aabf34.netlify.app/
content.js:29 Protocol: https:
content.js:30 Hostname: umineko-aabf34.netlify.app
content.js:31 Is excluded: false
content.js:46 Found code blocks: 1
content.js:57 Block 0: Single line, skipping
content.js:28 Current URL: https://umineko-aabf34.netlify.app/
content.js:29 Protocol: https:
content.js:30 Hostname: umineko-aabf34.netlify.app
content.js:31 Is excluded: false
content.js:46 Found code blocks: 1
content.js:57 Block 0: Single line, skipping
content.js:28 Current URL: https://umineko-aabf34.netlify.app/
content.js:29 Protocol: https:
content.js:30 Hostname: umineko-aabf34.netlify.app
content.js:31 Is excluded: false
content.js:46 Found code blocks: 1
content.js:57 Block 0: Single line, skipping
content.js:28 Current URL: https://umineko-aabf34.netlify.app/
content.js:29 Protocol: https:
content.js:30 Hostname: umineko-aabf34.netlify.app
content.js:31 Is excluded: false
content.js:46 Found code blocks: 1
content.js:57 Block 0: Single line, skipping
content.js:28 Current URL: https://umineko-aabf34.netlify.app/
content.js:29 Protocol: https:
content.js:30 Hostname: umineko-aabf34.netlify.app
content.js:31 Is excluded: false
content.js:46 Found code blocks: 1
content.js:57 Block 0: Single line, skipping
content.js:28 Current URL: https://umineko-aabf34.netlify.app/
content.js:29 Protocol: https:
content.js:30 Hostname: umineko-aabf34.netlify.app
content.js:31 Is excluded: false
content.js:46 Found code blocks: 1
content.js:57 Block 0: Single line, skipping
content.js:28 Current URL: https://umineko-aabf34.netlify.app/
content.js:29 Protocol: https:
content.js:30 Hostname: umineko-aabf34.netlify.app
content.js:31 Is excluded: false
content.js:46 Found code blocks: 1
content.js:57 Block 0: Single line, skipping
content.js:28 Current URL: https://umineko-aabf34.netlify.app/
content.js:29 Protocol: https:
content.js:30 Hostname: umineko-aabf34.netlify.app
content.js:31 Is excluded: false
content.js:46 Found code blocks: 1
content.js:57 Block 0: Single line, skipping
content.js:28 Current URL: https://umineko-aabf34.netlify.app/
content.js:29 Protocol: https:
content.js:30 Hostname: umineko-aabf34.netlify.app
content.js:31 Is excluded: false
content.js:46 Found code blocks: 1
content.js:57 Block 0: Single line, skipping
content.js:28 Current URL: https://umineko-aabf34.netlify.app/
content.js:29 Protocol: https:
content.js:30 Hostname: umineko-aabf34.netlify.app
content.js:31 Is excluded: false
content.js:46 Found code blocks: 1
content.js:57 Block 0: Single line, skipping
content.js:28 Current URL: https://umineko-aabf34.netlify.app/
content.js:29 Protocol: https:
content.js:30 Hostname: umineko-aabf34.netlify.app
content.js:31 Is excluded: false
content.js:46 Found code blocks: 1
content.js:57 Block 0: Single line, skipping
content.js:28 Current URL: https://umineko-aabf34.netlify.app/
content.js:29 Protocol: https:
content.js:30 Hostname: umineko-aabf34.netlify.app
content.js:31 Is excluded: false
content.js:46 Found code blocks: 1
content.js:57 Block 0: Single line, skipping
content.js:28 Current URL: https://umineko-aabf34.netlify.app/
content.js:29 Protocol: https:
content.js:30 Hostname: umineko-aabf34.netlify.app
content.js:31 Is excluded: false
content.js:46 Found code blocks: 1
content.js:57 Block 0: Single line, skipping
content.js:28 Current URL: https://umineko-aabf34.netlify.app/
content.js:29 Protocol: https:
content.js:30 Hostname: umineko-aabf34.netlify.app
content.js:31 Is excluded: false
content.js:46 Found code blocks: 1
content.js:57 Block 0: Single line, skipping
content.js:28 Current URL: https://umineko-aabf34.netlify.app/
content.js:29 Protocol: https:
content.js:30 Hostname: umineko-aabf34.netlify.app
content.js:31 Is excluded: false
content.js:46 Found code blocks: 1
content.js:57 Block 0: Single line, skipping
content.js:28 Current URL: https://umineko-aabf34.netlify.app/
content.js:29 Protocol: https:
content.js:30 Hostname: umineko-aabf34.netlify.app
content.js:31 Is excluded: false
content.js:46 Found code blocks: 1
content.js:57 Block 0: Single line, skipping
content.js:28 Current URL: https://umineko-aabf34.netlify.app/
content.js:29 Protocol: https:
content.js:30 Hostname: umineko-aabf34.netlify.app
content.js:31 Is excluded: false
content.js:46 Found code blocks: 1
content.js:57 Block 0: Single line, skipping
content.js:28 Current URL: https://umineko-aabf34.netlify.app/
content.js:29 Protocol: https:
content.js:30 Hostname: umineko-aabf34.netlify.app
content.js:31 Is excluded: false
content.js:46 Found code blocks: 1
content.js:57 Block 0: Single line, skipping
content.js:28 Current URL: https://umineko-aabf34.netlify.app/
content.js:29 Protocol: https:
content.js:30 Hostname: umineko-aabf34.netlify.app
content.js:31 Is excluded: false
content.js:46 Found code blocks: 1
content.js:57 Block 0: Single line, skipping
content.js:28 Current URL: https://umineko-aabf34.netlify.app/
content.js:29 Protocol: https:
content.js:30 Hostname: umineko-aabf34.netlify.app
content.js:31 Is excluded: false
content.js:46 Found code blocks: 1
content.js:57 Block 0: Single line, skipping
content.js:28 Current URL: https://umineko-aabf34.netlify.app/
content.js:29 Protocol: https:
content.js:30 Hostname: umineko-aabf34.netlify.app
content.js:31 Is excluded: false
content.js:46 Found code blocks: 1
content.js:57 Block 0: Single line, skipping
content.js:28 Current URL: https://umineko-aabf34.netlify.app/
content.js:29 Protocol: https:
content.js:30 Hostname: umineko-aabf34.netlify.app
content.js:31 Is excluded: false
content.js:46 Found code blocks: 1
content.js:57 Block 0: Single line, skipping
content.js:28 Current URL: https://umineko-aabf34.netlify.app/
content.js:29 Protocol: https:
content.js:30 Hostname: umineko-aabf34.netlify.app
content.js:31 Is excluded: false
content.js:46 Found code blocks: 1
content.js:57 Block 0: Single line, skipping
content.js:28 Current URL: https://umineko-aabf34.netlify.app/
content.js:29 Protocol: https:
content.js:30 Hostname: umineko-aabf34.netlify.app
content.js:31 Is excluded: false
content.js:46 Found code blocks: 1
content.js:57 Block 0: Single line, skipping
content.js:28 Current URL: https://umineko-aabf34.netlify.app/
content.js:29 Protocol: https:
content.js:30 Hostname: umineko-aabf34.netlify.app
content.js:31 Is excluded: false
content.js:46 Found code blocks: 1
content.js:57 Block 0: Single line, skipping
content.js:28 Current URL: https://umineko-aabf34.netlify.app/
content.js:29 Protocol: https:
content.js:30 Hostname: umineko-aabf34.netlify.app
content.js:31 Is excluded: false
content.js:46 Found code blocks: 1
content.js:57 Block 0: Single line, skipping
content.js:28 Current URL: https://umineko-aabf34.netlify.app/
content.js:29 Protocol: https:
content.js:30 Hostname: umineko-aabf34.netlify.app
content.js:31 Is excluded: false
content.js:46 Found code blocks: 1
content.js:57 Block 0: Single line, skipping
content.js:28 Current URL: https://umineko-aabf34.netlify.app/
content.js:29 Protocol: https:
content.js:30 Hostname: umineko-aabf34.netlify.app
content.js:31 Is excluded: false
content.js:46 Found code blocks: 1
content.js:57 Block 0: Single line, skipping
content.js:28 Current URL: https://umineko-aabf34.netlify.app/
content.js:29 Protocol: https:
content.js:30 Hostname: umineko-aabf34.netlify.app
content.js:31 Is excluded: false
content.js:46 Found code blocks: 1
content.js:57 Block 0: Single line, skipping
content.js:28 Current URL: https://umineko-aabf34.netlify.app/
content.js:29 Protocol: https:
content.js:30 Hostname: umineko-aabf34.netlify.app
content.js:31 Is excluded: false
content.js:46 Found code blocks: 1
content.js:57 Block 0: Single line, skipping
content.js:28 Current URL: https://umineko-aabf34.netlify.app/
content.js:29 Protocol: https:
content.js:30 Hostname: umineko-aabf34.netlify.app
content.js:31 Is excluded: false
content.js:46 Found code blocks: 1
content.js:57 Block 0: Single line, skipping
content.js:28 Current URL: https://umineko-aabf34.netlify.app/
content.js:29 Protocol: https:
content.js:30 Hostname: umineko-aabf34.netlify.app
content.js:31 Is excluded: false
content.js:46 Found code blocks: 1
content.js:57 Block 0: Single line, skipping
content.js:28 Current URL: https://umineko-aabf34.netlify.app/
content.js:29 Protocol: https:
content.js:30 Hostname: umineko-aabf34.netlify.app
content.js:31 Is excluded: false
content.js:46 Found code blocks: 1
content.js:57 Block 0: Single line, skipping
content.js:28 Current URL: https://umineko-aabf34.netlify.app/
content.js:29 Protocol: https:
content.js:30 Hostname: umineko-aabf34.netlify.app
content.js:31 Is excluded: false
content.js:46 Found code blocks: 1
content.js:57 Block 0: Single line, skipping
content.js:28 Current URL: https://umineko-aabf34.netlify.app/
content.js:29 Protocol: https:
content.js:30 Hostname: umineko-aabf34.netlify.app
content.js:31 Is excluded: false
content.js:46 Found code blocks: 1
content.js:57 Block 0: Single line, skipping
content.js:28 Current URL: https://umineko-aabf34.netlify.app/
content.js:29 Protocol: https:
content.js:30 Hostname: umineko-aabf34.netlify.app
content.js:31 Is excluded: false
content.js:46 Found code blocks: 1
content.js:57 Block 0: Single line, skipping
content.js:28 Current URL: https://umineko-aabf34.netlify.app/
content.js:29 Protocol: https:
content.js:30 Hostname: umineko-aabf34.netlify.app
content.js:31 Is excluded: false
content.js:46 Found code blocks: 1
content.js:57 Block 0: Single line, skipping
content.js:28 Current URL: https://umineko-aabf34.netlify.app/
content.js:29 Protocol: https:
content.js:30 Hostname: umineko-aabf34.netlify.app
content.js:31 Is excluded: false
content.js:46 Found code blocks: 1
content.js:57 Block 0: Single line, skipping
content.js:28 Current URL: https://umineko-aabf34.netlify.app/
content.js:29 Protocol: https:
content.js:30 Hostname: umineko-aabf34.netlify.app
content.js:31 Is excluded: false
content.js:46 Found code blocks: 1
content.js:57 Block 0: Single line, skipping
content.js:28 Current URL: https://umineko-aabf34.netlify.app/
content.js:29 Protocol: https:
content.js:30 Hostname: umineko-aabf34.netlify.app
content.js:31 Is excluded: false
content.js:46 Found code blocks: 1
content.js:57 Block 0: Single line, skipping
content.js:28 Current URL: https://umineko-aabf34.netlify.app/
content.js:29 Protocol: https:
content.js:30 Hostname: umineko-aabf34.netlify.app
content.js:31 Is excluded: false
content.js:46 Found code blocks: 1
content.js:57 Block 0: Single line, skipping
content.js:28 Current URL: https://umineko-aabf34.netlify.app/
content.js:29 Protocol: https:
content.js:30 Hostname: umineko-aabf34.netlify.app
content.js:31 Is excluded: false
content.js:46 Found code blocks: 1
content.js:57 Block 0: Single line, skipping
content.js:28 Current URL: https://umineko-aabf34.netlify.app/
content.js:29 Protocol: https:
content.js:30 Hostname: umineko-aabf34.netlify.app
content.js:31 Is excluded: false
content.js:46 Found code blocks: 1
content.js:57 Block 0: Single line, skipping
content.js:28 Current URL: https://umineko-aabf34.netlify.app/
content.js:29 Protocol: https:
content.js:30 Hostname: umineko-aabf34.netlify.app
content.js:31 Is excluded: false
content.js:46 Found code blocks: 1
content.js:57 Block 0: Single line, skipping
content.js:28 Current URL: https://umineko-aabf34.netlify.app/
content.js:29 Protocol: https:
content.js:30 Hostname: umineko-aabf34.netlify.app
content.js:31 Is excluded: false
content.js:46 Found code blocks: 1
content.js:57 Block 0: Single line, skipping
content.js:28 Current URL: https://umineko-aabf34.netlify.app/
content.js:29 Protocol: https:
content.js:30 Hostname: umineko-aabf34.netlify.app
content.js:31 Is excluded: false
content.js:46 Found code blocks: 1
content.js:57 Block 0: Single line, skipping
content.js:28 Current URL: https://umineko-aabf34.netlify.app/
content.js:29 Protocol: https:
content.js:30 Hostname: umineko-aabf34.netlify.app
content.js:31 Is excluded: false
content.js:46 Found code blocks: 1
content.js:57 Block 0: Single line, skipping
content.js:28 Current URL: https://umineko-aabf34.netlify.app/
content.js:29 Protocol: https:
content.js:30 Hostname: umineko-aabf34.netlify.app
content.js:31 Is excluded: false
content.js:46 Found code blocks: 1
content.js:57 Block 0: Single line, skipping
content.js:28 Current URL: https://umineko-aabf34.netlify.app/
content.js:29 Protocol: https:
content.js:30 Hostname: umineko-aabf34.netlify.app
content.js:31 Is excluded: false
content.js:46 Found code blocks: 1
content.js:57 Block 0: Single line, skipping
content.js:28 Current URL: https://umineko-aabf34.netlify.app/
content.js:29 Protocol: https:
content.js:30 Hostname: umineko-aabf34.netlify.app
content.js:31 Is excluded: false
content.js:46 Found code blocks: 1
content.js:57 Block 0: Single line, skipping
content.js:28 Current URL: https://umineko-aabf34.netlify.app/
content.js:29 Protocol: https:
content.js:30 Hostname: umineko-aabf34.netlify.app
content.js:31 Is excluded: false
content.js:46 Found code blocks: 1
content.js:57 Block 0: Single line, skipping
content.js:28 Current URL: https://umineko-aabf34.netlify.app/
content.js:29 Protocol: https:
content.js:30 Hostname: umineko-aabf34.netlify.app
content.js:31 Is excluded: false
content.js:46 Found code blocks: 1
content.js:57 Block 0: Single line, skipping
content.js:28 Current URL: https://umineko-aabf34.netlify.app/
content.js:29 Protocol: https:
content.js:30 Hostname: umineko-aabf34.netlify.app
content.js:31 Is excluded: false
content.js:46 Found code blocks: 1
content.js:57 Block 0: Single line, skipping
content.js:28 Current URL: https://umineko-aabf34.netlify.app/
content.js:29 Protocol: https:
content.js:30 Hostname: umineko-aabf34.netlify.app
content.js:31 Is excluded: false
content.js:46 Found code blocks: 1
content.js:57 Block 0: Single line, skipping
content.js:28 Current URL: https://umineko-aabf34.netlify.app/
content.js:29 Protocol: https:
content.js:30 Hostname: umineko-aabf34.netlify.app
content.js:31 Is excluded: false
content.js:46 Found code blocks: 1
content.js:57 Block 0: Single line, skipping
