/favicon.ico:1  Failed to load resource: the server responded with a status of 404 ()
content.js:30 Hostname: umineko-aabf34.netlify.app
content.js:31 Is excluded: false
content.js:46 Found code blocks: 1
content.js:57 Block 0: Single line, skipping
content.js:28 Current URL: https://umineko-aabf34.netlify.app/
content.js:29 Protocol: https:
content.js:30 Hostname: umineko-aabf34.netlify.app
content.js:31 Is excluded: false
content.js:46 Found code blocks: 1
content.js:57 Block 0: Single line, skipping
content.js:28 Current URL: https://umineko-aabf34.netlify.app/
content.js:29 Protocol: https:
content.js:30 Hostname: umineko-aabf34.netlify.app
content.js:31 Is excluded: false
content.js:46 Found code blocks: 1
content.js:57 Block 0: Single line, skipping
content.js:28 Current URL: https://umineko-aabf34.netlify.app/
content.js:29 Protocol: https:
content.js:30 Hostname: umineko-aabf34.netlify.app
content.js:31 Is excluded: false
content.js:46 Found code blocks: 1
content.js:57 Block 0: Single line, skipping
content.js:28 Current URL: https://umineko-aabf34.netlify.app/
content.js:29 Protocol: https:
content.js:30 Hostname: umineko-aabf34.netlify.app
content.js:31 Is excluded: false
content.js:46 Found code blocks: 1
content.js:57 Block 0: Single line, skipping
content.js:28 Current URL: https://umineko-aabf34.netlify.app/
content.js:29 Protocol: https:
content.js:30 Hostname: umineko-aabf34.netlify.app
content.js:31 Is excluded: false
content.js:46 Found code blocks: 1
content.js:57 Block 0: Single line, skipping
content.js:28 Current URL: https://umineko-aabf34.netlify.app/
content.js:29 Protocol: https:
content.js:30 Hostname: umineko-aabf34.netlify.app
content.js:31 Is excluded: false
content.js:46 Found code blocks: 1
content.js:57 Block 0: Single line, skipping
content.js:28 Current URL: https://umineko-aabf34.netlify.app/
content.js:29 Protocol: https:
content.js:30 Hostname: umineko-aabf34.netlify.app
content.js:31 Is excluded: false
content.js:46 Found code blocks: 1
content.js:57 Block 0: Single line, skipping
content.js:28 Current URL: https://umineko-aabf34.netlify.app/
content.js:29 Protocol: https:
content.js:30 Hostname: umineko-aabf34.netlify.app
content.js:31 Is excluded: false
content.js:46 Found code blocks: 1
content.js:57 Block 0: Single line, skipping
content.js:28 Current URL: https://umineko-aabf34.netlify.app/
content.js:29 Protocol: https:
content.js:30 Hostname: umineko-aabf34.netlify.app
content.js:31 Is excluded: false
content.js:46 Found code blocks: 1
content.js:57 Block 0: Single line, skipping
content.js:28 Current URL: https://umineko-aabf34.netlify.app/
content.js:29 Protocol: https:
content.js:30 Hostname: umineko-aabf34.netlify.app
content.js:31 Is excluded: false
content.js:46 Found code blocks: 1
content.js:57 Block 0: Single line, skipping
content.js:28 Current URL: https://umineko-aabf34.netlify.app/
content.js:29 Protocol: https:
content.js:30 Hostname: umineko-aabf34.netlify.app
content.js:31 Is excluded: false
content.js:46 Found code blocks: 1
content.js:57 Block 0: Single line, skipping
content.js:28 Current URL: https://umineko-aabf34.netlify.app/
content.js:29 Protocol: https:
content.js:30 Hostname: umineko-aabf34.netlify.app
content.js:31 Is excluded: false
content.js:46 Found code blocks: 1
content.js:57 Block 0: Single line, skipping
content.js:28 Current URL: https://umineko-aabf34.netlify.app/
content.js:29 Protocol: https:
content.js:30 Hostname: umineko-aabf34.netlify.app
content.js:31 Is excluded: false
content.js:46 Found code blocks: 1
content.js:57 Block 0: Single line, skipping
content.js:28 Current URL: https://umineko-aabf34.netlify.app/
content.js:29 Protocol: https:
content.js:30 Hostname: umineko-aabf34.netlify.app
content.js:31 Is excluded: false
content.js:46 Found code blocks: 1
content.js:57 Block 0: Single line, skipping
content.js:28 Current URL: https://umineko-aabf34.netlify.app/
content.js:29 Protocol: https:
content.js:30 Hostname: umineko-aabf34.netlify.app
content.js:31 Is excluded: false
content.js:46 Found code blocks: 1
content.js:57 Block 0: Single line, skipping
content.js:28 Current URL: https://umineko-aabf34.netlify.app/
content.js:29 Protocol: https:
content.js:30 Hostname: umineko-aabf34.netlify.app
content.js:31 Is excluded: false
content.js:46 Found code blocks: 1
content.js:57 Block 0: Single line, skipping
content.js:28 Current URL: https://umineko-aabf34.netlify.app/
content.js:29 Protocol: https:
content.js:30 Hostname: umineko-aabf34.netlify.app
content.js:31 Is excluded: false
content.js:46 Found code blocks: 1
content.js:57 Block 0: Single line, skipping
content.js:28 Current URL: https://umineko-aabf34.netlify.app/
content.js:29 Protocol: https:
content.js:30 Hostname: umineko-aabf34.netlify.app
content.js:31 Is excluded: false
content.js:46 Found code blocks: 1
content.js:57 Block 0: Single line, skipping
content.js:28 Current URL: https://umineko-aabf34.netlify.app/
content.js:29 Protocol: https:
content.js:30 Hostname: umineko-aabf34.netlify.app
content.js:31 Is excluded: false
content.js:46 Found code blocks: 1
content.js:57 Block 0: Single line, skipping
content.js:28 Current URL: https://umineko-aabf34.netlify.app/
content.js:29 Protocol: https:
content.js:30 Hostname: umineko-aabf34.netlify.app
content.js:31 Is excluded: false
content.js:46 Found code blocks: 1
content.js:57 Block 0: Single line, skipping
content.js:28 Current URL: https://umineko-aabf34.netlify.app/
content.js:29 Protocol: https:
content.js:30 Hostname: umineko-aabf34.netlify.app
content.js:31 Is excluded: false
content.js:46 Found code blocks: 1
content.js:57 Block 0: Single line, skipping
content.js:28 Current URL: https://umineko-aabf34.netlify.app/
content.js:29 Protocol: https:
content.js:30 Hostname: umineko-aabf34.netlify.app
content.js:31 Is excluded: false
content.js:46 Found code blocks: 1
content.js:57 Block 0: Single line, skipping
content.js:28 Current URL: https://umineko-aabf34.netlify.app/
content.js:29 Protocol: https:
content.js:30 Hostname: umineko-aabf34.netlify.app
content.js:31 Is excluded: false
content.js:46 Found code blocks: 1
content.js:57 Block 0: Single line, skipping
content.js:28 Current URL: https://umineko-aabf34.netlify.app/
content.js:29 Protocol: https:
content.js:30 Hostname: umineko-aabf34.netlify.app
content.js:31 Is excluded: false
content.js:46 Found code blocks: 1
content.js:57 Block 0: Single line, skipping
content.js:28 Current URL: https://umineko-aabf34.netlify.app/
content.js:29 Protocol: https:
content.js:30 Hostname: umineko-aabf34.netlify.app
content.js:31 Is excluded: false
content.js:46 Found code blocks: 1
content.js:57 Block 0: Single line, skipping
content.js:28 Current URL: https://umineko-aabf34.netlify.app/
content.js:29 Protocol: https:
content.js:30 Hostname: umineko-aabf34.netlify.app
content.js:31 Is excluded: false
content.js:46 Found code blocks: 1
content.js:57 Block 0: Single line, skipping
content.js:28 Current URL: https://umineko-aabf34.netlify.app/
content.js:29 Protocol: https:
content.js:30 Hostname: umineko-aabf34.netlify.app
content.js:31 Is excluded: false
content.js:46 Found code blocks: 1
content.js:57 Block 0: Single line, skipping
content.js:28 Current URL: https://umineko-aabf34.netlify.app/
content.js:29 Protocol: https:
content.js:30 Hostname: umineko-aabf34.netlify.app
content.js:31 Is excluded: false
content.js:46 Found code blocks: 1
content.js:57 Block 0: Single line, skipping
content.js:28 Current URL: https://umineko-aabf34.netlify.app/
content.js:29 Protocol: https:
content.js:30 Hostname: umineko-aabf34.netlify.app
content.js:31 Is excluded: false
content.js:46 Found code blocks: 1
content.js:57 Block 0: Single line, skipping
content.js:28 Current URL: https://umineko-aabf34.netlify.app/
content.js:29 Protocol: https:
content.js:30 Hostname: umineko-aabf34.netlify.app
content.js:31 Is excluded: false
content.js:46 Found code blocks: 1
content.js:57 Block 0: Single line, skipping
content.js:28 Current URL: https://umineko-aabf34.netlify.app/
content.js:29 Protocol: https:
content.js:30 Hostname: umineko-aabf34.netlify.app
content.js:31 Is excluded: false
content.js:46 Found code blocks: 1
content.js:57 Block 0: Single line, skipping
content.js:28 Current URL: https://umineko-aabf34.netlify.app/
content.js:29 Protocol: https:
content.js:30 Hostname: umineko-aabf34.netlify.app
content.js:31 Is excluded: false
content.js:46 Found code blocks: 1
content.js:57 Block 0: Single line, skipping
content.js:28 Current URL: https://umineko-aabf34.netlify.app/
content.js:29 Protocol: https:
content.js:30 Hostname: umineko-aabf34.netlify.app
content.js:31 Is excluded: false
content.js:46 Found code blocks: 1
content.js:57 Block 0: Single line, skipping
content.js:28 Current URL: https://umineko-aabf34.netlify.app/
content.js:29 Protocol: https:
content.js:30 Hostname: umineko-aabf34.netlify.app
content.js:31 Is excluded: false
content.js:46 Found code blocks: 1
content.js:57 Block 0: Single line, skipping
content.js:28 Current URL: https://umineko-aabf34.netlify.app/
content.js:29 Protocol: https:
content.js:30 Hostname: umineko-aabf34.netlify.app
content.js:31 Is excluded: false
content.js:46 Found code blocks: 1
content.js:57 Block 0: Single line, skipping
content.js:28 Current URL: https://umineko-aabf34.netlify.app/
content.js:29 Protocol: https:
content.js:30 Hostname: umineko-aabf34.netlify.app
content.js:31 Is excluded: false
content.js:46 Found code blocks: 1
content.js:57 Block 0: Single line, skipping
content.js:28 Current URL: https://umineko-aabf34.netlify.app/
content.js:29 Protocol: https:
content.js:30 Hostname: umineko-aabf34.netlify.app
content.js:31 Is excluded: false
content.js:46 Found code blocks: 1
content.js:57 Block 0: Single line, skipping
content.js:28 Current URL: https://umineko-aabf34.netlify.app/
content.js:29 Protocol: https:
content.js:30 Hostname: umineko-aabf34.netlify.app
content.js:31 Is excluded: false
content.js:46 Found code blocks: 1
content.js:57 Block 0: Single line, skipping
content.js:28 Current URL: https://umineko-aabf34.netlify.app/
content.js:29 Protocol: https:
content.js:30 Hostname: umineko-aabf34.netlify.app
content.js:31 Is excluded: false
content.js:46 Found code blocks: 1
content.js:57 Block 0: Single line, skipping
content.js:28 Current URL: https://umineko-aabf34.netlify.app/
content.js:29 Protocol: https:
content.js:30 Hostname: umineko-aabf34.netlify.app
content.js:31 Is excluded: false
content.js:46 Found code blocks: 1
content.js:57 Block 0: Single line, skipping
content.js:28 Current URL: https://umineko-aabf34.netlify.app/
content.js:29 Protocol: https:
content.js:30 Hostname: umineko-aabf34.netlify.app
content.js:31 Is excluded: false
content.js:46 Found code blocks: 1
content.js:57 Block 0: Single line, skipping
content.js:28 Current URL: https://umineko-aabf34.netlify.app/
content.js:29 Protocol: https:
content.js:30 Hostname: umineko-aabf34.netlify.app
content.js:31 Is excluded: false
content.js:46 Found code blocks: 1
content.js:57 Block 0: Single line, skipping
content.js:28 Current URL: https://umineko-aabf34.netlify.app/
content.js:29 Protocol: https:
content.js:30 Hostname: umineko-aabf34.netlify.app
content.js:31 Is excluded: false
content.js:46 Found code blocks: 1
content.js:57 Block 0: Single line, skipping
content.js:28 Current URL: https://umineko-aabf34.netlify.app/
content.js:29 Protocol: https:
content.js:30 Hostname: umineko-aabf34.netlify.app
content.js:31 Is excluded: false
content.js:46 Found code blocks: 1
content.js:57 Block 0: Single line, skipping
content.js:28 Current URL: https://umineko-aabf34.netlify.app/
content.js:29 Protocol: https:
content.js:30 Hostname: umineko-aabf34.netlify.app
content.js:31 Is excluded: false
content.js:46 Found code blocks: 1
content.js:57 Block 0: Single line, skipping
content.js:28 Current URL: https://umineko-aabf34.netlify.app/
content.js:29 Protocol: https:
content.js:30 Hostname: umineko-aabf34.netlify.app
content.js:31 Is excluded: false
content.js:46 Found code blocks: 1
content.js:57 Block 0: Single line, skipping
content.js:28 Current URL: https://umineko-aabf34.netlify.app/
content.js:29 Protocol: https:
content.js:30 Hostname: umineko-aabf34.netlify.app
content.js:31 Is excluded: false
content.js:46 Found code blocks: 1
content.js:57 Block 0: Single line, skipping
content.js:28 Current URL: https://umineko-aabf34.netlify.app/
content.js:29 Protocol: https:
content.js:30 Hostname: umineko-aabf34.netlify.app
content.js:31 Is excluded: false
content.js:46 Found code blocks: 1
content.js:57 Block 0: Single line, skipping
content.js:28 Current URL: https://umineko-aabf34.netlify.app/
content.js:29 Protocol: https:
content.js:30 Hostname: umineko-aabf34.netlify.app
content.js:31 Is excluded: false
content.js:46 Found code blocks: 1
content.js:57 Block 0: Single line, skipping
content.js:28 Current URL: https://umineko-aabf34.netlify.app/
content.js:29 Protocol: https:
content.js:30 Hostname: umineko-aabf34.netlify.app
content.js:31 Is excluded: false
content.js:46 Found code blocks: 1
content.js:57 Block 0: Single line, skipping
content.js:28 Current URL: https://umineko-aabf34.netlify.app/
content.js:29 Protocol: https:
content.js:30 Hostname: umineko-aabf34.netlify.app
content.js:31 Is excluded: false
content.js:46 Found code blocks: 1
content.js:57 Block 0: Single line, skipping
content.js:28 Current URL: https://umineko-aabf34.netlify.app/
content.js:29 Protocol: https:
content.js:30 Hostname: umineko-aabf34.netlify.app
content.js:31 Is excluded: false
content.js:46 Found code blocks: 1
content.js:57 Block 0: Single line, skipping
content.js:28 Current URL: https://umineko-aabf34.netlify.app/
content.js:29 Protocol: https:
content.js:30 Hostname: umineko-aabf34.netlify.app
content.js:31 Is excluded: false
content.js:46 Found code blocks: 1
content.js:57 Block 0: Single line, skipping
content.js:28 Current URL: https://umineko-aabf34.netlify.app/
content.js:29 Protocol: https:
content.js:30 Hostname: umineko-aabf34.netlify.app
content.js:31 Is excluded: false
content.js:46 Found code blocks: 1
content.js:57 Block 0: Single line, skipping
content.js:28 Current URL: https://umineko-aabf34.netlify.app/
content.js:29 Protocol: https:
content.js:30 Hostname: umineko-aabf34.netlify.app
content.js:31 Is excluded: false
content.js:46 Found code blocks: 1
content.js:57 Block 0: Single line, skipping
content.js:28 Current URL: https://umineko-aabf34.netlify.app/
content.js:29 Protocol: https:
content.js:30 Hostname: umineko-aabf34.netlify.app
content.js:31 Is excluded: false
content.js:46 Found code blocks: 1
content.js:57 Block 0: Single line, skipping
content.js:28 Current URL: https://umineko-aabf34.netlify.app/
content.js:29 Protocol: https:
content.js:30 Hostname: umineko-aabf34.netlify.app
content.js:31 Is excluded: false
content.js:46 Found code blocks: 1
content.js:57 Block 0: Single line, skipping
content.js:28 Current URL: https://umineko-aabf34.netlify.app/
content.js:29 Protocol: https:
content.js:30 Hostname: umineko-aabf34.netlify.app
content.js:31 Is excluded: false
content.js:46 Found code blocks: 1
content.js:57 Block 0: Single line, skipping
content.js:28 Current URL: https://umineko-aabf34.netlify.app/
content.js:29 Protocol: https:
content.js:30 Hostname: umineko-aabf34.netlify.app
content.js:31 Is excluded: false
content.js:46 Found code blocks: 1
content.js:57 Block 0: Single line, skipping
content.js:28 Current URL: https://umineko-aabf34.netlify.app/
content.js:29 Protocol: https:
content.js:30 Hostname: umineko-aabf34.netlify.app
content.js:31 Is excluded: false
content.js:46 Found code blocks: 1
content.js:57 Block 0: Single line, skipping
content.js:28 Current URL: https://umineko-aabf34.netlify.app/
content.js:29 Protocol: https:
content.js:30 Hostname: umineko-aabf34.netlify.app
content.js:31 Is excluded: false
content.js:46 Found code blocks: 1
content.js:57 Block 0: Single line, skipping
content.js:28 Current URL: https://umineko-aabf34.netlify.app/
content.js:29 Protocol: https:
content.js:30 Hostname: umineko-aabf34.netlify.app
content.js:31 Is excluded: false
content.js:46 Found code blocks: 1
content.js:57 Block 0: Single line, skipping
content.js:28 Current URL: https://umineko-aabf34.netlify.app/
content.js:29 Protocol: https:
content.js:30 Hostname: umineko-aabf34.netlify.app
content.js:31 Is excluded: false
content.js:46 Found code blocks: 1
content.js:57 Block 0: Single line, skipping
content.js:28 Current URL: https://umineko-aabf34.netlify.app/
content.js:29 Protocol: https:
content.js:30 Hostname: umineko-aabf34.netlify.app
content.js:31 Is excluded: false
content.js:46 Found code blocks: 1
content.js:57 Block 0: Single line, skipping
content.js:28 Current URL: https://umineko-aabf34.netlify.app/
content.js:29 Protocol: https:
content.js:30 Hostname: umineko-aabf34.netlify.app
content.js:31 Is excluded: false
content.js:46 Found code blocks: 1
content.js:57 Block 0: Single line, skipping
content.js:28 Current URL: https://umineko-aabf34.netlify.app/
content.js:29 Protocol: https:
content.js:30 Hostname: umineko-aabf34.netlify.app
content.js:31 Is excluded: false
content.js:46 Found code blocks: 1
content.js:57 Block 0: Single line, skipping
content.js:28 Current URL: https://umineko-aabf34.netlify.app/
content.js:29 Protocol: https:
content.js:30 Hostname: umineko-aabf34.netlify.app
content.js:31 Is excluded: false
content.js:46 Found code blocks: 1
content.js:57 Block 0: Single line, skipping
content.js:28 Current URL: https://umineko-aabf34.netlify.app/
content.js:29 Protocol: https:
content.js:30 Hostname: umineko-aabf34.netlify.app
content.js:31 Is excluded: false
content.js:46 Found code blocks: 1
content.js:57 Block 0: Single line, skipping
content.js:28 Current URL: https://umineko-aabf34.netlify.app/
content.js:29 Protocol: https:
content.js:30 Hostname: umineko-aabf34.netlify.app
content.js:31 Is excluded: false
content.js:46 Found code blocks: 1
content.js:57 Block 0: Single line, skipping
content.js:28 Current URL: https://umineko-aabf34.netlify.app/
content.js:29 Protocol: https:
content.js:30 Hostname: umineko-aabf34.netlify.app
content.js:31 Is excluded: false
content.js:46 Found code blocks: 1
content.js:57 Block 0: Single line, skipping
content.js:28 Current URL: https://umineko-aabf34.netlify.app/
content.js:29 Protocol: https:
content.js:30 Hostname: umineko-aabf34.netlify.app
content.js:31 Is excluded: false
content.js:46 Found code blocks: 1
content.js:57 Block 0: Single line, skipping
content.js:28 Current URL: https://umineko-aabf34.netlify.app/
content.js:29 Protocol: https:
content.js:30 Hostname: umineko-aabf34.netlify.app
content.js:31 Is excluded: false
content.js:46 Found code blocks: 1
content.js:57 Block 0: Single line, skipping
content.js:28 Current URL: https://umineko-aabf34.netlify.app/
content.js:29 Protocol: https:
content.js:30 Hostname: umineko-aabf34.netlify.app
content.js:31 Is excluded: false
content.js:46 Found code blocks: 1
content.js:57 Block 0: Single line, skipping
content.js:28 Current URL: https://umineko-aabf34.netlify.app/
content.js:29 Protocol: https:
content.js:30 Hostname: umineko-aabf34.netlify.app
content.js:31 Is excluded: false
content.js:46 Found code blocks: 1
content.js:57 Block 0: Single line, skipping
content.js:28 Current URL: https://umineko-aabf34.netlify.app/
content.js:29 Protocol: https:
content.js:30 Hostname: umineko-aabf34.netlify.app
content.js:31 Is excluded: false
content.js:46 Found code blocks: 1
content.js:57 Block 0: Single line, skipping
content.js:28 Current URL: https://umineko-aabf34.netlify.app/
content.js:29 Protocol: https:
content.js:30 Hostname: umineko-aabf34.netlify.app
content.js:31 Is excluded: false
content.js:46 Found code blocks: 1
content.js:57 Block 0: Single line, skipping
content.js:28 Current URL: https://umineko-aabf34.netlify.app/
content.js:29 Protocol: https:
content.js:30 Hostname: umineko-aabf34.netlify.app
content.js:31 Is excluded: false
content.js:46 Found code blocks: 1
content.js:57 Block 0: Single line, skipping
content.js:28 Current URL: https://umineko-aabf34.netlify.app/
content.js:29 Protocol: https:
content.js:30 Hostname: umineko-aabf34.netlify.app
content.js:31 Is excluded: false
content.js:46 Found code blocks: 1
content.js:57 Block 0: Single line, skipping
content.js:28 Current URL: https://umineko-aabf34.netlify.app/
content.js:29 Protocol: https:
content.js:30 Hostname: umineko-aabf34.netlify.app
content.js:31 Is excluded: false
content.js:46 Found code blocks: 1
content.js:57 Block 0: Single line, skipping
content.js:28 Current URL: https://umineko-aabf34.netlify.app/
content.js:29 Protocol: https:
content.js:30 Hostname: umineko-aabf34.netlify.app
content.js:31 Is excluded: false
content.js:46 Found code blocks: 1
content.js:57 Block 0: Single line, skipping
content.js:28 Current URL: https://umineko-aabf34.netlify.app/
content.js:29 Protocol: https:
content.js:30 Hostname: umineko-aabf34.netlify.app
content.js:31 Is excluded: false
content.js:46 Found code blocks: 1
content.js:57 Block 0: Single line, skipping
content.js:28 Current URL: https://umineko-aabf34.netlify.app/
content.js:29 Protocol: https:
content.js:30 Hostname: umineko-aabf34.netlify.app
content.js:31 Is excluded: false
content.js:46 Found code blocks: 1
content.js:57 Block 0: Single line, skipping
content.js:28 Current URL: https://umineko-aabf34.netlify.app/
content.js:29 Protocol: https:
content.js:30 Hostname: umineko-aabf34.netlify.app
content.js:31 Is excluded: false
content.js:46 Found code blocks: 1
content.js:57 Block 0: Single line, skipping
content.js:28 Current URL: https://umineko-aabf34.netlify.app/
content.js:29 Protocol: https:
content.js:30 Hostname: umineko-aabf34.netlify.app
content.js:31 Is excluded: false
content.js:46 Found code blocks: 1
content.js:57 Block 0: Single line, skipping
content.js:28 Current URL: https://umineko-aabf34.netlify.app/
content.js:29 Protocol: https:
content.js:30 Hostname: umineko-aabf34.netlify.app
content.js:31 Is excluded: false
content.js:46 Found code blocks: 1
content.js:57 Block 0: Single line, skipping
content.js:28 Current URL: https://umineko-aabf34.netlify.app/
content.js:29 Protocol: https:
content.js:30 Hostname: umineko-aabf34.netlify.app
content.js:31 Is excluded: false
content.js:46 Found code blocks: 1
content.js:57 Block 0: Single line, skipping
content.js:28 Current URL: https://umineko-aabf34.netlify.app/
content.js:29 Protocol: https:
content.js:30 Hostname: umineko-aabf34.netlify.app
content.js:31 Is excluded: false
content.js:46 Found code blocks: 1
content.js:57 Block 0: Single line, skipping
content.js:28 Current URL: https://umineko-aabf34.netlify.app/
content.js:29 Protocol: https:
content.js:30 Hostname: umineko-aabf34.netlify.app
content.js:31 Is excluded: false
content.js:46 Found code blocks: 1
content.js:57 Block 0: Single line, skipping
content.js:28 Current URL: https://umineko-aabf34.netlify.app/
content.js:29 Protocol: https:
content.js:30 Hostname: umineko-aabf34.netlify.app
content.js:31 Is excluded: false
content.js:46 Found code blocks: 1
content.js:57 Block 0: Single line, skipping
content.js:28 Current URL: https://umineko-aabf34.netlify.app/
content.js:29 Protocol: https:
content.js:30 Hostname: umineko-aabf34.netlify.app
content.js:31 Is excluded: false
content.js:46 Found code blocks: 1
content.js:57 Block 0: Single line, skipping
content.js:28 Current URL: https://umineko-aabf34.netlify.app/
content.js:29 Protocol: https:
content.js:30 Hostname: umineko-aabf34.netlify.app
content.js:31 Is excluded: false
content.js:46 Found code blocks: 1
content.js:57 Block 0: Single line, skipping
content.js:28 Current URL: https://umineko-aabf34.netlify.app/
content.js:29 Protocol: https:
content.js:30 Hostname: umineko-aabf34.netlify.app
content.js:31 Is excluded: false
content.js:46 Found code blocks: 1
content.js:57 Block 0: Single line, skipping
content.js:28 Current URL: https://umineko-aabf34.netlify.app/
content.js:29 Protocol: https:
content.js:30 Hostname: umineko-aabf34.netlify.app
content.js:31 Is excluded: false
content.js:46 Found code blocks: 1
content.js:57 Block 0: Single line, skipping
content.js:28 Current URL: https://umineko-aabf34.netlify.app/
content.js:29 Protocol: https:
content.js:30 Hostname: umineko-aabf34.netlify.app
content.js:31 Is excluded: false
content.js:46 Found code blocks: 1
content.js:57 Block 0: Single line, skipping
content.js:28 Current URL: https://umineko-aabf34.netlify.app/
content.js:29 Protocol: https:
content.js:30 Hostname: umineko-aabf34.netlify.app
content.js:31 Is excluded: false
content.js:46 Found code blocks: 1
content.js:57 Block 0: Single line, skipping
content.js:28 Current URL: https://umineko-aabf34.netlify.app/
content.js:29 Protocol: https:
content.js:30 Hostname: umineko-aabf34.netlify.app
content.js:31 Is excluded: false
content.js:46 Found code blocks: 1
content.js:57 Block 0: Single line, skipping
content.js:28 Current URL: https://umineko-aabf34.netlify.app/
content.js:29 Protocol: https:
content.js:30 Hostname: umineko-aabf34.netlify.app
content.js:31 Is excluded: false
content.js:46 Found code blocks: 1
content.js:57 Block 0: Single line, skipping
content.js:28 Current URL: https://umineko-aabf34.netlify.app/
content.js:29 Protocol: https:
content.js:30 Hostname: umineko-aabf34.netlify.app
content.js:31 Is excluded: false
content.js:46 Found code blocks: 1
content.js:57 Block 0: Single line, skipping
content.js:28 Current URL: https://umineko-aabf34.netlify.app/
content.js:29 Protocol: https:
content.js:30 Hostname: umineko-aabf34.netlify.app
content.js:31 Is excluded: false
content.js:46 Found code blocks: 1
content.js:57 Block 0: Single line, skipping
content.js:28 Current URL: https://umineko-aabf34.netlify.app/
content.js:29 Protocol: https:
content.js:30 Hostname: umineko-aabf34.netlify.app
content.js:31 Is excluded: false
content.js:46 Found code blocks: 1
content.js:57 Block 0: Single line, skipping
content.js:28 Current URL: https://umineko-aabf34.netlify.app/
content.js:29 Protocol: https:
content.js:30 Hostname: umineko-aabf34.netlify.app
content.js:31 Is excluded: false
content.js:46 Found code blocks: 1
content.js:57 Block 0: Single line, skipping
content.js:28 Current URL: https://umineko-aabf34.netlify.app/
content.js:29 Protocol: https:
content.js:30 Hostname: umineko-aabf34.netlify.app
content.js:31 Is excluded: false
content.js:46 Found code blocks: 1
content.js:57 Block 0: Single line, skipping
content.js:28 Current URL: https://umineko-aabf34.netlify.app/
content.js:29 Protocol: https:
content.js:30 Hostname: umineko-aabf34.netlify.app
content.js:31 Is excluded: false
content.js:46 Found code blocks: 1
content.js:57 Block 0: Single line, skipping
content.js:28 Current URL: https://umineko-aabf34.netlify.app/
content.js:29 Protocol: https:
content.js:30 Hostname: umineko-aabf34.netlify.app
content.js:31 Is excluded: false
content.js:46 Found code blocks: 1
content.js:57 Block 0: Single line, skipping
content.js:28 Current URL: https://umineko-aabf34.netlify.app/
content.js:29 Protocol: https:
content.js:30 Hostname: umineko-aabf34.netlify.app
content.js:31 Is excluded: false
content.js:46 Found code blocks: 1
content.js:57 Block 0: Single line, skipping
content.js:28 Current URL: https://umineko-aabf34.netlify.app/
content.js:29 Protocol: https:
content.js:30 Hostname: umineko-aabf34.netlify.app
content.js:31 Is excluded: false
content.js:46 Found code blocks: 1
content.js:57 Block 0: Single line, skipping
content.js:28 Current URL: https://umineko-aabf34.netlify.app/
content.js:29 Protocol: https:
content.js:30 Hostname: umineko-aabf34.netlify.app
content.js:31 Is excluded: false
content.js:46 Found code blocks: 1
content.js:57 Block 0: Single line, skipping
content.js:28 Current URL: https://umineko-aabf34.netlify.app/
content.js:29 Protocol: https:
content.js:30 Hostname: umineko-aabf34.netlify.app
content.js:31 Is excluded: false
content.js:46 Found code blocks: 1
content.js:57 Block 0: Single line, skipping
content.js:28 Current URL: https://umineko-aabf34.netlify.app/
content.js:29 Protocol: https:
content.js:30 Hostname: umineko-aabf34.netlify.app
content.js:31 Is excluded: false
content.js:46 Found code blocks: 1
content.js:57 Block 0: Single line, skipping
content.js:28 Current URL: https://umineko-aabf34.netlify.app/
content.js:29 Protocol: https:
content.js:30 Hostname: umineko-aabf34.netlify.app
content.js:31 Is excluded: false
content.js:46 Found code blocks: 1
content.js:57 Block 0: Single line, skipping
content.js:28 Current URL: https://umineko-aabf34.netlify.app/
content.js:29 Protocol: https:
content.js:30 Hostname: umineko-aabf34.netlify.app
content.js:31 Is excluded: false
content.js:46 Found code blocks: 1
content.js:57 Block 0: Single line, skipping
content.js:28 Current URL: https://umineko-aabf34.netlify.app/
content.js:29 Protocol: https:
content.js:30 Hostname: umineko-aabf34.netlify.app
content.js:31 Is excluded: false
content.js:46 Found code blocks: 1
content.js:57 Block 0: Single line, skipping
content.js:28 Current URL: https://umineko-aabf34.netlify.app/
content.js:29 Protocol: https:
content.js:30 Hostname: umineko-aabf34.netlify.app
content.js:31 Is excluded: false
content.js:46 Found code blocks: 1
content.js:57 Block 0: Single line, skipping
content.js:28 Current URL: https://umineko-aabf34.netlify.app/
content.js:29 Protocol: https:
content.js:30 Hostname: umineko-aabf34.netlify.app
content.js:31 Is excluded: false
content.js:46 Found code blocks: 1
content.js:57 Block 0: Single line, skipping
content.js:28 Current URL: https://umineko-aabf34.netlify.app/
content.js:29 Protocol: https:
content.js:30 Hostname: umineko-aabf34.netlify.app
content.js:31 Is excluded: false
content.js:46 Found code blocks: 1
content.js:57 Block 0: Single line, skipping
content.js:28 Current URL: https://umineko-aabf34.netlify.app/
content.js:29 Protocol: https:
content.js:30 Hostname: umineko-aabf34.netlify.app
content.js:31 Is excluded: false
content.js:46 Found code blocks: 1
content.js:57 Block 0: Single line, skipping
content.js:28 Current URL: https://umineko-aabf34.netlify.app/
content.js:29 Protocol: https:
content.js:30 Hostname: umineko-aabf34.netlify.app
content.js:31 Is excluded: false
content.js:46 Found code blocks: 1
content.js:57 Block 0: Single line, skipping
content.js:28 Current URL: https://umineko-aabf34.netlify.app/
content.js:29 Protocol: https:
content.js:30 Hostname: umineko-aabf34.netlify.app
content.js:31 Is excluded: false
content.js:46 Found code blocks: 1
content.js:57 Block 0: Single line, skipping
content.js:28 Current URL: https://umineko-aabf34.netlify.app/
content.js:29 Protocol: https:
content.js:30 Hostname: umineko-aabf34.netlify.app
content.js:31 Is excluded: false
content.js:46 Found code blocks: 1
content.js:57 Block 0: Single line, skipping
content.js:28 Current URL: https://umineko-aabf34.netlify.app/
content.js:29 Protocol: https:
content.js:30 Hostname: umineko-aabf34.netlify.app
content.js:31 Is excluded: false
content.js:46 Found code blocks: 1
content.js:57 Block 0: Single line, skipping
content.js:28 Current URL: https://umineko-aabf34.netlify.app/
content.js:29 Protocol: https:
content.js:30 Hostname: umineko-aabf34.netlify.app
content.js:31 Is excluded: false
content.js:46 Found code blocks: 1
content.js:57 Block 0: Single line, skipping
content.js:28 Current URL: https://umineko-aabf34.netlify.app/
content.js:29 Protocol: https:
content.js:30 Hostname: umineko-aabf34.netlify.app
content.js:31 Is excluded: false
content.js:46 Found code blocks: 1
content.js:57 Block 0: Single line, skipping
content.js:28 Current URL: https://umineko-aabf34.netlify.app/
content.js:29 Protocol: https:
content.js:30 Hostname: umineko-aabf34.netlify.app
content.js:31 Is excluded: false
content.js:46 Found code blocks: 1
content.js:57 Block 0: Single line, skipping
content.js:28 Current URL: https://umineko-aabf34.netlify.app/
content.js:29 Protocol: https:
content.js:30 Hostname: umineko-aabf34.netlify.app
content.js:31 Is excluded: false
content.js:46 Found code blocks: 1
content.js:57 Block 0: Single line, skipping
content.js:28 Current URL: https://umineko-aabf34.netlify.app/
content.js:29 Protocol: https:
content.js:30 Hostname: umineko-aabf34.netlify.app
content.js:31 Is excluded: false
content.js:46 Found code blocks: 1
content.js:57 Block 0: Single line, skipping
content.js:28 Current URL: https://umineko-aabf34.netlify.app/
content.js:29 Protocol: https:
content.js:30 Hostname: umineko-aabf34.netlify.app
content.js:31 Is excluded: false
content.js:46 Found code blocks: 1
content.js:57 Block 0: Single line, skipping
content.js:28 Current URL: https://umineko-aabf34.netlify.app/
content.js:29 Protocol: https:
content.js:30 Hostname: umineko-aabf34.netlify.app
content.js:31 Is excluded: false
content.js:46 Found code blocks: 1
content.js:57 Block 0: Single line, skipping
content.js:28 Current URL: https://umineko-aabf34.netlify.app/
content.js:29 Protocol: https:
content.js:30 Hostname: umineko-aabf34.netlify.app
content.js:31 Is excluded: false
content.js:46 Found code blocks: 1
content.js:57 Block 0: Single line, skipping
content.js:28 Current URL: https://umineko-aabf34.netlify.app/
content.js:29 Protocol: https:
content.js:30 Hostname: umineko-aabf34.netlify.app
content.js:31 Is excluded: false
content.js:46 Found code blocks: 1
content.js:57 Block 0: Single line, skipping
content.js:28 Current URL: https://umineko-aabf34.netlify.app/
content.js:29 Protocol: https:
content.js:30 Hostname: umineko-aabf34.netlify.app
content.js:31 Is excluded: false
content.js:46 Found code blocks: 1
content.js:57 Block 0: Single line, skipping
content.js:28 Current URL: https://umineko-aabf34.netlify.app/
content.js:29 Protocol: https:
content.js:30 Hostname: umineko-aabf34.netlify.app
content.js:31 Is excluded: false
content.js:46 Found code blocks: 1
content.js:57 Block 0: Single line, skipping
content.js:28 Current URL: https://umineko-aabf34.netlify.app/
content.js:29 Protocol: https:
content.js:30 Hostname: umineko-aabf34.netlify.app
content.js:31 Is excluded: false
content.js:46 Found code blocks: 1
content.js:57 Block 0: Single line, skipping
content.js:28 Current URL: https://umineko-aabf34.netlify.app/
content.js:29 Protocol: https:
content.js:30 Hostname: umineko-aabf34.netlify.app
content.js:31 Is excluded: false
content.js:46 Found code blocks: 1
content.js:57 Block 0: Single line, skipping
content.js:28 Current URL: https://umineko-aabf34.netlify.app/
content.js:29 Protocol: https:
content.js:30 Hostname: umineko-aabf34.netlify.app
content.js:31 Is excluded: false
content.js:46 Found code blocks: 1
content.js:57 Block 0: Single line, skipping
content.js:28 Current URL: https://umineko-aabf34.netlify.app/
content.js:29 Protocol: https:
content.js:30 Hostname: umineko-aabf34.netlify.app
content.js:31 Is excluded: false
content.js:46 Found code blocks: 1
content.js:57 Block 0: Single line, skipping
content.js:28 Current URL: https://umineko-aabf34.netlify.app/
content.js:29 Protocol: https:
content.js:30 Hostname: umineko-aabf34.netlify.app
content.js:31 Is excluded: false
content.js:46 Found code blocks: 1
content.js:57 Block 0: Single line, skipping
content.js:28 Current URL: https://umineko-aabf34.netlify.app/
content.js:29 Protocol: https:
content.js:30 Hostname: umineko-aabf34.netlify.app
content.js:31 Is excluded: false
content.js:46 Found code blocks: 1
content.js:57 Block 0: Single line, skipping
content.js:28 Current URL: https://umineko-aabf34.netlify.app/
content.js:29 Protocol: https:
content.js:30 Hostname: umineko-aabf34.netlify.app
content.js:31 Is excluded: false
content.js:46 Found code blocks: 1
content.js:57 Block 0: Single line, skipping
content.js:28 Current URL: https://umineko-aabf34.netlify.app/
content.js:29 Protocol: https:
content.js:30 Hostname: umineko-aabf34.netlify.app
content.js:31 Is excluded: false
content.js:46 Found code blocks: 1
content.js:57 Block 0: Single line, skipping
content.js:28 Current URL: https://umineko-aabf34.netlify.app/
content.js:29 Protocol: https:
content.js:30 Hostname: umineko-aabf34.netlify.app
content.js:31 Is excluded: false
content.js:46 Found code blocks: 1
content.js:57 Block 0: Single line, skipping
content.js:28 Current URL: https://umineko-aabf34.netlify.app/
content.js:29 Protocol: https:
content.js:30 Hostname: umineko-aabf34.netlify.app
content.js:31 Is excluded: false
content.js:46 Found code blocks: 1
content.js:57 Block 0: Single line, skipping
content.js:28 Current URL: https://umineko-aabf34.netlify.app/
content.js:29 Protocol: https:
content.js:30 Hostname: umineko-aabf34.netlify.app
content.js:31 Is excluded: false
content.js:46 Found code blocks: 1
content.js:57 Block 0: Single line, skipping
content.js:28 Current URL: https://umineko-aabf34.netlify.app/
content.js:29 Protocol: https:
content.js:30 Hostname: umineko-aabf34.netlify.app
content.js:31 Is excluded: false
content.js:46 Found code blocks: 1
content.js:57 Block 0: Single line, skipping
content.js:28 Current URL: https://umineko-aabf34.netlify.app/
content.js:29 Protocol: https:
content.js:30 Hostname: umineko-aabf34.netlify.app
content.js:31 Is excluded: false
content.js:46 Found code blocks: 1
content.js:57 Block 0: Single line, skipping
content.js:28 Current URL: https://umineko-aabf34.netlify.app/
content.js:29 Protocol: https:
content.js:30 Hostname: umineko-aabf34.netlify.app
content.js:31 Is excluded: false
content.js:46 Found code blocks: 1
content.js:57 Block 0: Single line, skipping
content.js:28 Current URL: https://umineko-aabf34.netlify.app/
content.js:29 Protocol: https:
content.js:30 Hostname: umineko-aabf34.netlify.app
content.js:31 Is excluded: false
content.js:46 Found code blocks: 1
content.js:57 Block 0: Single line, skipping
content.js:28 Current URL: https://umineko-aabf34.netlify.app/
content.js:29 Protocol: https:
content.js:30 Hostname: umineko-aabf34.netlify.app
content.js:31 Is excluded: false
content.js:46 Found code blocks: 1
content.js:57 Block 0: Single line, skipping
content.js:28 Current URL: https://umineko-aabf34.netlify.app/
content.js:29 Protocol: https:
content.js:30 Hostname: umineko-aabf34.netlify.app
content.js:31 Is excluded: false
content.js:46 Found code blocks: 1
content.js:57 Block 0: Single line, skipping
content.js:28 Current URL: https://umineko-aabf34.netlify.app/
content.js:29 Protocol: https:
content.js:30 Hostname: umineko-aabf34.netlify.app
content.js:31 Is excluded: false
content.js:46 Found code blocks: 1
content.js:57 Block 0: Single line, skipping
content.js:28 Current URL: https://umineko-aabf34.netlify.app/
content.js:29 Protocol: https:
content.js:30 Hostname: umineko-aabf34.netlify.app
content.js:31 Is excluded: false
content.js:46 Found code blocks: 1
content.js:57 Block 0: Single line, skipping
content.js:28 Current URL: https://umineko-aabf34.netlify.app/
content.js:29 Protocol: https:
content.js:30 Hostname: umineko-aabf34.netlify.app
content.js:31 Is excluded: false
content.js:46 Found code blocks: 1
content.js:57 Block 0: Single line, skipping
content.js:28 Current URL: https://umineko-aabf34.netlify.app/
content.js:29 Protocol: https:
content.js:30 Hostname: umineko-aabf34.netlify.app
content.js:31 Is excluded: false
content.js:46 Found code blocks: 1
content.js:57 Block 0: Single line, skipping
content.js:28 Current URL: https://umineko-aabf34.netlify.app/
content.js:29 Protocol: https:
content.js:30 Hostname: umineko-aabf34.netlify.app
content.js:31 Is excluded: false
content.js:46 Found code blocks: 1
content.js:57 Block 0: Single line, skipping
content.js:28 Current URL: https://umineko-aabf34.netlify.app/
content.js:29 Protocol: https:
content.js:30 Hostname: umineko-aabf34.netlify.app
content.js:31 Is excluded: false
content.js:46 Found code blocks: 1
content.js:57 Block 0: Single line, skipping
content.js:28 Current URL: https://umineko-aabf34.netlify.app/
content.js:29 Protocol: https:
content.js:30 Hostname: umineko-aabf34.netlify.app
content.js:31 Is excluded: false
content.js:46 Found code blocks: 1
content.js:57 Block 0: Single line, skipping
content.js:28 Current URL: https://umineko-aabf34.netlify.app/
content.js:29 Protocol: https:
content.js:30 Hostname: umineko-aabf34.netlify.app
content.js:31 Is excluded: false
content.js:46 Found code blocks: 1
content.js:57 Block 0: Single line, skipping
content.js:28 Current URL: https://umineko-aabf34.netlify.app/
content.js:29 Protocol: https:
content.js:30 Hostname: umineko-aabf34.netlify.app
content.js:31 Is excluded: false
content.js:46 Found code blocks: 1
content.js:57 Block 0: Single line, skipping
content.js:28 Current URL: https://umineko-aabf34.netlify.app/
content.js:29 Protocol: https:
content.js:30 Hostname: umineko-aabf34.netlify.app
content.js:31 Is excluded: false
content.js:46 Found code blocks: 1
content.js:57 Block 0: Single line, skipping
content.js:28 Current URL: https://umineko-aabf34.netlify.app/
content.js:29 Protocol: https:
content.js:30 Hostname: umineko-aabf34.netlify.app
content.js:31 Is excluded: false
content.js:46 Found code blocks: 1
content.js:57 Block 0: Single line, skipping
content.js:28 Current URL: https://umineko-aabf34.netlify.app/
content.js:29 Protocol: https:
content.js:30 Hostname: umineko-aabf34.netlify.app
content.js:31 Is excluded: false
content.js:46 Found code blocks: 1
content.js:57 Block 0: Single line, skipping
content.js:28 Current URL: https://umineko-aabf34.netlify.app/
content.js:29 Protocol: https:
content.js:30 Hostname: umineko-aabf34.netlify.app
content.js:31 Is excluded: false
content.js:46 Found code blocks: 1
content.js:57 Block 0: Single line, skipping
content.js:28 Current URL: https://umineko-aabf34.netlify.app/
content.js:29 Protocol: https:
content.js:30 Hostname: umineko-aabf34.netlify.app
content.js:31 Is excluded: false
content.js:46 Found code blocks: 1
content.js:57 Block 0: Single line, skipping
content.js:28 Current URL: https://umineko-aabf34.netlify.app/
content.js:29 Protocol: https:
content.js:30 Hostname: umineko-aabf34.netlify.app
content.js:31 Is excluded: false
content.js:46 Found code blocks: 1
content.js:57 Block 0: Single line, skipping
content.js:28 Current URL: https://umineko-aabf34.netlify.app/
content.js:29 Protocol: https:
content.js:30 Hostname: umineko-aabf34.netlify.app
content.js:31 Is excluded: false
content.js:46 Found code blocks: 1
content.js:57 Block 0: Single line, skipping
content.js:28 Current URL: https://umineko-aabf34.netlify.app/
content.js:29 Protocol: https:
content.js:30 Hostname: umineko-aabf34.netlify.app
content.js:31 Is excluded: false
content.js:46 Found code blocks: 1
content.js:57 Block 0: Single line, skipping
content.js:28 Current URL: https://umineko-aabf34.netlify.app/
content.js:29 Protocol: https:
content.js:30 Hostname: umineko-aabf34.netlify.app
content.js:31 Is excluded: false
content.js:46 Found code blocks: 1
content.js:57 Block 0: Single line, skipping
state.js:57 {
  "ts": 1759881557888,
  "module": "state.js",
  "event": "position_set",
  "data": {
    "lat": 34.01898103386976,
    "lon": 131.83620799157762,
    "acc": 55
  }
}
state.js:57 {
  "ts": 1759881557888,
  "module": "mapController.js",
  "event": "marker_updated",
  "data": {
    "lat": 34.01898103386976,
    "lon": 131.83620799157762
  }
}
content.js:28 Current URL: https://umineko-aabf34.netlify.app/
content.js:29 Protocol: https:
content.js:30 Hostname: umineko-aabf34.netlify.app
content.js:31 Is excluded: false
content.js:46 Found code blocks: 1
content.js:57 Block 0: Single line, skipping
state.js:57 {
  "ts": 1759881590782,
  "module": "state.js",
  "event": "position_set",
  "data": {
    "lat": 34.018988839487136,
    "lon": 131.83620208844326,
    "acc": 55
  }
}
state.js:57 {
  "ts": 1759881590782,
  "module": "mapController.js",
  "event": "marker_updated",
  "data": {
    "lat": 34.018988839487136,
    "lon": 131.83620208844326
  }
}
content.js:28 Current URL: https://umineko-aabf34.netlify.app/
content.js:29 Protocol: https:
content.js:30 Hostname: umineko-aabf34.netlify.app
content.js:31 Is excluded: false
content.js:46 Found code blocks: 1
content.js:57 Block 0: Single line, skipping
state.js:57 {
  "ts": 1759881603566,
  "module": "state.js",
  "event": "position_set",
  "data": {
    "lat": 34.01899717224869,
    "lon": 131.83619691674124,
    "acc": 55
  }
}
state.js:57 {
  "ts": 1759881603567,
  "module": "mapController.js",
  "event": "marker_updated",
  "data": {
    "lat": 34.01899717224869,
    "lon": 131.83619691674124
  }
}
content.js:28 Current URL: https://umineko-aabf34.netlify.app/
content.js:29 Protocol: https:
content.js:30 Hostname: umineko-aabf34.netlify.app
content.js:31 Is excluded: false
content.js:46 Found code blocks: 1
content.js:57 Block 0: Single line, skipping
