content.js:28 Current URL: https://umineko-aabf34.netlify.app/
content.js:29 Protocol: https:
content.js:30 Hostname: umineko-aabf34.netlify.app
content.js:31 Is excluded: false
content.js:46 Found code blocks: 1
content.js:57 Block 0: Single line, skipping
main.js:7 --- 🚀 App Initializing ---
main.js:8 Initial State: followUser=true, headingUp=false, debug=true
content.js:28 Current URL: https://umineko-aabf34.netlify.app/
content.js:29 Protocol: https:
content.js:30 Hostname: umineko-aabf34.netlify.app
content.js:31 Is excluded: false
content.js:46 Found code blocks: 1
content.js:57 Block 0: Single line, skipping
state.js:56 {
  "ts": 1759814776906,
  "module": "state.js",
  "event": "heading_null",
  "data": {
    "value": null,
    "reason": "low_accuracy"
  }
}
mapController.js:89 [ERROR-DOM] marker rotator element not found (selector: #userMarker .user-location-marker-rotator)
getMarkerRotatorElement @ mapController.js:89
content.js:28 Current URL: https://umineko-aabf34.netlify.app/
content.js:29 Protocol: https:
content.js:30 Hostname: umineko-aabf34.netlify.app
content.js:31 Is excluded: false
content.js:46 Found code blocks: 1
content.js:57 Block 0: Single line, skipping
state.js:56 {
  "ts": 1759814779304,
  "module": "state.js",
  "event": "position_set",
  "data": {
    "lat": 34.019000089960834,
    "lon": 131.8361773199835,
    "acc": 55
  }
}
state.js:56 {
  "ts": 1759814779305,
  "module": "mapController.js",
  "event": "marker_created",
  "data": {
    "lat": 34.019000089960834,
    "lon": 131.8361773199835
  }
}
state.js:56 {
  "ts": 1759814779305,
  "module": "ui.js",
  "event": "gps_status_updated",
  "data": {
    "status": "GPS受信中"
  }
}
content.js:28 Current URL: https://umineko-aabf34.netlify.app/
content.js:29 Protocol: https:
content.js:30 Hostname: umineko-aabf34.netlify.app
content.js:31 Is excluded: false
content.js:46 Found code blocks: 1
content.js:57 Block 0: Single line, skipping
content.js:28 Current URL: https://umineko-aabf34.netlify.app/
content.js:29 Protocol: https:
content.js:30 Hostname: umineko-aabf34.netlify.app
content.js:31 Is excluded: false
content.js:46 Found code blocks: 1
content.js:57 Block 0: Single line, skipping
content.js:28 Current URL: https://umineko-aabf34.netlify.app/
content.js:29 Protocol: https:
content.js:30 Hostname: umineko-aabf34.netlify.app
content.js:31 Is excluded: false
content.js:46 Found code blocks: 1
content.js:57 Block 0: Single line, skipping
content.js:28 Current URL: https://umineko-aabf34.netlify.app/
content.js:29 Protocol: https:
content.js:30 Hostname: umineko-aabf34.netlify.app
content.js:31 Is excluded: false
content.js:46 Found code blocks: 1
content.js:57 Block 0: Single line, skipping
content.js:28 Current URL: https://umineko-aabf34.netlify.app/
content.js:29 Protocol: https:
content.js:30 Hostname: umineko-aabf34.netlify.app
content.js:31 Is excluded: false
content.js:46 Found code blocks: 1
content.js:57 Block 0: Single line, skipping
content.js:28 Current URL: https://umineko-aabf34.netlify.app/
content.js:29 Protocol: https:
content.js:30 Hostname: umineko-aabf34.netlify.app
content.js:31 Is excluded: false
content.js:46 Found code blocks: 1
content.js:57 Block 0: Single line, skipping
content.js:28 Current URL: https://umineko-aabf34.netlify.app/
content.js:29 Protocol: https:
content.js:30 Hostname: umineko-aabf34.netlify.app
content.js:31 Is excluded: false
content.js:46 Found code blocks: 1
content.js:57 Block 0: Single line, skipping
content.js:28 Current URL: https://umineko-aabf34.netlify.app/
content.js:29 Protocol: https:
content.js:30 Hostname: umineko-aabf34.netlify.app
content.js:31 Is excluded: false
content.js:46 Found code blocks: 1
content.js:57 Block 0: Single line, skipping
content.js:28 Current URL: https://umineko-aabf34.netlify.app/
content.js:29 Protocol: https:
content.js:30 Hostname: umineko-aabf34.netlify.app
content.js:31 Is excluded: false
content.js:46 Found code blocks: 1
content.js:57 Block 0: Single line, skipping
content.js:28 Current URL: https://umineko-aabf34.netlify.app/
content.js:29 Protocol: https:
content.js:30 Hostname: umineko-aabf34.netlify.app
content.js:31 Is excluded: false
content.js:46 Found code blocks: 1
content.js:57 Block 0: Single line, skipping
content.js:28 Current URL: https://umineko-aabf34.netlify.app/
content.js:29 Protocol: https:
content.js:30 Hostname: umineko-aabf34.netlify.app
content.js:31 Is excluded: false
content.js:46 Found code blocks: 1
content.js:57 Block 0: Single line, skipping
content.js:28 Current URL: https://umineko-aabf34.netlify.app/
content.js:29 Protocol: https:
content.js:30 Hostname: umineko-aabf34.netlify.app
content.js:31 Is excluded: false
content.js:46 Found code blocks: 1
content.js:57 Block 0: Single line, skipping
content.js:28 Current URL: https://umineko-aabf34.netlify.app/
content.js:29 Protocol: https:
content.js:30 Hostname: umineko-aabf34.netlify.app
content.js:31 Is excluded: false
content.js:46 Found code blocks: 1
content.js:57 Block 0: Single line, skipping
content.js:28 Current URL: https://umineko-aabf34.netlify.app/
content.js:29 Protocol: https:
content.js:30 Hostname: umineko-aabf34.netlify.app
content.js:31 Is excluded: false
content.js:46 Found code blocks: 1
content.js:57 Block 0: Single line, skipping
content.js:28 Current URL: https://umineko-aabf34.netlify.app/
content.js:29 Protocol: https:
content.js:30 Hostname: umineko-aabf34.netlify.app
content.js:31 Is excluded: false
content.js:46 Found code blocks: 1
content.js:57 Block 0: Single line, skipping
content.js:28 Current URL: https://umineko-aabf34.netlify.app/
content.js:29 Protocol: https:
content.js:30 Hostname: umineko-aabf34.netlify.app
content.js:31 Is excluded: false
content.js:46 Found code blocks: 1
content.js:57 Block 0: Single line, skipping
content.js:28 Current URL: https://umineko-aabf34.netlify.app/
content.js:29 Protocol: https:
content.js:30 Hostname: umineko-aabf34.netlify.app
content.js:31 Is excluded: false
content.js:46 Found code blocks: 1
content.js:57 Block 0: Single line, skipping
content.js:28 Current URL: https://umineko-aabf34.netlify.app/
content.js:29 Protocol: https:
content.js:30 Hostname: umineko-aabf34.netlify.app
content.js:31 Is excluded: false
content.js:46 Found code blocks: 1
content.js:57 Block 0: Single line, skipping
content.js:28 Current URL: https://umineko-aabf34.netlify.app/
content.js:29 Protocol: https:
content.js:30 Hostname: umineko-aabf34.netlify.app
content.js:31 Is excluded: false
content.js:46 Found code blocks: 1
content.js:57 Block 0: Single line, skipping
content.js:28 Current URL: https://umineko-aabf34.netlify.app/
content.js:29 Protocol: https:
content.js:30 Hostname: umineko-aabf34.netlify.app
content.js:31 Is excluded: false
content.js:46 Found code blocks: 1
content.js:57 Block 0: Single line, skipping
content.js:28 Current URL: https://umineko-aabf34.netlify.app/
content.js:29 Protocol: https:
content.js:30 Hostname: umineko-aabf34.netlify.app
content.js:31 Is excluded: false
content.js:46 Found code blocks: 1
content.js:57 Block 0: Single line, skipping
content.js:28 Current URL: https://umineko-aabf34.netlify.app/
content.js:29 Protocol: https:
content.js:30 Hostname: umineko-aabf34.netlify.app
content.js:31 Is excluded: false
content.js:46 Found code blocks: 1
content.js:57 Block 0: Single line, skipping
content.js:28 Current URL: https://umineko-aabf34.netlify.app/
content.js:29 Protocol: https:
content.js:30 Hostname: umineko-aabf34.netlify.app
content.js:31 Is excluded: false
content.js:46 Found code blocks: 1
content.js:57 Block 0: Single line, skipping
content.js:28 Current URL: https://umineko-aabf34.netlify.app/
content.js:29 Protocol: https:
content.js:30 Hostname: umineko-aabf34.netlify.app
content.js:31 Is excluded: false
content.js:46 Found code blocks: 1
content.js:57 Block 0: Single line, skipping
content.js:28 Current URL: https://umineko-aabf34.netlify.app/
content.js:29 Protocol: https:
content.js:30 Hostname: umineko-aabf34.netlify.app
content.js:31 Is excluded: false
content.js:46 Found code blocks: 1
content.js:57 Block 0: Single line, skipping
content.js:28 Current URL: https://umineko-aabf34.netlify.app/
content.js:29 Protocol: https:
content.js:30 Hostname: umineko-aabf34.netlify.app
content.js:31 Is excluded: false
content.js:46 Found code blocks: 1
content.js:57 Block 0: Single line, skipping
content.js:28 Current URL: https://umineko-aabf34.netlify.app/
content.js:29 Protocol: https:
content.js:30 Hostname: umineko-aabf34.netlify.app
content.js:31 Is excluded: false
content.js:46 Found code blocks: 1
content.js:57 Block 0: Single line, skipping
content.js:28 Current URL: https://umineko-aabf34.netlify.app/
content.js:29 Protocol: https:
content.js:30 Hostname: umineko-aabf34.netlify.app
content.js:31 Is excluded: false
content.js:46 Found code blocks: 1
content.js:57 Block 0: Single line, skipping
content.js:28 Current URL: https://umineko-aabf34.netlify.app/
content.js:29 Protocol: https:
content.js:30 Hostname: umineko-aabf34.netlify.app
content.js:31 Is excluded: false
content.js:46 Found code blocks: 1
content.js:57 Block 0: Single line, skipping
content.js:28 Current URL: https://umineko-aabf34.netlify.app/
content.js:29 Protocol: https:
content.js:30 Hostname: umineko-aabf34.netlify.app
content.js:31 Is excluded: false
content.js:46 Found code blocks: 1
content.js:57 Block 0: Single line, skipping
content.js:28 Current URL: https://umineko-aabf34.netlify.app/
content.js:29 Protocol: https:
content.js:30 Hostname: umineko-aabf34.netlify.app
content.js:31 Is excluded: false
content.js:46 Found code blocks: 1
content.js:57 Block 0: Single line, skipping
content.js:28 Current URL: https://umineko-aabf34.netlify.app/
content.js:29 Protocol: https:
content.js:30 Hostname: umineko-aabf34.netlify.app
content.js:31 Is excluded: false
content.js:46 Found code blocks: 1
content.js:57 Block 0: Single line, skipping
content.js:28 Current URL: https://umineko-aabf34.netlify.app/
content.js:29 Protocol: https:
content.js:30 Hostname: umineko-aabf34.netlify.app
content.js:31 Is excluded: false
content.js:46 Found code blocks: 1
content.js:57 Block 0: Single line, skipping
content.js:28 Current URL: https://umineko-aabf34.netlify.app/
content.js:29 Protocol: https:
content.js:30 Hostname: umineko-aabf34.netlify.app
content.js:31 Is excluded: false
content.js:46 Found code blocks: 1
content.js:57 Block 0: Single line, skipping
content.js:28 Current URL: https://umineko-aabf34.netlify.app/
content.js:29 Protocol: https:
content.js:30 Hostname: umineko-aabf34.netlify.app
content.js:31 Is excluded: false
content.js:46 Found code blocks: 1
content.js:57 Block 0: Single line, skipping
content.js:28 Current URL: https://umineko-aabf34.netlify.app/
content.js:29 Protocol: https:
content.js:30 Hostname: umineko-aabf34.netlify.app
content.js:31 Is excluded: false
content.js:46 Found code blocks: 1
content.js:57 Block 0: Single line, skipping
content.js:28 Current URL: https://umineko-aabf34.netlify.app/
content.js:29 Protocol: https:
content.js:30 Hostname: umineko-aabf34.netlify.app
content.js:31 Is excluded: false
content.js:46 Found code blocks: 1
content.js:57 Block 0: Single line, skipping
content.js:28 Current URL: https://umineko-aabf34.netlify.app/
content.js:29 Protocol: https:
content.js:30 Hostname: umineko-aabf34.netlify.app
content.js:31 Is excluded: false
content.js:46 Found code blocks: 1
content.js:57 Block 0: Single line, skipping
content.js:28 Current URL: https://umineko-aabf34.netlify.app/
content.js:29 Protocol: https:
content.js:30 Hostname: umineko-aabf34.netlify.app
content.js:31 Is excluded: false
content.js:46 Found code blocks: 1
content.js:57 Block 0: Single line, skipping
content.js:28 Current URL: https://umineko-aabf34.netlify.app/
content.js:29 Protocol: https:
content.js:30 Hostname: umineko-aabf34.netlify.app
content.js:31 Is excluded: false
content.js:46 Found code blocks: 1
content.js:57 Block 0: Single line, skipping
content.js:28 Current URL: https://umineko-aabf34.netlify.app/
content.js:29 Protocol: https:
content.js:30 Hostname: umineko-aabf34.netlify.app
content.js:31 Is excluded: false
content.js:46 Found code blocks: 1
content.js:57 Block 0: Single line, skipping
content.js:28 Current URL: https://umineko-aabf34.netlify.app/
content.js:29 Protocol: https:
content.js:30 Hostname: umineko-aabf34.netlify.app
content.js:31 Is excluded: false
content.js:46 Found code blocks: 1
content.js:57 Block 0: Single line, skipping
content.js:28 Current URL: https://umineko-aabf34.netlify.app/
content.js:29 Protocol: https:
content.js:30 Hostname: umineko-aabf34.netlify.app
content.js:31 Is excluded: false
content.js:46 Found code blocks: 1
content.js:57 Block 0: Single line, skipping
content.js:28 Current URL: https://umineko-aabf34.netlify.app/
content.js:29 Protocol: https:
content.js:30 Hostname: umineko-aabf34.netlify.app
content.js:31 Is excluded: false
content.js:46 Found code blocks: 1
content.js:57 Block 0: Single line, skipping
content.js:28 Current URL: https://umineko-aabf34.netlify.app/
content.js:29 Protocol: https:
content.js:30 Hostname: umineko-aabf34.netlify.app
content.js:31 Is excluded: false
content.js:46 Found code blocks: 1
content.js:57 Block 0: Single line, skipping
content.js:28 Current URL: https://umineko-aabf34.netlify.app/
content.js:29 Protocol: https:
content.js:30 Hostname: umineko-aabf34.netlify.app
content.js:31 Is excluded: false
content.js:46 Found code blocks: 1
content.js:57 Block 0: Single line, skipping
content.js:28 Current URL: https://umineko-aabf34.netlify.app/
content.js:29 Protocol: https:
content.js:30 Hostname: umineko-aabf34.netlify.app
content.js:31 Is excluded: false
content.js:46 Found code blocks: 1
content.js:57 Block 0: Single line, skipping
content.js:28 Current URL: https://umineko-aabf34.netlify.app/
content.js:29 Protocol: https:
content.js:30 Hostname: umineko-aabf34.netlify.app
content.js:31 Is excluded: false
content.js:46 Found code blocks: 1
content.js:57 Block 0: Single line, skipping
content.js:28 Current URL: https://umineko-aabf34.netlify.app/
content.js:29 Protocol: https:
content.js:30 Hostname: umineko-aabf34.netlify.app
content.js:31 Is excluded: false
content.js:46 Found code blocks: 1
content.js:57 Block 0: Single line, skipping
content.js:28 Current URL: https://umineko-aabf34.netlify.app/
content.js:29 Protocol: https:
content.js:30 Hostname: umineko-aabf34.netlify.app
content.js:31 Is excluded: false
content.js:46 Found code blocks: 1
content.js:57 Block 0: Single line, skipping
content.js:28 Current URL: https://umineko-aabf34.netlify.app/
content.js:29 Protocol: https:
content.js:30 Hostname: umineko-aabf34.netlify.app
content.js:31 Is excluded: false
content.js:46 Found code blocks: 1
content.js:57 Block 0: Single line, skipping
content.js:28 Current URL: https://umineko-aabf34.netlify.app/
content.js:29 Protocol: https:
content.js:30 Hostname: umineko-aabf34.netlify.app
content.js:31 Is excluded: false
content.js:46 Found code blocks: 1
content.js:57 Block 0: Single line, skipping
content.js:28 Current URL: https://umineko-aabf34.netlify.app/
content.js:29 Protocol: https:
content.js:30 Hostname: umineko-aabf34.netlify.app
content.js:31 Is excluded: false
content.js:46 Found code blocks: 1
content.js:57 Block 0: Single line, skipping
content.js:28 Current URL: https://umineko-aabf34.netlify.app/
content.js:29 Protocol: https:
content.js:30 Hostname: umineko-aabf34.netlify.app
content.js:31 Is excluded: false
content.js:46 Found code blocks: 1
content.js:57 Block 0: Single line, skipping
content.js:28 Current URL: https://umineko-aabf34.netlify.app/
content.js:29 Protocol: https:
content.js:30 Hostname: umineko-aabf34.netlify.app
content.js:31 Is excluded: false
content.js:46 Found code blocks: 1
content.js:57 Block 0: Single line, skipping
content.js:28 Current URL: https://umineko-aabf34.netlify.app/
content.js:29 Protocol: https:
content.js:30 Hostname: umineko-aabf34.netlify.app
content.js:31 Is excluded: false
content.js:46 Found code blocks: 1
content.js:57 Block 0: Single line, skipping
content.js:28 Current URL: https://umineko-aabf34.netlify.app/
content.js:29 Protocol: https:
content.js:30 Hostname: umineko-aabf34.netlify.app
content.js:31 Is excluded: false
content.js:46 Found code blocks: 1
content.js:57 Block 0: Single line, skipping
content.js:28 Current URL: https://umineko-aabf34.netlify.app/
content.js:29 Protocol: https:
content.js:30 Hostname: umineko-aabf34.netlify.app
content.js:31 Is excluded: false
content.js:46 Found code blocks: 1
content.js:57 Block 0: Single line, skipping
content.js:28 Current URL: https://umineko-aabf34.netlify.app/
content.js:29 Protocol: https:
content.js:30 Hostname: umineko-aabf34.netlify.app
content.js:31 Is excluded: false
content.js:46 Found code blocks: 1
content.js:57 Block 0: Single line, skipping
content.js:28 Current URL: https://umineko-aabf34.netlify.app/
content.js:29 Protocol: https:
content.js:30 Hostname: umineko-aabf34.netlify.app
content.js:31 Is excluded: false
content.js:46 Found code blocks: 1
content.js:57 Block 0: Single line, skipping
content.js:28 Current URL: https://umineko-aabf34.netlify.app/
content.js:29 Protocol: https:
content.js:30 Hostname: umineko-aabf34.netlify.app
content.js:31 Is excluded: false
content.js:46 Found code blocks: 1
content.js:57 Block 0: Single line, skipping
content.js:28 Current URL: https://umineko-aabf34.netlify.app/
content.js:29 Protocol: https:
content.js:30 Hostname: umineko-aabf34.netlify.app
content.js:31 Is excluded: false
content.js:46 Found code blocks: 1
content.js:57 Block 0: Single line, skipping
content.js:28 Current URL: https://umineko-aabf34.netlify.app/
content.js:29 Protocol: https:
content.js:30 Hostname: umineko-aabf34.netlify.app
content.js:31 Is excluded: false
content.js:46 Found code blocks: 1
content.js:57 Block 0: Single line, skipping
state.js:56 {
  "ts": 1759814790009,
  "module": "state.js",
  "event": "position_set",
  "data": {
    "lat": 34.01899216006383,
    "lon": 131.83618476057984,
    "acc": 55
  }
}
state.js:56 {
  "ts": 1759814790009,
  "module": "mapController.js",
  "event": "marker_updated",
  "data": {
    "lat": 34.01899216006383,
    "lon": 131.83618476057984
  }
}
content.js:28 Current URL: https://umineko-aabf34.netlify.app/
content.js:29 Protocol: https:
content.js:30 Hostname: umineko-aabf34.netlify.app
content.js:31 Is excluded: false
content.js:46 Found code blocks: 1
content.js:57 Block 0: Single line, skipping
content.js:28 Current URL: https://umineko-aabf34.netlify.app/
content.js:29 Protocol: https:
content.js:30 Hostname: umineko-aabf34.netlify.app
content.js:31 Is excluded: false
content.js:46 Found code blocks: 1
content.js:57 Block 0: Single line, skipping
content.js:28 Current URL: https://umineko-aabf34.netlify.app/
content.js:29 Protocol: https:
content.js:30 Hostname: umineko-aabf34.netlify.app
content.js:31 Is excluded: false
content.js:46 Found code blocks: 1
content.js:57 Block 0: Single line, skipping
content.js:28 Current URL: https://umineko-aabf34.netlify.app/
content.js:29 Protocol: https:
content.js:30 Hostname: umineko-aabf34.netlify.app
content.js:31 Is excluded: false
content.js:46 Found code blocks: 1
content.js:57 Block 0: Single line, skipping
content.js:28 Current URL: https://umineko-aabf34.netlify.app/
content.js:29 Protocol: https:
content.js:30 Hostname: umineko-aabf34.netlify.app
content.js:31 Is excluded: false
content.js:46 Found code blocks: 1
content.js:57 Block 0: Single line, skipping
content.js:28 Current URL: https://umineko-aabf34.netlify.app/
content.js:29 Protocol: https:
content.js:30 Hostname: umineko-aabf34.netlify.app
content.js:31 Is excluded: false
content.js:46 Found code blocks: 1
content.js:57 Block 0: Single line, skipping
content.js:28 Current URL: https://umineko-aabf34.netlify.app/
content.js:29 Protocol: https:
content.js:30 Hostname: umineko-aabf34.netlify.app
content.js:31 Is excluded: false
content.js:46 Found code blocks: 1
content.js:57 Block 0: Single line, skipping
content.js:28 Current URL: https://umineko-aabf34.netlify.app/
content.js:29 Protocol: https:
content.js:30 Hostname: umineko-aabf34.netlify.app
content.js:31 Is excluded: false
content.js:46 Found code blocks: 1
content.js:57 Block 0: Single line, skipping
content.js:28 Current URL: https://umineko-aabf34.netlify.app/
content.js:29 Protocol: https:
content.js:30 Hostname: umineko-aabf34.netlify.app
content.js:31 Is excluded: false
content.js:46 Found code blocks: 1
content.js:57 Block 0: Single line, skipping
content.js:28 Current URL: https://umineko-aabf34.netlify.app/
content.js:29 Protocol: https:
content.js:30 Hostname: umineko-aabf34.netlify.app
content.js:31 Is excluded: false
content.js:46 Found code blocks: 1
content.js:57 Block 0: Single line, skipping
content.js:28 Current URL: https://umineko-aabf34.netlify.app/
content.js:29 Protocol: https:
content.js:30 Hostname: umineko-aabf34.netlify.app
content.js:31 Is excluded: false
content.js:46 Found code blocks: 1
content.js:57 Block 0: Single line, skipping
content.js:28 Current URL: https://umineko-aabf34.netlify.app/
content.js:29 Protocol: https:
content.js:30 Hostname: umineko-aabf34.netlify.app
content.js:31 Is excluded: false
content.js:46 Found code blocks: 1
content.js:57 Block 0: Single line, skipping
content.js:28 Current URL: https://umineko-aabf34.netlify.app/
content.js:29 Protocol: https:
content.js:30 Hostname: umineko-aabf34.netlify.app
content.js:31 Is excluded: false
content.js:46 Found code blocks: 1
content.js:57 Block 0: Single line, skipping
content.js:28 Current URL: https://umineko-aabf34.netlify.app/
content.js:29 Protocol: https:
content.js:30 Hostname: umineko-aabf34.netlify.app
content.js:31 Is excluded: false
content.js:46 Found code blocks: 1
content.js:57 Block 0: Single line, skipping
content.js:28 Current URL: https://umineko-aabf34.netlify.app/
content.js:29 Protocol: https:
content.js:30 Hostname: umineko-aabf34.netlify.app
content.js:31 Is excluded: false
content.js:46 Found code blocks: 1
content.js:57 Block 0: Single line, skipping
content.js:28 Current URL: https://umineko-aabf34.netlify.app/
content.js:29 Protocol: https:
content.js:30 Hostname: umineko-aabf34.netlify.app
content.js:31 Is excluded: false
content.js:46 Found code blocks: 1
content.js:57 Block 0: Single line, skipping
content.js:28 Current URL: https://umineko-aabf34.netlify.app/
content.js:29 Protocol: https:
content.js:30 Hostname: umineko-aabf34.netlify.app
content.js:31 Is excluded: false
content.js:46 Found code blocks: 1
content.js:57 Block 0: Single line, skipping
content.js:28 Current URL: https://umineko-aabf34.netlify.app/
content.js:29 Protocol: https:
content.js:30 Hostname: umineko-aabf34.netlify.app
content.js:31 Is excluded: false
content.js:46 Found code blocks: 1
content.js:57 Block 0: Single line, skipping
content.js:28 Current URL: https://umineko-aabf34.netlify.app/
content.js:29 Protocol: https:
content.js:30 Hostname: umineko-aabf34.netlify.app
content.js:31 Is excluded: false
content.js:46 Found code blocks: 1
content.js:57 Block 0: Single line, skipping
content.js:28 Current URL: https://umineko-aabf34.netlify.app/
content.js:29 Protocol: https:
content.js:30 Hostname: umineko-aabf34.netlify.app
content.js:31 Is excluded: false
content.js:46 Found code blocks: 1
content.js:57 Block 0: Single line, skipping
content.js:28 Current URL: https://umineko-aabf34.netlify.app/
content.js:29 Protocol: https:
content.js:30 Hostname: umineko-aabf34.netlify.app
content.js:31 Is excluded: false
content.js:46 Found code blocks: 1
content.js:57 Block 0: Single line, skipping
content.js:28 Current URL: https://umineko-aabf34.netlify.app/
content.js:29 Protocol: https:
content.js:30 Hostname: umineko-aabf34.netlify.app
content.js:31 Is excluded: false
content.js:46 Found code blocks: 1
content.js:57 Block 0: Single line, skipping
content.js:28 Current URL: https://umineko-aabf34.netlify.app/
content.js:29 Protocol: https:
content.js:30 Hostname: umineko-aabf34.netlify.app
content.js:31 Is excluded: false
content.js:46 Found code blocks: 1
content.js:57 Block 0: Single line, skipping
content.js:28 Current URL: https://umineko-aabf34.netlify.app/
content.js:29 Protocol: https:
content.js:30 Hostname: umineko-aabf34.netlify.app
content.js:31 Is excluded: false
content.js:46 Found code blocks: 1
content.js:57 Block 0: Single line, skipping
state.js:56 {
  "ts": 1759814793265,
  "module": "mapController.js",
  "event": "skip_rotation",
  "data": {
    "reason": "low_accuracy",
    "mode": "NorthUp"
  }
}
content.js:28 Current URL: https://umineko-aabf34.netlify.app/
content.js:29 Protocol: https:
content.js:30 Hostname: umineko-aabf34.netlify.app
content.js:31 Is excluded: false
content.js:46 Found code blocks: 1
content.js:57 Block 0: Single line, skipping
content.js:28 Current URL: https://umineko-aabf34.netlify.app/
content.js:29 Protocol: https:
content.js:30 Hostname: umineko-aabf34.netlify.app
content.js:31 Is excluded: false
content.js:46 Found code blocks: 1
content.js:57 Block 0: Single line, skipping
state.js:56 {
  "ts": 1759814795419,
  "module": "mapController.js",
  "event": "skip_rotation",
  "data": {
    "reason": "low_accuracy",
    "mode": "NorthUp"
  }
}
content.js:28 Current URL: https://umineko-aabf34.netlify.app/
content.js:29 Protocol: https:
content.js:30 Hostname: umineko-aabf34.netlify.app
content.js:31 Is excluded: false
content.js:46 Found code blocks: 1
content.js:57 Block 0: Single line, skipping
state.js:56 {
  "ts": 1759814796657,
  "module": "mapController.js",
  "event": "skip_rotation",
  "data": {
    "reason": "low_accuracy",
    "mode": "HeadingUp"
  }
}
content.js:28 Current URL: https://umineko-aabf34.netlify.app/
content.js:29 Protocol: https:
content.js:30 Hostname: umineko-aabf34.netlify.app
content.js:31 Is excluded: false
content.js:46 Found code blocks: 1
content.js:57 Block 0: Single line, skipping
content.js:28 Current URL: https://umineko-aabf34.netlify.app/
content.js:29 Protocol: https:
content.js:30 Hostname: umineko-aabf34.netlify.app
content.js:31 Is excluded: false
content.js:46 Found code blocks: 1
content.js:57 Block 0: Single line, skipping
content.js:28 Current URL: https://umineko-aabf34.netlify.app/
content.js:29 Protocol: https:
content.js:30 Hostname: umineko-aabf34.netlify.app
content.js:31 Is excluded: false
content.js:46 Found code blocks: 1
content.js:57 Block 0: Single line, skipping
content.js:28 Current URL: https://umineko-aabf34.netlify.app/
content.js:29 Protocol: https:
content.js:30 Hostname: umineko-aabf34.netlify.app
content.js:31 Is excluded: false
content.js:46 Found code blocks: 1
content.js:57 Block 0: Single line, skipping
content.js:28 Current URL: https://umineko-aabf34.netlify.app/
content.js:29 Protocol: https:
content.js:30 Hostname: umineko-aabf34.netlify.app
content.js:31 Is excluded: false
content.js:46 Found code blocks: 1
content.js:57 Block 0: Single line, skipping
content.js:28 Current URL: https://umineko-aabf34.netlify.app/
content.js:29 Protocol: https:
content.js:30 Hostname: umineko-aabf34.netlify.app
content.js:31 Is excluded: false
content.js:46 Found code blocks: 1
content.js:57 Block 0: Single line, skipping
content.js:28 Current URL: https://umineko-aabf34.netlify.app/
content.js:29 Protocol: https:
content.js:30 Hostname: umineko-aabf34.netlify.app
content.js:31 Is excluded: false
content.js:46 Found code blocks: 1
content.js:57 Block 0: Single line, skipping
content.js:28 Current URL: https://umineko-aabf34.netlify.app/
content.js:29 Protocol: https:
content.js:30 Hostname: umineko-aabf34.netlify.app
content.js:31 Is excluded: false
content.js:46 Found code blocks: 1
content.js:57 Block 0: Single line, skipping
content.js:28 Current URL: https://umineko-aabf34.netlify.app/
content.js:29 Protocol: https:
content.js:30 Hostname: umineko-aabf34.netlify.app
content.js:31 Is excluded: false
content.js:46 Found code blocks: 1
content.js:57 Block 0: Single line, skipping
content.js:28 Current URL: https://umineko-aabf34.netlify.app/
content.js:29 Protocol: https:
content.js:30 Hostname: umineko-aabf34.netlify.app
content.js:31 Is excluded: false
content.js:46 Found code blocks: 1
content.js:57 Block 0: Single line, skipping
content.js:28 Current URL: https://umineko-aabf34.netlify.app/
content.js:29 Protocol: https:
content.js:30 Hostname: umineko-aabf34.netlify.app
content.js:31 Is excluded: false
content.js:46 Found code blocks: 1
content.js:57 Block 0: Single line, skipping
content.js:28 Current URL: https://umineko-aabf34.netlify.app/
content.js:29 Protocol: https:
content.js:30 Hostname: umineko-aabf34.netlify.app
content.js:31 Is excluded: false
content.js:46 Found code blocks: 1
content.js:57 Block 0: Single line, skipping
content.js:28 Current URL: https://umineko-aabf34.netlify.app/
content.js:29 Protocol: https:
content.js:30 Hostname: umineko-aabf34.netlify.app
content.js:31 Is excluded: false
content.js:46 Found code blocks: 1
content.js:57 Block 0: Single line, skipping
content.js:28 Current URL: https://umineko-aabf34.netlify.app/
content.js:29 Protocol: https:
content.js:30 Hostname: umineko-aabf34.netlify.app
content.js:31 Is excluded: false
content.js:46 Found code blocks: 1
content.js:57 Block 0: Single line, skipping
content.js:28 Current URL: https://umineko-aabf34.netlify.app/
content.js:29 Protocol: https:
content.js:30 Hostname: umineko-aabf34.netlify.app
content.js:31 Is excluded: false
content.js:46 Found code blocks: 1
content.js:57 Block 0: Single line, skipping
content.js:28 Current URL: https://umineko-aabf34.netlify.app/
content.js:29 Protocol: https:
content.js:30 Hostname: umineko-aabf34.netlify.app
content.js:31 Is excluded: false
content.js:46 Found code blocks: 1
content.js:57 Block 0: Single line, skipping
content.js:28 Current URL: https://umineko-aabf34.netlify.app/
content.js:29 Protocol: https:
content.js:30 Hostname: umineko-aabf34.netlify.app
content.js:31 Is excluded: false
content.js:46 Found code blocks: 1
content.js:57 Block 0: Single line, skipping
content.js:28 Current URL: https://umineko-aabf34.netlify.app/
content.js:29 Protocol: https:
content.js:30 Hostname: umineko-aabf34.netlify.app
content.js:31 Is excluded: false
content.js:46 Found code blocks: 1
content.js:57 Block 0: Single line, skipping
content.js:28 Current URL: https://umineko-aabf34.netlify.app/
content.js:29 Protocol: https:
content.js:30 Hostname: umineko-aabf34.netlify.app
content.js:31 Is excluded: false
content.js:46 Found code blocks: 1
content.js:57 Block 0: Single line, skipping
content.js:28 Current URL: https://umineko-aabf34.netlify.app/
content.js:29 Protocol: https:
content.js:30 Hostname: umineko-aabf34.netlify.app
content.js:31 Is excluded: false
content.js:46 Found code blocks: 1
content.js:57 Block 0: Single line, skipping
content.js:28 Current URL: https://umineko-aabf34.netlify.app/
content.js:29 Protocol: https:
content.js:30 Hostname: umineko-aabf34.netlify.app
content.js:31 Is excluded: false
content.js:46 Found code blocks: 1
content.js:57 Block 0: Single line, skipping
content.js:28 Current URL: https://umineko-aabf34.netlify.app/
content.js:29 Protocol: https:
content.js:30 Hostname: umineko-aabf34.netlify.app
content.js:31 Is excluded: false
content.js:46 Found code blocks: 1
content.js:57 Block 0: Single line, skipping
content.js:28 Current URL: https://umineko-aabf34.netlify.app/
content.js:29 Protocol: https:
content.js:30 Hostname: umineko-aabf34.netlify.app
content.js:31 Is excluded: false
content.js:46 Found code blocks: 1
content.js:57 Block 0: Single line, skipping
content.js:28 Current URL: https://umineko-aabf34.netlify.app/
content.js:29 Protocol: https:
content.js:30 Hostname: umineko-aabf34.netlify.app
content.js:31 Is excluded: false
content.js:46 Found code blocks: 1
content.js:57 Block 0: Single line, skipping
content.js:28 Current URL: https://umineko-aabf34.netlify.app/
content.js:29 Protocol: https:
content.js:30 Hostname: umineko-aabf34.netlify.app
content.js:31 Is excluded: false
content.js:46 Found code blocks: 1
content.js:57 Block 0: Single line, skipping
content.js:28 Current URL: https://umineko-aabf34.netlify.app/
content.js:29 Protocol: https:
content.js:30 Hostname: umineko-aabf34.netlify.app
content.js:31 Is excluded: false
content.js:46 Found code blocks: 1
content.js:57 Block 0: Single line, skipping
content.js:28 Current URL: https://umineko-aabf34.netlify.app/
content.js:29 Protocol: https:
content.js:30 Hostname: umineko-aabf34.netlify.app
content.js:31 Is excluded: false
content.js:46 Found code blocks: 1
content.js:57 Block 0: Single line, skipping
content.js:28 Current URL: https://umineko-aabf34.netlify.app/
content.js:29 Protocol: https:
content.js:30 Hostname: umineko-aabf34.netlify.app
content.js:31 Is excluded: false
content.js:46 Found code blocks: 1
content.js:57 Block 0: Single line, skipping
content.js:28 Current URL: https://umineko-aabf34.netlify.app/
content.js:29 Protocol: https:
content.js:30 Hostname: umineko-aabf34.netlify.app
content.js:31 Is excluded: false
content.js:46 Found code blocks: 1
content.js:57 Block 0: Single line, skipping
content.js:28 Current URL: https://umineko-aabf34.netlify.app/
content.js:29 Protocol: https:
content.js:30 Hostname: umineko-aabf34.netlify.app
content.js:31 Is excluded: false
content.js:46 Found code blocks: 1
content.js:57 Block 0: Single line, skipping
content.js:28 Current URL: https://umineko-aabf34.netlify.app/
content.js:29 Protocol: https:
content.js:30 Hostname: umineko-aabf34.netlify.app
content.js:31 Is excluded: false
content.js:46 Found code blocks: 1
content.js:57 Block 0: Single line, skipping
content.js:28 Current URL: https://umineko-aabf34.netlify.app/
content.js:29 Protocol: https:
content.js:30 Hostname: umineko-aabf34.netlify.app
content.js:31 Is excluded: false
content.js:46 Found code blocks: 1
content.js:57 Block 0: Single line, skipping
content.js:28 Current URL: https://umineko-aabf34.netlify.app/
content.js:29 Protocol: https:
content.js:30 Hostname: umineko-aabf34.netlify.app
content.js:31 Is excluded: false
content.js:46 Found code blocks: 1
content.js:57 Block 0: Single line, skipping
content.js:28 Current URL: https://umineko-aabf34.netlify.app/
content.js:29 Protocol: https:
content.js:30 Hostname: umineko-aabf34.netlify.app
content.js:31 Is excluded: false
content.js:46 Found code blocks: 1
content.js:57 Block 0: Single line, skipping
content.js:28 Current URL: https://umineko-aabf34.netlify.app/
content.js:29 Protocol: https:
content.js:30 Hostname: umineko-aabf34.netlify.app
content.js:31 Is excluded: false
content.js:46 Found code blocks: 1
content.js:57 Block 0: Single line, skipping
content.js:28 Current URL: https://umineko-aabf34.netlify.app/
content.js:29 Protocol: https:
content.js:30 Hostname: umineko-aabf34.netlify.app
content.js:31 Is excluded: false
content.js:46 Found code blocks: 1
content.js:57 Block 0: Single line, skipping
content.js:28 Current URL: https://umineko-aabf34.netlify.app/
content.js:29 Protocol: https:
content.js:30 Hostname: umineko-aabf34.netlify.app
content.js:31 Is excluded: false
content.js:46 Found code blocks: 1
content.js:57 Block 0: Single line, skipping
content.js:28 Current URL: https://umineko-aabf34.netlify.app/
content.js:29 Protocol: https:
content.js:30 Hostname: umineko-aabf34.netlify.app
content.js:31 Is excluded: false
content.js:46 Found code blocks: 1
content.js:57 Block 0: Single line, skipping
content.js:28 Current URL: https://umineko-aabf34.netlify.app/
content.js:29 Protocol: https:
content.js:30 Hostname: umineko-aabf34.netlify.app
content.js:31 Is excluded: false
content.js:46 Found code blocks: 1
content.js:57 Block 0: Single line, skipping
content.js:28 Current URL: https://umineko-aabf34.netlify.app/
content.js:29 Protocol: https:
content.js:30 Hostname: umineko-aabf34.netlify.app
content.js:31 Is excluded: false
content.js:46 Found code blocks: 1
content.js:57 Block 0: Single line, skipping
content.js:28 Current URL: https://umineko-aabf34.netlify.app/
content.js:29 Protocol: https:
content.js:30 Hostname: umineko-aabf34.netlify.app
content.js:31 Is excluded: false
content.js:46 Found code blocks: 1
content.js:57 Block 0: Single line, skipping
content.js:28 Current URL: https://umineko-aabf34.netlify.app/
content.js:29 Protocol: https:
content.js:30 Hostname: umineko-aabf34.netlify.app
content.js:31 Is excluded: false
content.js:46 Found code blocks: 1
content.js:57 Block 0: Single line, skipping
content.js:28 Current URL: https://umineko-aabf34.netlify.app/
content.js:29 Protocol: https:
content.js:30 Hostname: umineko-aabf34.netlify.app
content.js:31 Is excluded: false
content.js:46 Found code blocks: 1
content.js:57 Block 0: Single line, skipping
state.js:56 {
  "ts": 1759814816686,
  "module": "mapController.js",
  "event": "skip_rotation",
  "data": {
    "reason": "low_accuracy",
    "mode": "HeadingUp"
  }
}
content.js:28 Current URL: https://umineko-aabf34.netlify.app/
content.js:29 Protocol: https:
content.js:30 Hostname: umineko-aabf34.netlify.app
content.js:31 Is excluded: false
content.js:46 Found code blocks: 1
content.js:57 Block 0: Single line, skipping
content.js:28 Current URL: https://umineko-aabf34.netlify.app/
content.js:29 Protocol: https:
content.js:30 Hostname: umineko-aabf34.netlify.app
content.js:31 Is excluded: false
content.js:46 Found code blocks: 1
content.js:57 Block 0: Single line, skipping
state.js:56 {
  "ts": 1759814818278,
  "module": "mapController.js",
  "event": "skip_rotation",
  "data": {
    "reason": "low_accuracy",
    "mode": "HeadingUp"
  }
}
content.js:28 Current URL: https://umineko-aabf34.netlify.app/
content.js:29 Protocol: https:
content.js:30 Hostname: umineko-aabf34.netlify.app
content.js:31 Is excluded: false
content.js:46 Found code blocks: 1
content.js:57 Block 0: Single line, skipping
state.js:56 {
  "ts": 1759814819525,
  "module": "mapController.js",
  "event": "skip_rotation",
  "data": {
    "reason": "low_accuracy",
    "mode": "NorthUp"
  }
}
state.js:56 {
  "ts": 1759814820478,
  "module": "mapController.js",
  "event": "skip_rotation",
  "data": {
    "reason": "low_accuracy",
    "mode": "HeadingUp"
  }
}
content.js:28 Current URL: https://umineko-aabf34.netlify.app/
content.js:29 Protocol: https:
content.js:30 Hostname: umineko-aabf34.netlify.app
content.js:31 Is excluded: false
content.js:46 Found code blocks: 1
content.js:57 Block 0: Single line, skipping
content.js:28 Current URL: https://umineko-aabf34.netlify.app/
content.js:29 Protocol: https:
content.js:30 Hostname: umineko-aabf34.netlify.app
content.js:31 Is excluded: false
content.js:46 Found code blocks: 1
content.js:57 Block 0: Single line, skipping
content.js:28 Current URL: https://umineko-aabf34.netlify.app/
content.js:29 Protocol: https:
content.js:30 Hostname: umineko-aabf34.netlify.app
content.js:31 Is excluded: false
content.js:46 Found code blocks: 1
content.js:57 Block 0: Single line, skipping
content.js:28 Current URL: https://umineko-aabf34.netlify.app/
content.js:29 Protocol: https:
content.js:30 Hostname: umineko-aabf34.netlify.app
content.js:31 Is excluded: false
content.js:46 Found code blocks: 1
content.js:57 Block 0: Single line, skipping
content.js:28 Current URL: https://umineko-aabf34.netlify.app/
content.js:29 Protocol: https:
content.js:30 Hostname: umineko-aabf34.netlify.app
content.js:31 Is excluded: false
content.js:46 Found code blocks: 1
content.js:57 Block 0: Single line, skipping
content.js:28 Current URL: https://umineko-aabf34.netlify.app/
content.js:29 Protocol: https:
content.js:30 Hostname: umineko-aabf34.netlify.app
content.js:31 Is excluded: false
content.js:46 Found code blocks: 1
content.js:57 Block 0: Single line, skipping
content.js:28 Current URL: https://umineko-aabf34.netlify.app/
content.js:29 Protocol: https:
content.js:30 Hostname: umineko-aabf34.netlify.app
content.js:31 Is excluded: false
content.js:46 Found code blocks: 1
content.js:57 Block 0: Single line, skipping
content.js:28 Current URL: https://umineko-aabf34.netlify.app/
content.js:29 Protocol: https:
content.js:30 Hostname: umineko-aabf34.netlify.app
content.js:31 Is excluded: false
content.js:46 Found code blocks: 1
content.js:57 Block 0: Single line, skipping
content.js:28 Current URL: https://umineko-aabf34.netlify.app/
content.js:29 Protocol: https:
content.js:30 Hostname: umineko-aabf34.netlify.app
content.js:31 Is excluded: false
content.js:46 Found code blocks: 1
content.js:57 Block 0: Single line, skipping
content.js:28 Current URL: https://umineko-aabf34.netlify.app/
content.js:29 Protocol: https:
content.js:30 Hostname: umineko-aabf34.netlify.app
content.js:31 Is excluded: false
content.js:46 Found code blocks: 1
content.js:57 Block 0: Single line, skipping
content.js:28 Current URL: https://umineko-aabf34.netlify.app/
content.js:29 Protocol: https:
content.js:30 Hostname: umineko-aabf34.netlify.app
content.js:31 Is excluded: false
content.js:46 Found code blocks: 1
content.js:57 Block 0: Single line, skipping
content.js:28 Current URL: https://umineko-aabf34.netlify.app/
content.js:29 Protocol: https:
content.js:30 Hostname: umineko-aabf34.netlify.app
content.js:31 Is excluded: false
content.js:46 Found code blocks: 1
content.js:57 Block 0: Single line, skipping
content.js:28 Current URL: https://umineko-aabf34.netlify.app/
content.js:29 Protocol: https:
content.js:30 Hostname: umineko-aabf34.netlify.app
content.js:31 Is excluded: false
content.js:46 Found code blocks: 1
content.js:57 Block 0: Single line, skipping
content.js:28 Current URL: https://umineko-aabf34.netlify.app/
content.js:29 Protocol: https:
content.js:30 Hostname: umineko-aabf34.netlify.app
content.js:31 Is excluded: false
content.js:46 Found code blocks: 1
content.js:57 Block 0: Single line, skipping
content.js:28 Current URL: https://umineko-aabf34.netlify.app/
content.js:29 Protocol: https:
content.js:30 Hostname: umineko-aabf34.netlify.app
content.js:31 Is excluded: false
content.js:46 Found code blocks: 1
content.js:57 Block 0: Single line, skipping
content.js:28 Current URL: https://umineko-aabf34.netlify.app/
content.js:29 Protocol: https:
content.js:30 Hostname: umineko-aabf34.netlify.app
content.js:31 Is excluded: false
content.js:46 Found code blocks: 1
content.js:57 Block 0: Single line, skipping
content.js:28 Current URL: https://umineko-aabf34.netlify.app/
content.js:29 Protocol: https:
content.js:30 Hostname: umineko-aabf34.netlify.app
content.js:31 Is excluded: false
content.js:46 Found code blocks: 1
content.js:57 Block 0: Single line, skipping
content.js:28 Current URL: https://umineko-aabf34.netlify.app/
content.js:29 Protocol: https:
content.js:30 Hostname: umineko-aabf34.netlify.app
content.js:31 Is excluded: false
content.js:46 Found code blocks: 1
content.js:57 Block 0: Single line, skipping
content.js:28 Current URL: https://umineko-aabf34.netlify.app/
content.js:29 Protocol: https:
content.js:30 Hostname: umineko-aabf34.netlify.app
content.js:31 Is excluded: false
content.js:46 Found code blocks: 1
content.js:57 Block 0: Single line, skipping
content.js:28 Current URL: https://umineko-aabf34.netlify.app/
content.js:29 Protocol: https:
content.js:30 Hostname: umineko-aabf34.netlify.app
content.js:31 Is excluded: false
content.js:46 Found code blocks: 1
content.js:57 Block 0: Single line, skipping
content.js:28 Current URL: https://umineko-aabf34.netlify.app/
content.js:29 Protocol: https:
content.js:30 Hostname: umineko-aabf34.netlify.app
content.js:31 Is excluded: false
content.js:46 Found code blocks: 1
content.js:57 Block 0: Single line, skipping
content.js:28 Current URL: https://umineko-aabf34.netlify.app/
content.js:29 Protocol: https:
content.js:30 Hostname: umineko-aabf34.netlify.app
content.js:31 Is excluded: false
content.js:46 Found code blocks: 1
content.js:57 Block 0: Single line, skipping
content.js:28 Current URL: https://umineko-aabf34.netlify.app/
content.js:29 Protocol: https:
content.js:30 Hostname: umineko-aabf34.netlify.app
content.js:31 Is excluded: false
content.js:46 Found code blocks: 1
content.js:57 Block 0: Single line, skipping
content.js:28 Current URL: https://umineko-aabf34.netlify.app/
content.js:29 Protocol: https:
content.js:30 Hostname: umineko-aabf34.netlify.app
content.js:31 Is excluded: false
content.js:46 Found code blocks: 1
content.js:57 Block 0: Single line, skipping
content.js:28 Current URL: https://umineko-aabf34.netlify.app/
content.js:29 Protocol: https:
content.js:30 Hostname: umineko-aabf34.netlify.app
content.js:31 Is excluded: false
content.js:46 Found code blocks: 1
content.js:57 Block 0: Single line, skipping
content.js:28 Current URL: https://umineko-aabf34.netlify.app/
content.js:29 Protocol: https:
content.js:30 Hostname: umineko-aabf34.netlify.app
content.js:31 Is excluded: false
content.js:46 Found code blocks: 1
content.js:57 Block 0: Single line, skipping
content.js:28 Current URL: https://umineko-aabf34.netlify.app/
content.js:29 Protocol: https:
content.js:30 Hostname: umineko-aabf34.netlify.app
content.js:31 Is excluded: false
content.js:46 Found code blocks: 1
content.js:57 Block 0: Single line, skipping
content.js:28 Current URL: https://umineko-aabf34.netlify.app/
content.js:29 Protocol: https:
content.js:30 Hostname: umineko-aabf34.netlify.app
content.js:31 Is excluded: false
content.js:46 Found code blocks: 1
content.js:57 Block 0: Single line, skipping
content.js:28 Current URL: https://umineko-aabf34.netlify.app/
content.js:29 Protocol: https:
content.js:30 Hostname: umineko-aabf34.netlify.app
content.js:31 Is excluded: false
content.js:46 Found code blocks: 1
content.js:57 Block 0: Single line, skipping
content.js:28 Current URL: https://umineko-aabf34.netlify.app/
content.js:29 Protocol: https:
content.js:30 Hostname: umineko-aabf34.netlify.app
content.js:31 Is excluded: false
content.js:46 Found code blocks: 1
content.js:57 Block 0: Single line, skipping
content.js:28 Current URL: https://umineko-aabf34.netlify.app/
content.js:29 Protocol: https:
content.js:30 Hostname: umineko-aabf34.netlify.app
content.js:31 Is excluded: false
content.js:46 Found code blocks: 1
content.js:57 Block 0: Single line, skipping
content.js:28 Current URL: https://umineko-aabf34.netlify.app/
content.js:29 Protocol: https:
content.js:30 Hostname: umineko-aabf34.netlify.app
content.js:31 Is excluded: false
content.js:46 Found code blocks: 1
content.js:57 Block 0: Single line, skipping
content.js:28 Current URL: https://umineko-aabf34.netlify.app/
content.js:29 Protocol: https:
content.js:30 Hostname: umineko-aabf34.netlify.app
content.js:31 Is excluded: false
content.js:46 Found code blocks: 1
content.js:57 Block 0: Single line, skipping
content.js:28 Current URL: https://umineko-aabf34.netlify.app/
content.js:29 Protocol: https:
content.js:30 Hostname: umineko-aabf34.netlify.app
content.js:31 Is excluded: false
content.js:46 Found code blocks: 1
content.js:57 Block 0: Single line, skipping
content.js:28 Current URL: https://umineko-aabf34.netlify.app/
content.js:29 Protocol: https:
content.js:30 Hostname: umineko-aabf34.netlify.app
content.js:31 Is excluded: false
content.js:46 Found code blocks: 1
content.js:57 Block 0: Single line, skipping
content.js:28 Current URL: https://umineko-aabf34.netlify.app/
content.js:29 Protocol: https:
content.js:30 Hostname: umineko-aabf34.netlify.app
content.js:31 Is excluded: false
content.js:46 Found code blocks: 1
content.js:57 Block 0: Single line, skipping
content.js:28 Current URL: https://umineko-aabf34.netlify.app/
content.js:29 Protocol: https:
content.js:30 Hostname: umineko-aabf34.netlify.app
content.js:31 Is excluded: false
content.js:46 Found code blocks: 1
content.js:57 Block 0: Single line, skipping
content.js:28 Current URL: https://umineko-aabf34.netlify.app/
content.js:29 Protocol: https:
content.js:30 Hostname: umineko-aabf34.netlify.app
content.js:31 Is excluded: false
content.js:46 Found code blocks: 1
content.js:57 Block 0: Single line, skipping
content.js:28 Current URL: https://umineko-aabf34.netlify.app/
content.js:29 Protocol: https:
content.js:30 Hostname: umineko-aabf34.netlify.app
content.js:31 Is excluded: false
content.js:46 Found code blocks: 1
content.js:57 Block 0: Single line, skipping
content.js:28 Current URL: https://umineko-aabf34.netlify.app/
content.js:29 Protocol: https:
content.js:30 Hostname: umineko-aabf34.netlify.app
content.js:31 Is excluded: false
content.js:46 Found code blocks: 1
content.js:57 Block 0: Single line, skipping
content.js:28 Current URL: https://umineko-aabf34.netlify.app/
content.js:29 Protocol: https:
content.js:30 Hostname: umineko-aabf34.netlify.app
content.js:31 Is excluded: false
content.js:46 Found code blocks: 1
content.js:57 Block 0: Single line, skipping
content.js:28 Current URL: https://umineko-aabf34.netlify.app/
content.js:29 Protocol: https:
content.js:30 Hostname: umineko-aabf34.netlify.app
content.js:31 Is excluded: false
content.js:46 Found code blocks: 1
content.js:57 Block 0: Single line, skipping
content.js:28 Current URL: https://umineko-aabf34.netlify.app/
content.js:29 Protocol: https:
content.js:30 Hostname: umineko-aabf34.netlify.app
content.js:31 Is excluded: false
content.js:46 Found code blocks: 1
content.js:57 Block 0: Single line, skipping
content.js:28 Current URL: https://umineko-aabf34.netlify.app/
content.js:29 Protocol: https:
content.js:30 Hostname: umineko-aabf34.netlify.app
content.js:31 Is excluded: false
content.js:46 Found code blocks: 1
content.js:57 Block 0: Single line, skipping
content.js:28 Current URL: https://umineko-aabf34.netlify.app/
content.js:29 Protocol: https:
content.js:30 Hostname: umineko-aabf34.netlify.app
content.js:31 Is excluded: false
content.js:46 Found code blocks: 1
content.js:57 Block 0: Single line, skipping
content.js:28 Current URL: https://umineko-aabf34.netlify.app/
content.js:29 Protocol: https:
content.js:30 Hostname: umineko-aabf34.netlify.app
content.js:31 Is excluded: false
content.js:46 Found code blocks: 1
content.js:57 Block 0: Single line, skipping
content.js:28 Current URL: https://umineko-aabf34.netlify.app/
content.js:29 Protocol: https:
content.js:30 Hostname: umineko-aabf34.netlify.app
content.js:31 Is excluded: false
content.js:46 Found code blocks: 1
content.js:57 Block 0: Single line, skipping
content.js:28 Current URL: https://umineko-aabf34.netlify.app/
content.js:29 Protocol: https:
content.js:30 Hostname: umineko-aabf34.netlify.app
content.js:31 Is excluded: false
content.js:46 Found code blocks: 1
content.js:57 Block 0: Single line, skipping
content.js:28 Current URL: https://umineko-aabf34.netlify.app/
content.js:29 Protocol: https:
content.js:30 Hostname: umineko-aabf34.netlify.app
content.js:31 Is excluded: false
content.js:46 Found code blocks: 1
content.js:57 Block 0: Single line, skipping
content.js:28 Current URL: https://umineko-aabf34.netlify.app/
content.js:29 Protocol: https:
content.js:30 Hostname: umineko-aabf34.netlify.app
content.js:31 Is excluded: false
content.js:46 Found code blocks: 1
content.js:57 Block 0: Single line, skipping
content.js:28 Current URL: https://umineko-aabf34.netlify.app/
content.js:29 Protocol: https:
content.js:30 Hostname: umineko-aabf34.netlify.app
content.js:31 Is excluded: false
content.js:46 Found code blocks: 1
content.js:57 Block 0: Single line, skipping
content.js:28 Current URL: https://umineko-aabf34.netlify.app/
content.js:29 Protocol: https:
content.js:30 Hostname: umineko-aabf34.netlify.app
content.js:31 Is excluded: false
content.js:46 Found code blocks: 1
content.js:57 Block 0: Single line, skipping
content.js:28 Current URL: https://umineko-aabf34.netlify.app/
content.js:29 Protocol: https:
content.js:30 Hostname: umineko-aabf34.netlify.app
content.js:31 Is excluded: false
content.js:46 Found code blocks: 1
content.js:57 Block 0: Single line, skipping
content.js:28 Current URL: https://umineko-aabf34.netlify.app/
content.js:29 Protocol: https:
content.js:30 Hostname: umineko-aabf34.netlify.app
content.js:31 Is excluded: false
content.js:46 Found code blocks: 1
content.js:57 Block 0: Single line, skipping
content.js:28 Current URL: https://umineko-aabf34.netlify.app/
content.js:29 Protocol: https:
content.js:30 Hostname: umineko-aabf34.netlify.app
content.js:31 Is excluded: false
content.js:46 Found code blocks: 1
content.js:57 Block 0: Single line, skipping
content.js:28 Current URL: https://umineko-aabf34.netlify.app/
content.js:29 Protocol: https:
content.js:30 Hostname: umineko-aabf34.netlify.app
content.js:31 Is excluded: false
content.js:46 Found code blocks: 1
content.js:57 Block 0: Single line, skipping
content.js:28 Current URL: https://umineko-aabf34.netlify.app/
content.js:29 Protocol: https:
content.js:30 Hostname: umineko-aabf34.netlify.app
content.js:31 Is excluded: false
content.js:46 Found code blocks: 1
content.js:57 Block 0: Single line, skipping
content.js:28 Current URL: https://umineko-aabf34.netlify.app/
content.js:29 Protocol: https:
content.js:30 Hostname: umineko-aabf34.netlify.app
content.js:31 Is excluded: false
content.js:46 Found code blocks: 1
content.js:57 Block 0: Single line, skipping
content.js:28 Current URL: https://umineko-aabf34.netlify.app/
content.js:29 Protocol: https:
content.js:30 Hostname: umineko-aabf34.netlify.app
content.js:31 Is excluded: false
content.js:46 Found code blocks: 1
content.js:57 Block 0: Single line, skipping
content.js:28 Current URL: https://umineko-aabf34.netlify.app/
content.js:29 Protocol: https:
content.js:30 Hostname: umineko-aabf34.netlify.app
content.js:31 Is excluded: false
content.js:46 Found code blocks: 1
content.js:57 Block 0: Single line, skipping
content.js:28 Current URL: https://umineko-aabf34.netlify.app/
content.js:29 Protocol: https:
content.js:30 Hostname: umineko-aabf34.netlify.app
content.js:31 Is excluded: false
content.js:46 Found code blocks: 1
content.js:57 Block 0: Single line, skipping
content.js:28 Current URL: https://umineko-aabf34.netlify.app/
content.js:29 Protocol: https:
content.js:30 Hostname: umineko-aabf34.netlify.app
content.js:31 Is excluded: false
content.js:46 Found code blocks: 1
content.js:57 Block 0: Single line, skipping
content.js:28 Current URL: https://umineko-aabf34.netlify.app/
content.js:29 Protocol: https:
content.js:30 Hostname: umineko-aabf34.netlify.app
content.js:31 Is excluded: false
content.js:46 Found code blocks: 1
content.js:57 Block 0: Single line, skipping
content.js:28 Current URL: https://umineko-aabf34.netlify.app/
content.js:29 Protocol: https:
content.js:30 Hostname: umineko-aabf34.netlify.app
content.js:31 Is excluded: false
content.js:46 Found code blocks: 1
content.js:57 Block 0: Single line, skipping
content.js:28 Current URL: https://umineko-aabf34.netlify.app/
content.js:29 Protocol: https:
content.js:30 Hostname: umineko-aabf34.netlify.app
content.js:31 Is excluded: false
content.js:46 Found code blocks: 1
content.js:57 Block 0: Single line, skipping
state.js:56 {
  "ts": 1759814835215,
  "module": "mapController.js",
  "event": "skip_rotation",
  "data": {
    "reason": "low_accuracy",
    "mode": "HeadingUp"
  }
}
content.js:28 Current URL: https://umineko-aabf34.netlify.app/
content.js:29 Protocol: https:
content.js:30 Hostname: umineko-aabf34.netlify.app
content.js:31 Is excluded: false
content.js:46 Found code blocks: 1
content.js:57 Block 0: Single line, skipping
state.js:56 {
  "ts": 1759814836066,
  "module": "state.js",
  "event": "position_set",
  "data": {
    "lat": 34.018999333011905,
    "lon": 131.836183920143,
    "acc": 55
  }
}
state.js:56 {
  "ts": 1759814836066,
  "module": "mapController.js",
  "event": "marker_updated",
  "data": {
    "lat": 34.018999333011905,
    "lon": 131.836183920143
  }
}
content.js:28 Current URL: https://umineko-aabf34.netlify.app/
content.js:29 Protocol: https:
content.js:30 Hostname: umineko-aabf34.netlify.app
content.js:31 Is excluded: false
content.js:46 Found code blocks: 1
content.js:57 Block 0: Single line, skipping
content.js:28 Current URL: https://umineko-aabf34.netlify.app/
content.js:29 Protocol: https:
content.js:30 Hostname: umineko-aabf34.netlify.app
content.js:31 Is excluded: false
content.js:46 Found code blocks: 1
content.js:57 Block 0: Single line, skipping
state.js:56 {
  "ts": 1759814836703,
  "module": "mapController.js",
  "event": "skip_rotation",
  "data": {
    "reason": "low_accuracy",
    "mode": "HeadingUp"
  }
}
content.js:28 Current URL: https://umineko-aabf34.netlify.app/
content.js:29 Protocol: https:
content.js:30 Hostname: umineko-aabf34.netlify.app
content.js:31 Is excluded: false
content.js:46 Found code blocks: 1
content.js:57 Block 0: Single line, skipping
state.js:56 {
  "ts": 1759814837764,
  "module": "mapController.js",
  "event": "skip_rotation",
  "data": {
    "reason": "low_accuracy",
    "mode": "NorthUp"
  }
}
state.js:56 {
  "ts": 1759814838492,
  "module": "mapController.js",
  "event": "skip_rotation",
  "data": {
    "reason": "low_accuracy",
    "mode": "HeadingUp"
  }
}
