 {
  "ts": 1760057337040,
  "module": "state.js",
  "event": "heading_set",
  "data": {
    "value": 2,
    "reason": null
  }
}
 {
  "ts": 1760057337041,
  "module": "mapController.js",
  "event": "north_up_transform_check",
  "data": {
    "mapPaneTransform": "",
    "mapPaneOrigin": "",
    "rotatorTransform": "rotate(0deg)",
    "rotatorOrigin": ""
  }
}
 {
  "ts": 1760057337041,
  "module": "mapController.js",
  "event": "north_up_dom_check",
  "data": {
    "width": 30,
    "height": 30,
    "offsetTop": 0,
    "offsetLeft": 0
  }
}
 {
  "ts": 1760057337041,
  "module": "mapController.js",
  "event": "north_up_style_deepcheck",
  "data": {
    "outer": {
      "display": "block",
      "lineHeight": "18px",
      "verticalAlign": "baseline"
    },
    "rotator": {
      "display": "block",
      "lineHeight": "18px",
      "verticalAlign": "baseline"
    },
    "svg": {
      "display": "block",
      "lineHeight": "18px",
      "verticalAlign": "middle"
    }
  }
}
 {
  "ts": 1760057337041,
  "module": "mapController.js",
  "event": "north_up_dom_structure",
  "data": {
    "outerHTML": "<div id=\"userMarker\" class=\"user-marker\" data-role=\"user\">\n                <div class=\"user-location-marker-rotator\" style=\"transform: rotate(0deg);\">\n                    <svg viewBox=\"0 0 24 24\"><path d=\"M12 2L4.5 20.29l.71.71L12 18l6.79 3 .71-.71z\"></path></svg>\n                </div>\n            </div>"
  }
}
 {
  "ts": 1760057337041,
  "module": "mapController.js",
  "event": "apply_heading_north_up_fixed",
  "data": {
    "mode": "north-up",
    "map_rotation": "0 (fixed)",
    "marker_rotation": "0 (fixed)"
  }
}
 {
  "ts": 1760057337090,
  "module": "state.js",
  "event": "heading_set",
  "data": {
    "value": 1.8999999999999773,
    "reason": null
  }
}
 {
  "ts": 1760057337090,
  "module": "mapController.js",
  "event": "north_up_transform_check",
  "data": {
    "mapPaneTransform": "",
    "mapPaneOrigin": "",
    "rotatorTransform": "rotate(0deg)",
    "rotatorOrigin": ""
  }
}
 {
  "ts": 1760057337091,
  "module": "mapController.js",
  "event": "north_up_dom_check",
  "data": {
    "width": 30,
    "height": 30,
    "offsetTop": 0,
    "offsetLeft": 0
  }
}
 {
  "ts": 1760057337091,
  "module": "mapController.js",
  "event": "north_up_style_deepcheck",
  "data": {
    "outer": {
      "display": "block",
      "lineHeight": "18px",
      "verticalAlign": "baseline"
    },
    "rotator": {
      "display": "block",
      "lineHeight": "18px",
      "verticalAlign": "baseline"
    },
    "svg": {
      "display": "block",
      "lineHeight": "18px",
      "verticalAlign": "middle"
    }
  }
}
 {
  "ts": 1760057337091,
  "module": "mapController.js",
  "event": "north_up_dom_structure",
  "data": {
    "outerHTML": "<div id=\"userMarker\" class=\"user-marker\" data-role=\"user\">\n                <div class=\"user-location-marker-rotator\" style=\"transform: rotate(0deg);\">\n                    <svg viewBox=\"0 0 24 24\"><path d=\"M12 2L4.5 20.29l.71.71L12 18l6.79 3 .71-.71z\"></path></svg>\n                </div>\n            </div>"
  }
}
 {
  "ts": 1760057337091,
  "module": "mapController.js",
  "event": "apply_heading_north_up_fixed",
  "data": {
    "mode": "north-up",
    "map_rotation": "0 (fixed)",
    "marker_rotation": "0 (fixed)"
  }
}
 {
  "ts": 1760057337157,
  "module": "state.js",
  "event": "heading_set",
  "data": {
    "value": 2,
    "reason": null
  }
}
 {
  "ts": 1760057337157,
  "module": "mapController.js",
  "event": "north_up_transform_check",
  "data": {
    "mapPaneTransform": "",
    "mapPaneOrigin": "",
    "rotatorTransform": "rotate(0deg)",
    "rotatorOrigin": ""
  }
}
 {
  "ts": 1760057337158,
  "module": "mapController.js",
  "event": "north_up_dom_check",
  "data": {
    "width": 30,
    "height": 30,
    "offsetTop": 0,
    "offsetLeft": 0
  }
}
 {
  "ts": 1760057337158,
  "module": "mapController.js",
  "event": "north_up_style_deepcheck",
  "data": {
    "outer": {
      "display": "block",
      "lineHeight": "18px",
      "verticalAlign": "baseline"
    },
    "rotator": {
      "display": "block",
      "lineHeight": "18px",
      "verticalAlign": "baseline"
    },
    "svg": {
      "display": "block",
      "lineHeight": "18px",
      "verticalAlign": "middle"
    }
  }
}
 {
  "ts": 1760057337158,
  "module": "mapController.js",
  "event": "north_up_dom_structure",
  "data": {
    "outerHTML": "<div id=\"userMarker\" class=\"user-marker\" data-role=\"user\">\n                <div class=\"user-location-marker-rotator\" style=\"transform: rotate(0deg);\">\n                    <svg viewBox=\"0 0 24 24\"><path d=\"M12 2L4.5 20.29l.71.71L12 18l6.79 3 .71-.71z\"></path></svg>\n                </div>\n            </div>"
  }
}
 {
  "ts": 1760057337158,
  "module": "mapController.js",
  "event": "apply_heading_north_up_fixed",
  "data": {
    "mode": "north-up",
    "map_rotation": "0 (fixed)",
    "marker_rotation": "0 (fixed)"
  }
}
 {
  "ts": 1760057337407,
  "module": "state.js",
  "event": "heading_set",
  "data": {
    "value": 2.099999999999966,
    "reason": null
  }
}
 {
  "ts": 1760057337407,
  "module": "mapController.js",
  "event": "north_up_transform_check",
  "data": {
    "mapPaneTransform": "",
    "mapPaneOrigin": "",
    "rotatorTransform": "rotate(0deg)",
    "rotatorOrigin": ""
  }
}
 {
  "ts": 1760057337407,
  "module": "mapController.js",
  "event": "north_up_dom_check",
  "data": {
    "width": 30,
    "height": 30,
    "offsetTop": 0,
    "offsetLeft": 0
  }
}
 {
  "ts": 1760057337407,
  "module": "mapController.js",
  "event": "north_up_style_deepcheck",
  "data": {
    "outer": {
      "display": "block",
      "lineHeight": "18px",
      "verticalAlign": "baseline"
    },
    "rotator": {
      "display": "block",
      "lineHeight": "18px",
      "verticalAlign": "baseline"
    },
    "svg": {
      "display": "block",
      "lineHeight": "18px",
      "verticalAlign": "middle"
    }
  }
}
 {
  "ts": 1760057337407,
  "module": "mapController.js",
  "event": "north_up_dom_structure",
  "data": {
    "outerHTML": "<div id=\"userMarker\" class=\"user-marker\" data-role=\"user\">\n                <div class=\"user-location-marker-rotator\" style=\"transform: rotate(0deg);\">\n                    <svg viewBox=\"0 0 24 24\"><path d=\"M12 2L4.5 20.29l.71.71L12 18l6.79 3 .71-.71z\"></path></svg>\n                </div>\n            </div>"
  }
}
 {
  "ts": 1760057337407,
  "module": "mapController.js",
  "event": "apply_heading_north_up_fixed",
  "data": {
    "mode": "north-up",
    "map_rotation": "0 (fixed)",
    "marker_rotation": "0 (fixed)"
  }
}
 {
  "ts": 1760057337490,
  "module": "state.js",
  "event": "heading_set",
  "data": {
    "value": 2.1999999999999886,
    "reason": null
  }
}
 {
  "ts": 1760057337490,
  "module": "mapController.js",
  "event": "north_up_transform_check",
  "data": {
    "mapPaneTransform": "",
    "mapPaneOrigin": "",
    "rotatorTransform": "rotate(0deg)",
    "rotatorOrigin": ""
  }
}
 {
  "ts": 1760057337491,
  "module": "mapController.js",
  "event": "north_up_dom_check",
  "data": {
    "width": 30,
    "height": 30,
    "offsetTop": 0,
    "offsetLeft": 0
  }
}
 {
  "ts": 1760057337491,
  "module": "mapController.js",
  "event": "north_up_style_deepcheck",
  "data": {
    "outer": {
      "display": "block",
      "lineHeight": "18px",
      "verticalAlign": "baseline"
    },
    "rotator": {
      "display": "block",
      "lineHeight": "18px",
      "verticalAlign": "baseline"
    },
    "svg": {
      "display": "block",
      "lineHeight": "18px",
      "verticalAlign": "middle"
    }
  }
}
 {
  "ts": 1760057337491,
  "module": "mapController.js",
  "event": "north_up_dom_structure",
  "data": {
    "outerHTML": "<div id=\"userMarker\" class=\"user-marker\" data-role=\"user\">\n                <div class=\"user-location-marker-rotator\" style=\"transform: rotate(0deg);\">\n                    <svg viewBox=\"0 0 24 24\"><path d=\"M12 2L4.5 20.29l.71.71L12 18l6.79 3 .71-.71z\"></path></svg>\n                </div>\n            </div>"
  }
}
 {
  "ts": 1760057337491,
  "module": "mapController.js",
  "event": "apply_heading_north_up_fixed",
  "data": {
    "mode": "north-up",
    "map_rotation": "0 (fixed)",
    "marker_rotation": "0 (fixed)"
  }
}
 {
  "ts": 1760057337540,
  "module": "state.js",
  "event": "heading_set",
  "data": {
    "value": 2.099999999999966,
    "reason": null
  }
}
 {
  "ts": 1760057337540,
  "module": "mapController.js",
  "event": "north_up_transform_check",
  "data": {
    "mapPaneTransform": "",
    "mapPaneOrigin": "",
    "rotatorTransform": "rotate(0deg)",
    "rotatorOrigin": ""
  }
}
 {
  "ts": 1760057337540,
  "module": "mapController.js",
  "event": "north_up_dom_check",
  "data": {
    "width": 30,
    "height": 30,
    "offsetTop": 0,
    "offsetLeft": 0
  }
}
 {
  "ts": 1760057337541,
  "module": "mapController.js",
  "event": "north_up_style_deepcheck",
  "data": {
    "outer": {
      "display": "block",
      "lineHeight": "18px",
      "verticalAlign": "baseline"
    },
    "rotator": {
      "display": "block",
      "lineHeight": "18px",
      "verticalAlign": "baseline"
    },
    "svg": {
      "display": "block",
      "lineHeight": "18px",
      "verticalAlign": "middle"
    }
  }
}
 {
  "ts": 1760057337541,
  "module": "mapController.js",
  "event": "north_up_dom_structure",
  "data": {
    "outerHTML": "<div id=\"userMarker\" class=\"user-marker\" data-role=\"user\">\n                <div class=\"user-location-marker-rotator\" style=\"transform: rotate(0deg);\">\n                    <svg viewBox=\"0 0 24 24\"><path d=\"M12 2L4.5 20.29l.71.71L12 18l6.79 3 .71-.71z\"></path></svg>\n                </div>\n            </div>"
  }
}
 {
  "ts": 1760057337541,
  "module": "mapController.js",
  "event": "apply_heading_north_up_fixed",
  "data": {
    "mode": "north-up",
    "map_rotation": "0 (fixed)",
    "marker_rotation": "0 (fixed)"
  }
}
 {
  "ts": 1760057337590,
  "module": "state.js",
  "event": "heading_set",
  "data": {
    "value": 2.1999999999999886,
    "reason": null
  }
}
 {
  "ts": 1760057337590,
  "module": "mapController.js",
  "event": "north_up_transform_check",
  "data": {
    "mapPaneTransform": "",
    "mapPaneOrigin": "",
    "rotatorTransform": "rotate(0deg)",
    "rotatorOrigin": ""
  }
}
 {
  "ts": 1760057337590,
  "module": "mapController.js",
  "event": "north_up_dom_check",
  "data": {
    "width": 30,
    "height": 30,
    "offsetTop": 0,
    "offsetLeft": 0
  }
}
 {
  "ts": 1760057337590,
  "module": "mapController.js",
  "event": "north_up_style_deepcheck",
  "data": {
    "outer": {
      "display": "block",
      "lineHeight": "18px",
      "verticalAlign": "baseline"
    },
    "rotator": {
      "display": "block",
      "lineHeight": "18px",
      "verticalAlign": "baseline"
    },
    "svg": {
      "display": "block",
      "lineHeight": "18px",
      "verticalAlign": "middle"
    }
  }
}
 {
  "ts": 1760057337591,
  "module": "mapController.js",
  "event": "north_up_dom_structure",
  "data": {
    "outerHTML": "<div id=\"userMarker\" class=\"user-marker\" data-role=\"user\">\n                <div class=\"user-location-marker-rotator\" style=\"transform: rotate(0deg);\">\n                    <svg viewBox=\"0 0 24 24\"><path d=\"M12 2L4.5 20.29l.71.71L12 18l6.79 3 .71-.71z\"></path></svg>\n                </div>\n            </div>"
  }
}
 {
  "ts": 1760057337591,
  "module": "mapController.js",
  "event": "apply_heading_north_up_fixed",
  "data": {
    "mode": "north-up",
    "map_rotation": "0 (fixed)",
    "marker_rotation": "0 (fixed)"
  }
}
 {
  "ts": 1760057337640,
  "module": "state.js",
  "event": "heading_set",
  "data": {
    "value": 2.099999999999966,
    "reason": null
  }
}
 {
  "ts": 1760057337640,
  "module": "mapController.js",
  "event": "north_up_transform_check",
  "data": {
    "mapPaneTransform": "",
    "mapPaneOrigin": "",
    "rotatorTransform": "rotate(0deg)",
    "rotatorOrigin": ""
  }
}
 {
  "ts": 1760057337640,
  "module": "mapController.js",
  "event": "north_up_dom_check",
  "data": {
    "width": 30,
    "height": 30,
    "offsetTop": 0,
    "offsetLeft": 0
  }
}
 {
  "ts": 1760057337641,
  "module": "mapController.js",
  "event": "north_up_style_deepcheck",
  "data": {
    "outer": {
      "display": "block",
      "lineHeight": "18px",
      "verticalAlign": "baseline"
    },
    "rotator": {
      "display": "block",
      "lineHeight": "18px",
      "verticalAlign": "baseline"
    },
    "svg": {
      "display": "block",
      "lineHeight": "18px",
      "verticalAlign": "middle"
    }
  }
}
 {
  "ts": 1760057337641,
  "module": "mapController.js",
  "event": "north_up_dom_structure",
  "data": {
    "outerHTML": "<div id=\"userMarker\" class=\"user-marker\" data-role=\"user\">\n                <div class=\"user-location-marker-rotator\" style=\"transform: rotate(0deg);\">\n                    <svg viewBox=\"0 0 24 24\"><path d=\"M12 2L4.5 20.29l.71.71L12 18l6.79 3 .71-.71z\"></path></svg>\n                </div>\n            </div>"
  }
}
 {
  "ts": 1760057337641,
  "module": "mapController.js",
  "event": "apply_heading_north_up_fixed",
  "data": {
    "mode": "north-up",
    "map_rotation": "0 (fixed)",
    "marker_rotation": "0 (fixed)"
  }
}
 {
  "ts": 1760057337690,
  "module": "state.js",
  "event": "heading_set",
  "data": {
    "value": 2.1999999999999886,
    "reason": null
  }
}
 {
  "ts": 1760057337690,
  "module": "mapController.js",
  "event": "north_up_transform_check",
  "data": {
    "mapPaneTransform": "",
    "mapPaneOrigin": "",
    "rotatorTransform": "rotate(0deg)",
    "rotatorOrigin": ""
  }
}
 {
  "ts": 1760057337690,
  "module": "mapController.js",
  "event": "north_up_dom_check",
  "data": {
    "width": 30,
    "height": 30,
    "offsetTop": 0,
    "offsetLeft": 0
  }
}
 {
  "ts": 1760057337691,
  "module": "mapController.js",
  "event": "north_up_style_deepcheck",
  "data": {
    "outer": {
      "display": "block",
      "lineHeight": "18px",
      "verticalAlign": "baseline"
    },
    "rotator": {
      "display": "block",
      "lineHeight": "18px",
      "verticalAlign": "baseline"
    },
    "svg": {
      "display": "block",
      "lineHeight": "18px",
      "verticalAlign": "middle"
    }
  }
}
 {
  "ts": 1760057337691,
  "module": "mapController.js",
  "event": "north_up_dom_structure",
  "data": {
    "outerHTML": "<div id=\"userMarker\" class=\"user-marker\" data-role=\"user\">\n                <div class=\"user-location-marker-rotator\" style=\"transform: rotate(0deg);\">\n                    <svg viewBox=\"0 0 24 24\"><path d=\"M12 2L4.5 20.29l.71.71L12 18l6.79 3 .71-.71z\"></path></svg>\n                </div>\n            </div>"
  }
}
 {
  "ts": 1760057337691,
  "module": "mapController.js",
  "event": "apply_heading_north_up_fixed",
  "data": {
    "mode": "north-up",
    "map_rotation": "0 (fixed)",
    "marker_rotation": "0 (fixed)"
  }
}
 {
  "ts": 1760057337807,
  "module": "state.js",
  "event": "heading_set",
  "data": {
    "value": 2.099999999999966,
    "reason": null
  }
}
 {
  "ts": 1760057337807,
  "module": "mapController.js",
  "event": "north_up_transform_check",
  "data": {
    "mapPaneTransform": "",
    "mapPaneOrigin": "",
    "rotatorTransform": "rotate(0deg)",
    "rotatorOrigin": ""
  }
}
 {
  "ts": 1760057337807,
  "module": "mapController.js",
  "event": "north_up_dom_check",
  "data": {
    "width": 30,
    "height": 30,
    "offsetTop": 0,
    "offsetLeft": 0
  }
}
 {
  "ts": 1760057337807,
  "module": "mapController.js",
  "event": "north_up_style_deepcheck",
  "data": {
    "outer": {
      "display": "block",
      "lineHeight": "18px",
      "verticalAlign": "baseline"
    },
    "rotator": {
      "display": "block",
      "lineHeight": "18px",
      "verticalAlign": "baseline"
    },
    "svg": {
      "display": "block",
      "lineHeight": "18px",
      "verticalAlign": "middle"
    }
  }
}
 {
  "ts": 1760057337807,
  "module": "mapController.js",
  "event": "north_up_dom_structure",
  "data": {
    "outerHTML": "<div id=\"userMarker\" class=\"user-marker\" data-role=\"user\">\n                <div class=\"user-location-marker-rotator\" style=\"transform: rotate(0deg);\">\n                    <svg viewBox=\"0 0 24 24\"><path d=\"M12 2L4.5 20.29l.71.71L12 18l6.79 3 .71-.71z\"></path></svg>\n                </div>\n            </div>"
  }
}
 {
  "ts": 1760057337807,
  "module": "mapController.js",
  "event": "apply_heading_north_up_fixed",
  "data": {
    "mode": "north-up",
    "map_rotation": "0 (fixed)",
    "marker_rotation": "0 (fixed)"
  }
}
 {
  "ts": 1760057337840,
  "module": "state.js",
  "event": "heading_set",
  "data": {
    "value": 2.1999999999999886,
    "reason": null
  }
}
 {
  "ts": 1760057337840,
  "module": "mapController.js",
  "event": "north_up_transform_check",
  "data": {
    "mapPaneTransform": "",
    "mapPaneOrigin": "",
    "rotatorTransform": "rotate(0deg)",
    "rotatorOrigin": ""
  }
}
 {
  "ts": 1760057337840,
  "module": "mapController.js",
  "event": "north_up_dom_check",
  "data": {
    "width": 30,
    "height": 30,
    "offsetTop": 0,
    "offsetLeft": 0
  }
}
 {
  "ts": 1760057337840,
  "module": "mapController.js",
  "event": "north_up_style_deepcheck",
  "data": {
    "outer": {
      "display": "block",
      "lineHeight": "18px",
      "verticalAlign": "baseline"
    },
    "rotator": {
      "display": "block",
      "lineHeight": "18px",
      "verticalAlign": "baseline"
    },
    "svg": {
      "display": "block",
      "lineHeight": "18px",
      "verticalAlign": "middle"
    }
  }
}
 {
  "ts": 1760057337841,
  "module": "mapController.js",
  "event": "north_up_dom_structure",
  "data": {
    "outerHTML": "<div id=\"userMarker\" class=\"user-marker\" data-role=\"user\">\n                <div class=\"user-location-marker-rotator\" style=\"transform: rotate(0deg);\">\n                    <svg viewBox=\"0 0 24 24\"><path d=\"M12 2L4.5 20.29l.71.71L12 18l6.79 3 .71-.71z\"></path></svg>\n                </div>\n            </div>"
  }
}
 {
  "ts": 1760057337841,
  "module": "mapController.js",
  "event": "apply_heading_north_up_fixed",
  "data": {
    "mode": "north-up",
    "map_rotation": "0 (fixed)",
    "marker_rotation": "0 (fixed)"
  }
}
 {
  "ts": 1760057337990,
  "module": "state.js",
  "event": "heading_set",
  "data": {
    "value": 2.3999999999999773,
    "reason": null
  }
}
 {
  "ts": 1760057337990,
  "module": "mapController.js",
  "event": "north_up_transform_check",
  "data": {
    "mapPaneTransform": "",
    "mapPaneOrigin": "",
    "rotatorTransform": "rotate(0deg)",
    "rotatorOrigin": ""
  }
}
 {
  "ts": 1760057337990,
  "module": "mapController.js",
  "event": "north_up_dom_check",
  "data": {
    "width": 30,
    "height": 30,
    "offsetTop": 0,
    "offsetLeft": 0
  }
}
 {
  "ts": 1760057337990,
  "module": "mapController.js",
  "event": "north_up_style_deepcheck",
  "data": {
    "outer": {
      "display": "block",
      "lineHeight": "18px",
      "verticalAlign": "baseline"
    },
    "rotator": {
      "display": "block",
      "lineHeight": "18px",
      "verticalAlign": "baseline"
    },
    "svg": {
      "display": "block",
      "lineHeight": "18px",
      "verticalAlign": "middle"
    }
  }
}
 {
  "ts": 1760057337991,
  "module": "mapController.js",
  "event": "north_up_dom_structure",
  "data": {
    "outerHTML": "<div id=\"userMarker\" class=\"user-marker\" data-role=\"user\">\n                <div class=\"user-location-marker-rotator\" style=\"transform: rotate(0deg);\">\n                    <svg viewBox=\"0 0 24 24\"><path d=\"M12 2L4.5 20.29l.71.71L12 18l6.79 3 .71-.71z\"></path></svg>\n                </div>\n            </div>"
  }
}
 {
  "ts": 1760057337991,
  "module": "mapController.js",
  "event": "apply_heading_north_up_fixed",
  "data": {
    "mode": "north-up",
    "map_rotation": "0 (fixed)",
    "marker_rotation": "0 (fixed)"
  }
}
 {
  "ts": 1760057338040,
  "module": "state.js",
  "event": "heading_set",
  "data": {
    "value": 2.5,
    "reason": null
  }
}
 {
  "ts": 1760057338040,
  "module": "mapController.js",
  "event": "north_up_transform_check",
  "data": {
    "mapPaneTransform": "",
    "mapPaneOrigin": "",
    "rotatorTransform": "rotate(0deg)",
    "rotatorOrigin": ""
  }
}
 {
  "ts": 1760057338040,
  "module": "mapController.js",
  "event": "north_up_dom_check",
  "data": {
    "width": 30,
    "height": 30,
    "offsetTop": 0,
    "offsetLeft": 0
  }
}
 {
  "ts": 1760057338040,
  "module": "mapController.js",
  "event": "north_up_style_deepcheck",
  "data": {
    "outer": {
      "display": "block",
      "lineHeight": "18px",
      "verticalAlign": "baseline"
    },
    "rotator": {
      "display": "block",
      "lineHeight": "18px",
      "verticalAlign": "baseline"
    },
    "svg": {
      "display": "block",
      "lineHeight": "18px",
      "verticalAlign": "middle"
    }
  }
}
 {
  "ts": 1760057338041,
  "module": "mapController.js",
  "event": "north_up_dom_structure",
  "data": {
    "outerHTML": "<div id=\"userMarker\" class=\"user-marker\" data-role=\"user\">\n                <div class=\"user-location-marker-rotator\" style=\"transform: rotate(0deg);\">\n                    <svg viewBox=\"0 0 24 24\"><path d=\"M12 2L4.5 20.29l.71.71L12 18l6.79 3 .71-.71z\"></path></svg>\n                </div>\n            </div>"
  }
}
 {
  "ts": 1760057338041,
  "module": "mapController.js",
  "event": "apply_heading_north_up_fixed",
  "data": {
    "mode": "north-up",
    "map_rotation": "0 (fixed)",
    "marker_rotation": "0 (fixed)"
  }
}
 {
  "ts": 1760057338090,
  "module": "state.js",
  "event": "heading_set",
  "data": {
    "value": 2.3999999999999773,
    "reason": null
  }
}
 {
  "ts": 1760057338090,
  "module": "mapController.js",
  "event": "north_up_transform_check",
  "data": {
    "mapPaneTransform": "",
    "mapPaneOrigin": "",
    "rotatorTransform": "rotate(0deg)",
    "rotatorOrigin": ""
  }
}
 {
  "ts": 1760057338090,
  "module": "mapController.js",
  "event": "north_up_dom_check",
  "data": {
    "width": 30,
    "height": 30,
    "offsetTop": 0,
    "offsetLeft": 0
  }
}
 {
  "ts": 1760057338091,
  "module": "mapController.js",
  "event": "north_up_style_deepcheck",
  "data": {
    "outer": {
      "display": "block",
      "lineHeight": "18px",
      "verticalAlign": "baseline"
    },
    "rotator": {
      "display": "block",
      "lineHeight": "18px",
      "verticalAlign": "baseline"
    },
    "svg": {
      "display": "block",
      "lineHeight": "18px",
      "verticalAlign": "middle"
    }
  }
}
 {
  "ts": 1760057338091,
  "module": "mapController.js",
  "event": "north_up_dom_structure",
  "data": {
    "outerHTML": "<div id=\"userMarker\" class=\"user-marker\" data-role=\"user\">\n                <div class=\"user-location-marker-rotator\" style=\"transform: rotate(0deg);\">\n                    <svg viewBox=\"0 0 24 24\"><path d=\"M12 2L4.5 20.29l.71.71L12 18l6.79 3 .71-.71z\"></path></svg>\n                </div>\n            </div>"
  }
}
 {
  "ts": 1760057338091,
  "module": "mapController.js",
  "event": "apply_heading_north_up_fixed",
  "data": {
    "mode": "north-up",
    "map_rotation": "0 (fixed)",
    "marker_rotation": "0 (fixed)"
  }
}
 {
  "ts": 1760057338157,
  "module": "state.js",
  "event": "heading_set",
  "data": {
    "value": 2.5,
    "reason": null
  }
}
 {
  "ts": 1760057338157,
  "module": "mapController.js",
  "event": "north_up_transform_check",
  "data": {
    "mapPaneTransform": "",
    "mapPaneOrigin": "",
    "rotatorTransform": "rotate(0deg)",
    "rotatorOrigin": ""
  }
}
 {
  "ts": 1760057338157,
  "module": "mapController.js",
  "event": "north_up_dom_check",
  "data": {
    "width": 30,
    "height": 30,
    "offsetTop": 0,
    "offsetLeft": 0
  }
}
 {
  "ts": 1760057338157,
  "module": "mapController.js",
  "event": "north_up_style_deepcheck",
  "data": {
    "outer": {
      "display": "block",
      "lineHeight": "18px",
      "verticalAlign": "baseline"
    },
    "rotator": {
      "display": "block",
      "lineHeight": "18px",
      "verticalAlign": "baseline"
    },
    "svg": {
      "display": "block",
      "lineHeight": "18px",
      "verticalAlign": "middle"
    }
  }
}
 {
  "ts": 1760057338157,
  "module": "mapController.js",
  "event": "north_up_dom_structure",
  "data": {
    "outerHTML": "<div id=\"userMarker\" class=\"user-marker\" data-role=\"user\">\n                <div class=\"user-location-marker-rotator\" style=\"transform: rotate(0deg);\">\n                    <svg viewBox=\"0 0 24 24\"><path d=\"M12 2L4.5 20.29l.71.71L12 18l6.79 3 .71-.71z\"></path></svg>\n                </div>\n            </div>"
  }
}
 {
  "ts": 1760057338157,
  "module": "mapController.js",
  "event": "apply_heading_north_up_fixed",
  "data": {
    "mode": "north-up",
    "map_rotation": "0 (fixed)",
    "marker_rotation": "0 (fixed)"
  }
}
 {
  "ts": 1760057338173,
  "module": "state.js",
  "event": "heading_set",
  "data": {
    "value": 2.599999999999966,
    "reason": null
  }
}
 {
  "ts": 1760057338174,
  "module": "mapController.js",
  "event": "north_up_transform_check",
  "data": {
    "mapPaneTransform": "",
    "mapPaneOrigin": "",
    "rotatorTransform": "rotate(0deg)",
    "rotatorOrigin": ""
  }
}
 {
  "ts": 1760057338174,
  "module": "mapController.js",
  "event": "north_up_dom_check",
  "data": {
    "width": 30,
    "height": 30,
    "offsetTop": 0,
    "offsetLeft": 0
  }
}
 {
  "ts": 1760057338174,
  "module": "mapController.js",
  "event": "north_up_style_deepcheck",
  "data": {
    "outer": {
      "display": "block",
      "lineHeight": "18px",
      "verticalAlign": "baseline"
    },
    "rotator": {
      "display": "block",
      "lineHeight": "18px",
      "verticalAlign": "baseline"
    },
    "svg": {
      "display": "block",
      "lineHeight": "18px",
      "verticalAlign": "middle"
    }
  }
}
 {
  "ts": 1760057338174,
  "module": "mapController.js",
  "event": "north_up_dom_structure",
  "data": {
    "outerHTML": "<div id=\"userMarker\" class=\"user-marker\" data-role=\"user\">\n                <div class=\"user-location-marker-rotator\" style=\"transform: rotate(0deg);\">\n                    <svg viewBox=\"0 0 24 24\"><path d=\"M12 2L4.5 20.29l.71.71L12 18l6.79 3 .71-.71z\"></path></svg>\n                </div>\n            </div>"
  }
}
 {
  "ts": 1760057338174,
  "module": "mapController.js",
  "event": "apply_heading_north_up_fixed",
  "data": {
    "mode": "north-up",
    "map_rotation": "0 (fixed)",
    "marker_rotation": "0 (fixed)"
  }
}
 {
  "ts": 1760057338273,
  "module": "state.js",
  "event": "heading_set",
  "data": {
    "value": 2.5,
    "reason": null
  }
}
 {
  "ts": 1760057338274,
  "module": "mapController.js",
  "event": "north_up_transform_check",
  "data": {
    "mapPaneTransform": "",
    "mapPaneOrigin": "",
    "rotatorTransform": "rotate(0deg)",
    "rotatorOrigin": ""
  }
}
 {
  "ts": 1760057338274,
  "module": "mapController.js",
  "event": "north_up_dom_check",
  "data": {
    "width": 30,
    "height": 30,
    "offsetTop": 0,
    "offsetLeft": 0
  }
}
 {
  "ts": 1760057338274,
  "module": "mapController.js",
  "event": "north_up_style_deepcheck",
  "data": {
    "outer": {
      "display": "block",
      "lineHeight": "18px",
      "verticalAlign": "baseline"
    },
    "rotator": {
      "display": "block",
      "lineHeight": "18px",
      "verticalAlign": "baseline"
    },
    "svg": {
      "display": "block",
      "lineHeight": "18px",
      "verticalAlign": "middle"
    }
  }
}
 {
  "ts": 1760057338274,
  "module": "mapController.js",
  "event": "north_up_dom_structure",
  "data": {
    "outerHTML": "<div id=\"userMarker\" class=\"user-marker\" data-role=\"user\">\n                <div class=\"user-location-marker-rotator\" style=\"transform: rotate(0deg);\">\n                    <svg viewBox=\"0 0 24 24\"><path d=\"M12 2L4.5 20.29l.71.71L12 18l6.79 3 .71-.71z\"></path></svg>\n                </div>\n            </div>"
  }
}
 {
  "ts": 1760057338274,
  "module": "mapController.js",
  "event": "apply_heading_north_up_fixed",
  "data": {
    "mode": "north-up",
    "map_rotation": "0 (fixed)",
    "marker_rotation": "0 (fixed)"
  }
}
 {
  "ts": 1760057338290,
  "module": "state.js",
  "event": "heading_set",
  "data": {
    "value": 2.599999999999966,
    "reason": null
  }
}
 {
  "ts": 1760057338290,
  "module": "mapController.js",
  "event": "north_up_transform_check",
  "data": {
    "mapPaneTransform": "",
    "mapPaneOrigin": "",
    "rotatorTransform": "rotate(0deg)",
    "rotatorOrigin": ""
  }
}
 {
  "ts": 1760057338290,
  "module": "mapController.js",
  "event": "north_up_dom_check",
  "data": {
    "width": 30,
    "height": 30,
    "offsetTop": 0,
    "offsetLeft": 0
  }
}
 {
  "ts": 1760057338291,
  "module": "mapController.js",
  "event": "north_up_style_deepcheck",
  "data": {
    "outer": {
      "display": "block",
      "lineHeight": "18px",
      "verticalAlign": "baseline"
    },
    "rotator": {
      "display": "block",
      "lineHeight": "18px",
      "verticalAlign": "baseline"
    },
    "svg": {
      "display": "block",
      "lineHeight": "18px",
      "verticalAlign": "middle"
    }
  }
}
 {
  "ts": 1760057338291,
  "module": "mapController.js",
  "event": "north_up_dom_structure",
  "data": {
    "outerHTML": "<div id=\"userMarker\" class=\"user-marker\" data-role=\"user\">\n                <div class=\"user-location-marker-rotator\" style=\"transform: rotate(0deg);\">\n                    <svg viewBox=\"0 0 24 24\"><path d=\"M12 2L4.5 20.29l.71.71L12 18l6.79 3 .71-.71z\"></path></svg>\n                </div>\n            </div>"
  }
}
 {
  "ts": 1760057338291,
  "module": "mapController.js",
  "event": "apply_heading_north_up_fixed",
  "data": {
    "mode": "north-up",
    "map_rotation": "0 (fixed)",
    "marker_rotation": "0 (fixed)"
  }
}
 {
  "ts": 1760057338390,
  "module": "state.js",
  "event": "heading_set",
  "data": {
    "value": 2.3999999999999773,
    "reason": null
  }
}
 {
  "ts": 1760057338390,
  "module": "mapController.js",
  "event": "north_up_transform_check",
  "data": {
    "mapPaneTransform": "",
    "mapPaneOrigin": "",
    "rotatorTransform": "rotate(0deg)",
    "rotatorOrigin": ""
  }
}
 {
  "ts": 1760057338390,
  "module": "mapController.js",
  "event": "north_up_dom_check",
  "data": {
    "width": 30,
    "height": 30,
    "offsetTop": 0,
    "offsetLeft": 0
  }
}
 {
  "ts": 1760057338391,
  "module": "mapController.js",
  "event": "north_up_style_deepcheck",
  "data": {
    "outer": {
      "display": "block",
      "lineHeight": "18px",
      "verticalAlign": "baseline"
    },
    "rotator": {
      "display": "block",
      "lineHeight": "18px",
      "verticalAlign": "baseline"
    },
    "svg": {
      "display": "block",
      "lineHeight": "18px",
      "verticalAlign": "middle"
    }
  }
}
 {
  "ts": 1760057338391,
  "module": "mapController.js",
  "event": "north_up_dom_structure",
  "data": {
    "outerHTML": "<div id=\"userMarker\" class=\"user-marker\" data-role=\"user\">\n                <div class=\"user-location-marker-rotator\" style=\"transform: rotate(0deg);\">\n                    <svg viewBox=\"0 0 24 24\"><path d=\"M12 2L4.5 20.29l.71.71L12 18l6.79 3 .71-.71z\"></path></svg>\n                </div>\n            </div>"
  }
}
 {
  "ts": 1760057338391,
  "module": "mapController.js",
  "event": "apply_heading_north_up_fixed",
  "data": {
    "mode": "north-up",
    "map_rotation": "0 (fixed)",
    "marker_rotation": "0 (fixed)"
  }
}
 {
  "ts": 1760057338440,
  "module": "state.js",
  "event": "heading_set",
  "data": {
    "value": 2.2999999999999545,
    "reason": null
  }
}
 {
  "ts": 1760057338440,
  "module": "mapController.js",
  "event": "north_up_transform_check",
  "data": {
    "mapPaneTransform": "",
    "mapPaneOrigin": "",
    "rotatorTransform": "rotate(0deg)",
    "rotatorOrigin": ""
  }
}
 {
  "ts": 1760057338440,
  "module": "mapController.js",
  "event": "north_up_dom_check",
  "data": {
    "width": 30,
    "height": 30,
    "offsetTop": 0,
    "offsetLeft": 0
  }
}
 {
  "ts": 1760057338440,
  "module": "mapController.js",
  "event": "north_up_style_deepcheck",
  "data": {
    "outer": {
      "display": "block",
      "lineHeight": "18px",
      "verticalAlign": "baseline"
    },
    "rotator": {
      "display": "block",
      "lineHeight": "18px",
      "verticalAlign": "baseline"
    },
    "svg": {
      "display": "block",
      "lineHeight": "18px",
      "verticalAlign": "middle"
    }
  }
}
 {
  "ts": 1760057338441,
  "module": "mapController.js",
  "event": "north_up_dom_structure",
  "data": {
    "outerHTML": "<div id=\"userMarker\" class=\"user-marker\" data-role=\"user\">\n                <div class=\"user-location-marker-rotator\" style=\"transform: rotate(0deg);\">\n                    <svg viewBox=\"0 0 24 24\"><path d=\"M12 2L4.5 20.29l.71.71L12 18l6.79 3 .71-.71z\"></path></svg>\n                </div>\n            </div>"
  }
}
 {
  "ts": 1760057338441,
  "module": "mapController.js",
  "event": "apply_heading_north_up_fixed",
  "data": {
    "mode": "north-up",
    "map_rotation": "0 (fixed)",
    "marker_rotation": "0 (fixed)"
  }
}
 {
  "ts": 1760057338473,
  "module": "state.js",
  "event": "heading_set",
  "data": {
    "value": 2.3999999999999773,
    "reason": null
  }
}
 {
  "ts": 1760057338474,
  "module": "mapController.js",
  "event": "north_up_transform_check",
  "data": {
    "mapPaneTransform": "",
    "mapPaneOrigin": "",
    "rotatorTransform": "rotate(0deg)",
    "rotatorOrigin": ""
  }
}
 {
  "ts": 1760057338474,
  "module": "mapController.js",
  "event": "north_up_dom_check",
  "data": {
    "width": 30,
    "height": 30,
    "offsetTop": 0,
    "offsetLeft": 0
  }
}
 {
  "ts": 1760057338474,
  "module": "mapController.js",
  "event": "north_up_style_deepcheck",
  "data": {
    "outer": {
      "display": "block",
      "lineHeight": "18px",
      "verticalAlign": "baseline"
    },
    "rotator": {
      "display": "block",
      "lineHeight": "18px",
      "verticalAlign": "baseline"
    },
    "svg": {
      "display": "block",
      "lineHeight": "18px",
      "verticalAlign": "middle"
    }
  }
}
 {
  "ts": 1760057338474,
  "module": "mapController.js",
  "event": "north_up_dom_structure",
  "data": {
    "outerHTML": "<div id=\"userMarker\" class=\"user-marker\" data-role=\"user\">\n                <div class=\"user-location-marker-rotator\" style=\"transform: rotate(0deg);\">\n                    <svg viewBox=\"0 0 24 24\"><path d=\"M12 2L4.5 20.29l.71.71L12 18l6.79 3 .71-.71z\"></path></svg>\n                </div>\n            </div>"
  }
}
 {
  "ts": 1760057338474,
  "module": "mapController.js",
  "event": "apply_heading_north_up_fixed",
  "data": {
    "mode": "north-up",
    "map_rotation": "0 (fixed)",
    "marker_rotation": "0 (fixed)"
  }
}
 {
  "ts": 1760057338507,
  "module": "state.js",
  "event": "heading_set",
  "data": {
    "value": 2.2999999999999545,
    "reason": null
  }
}
 {
  "ts": 1760057338507,
  "module": "mapController.js",
  "event": "north_up_transform_check",
  "data": {
    "mapPaneTransform": "",
    "mapPaneOrigin": "",
    "rotatorTransform": "rotate(0deg)",
    "rotatorOrigin": ""
  }
}
 {
  "ts": 1760057338507,
  "module": "mapController.js",
  "event": "north_up_dom_check",
  "data": {
    "width": 30,
    "height": 30,
    "offsetTop": 0,
    "offsetLeft": 0
  }
}
 {
  "ts": 1760057338507,
  "module": "mapController.js",
  "event": "north_up_style_deepcheck",
  "data": {
    "outer": {
      "display": "block",
      "lineHeight": "18px",
      "verticalAlign": "baseline"
    },
    "rotator": {
      "display": "block",
      "lineHeight": "18px",
      "verticalAlign": "baseline"
    },
    "svg": {
      "display": "block",
      "lineHeight": "18px",
      "verticalAlign": "middle"
    }
  }
}
 {
  "ts": 1760057338507,
  "module": "mapController.js",
  "event": "north_up_dom_structure",
  "data": {
    "outerHTML": "<div id=\"userMarker\" class=\"user-marker\" data-role=\"user\">\n                <div class=\"user-location-marker-rotator\" style=\"transform: rotate(0deg);\">\n                    <svg viewBox=\"0 0 24 24\"><path d=\"M12 2L4.5 20.29l.71.71L12 18l6.79 3 .71-.71z\"></path></svg>\n                </div>\n            </div>"
  }
}
 {
  "ts": 1760057338507,
  "module": "mapController.js",
  "event": "apply_heading_north_up_fixed",
  "data": {
    "mode": "north-up",
    "map_rotation": "0 (fixed)",
    "marker_rotation": "0 (fixed)"
  }
}
 {
  "ts": 1760057338573,
  "module": "state.js",
  "event": "heading_set",
  "data": {
    "value": 2.099999999999966,
    "reason": null
  }
}
 {
  "ts": 1760057338574,
  "module": "mapController.js",
  "event": "north_up_transform_check",
  "data": {
    "mapPaneTransform": "",
    "mapPaneOrigin": "",
    "rotatorTransform": "rotate(0deg)",
    "rotatorOrigin": ""
  }
}
 {
  "ts": 1760057338574,
  "module": "mapController.js",
  "event": "north_up_dom_check",
  "data": {
    "width": 30,
    "height": 30,
    "offsetTop": 0,
    "offsetLeft": 0
  }
}
 {
  "ts": 1760057338574,
  "module": "mapController.js",
  "event": "north_up_style_deepcheck",
  "data": {
    "outer": {
      "display": "block",
      "lineHeight": "18px",
      "verticalAlign": "baseline"
    },
    "rotator": {
      "display": "block",
      "lineHeight": "18px",
      "verticalAlign": "baseline"
    },
    "svg": {
      "display": "block",
      "lineHeight": "18px",
      "verticalAlign": "middle"
    }
  }
}
 {
  "ts": 1760057338574,
  "module": "mapController.js",
  "event": "north_up_dom_structure",
  "data": {
    "outerHTML": "<div id=\"userMarker\" class=\"user-marker\" data-role=\"user\">\n                <div class=\"user-location-marker-rotator\" style=\"transform: rotate(0deg);\">\n                    <svg viewBox=\"0 0 24 24\"><path d=\"M12 2L4.5 20.29l.71.71L12 18l6.79 3 .71-.71z\"></path></svg>\n                </div>\n            </div>"
  }
}
 {
  "ts": 1760057338574,
  "module": "mapController.js",
  "event": "apply_heading_north_up_fixed",
  "data": {
    "mode": "north-up",
    "map_rotation": "0 (fixed)",
    "marker_rotation": "0 (fixed)"
  }
}
 {
  "ts": 1760057338607,
  "module": "state.js",
  "event": "heading_set",
  "data": {
    "value": 1.8999999999999773,
    "reason": null
  }
}
 {
  "ts": 1760057338607,
  "module": "mapController.js",
  "event": "north_up_transform_check",
  "data": {
    "mapPaneTransform": "",
    "mapPaneOrigin": "",
    "rotatorTransform": "rotate(0deg)",
    "rotatorOrigin": ""
  }
}
 {
  "ts": 1760057338607,
  "module": "mapController.js",
  "event": "north_up_dom_check",
  "data": {
    "width": 30,
    "height": 30,
    "offsetTop": 0,
    "offsetLeft": 0
  }
}
 {
  "ts": 1760057338607,
  "module": "mapController.js",
  "event": "north_up_style_deepcheck",
  "data": {
    "outer": {
      "display": "block",
      "lineHeight": "18px",
      "verticalAlign": "baseline"
    },
    "rotator": {
      "display": "block",
      "lineHeight": "18px",
      "verticalAlign": "baseline"
    },
    "svg": {
      "display": "block",
      "lineHeight": "18px",
      "verticalAlign": "middle"
    }
  }
}
 {
  "ts": 1760057338607,
  "module": "mapController.js",
  "event": "north_up_dom_structure",
  "data": {
    "outerHTML": "<div id=\"userMarker\" class=\"user-marker\" data-role=\"user\">\n                <div class=\"user-location-marker-rotator\" style=\"transform: rotate(0deg);\">\n                    <svg viewBox=\"0 0 24 24\"><path d=\"M12 2L4.5 20.29l.71.71L12 18l6.79 3 .71-.71z\"></path></svg>\n                </div>\n            </div>"
  }
}
 {
  "ts": 1760057338607,
  "module": "mapController.js",
  "event": "apply_heading_north_up_fixed",
  "data": {
    "mode": "north-up",
    "map_rotation": "0 (fixed)",
    "marker_rotation": "0 (fixed)"
  }
}
 {
  "ts": 1760057338673,
  "module": "state.js",
  "event": "heading_set",
  "data": {
    "value": 1.7999999999999545,
    "reason": null
  }
}
 {
  "ts": 1760057338674,
  "module": "mapController.js",
  "event": "north_up_transform_check",
  "data": {
    "mapPaneTransform": "",
    "mapPaneOrigin": "",
    "rotatorTransform": "rotate(0deg)",
    "rotatorOrigin": ""
  }
}
 {
  "ts": 1760057338674,
  "module": "mapController.js",
  "event": "north_up_dom_check",
  "data": {
    "width": 30,
    "height": 30,
    "offsetTop": 0,
    "offsetLeft": 0
  }
}
 {
  "ts": 1760057338674,
  "module": "mapController.js",
  "event": "north_up_style_deepcheck",
  "data": {
    "outer": {
      "display": "block",
      "lineHeight": "18px",
      "verticalAlign": "baseline"
    },
    "rotator": {
      "display": "block",
      "lineHeight": "18px",
      "verticalAlign": "baseline"
    },
    "svg": {
      "display": "block",
      "lineHeight": "18px",
      "verticalAlign": "middle"
    }
  }
}
 {
  "ts": 1760057338674,
  "module": "mapController.js",
  "event": "north_up_dom_structure",
  "data": {
    "outerHTML": "<div id=\"userMarker\" class=\"user-marker\" data-role=\"user\">\n                <div class=\"user-location-marker-rotator\" style=\"transform: rotate(0deg);\">\n                    <svg viewBox=\"0 0 24 24\"><path d=\"M12 2L4.5 20.29l.71.71L12 18l6.79 3 .71-.71z\"></path></svg>\n                </div>\n            </div>"
  }
}
 {
  "ts": 1760057338674,
  "module": "mapController.js",
  "event": "apply_heading_north_up_fixed",
  "data": {
    "mode": "north-up",
    "map_rotation": "0 (fixed)",
    "marker_rotation": "0 (fixed)"
  }
}
 {
  "ts": 1760057338857,
  "module": "state.js",
  "event": "heading_set",
  "data": {
    "value": 1.6999999999999886,
    "reason": null
  }
}
 {
  "ts": 1760057338857,
  "module": "mapController.js",
  "event": "north_up_transform_check",
  "data": {
    "mapPaneTransform": "",
    "mapPaneOrigin": "",
    "rotatorTransform": "rotate(0deg)",
    "rotatorOrigin": ""
  }
}
 {
  "ts": 1760057338857,
  "module": "mapController.js",
  "event": "north_up_dom_check",
  "data": {
    "width": 30,
    "height": 30,
    "offsetTop": 0,
    "offsetLeft": 0
  }
}
 {
  "ts": 1760057338857,
  "module": "mapController.js",
  "event": "north_up_style_deepcheck",
  "data": {
    "outer": {
      "display": "block",
      "lineHeight": "18px",
      "verticalAlign": "baseline"
    },
    "rotator": {
      "display": "block",
      "lineHeight": "18px",
      "verticalAlign": "baseline"
    },
    "svg": {
      "display": "block",
      "lineHeight": "18px",
      "verticalAlign": "middle"
    }
  }
}
 {
  "ts": 1760057338857,
  "module": "mapController.js",
  "event": "north_up_dom_structure",
  "data": {
    "outerHTML": "<div id=\"userMarker\" class=\"user-marker\" data-role=\"user\">\n                <div class=\"user-location-marker-rotator\" style=\"transform: rotate(0deg);\">\n                    <svg viewBox=\"0 0 24 24\"><path d=\"M12 2L4.5 20.29l.71.71L12 18l6.79 3 .71-.71z\"></path></svg>\n                </div>\n            </div>"
  }
}
 {
  "ts": 1760057338857,
  "module": "mapController.js",
  "event": "apply_heading_north_up_fixed",
  "data": {
    "mode": "north-up",
    "map_rotation": "0 (fixed)",
    "marker_rotation": "0 (fixed)"
  }
}
 {
  "ts": 1760057338907,
  "module": "state.js",
  "event": "heading_set",
  "data": {
    "value": 1.599999999999966,
    "reason": null
  }
}
 {
  "ts": 1760057338907,
  "module": "mapController.js",
  "event": "north_up_transform_check",
  "data": {
    "mapPaneTransform": "",
    "mapPaneOrigin": "",
    "rotatorTransform": "rotate(0deg)",
    "rotatorOrigin": ""
  }
}
 {
  "ts": 1760057338907,
  "module": "mapController.js",
  "event": "north_up_dom_check",
  "data": {
    "width": 30,
    "height": 30,
    "offsetTop": 0,
    "offsetLeft": 0
  }
}
 {
  "ts": 1760057338907,
  "module": "mapController.js",
  "event": "north_up_style_deepcheck",
  "data": {
    "outer": {
      "display": "block",
      "lineHeight": "18px",
      "verticalAlign": "baseline"
    },
    "rotator": {
      "display": "block",
      "lineHeight": "18px",
      "verticalAlign": "baseline"
    },
    "svg": {
      "display": "block",
      "lineHeight": "18px",
      "verticalAlign": "middle"
    }
  }
}
 {
  "ts": 1760057338907,
  "module": "mapController.js",
  "event": "north_up_dom_structure",
  "data": {
    "outerHTML": "<div id=\"userMarker\" class=\"user-marker\" data-role=\"user\">\n                <div class=\"user-location-marker-rotator\" style=\"transform: rotate(0deg);\">\n                    <svg viewBox=\"0 0 24 24\"><path d=\"M12 2L4.5 20.29l.71.71L12 18l6.79 3 .71-.71z\"></path></svg>\n                </div>\n            </div>"
  }
}
 {
  "ts": 1760057338907,
  "module": "mapController.js",
  "event": "apply_heading_north_up_fixed",
  "data": {
    "mode": "north-up",
    "map_rotation": "0 (fixed)",
    "marker_rotation": "0 (fixed)"
  }
}
 {
  "ts": 1760057338957,
  "module": "state.js",
  "event": "heading_set",
  "data": {
    "value": 1.6999999999999886,
    "reason": null
  }
}
 {
  "ts": 1760057338957,
  "module": "mapController.js",
  "event": "north_up_transform_check",
  "data": {
    "mapPaneTransform": "",
    "mapPaneOrigin": "",
    "rotatorTransform": "rotate(0deg)",
    "rotatorOrigin": ""
  }
}
 {
  "ts": 1760057338957,
  "module": "mapController.js",
  "event": "north_up_dom_check",
  "data": {
    "width": 30,
    "height": 30,
    "offsetTop": 0,
    "offsetLeft": 0
  }
}
 {
  "ts": 1760057338957,
  "module": "mapController.js",
  "event": "north_up_style_deepcheck",
  "data": {
    "outer": {
      "display": "block",
      "lineHeight": "18px",
      "verticalAlign": "baseline"
    },
    "rotator": {
      "display": "block",
      "lineHeight": "18px",
      "verticalAlign": "baseline"
    },
    "svg": {
      "display": "block",
      "lineHeight": "18px",
      "verticalAlign": "middle"
    }
  }
}
 {
  "ts": 1760057338957,
  "module": "mapController.js",
  "event": "north_up_dom_structure",
  "data": {
    "outerHTML": "<div id=\"userMarker\" class=\"user-marker\" data-role=\"user\">\n                <div class=\"user-location-marker-rotator\" style=\"transform: rotate(0deg);\">\n                    <svg viewBox=\"0 0 24 24\"><path d=\"M12 2L4.5 20.29l.71.71L12 18l6.79 3 .71-.71z\"></path></svg>\n                </div>\n            </div>"
  }
}
 {
  "ts": 1760057338957,
  "module": "mapController.js",
  "event": "apply_heading_north_up_fixed",
  "data": {
    "mode": "north-up",
    "map_rotation": "0 (fixed)",
    "marker_rotation": "0 (fixed)"
  }
}
 {
  "ts": 1760057339040,
  "module": "state.js",
  "event": "heading_set",
  "data": {
    "value": 1.599999999999966,
    "reason": null
  }
}
 {
  "ts": 1760057339040,
  "module": "mapController.js",
  "event": "north_up_transform_check",
  "data": {
    "mapPaneTransform": "",
    "mapPaneOrigin": "",
    "rotatorTransform": "rotate(0deg)",
    "rotatorOrigin": ""
  }
}
 {
  "ts": 1760057339040,
  "module": "mapController.js",
  "event": "north_up_dom_check",
  "data": {
    "width": 30,
    "height": 30,
    "offsetTop": 0,
    "offsetLeft": 0
  }
}
 {
  "ts": 1760057339040,
  "module": "mapController.js",
  "event": "north_up_style_deepcheck",
  "data": {
    "outer": {
      "display": "block",
      "lineHeight": "18px",
      "verticalAlign": "baseline"
    },
    "rotator": {
      "display": "block",
      "lineHeight": "18px",
      "verticalAlign": "baseline"
    },
    "svg": {
      "display": "block",
      "lineHeight": "18px",
      "verticalAlign": "middle"
    }
  }
}
 {
  "ts": 1760057339041,
  "module": "mapController.js",
  "event": "north_up_dom_structure",
  "data": {
    "outerHTML": "<div id=\"userMarker\" class=\"user-marker\" data-role=\"user\">\n                <div class=\"user-location-marker-rotator\" style=\"transform: rotate(0deg);\">\n                    <svg viewBox=\"0 0 24 24\"><path d=\"M12 2L4.5 20.29l.71.71L12 18l6.79 3 .71-.71z\"></path></svg>\n                </div>\n            </div>"
  }
}
 {
  "ts": 1760057339041,
  "module": "mapController.js",
  "event": "apply_heading_north_up_fixed",
  "data": {
    "mode": "north-up",
    "map_rotation": "0 (fixed)",
    "marker_rotation": "0 (fixed)"
  }
}
 {
  "ts": 1760057339173,
  "module": "state.js",
  "event": "heading_set",
  "data": {
    "value": 1.3999999999999773,
    "reason": null
  }
}
 {
  "ts": 1760057339174,
  "module": "mapController.js",
  "event": "north_up_transform_check",
  "data": {
    "mapPaneTransform": "",
    "mapPaneOrigin": "",
    "rotatorTransform": "rotate(0deg)",
    "rotatorOrigin": ""
  }
}
 {
  "ts": 1760057339174,
  "module": "mapController.js",
  "event": "north_up_dom_check",
  "data": {
    "width": 30,
    "height": 30,
    "offsetTop": 0,
    "offsetLeft": 0
  }
}
 {
  "ts": 1760057339174,
  "module": "mapController.js",
  "event": "north_up_style_deepcheck",
  "data": {
    "outer": {
      "display": "block",
      "lineHeight": "18px",
      "verticalAlign": "baseline"
    },
    "rotator": {
      "display": "block",
      "lineHeight": "18px",
      "verticalAlign": "baseline"
    },
    "svg": {
      "display": "block",
      "lineHeight": "18px",
      "verticalAlign": "middle"
    }
  }
}
 {
  "ts": 1760057339174,
  "module": "mapController.js",
  "event": "north_up_dom_structure",
  "data": {
    "outerHTML": "<div id=\"userMarker\" class=\"user-marker\" data-role=\"user\">\n                <div class=\"user-location-marker-rotator\" style=\"transform: rotate(0deg);\">\n                    <svg viewBox=\"0 0 24 24\"><path d=\"M12 2L4.5 20.29l.71.71L12 18l6.79 3 .71-.71z\"></path></svg>\n                </div>\n            </div>"
  }
}
 {
  "ts": 1760057339174,
  "module": "mapController.js",
  "event": "apply_heading_north_up_fixed",
  "data": {
    "mode": "north-up",
    "map_rotation": "0 (fixed)",
    "marker_rotation": "0 (fixed)"
  }
}
 {
  "ts": 1760057339257,
  "module": "state.js",
  "event": "heading_set",
  "data": {
    "value": 1.5,
    "reason": null
  }
}
 {
  "ts": 1760057339257,
  "module": "mapController.js",
  "event": "north_up_transform_check",
  "data": {
    "mapPaneTransform": "",
    "mapPaneOrigin": "",
    "rotatorTransform": "rotate(0deg)",
    "rotatorOrigin": ""
  }
}
 {
  "ts": 1760057339257,
  "module": "mapController.js",
  "event": "north_up_dom_check",
  "data": {
    "width": 30,
    "height": 30,
    "offsetTop": 0,
    "offsetLeft": 0
  }
}
 {
  "ts": 1760057339257,
  "module": "mapController.js",
  "event": "north_up_style_deepcheck",
  "data": {
    "outer": {
      "display": "block",
      "lineHeight": "18px",
      "verticalAlign": "baseline"
    },
    "rotator": {
      "display": "block",
      "lineHeight": "18px",
      "verticalAlign": "baseline"
    },
    "svg": {
      "display": "block",
      "lineHeight": "18px",
      "verticalAlign": "middle"
    }
  }
}
 {
  "ts": 1760057339257,
  "module": "mapController.js",
  "event": "north_up_dom_structure",
  "data": {
    "outerHTML": "<div id=\"userMarker\" class=\"user-marker\" data-role=\"user\">\n                <div class=\"user-location-marker-rotator\" style=\"transform: rotate(0deg);\">\n                    <svg viewBox=\"0 0 24 24\"><path d=\"M12 2L4.5 20.29l.71.71L12 18l6.79 3 .71-.71z\"></path></svg>\n                </div>\n            </div>"
  }
}
 {
  "ts": 1760057339257,
  "module": "mapController.js",
  "event": "apply_heading_north_up_fixed",
  "data": {
    "mode": "north-up",
    "map_rotation": "0 (fixed)",
    "marker_rotation": "0 (fixed)"
  }
}
 {
  "ts": 1760057339307,
  "module": "state.js",
  "event": "heading_set",
  "data": {
    "value": 1.3999999999999773,
    "reason": null
  }
}
 {
  "ts": 1760057339307,
  "module": "mapController.js",
  "event": "north_up_transform_check",
  "data": {
    "mapPaneTransform": "",
    "mapPaneOrigin": "",
    "rotatorTransform": "rotate(0deg)",
    "rotatorOrigin": ""
  }
}
 {
  "ts": 1760057339307,
  "module": "mapController.js",
  "event": "north_up_dom_check",
  "data": {
    "width": 30,
    "height": 30,
    "offsetTop": 0,
    "offsetLeft": 0
  }
}
 {
  "ts": 1760057339307,
  "module": "mapController.js",
  "event": "north_up_style_deepcheck",
  "data": {
    "outer": {
      "display": "block",
      "lineHeight": "18px",
      "verticalAlign": "baseline"
    },
    "rotator": {
      "display": "block",
      "lineHeight": "18px",
      "verticalAlign": "baseline"
    },
    "svg": {
      "display": "block",
      "lineHeight": "18px",
      "verticalAlign": "middle"
    }
  }
}
 {
  "ts": 1760057339307,
  "module": "mapController.js",
  "event": "north_up_dom_structure",
  "data": {
    "outerHTML": "<div id=\"userMarker\" class=\"user-marker\" data-role=\"user\">\n                <div class=\"user-location-marker-rotator\" style=\"transform: rotate(0deg);\">\n                    <svg viewBox=\"0 0 24 24\"><path d=\"M12 2L4.5 20.29l.71.71L12 18l6.79 3 .71-.71z\"></path></svg>\n                </div>\n            </div>"
  }
}
 {
  "ts": 1760057339307,
  "module": "mapController.js",
  "event": "apply_heading_north_up_fixed",
  "data": {
    "mode": "north-up",
    "map_rotation": "0 (fixed)",
    "marker_rotation": "0 (fixed)"
  }
}
 {
  "ts": 1760057339340,
  "module": "state.js",
  "event": "heading_set",
  "data": {
    "value": 1.2999999999999545,
    "reason": null
  }
}
 {
  "ts": 1760057339340,
  "module": "mapController.js",
  "event": "north_up_transform_check",
  "data": {
    "mapPaneTransform": "",
    "mapPaneOrigin": "",
    "rotatorTransform": "rotate(0deg)",
    "rotatorOrigin": ""
  }
}
 {
  "ts": 1760057339340,
  "module": "mapController.js",
  "event": "north_up_dom_check",
  "data": {
    "width": 30,
    "height": 30,
    "offsetTop": 0,
    "offsetLeft": 0
  }
}
 {
  "ts": 1760057339340,
  "module": "mapController.js",
  "event": "north_up_style_deepcheck",
  "data": {
    "outer": {
      "display": "block",
      "lineHeight": "18px",
      "verticalAlign": "baseline"
    },
    "rotator": {
      "display": "block",
      "lineHeight": "18px",
      "verticalAlign": "baseline"
    },
    "svg": {
      "display": "block",
      "lineHeight": "18px",
      "verticalAlign": "middle"
    }
  }
}
 {
  "ts": 1760057339340,
  "module": "mapController.js",
  "event": "north_up_dom_structure",
  "data": {
    "outerHTML": "<div id=\"userMarker\" class=\"user-marker\" data-role=\"user\">\n                <div class=\"user-location-marker-rotator\" style=\"transform: rotate(0deg);\">\n                    <svg viewBox=\"0 0 24 24\"><path d=\"M12 2L4.5 20.29l.71.71L12 18l6.79 3 .71-.71z\"></path></svg>\n                </div>\n            </div>"
  }
}
 {
  "ts": 1760057339340,
  "module": "mapController.js",
  "event": "apply_heading_north_up_fixed",
  "data": {
    "mode": "north-up",
    "map_rotation": "0 (fixed)",
    "marker_rotation": "0 (fixed)"
  }
}
 {
  "ts": 1760057339440,
  "module": "state.js",
  "event": "heading_set",
  "data": {
    "value": 1.1999999999999886,
    "reason": null
  }
}
 {
  "ts": 1760057339440,
  "module": "mapController.js",
  "event": "north_up_transform_check",
  "data": {
    "mapPaneTransform": "",
    "mapPaneOrigin": "",
    "rotatorTransform": "rotate(0deg)",
    "rotatorOrigin": ""
  }
}
 {
  "ts": 1760057339440,
  "module": "mapController.js",
  "event": "north_up_dom_check",
  "data": {
    "width": 30,
    "height": 30,
    "offsetTop": 0,
    "offsetLeft": 0
  }
}
 {
  "ts": 1760057339441,
  "module": "mapController.js",
  "event": "north_up_style_deepcheck",
  "data": {
    "outer": {
      "display": "block",
      "lineHeight": "18px",
      "verticalAlign": "baseline"
    },
    "rotator": {
      "display": "block",
      "lineHeight": "18px",
      "verticalAlign": "baseline"
    },
    "svg": {
      "display": "block",
      "lineHeight": "18px",
      "verticalAlign": "middle"
    }
  }
}
 {
  "ts": 1760057339441,
  "module": "mapController.js",
  "event": "north_up_dom_structure",
  "data": {
    "outerHTML": "<div id=\"userMarker\" class=\"user-marker\" data-role=\"user\">\n                <div class=\"user-location-marker-rotator\" style=\"transform: rotate(0deg);\">\n                    <svg viewBox=\"0 0 24 24\"><path d=\"M12 2L4.5 20.29l.71.71L12 18l6.79 3 .71-.71z\"></path></svg>\n                </div>\n            </div>"
  }
}
 {
  "ts": 1760057339441,
  "module": "mapController.js",
  "event": "apply_heading_north_up_fixed",
  "data": {
    "mode": "north-up",
    "map_rotation": "0 (fixed)",
    "marker_rotation": "0 (fixed)"
  }
}
 {
  "ts": 1760057339573,
  "module": "state.js",
  "event": "heading_set",
  "data": {
    "value": 1.099999999999966,
    "reason": null
  }
}
 {
  "ts": 1760057339574,
  "module": "mapController.js",
  "event": "north_up_transform_check",
  "data": {
    "mapPaneTransform": "",
    "mapPaneOrigin": "",
    "rotatorTransform": "rotate(0deg)",
    "rotatorOrigin": ""
  }
}
 {
  "ts": 1760057339574,
  "module": "mapController.js",
  "event": "north_up_dom_check",
  "data": {
    "width": 30,
    "height": 30,
    "offsetTop": 0,
    "offsetLeft": 0
  }
}
 {
  "ts": 1760057339574,
  "module": "mapController.js",
  "event": "north_up_style_deepcheck",
  "data": {
    "outer": {
      "display": "block",
      "lineHeight": "18px",
      "verticalAlign": "baseline"
    },
    "rotator": {
      "display": "block",
      "lineHeight": "18px",
      "verticalAlign": "baseline"
    },
    "svg": {
      "display": "block",
      "lineHeight": "18px",
      "verticalAlign": "middle"
    }
  }
}
 {
  "ts": 1760057339574,
  "module": "mapController.js",
  "event": "north_up_dom_structure",
  "data": {
    "outerHTML": "<div id=\"userMarker\" class=\"user-marker\" data-role=\"user\">\n                <div class=\"user-location-marker-rotator\" style=\"transform: rotate(0deg);\">\n                    <svg viewBox=\"0 0 24 24\"><path d=\"M12 2L4.5 20.29l.71.71L12 18l6.79 3 .71-.71z\"></path></svg>\n                </div>\n            </div>"
  }
}
 {
  "ts": 1760057339574,
  "module": "mapController.js",
  "event": "apply_heading_north_up_fixed",
  "data": {
    "mode": "north-up",
    "map_rotation": "0 (fixed)",
    "marker_rotation": "0 (fixed)"
  }
}
 {
  "ts": 1760057339707,
  "module": "state.js",
  "event": "heading_set",
  "data": {
    "value": 0.8999999999999773,
    "reason": null
  }
}
 {
  "ts": 1760057339707,
  "module": "mapController.js",
  "event": "north_up_transform_check",
  "data": {
    "mapPaneTransform": "",
    "mapPaneOrigin": "",
    "rotatorTransform": "rotate(0deg)",
    "rotatorOrigin": ""
  }
}
 {
  "ts": 1760057339707,
  "module": "mapController.js",
  "event": "north_up_dom_check",
  "data": {
    "width": 30,
    "height": 30,
    "offsetTop": 0,
    "offsetLeft": 0
  }
}
 {
  "ts": 1760057339707,
  "module": "mapController.js",
  "event": "north_up_style_deepcheck",
  "data": {
    "outer": {
      "display": "block",
      "lineHeight": "18px",
      "verticalAlign": "baseline"
    },
    "rotator": {
      "display": "block",
      "lineHeight": "18px",
      "verticalAlign": "baseline"
    },
    "svg": {
      "display": "block",
      "lineHeight": "18px",
      "verticalAlign": "middle"
    }
  }
}
 {
  "ts": 1760057339707,
  "module": "mapController.js",
  "event": "north_up_dom_structure",
  "data": {
    "outerHTML": "<div id=\"userMarker\" class=\"user-marker\" data-role=\"user\">\n                <div class=\"user-location-marker-rotator\" style=\"transform: rotate(0deg);\">\n                    <svg viewBox=\"0 0 24 24\"><path d=\"M12 2L4.5 20.29l.71.71L12 18l6.79 3 .71-.71z\"></path></svg>\n                </div>\n            </div>"
  }
}
 {
  "ts": 1760057339707,
  "module": "mapController.js",
  "event": "apply_heading_north_up_fixed",
  "data": {
    "mode": "north-up",
    "map_rotation": "0 (fixed)",
    "marker_rotation": "0 (fixed)"
  }
}
 {
  "ts": 1760057339740,
  "module": "state.js",
  "event": "heading_set",
  "data": {
    "value": 1,
    "reason": null
  }
}
 {
  "ts": 1760057339740,
  "module": "mapController.js",
  "event": "north_up_transform_check",
  "data": {
    "mapPaneTransform": "",
    "mapPaneOrigin": "",
    "rotatorTransform": "rotate(0deg)",
    "rotatorOrigin": ""
  }
}
 {
  "ts": 1760057339740,
  "module": "mapController.js",
  "event": "north_up_dom_check",
  "data": {
    "width": 30,
    "height": 30,
    "offsetTop": 0,
    "offsetLeft": 0
  }
}
 {
  "ts": 1760057339741,
  "module": "mapController.js",
  "event": "north_up_style_deepcheck",
  "data": {
    "outer": {
      "display": "block",
      "lineHeight": "18px",
      "verticalAlign": "baseline"
    },
    "rotator": {
      "display": "block",
      "lineHeight": "18px",
      "verticalAlign": "baseline"
    },
    "svg": {
      "display": "block",
      "lineHeight": "18px",
      "verticalAlign": "middle"
    }
  }
}
 {
  "ts": 1760057339741,
  "module": "mapController.js",
  "event": "north_up_dom_structure",
  "data": {
    "outerHTML": "<div id=\"userMarker\" class=\"user-marker\" data-role=\"user\">\n                <div class=\"user-location-marker-rotator\" style=\"transform: rotate(0deg);\">\n                    <svg viewBox=\"0 0 24 24\"><path d=\"M12 2L4.5 20.29l.71.71L12 18l6.79 3 .71-.71z\"></path></svg>\n                </div>\n            </div>"
  }
}
 {
  "ts": 1760057339741,
  "module": "mapController.js",
  "event": "apply_heading_north_up_fixed",
  "data": {
    "mode": "north-up",
    "map_rotation": "0 (fixed)",
    "marker_rotation": "0 (fixed)"
  }
}
 {
  "ts": 1760057339807,
  "module": "state.js",
  "event": "heading_set",
  "data": {
    "value": 0.8999999999999773,
    "reason": null
  }
}
 {
  "ts": 1760057339807,
  "module": "mapController.js",
  "event": "north_up_transform_check",
  "data": {
    "mapPaneTransform": "",
    "mapPaneOrigin": "",
    "rotatorTransform": "rotate(0deg)",
    "rotatorOrigin": ""
  }
}
 {
  "ts": 1760057339807,
  "module": "mapController.js",
  "event": "north_up_dom_check",
  "data": {
    "width": 30,
    "height": 30,
    "offsetTop": 0,
    "offsetLeft": 0
  }
}
 {
  "ts": 1760057339807,
  "module": "mapController.js",
  "event": "north_up_style_deepcheck",
  "data": {
    "outer": {
      "display": "block",
      "lineHeight": "18px",
      "verticalAlign": "baseline"
    },
    "rotator": {
      "display": "block",
      "lineHeight": "18px",
      "verticalAlign": "baseline"
    },
    "svg": {
      "display": "block",
      "lineHeight": "18px",
      "verticalAlign": "middle"
    }
  }
}
 {
  "ts": 1760057339807,
  "module": "mapController.js",
  "event": "north_up_dom_structure",
  "data": {
    "outerHTML": "<div id=\"userMarker\" class=\"user-marker\" data-role=\"user\">\n                <div class=\"user-location-marker-rotator\" style=\"transform: rotate(0deg);\">\n                    <svg viewBox=\"0 0 24 24\"><path d=\"M12 2L4.5 20.29l.71.71L12 18l6.79 3 .71-.71z\"></path></svg>\n                </div>\n            </div>"
  }
}
 {
  "ts": 1760057339807,
  "module": "mapController.js",
  "event": "apply_heading_north_up_fixed",
  "data": {
    "mode": "north-up",
    "map_rotation": "0 (fixed)",
    "marker_rotation": "0 (fixed)"
  }
}
 {
  "ts": 1760057339907,
  "module": "state.js",
  "event": "heading_set",
  "data": {
    "value": 0.7999999999999545,
    "reason": null
  }
}
 {
  "ts": 1760057339907,
  "module": "mapController.js",
  "event": "north_up_transform_check",
  "data": {
    "mapPaneTransform": "",
    "mapPaneOrigin": "",
    "rotatorTransform": "rotate(0deg)",
    "rotatorOrigin": ""
  }
}
 {
  "ts": 1760057339907,
  "module": "mapController.js",
  "event": "north_up_dom_check",
  "data": {
    "width": 30,
    "height": 30,
    "offsetTop": 0,
    "offsetLeft": 0
  }
}
 {
  "ts": 1760057339907,
  "module": "mapController.js",
  "event": "north_up_style_deepcheck",
  "data": {
    "outer": {
      "display": "block",
      "lineHeight": "18px",
      "verticalAlign": "baseline"
    },
    "rotator": {
      "display": "block",
      "lineHeight": "18px",
      "verticalAlign": "baseline"
    },
    "svg": {
      "display": "block",
      "lineHeight": "18px",
      "verticalAlign": "middle"
    }
  }
}
 {
  "ts": 1760057339907,
  "module": "mapController.js",
  "event": "north_up_dom_structure",
  "data": {
    "outerHTML": "<div id=\"userMarker\" class=\"user-marker\" data-role=\"user\">\n                <div class=\"user-location-marker-rotator\" style=\"transform: rotate(0deg);\">\n                    <svg viewBox=\"0 0 24 24\"><path d=\"M12 2L4.5 20.29l.71.71L12 18l6.79 3 .71-.71z\"></path></svg>\n                </div>\n            </div>"
  }
}
 {
  "ts": 1760057339907,
  "module": "mapController.js",
  "event": "apply_heading_north_up_fixed",
  "data": {
    "mode": "north-up",
    "map_rotation": "0 (fixed)",
    "marker_rotation": "0 (fixed)"
  }
}
 {
  "ts": 1760057339973,
  "module": "state.js",
  "event": "heading_set",
  "data": {
    "value": 0.8999999999999773,
    "reason": null
  }
}
 {
  "ts": 1760057339974,
  "module": "mapController.js",
  "event": "north_up_transform_check",
  "data": {
    "mapPaneTransform": "",
    "mapPaneOrigin": "",
    "rotatorTransform": "rotate(0deg)",
    "rotatorOrigin": ""
  }
}
 {
  "ts": 1760057339974,
  "module": "mapController.js",
  "event": "north_up_dom_check",
  "data": {
    "width": 30,
    "height": 30,
    "offsetTop": 0,
    "offsetLeft": 0
  }
}
 {
  "ts": 1760057339974,
  "module": "mapController.js",
  "event": "north_up_style_deepcheck",
  "data": {
    "outer": {
      "display": "block",
      "lineHeight": "18px",
      "verticalAlign": "baseline"
    },
    "rotator": {
      "display": "block",
      "lineHeight": "18px",
      "verticalAlign": "baseline"
    },
    "svg": {
      "display": "block",
      "lineHeight": "18px",
      "verticalAlign": "middle"
    }
  }
}
 {
  "ts": 1760057339974,
  "module": "mapController.js",
  "event": "north_up_dom_structure",
  "data": {
    "outerHTML": "<div id=\"userMarker\" class=\"user-marker\" data-role=\"user\">\n                <div class=\"user-location-marker-rotator\" style=\"transform: rotate(0deg);\">\n                    <svg viewBox=\"0 0 24 24\"><path d=\"M12 2L4.5 20.29l.71.71L12 18l6.79 3 .71-.71z\"></path></svg>\n                </div>\n            </div>"
  }
}
 {
  "ts": 1760057339974,
  "module": "mapController.js",
  "event": "apply_heading_north_up_fixed",
  "data": {
    "mode": "north-up",
    "map_rotation": "0 (fixed)",
    "marker_rotation": "0 (fixed)"
  }
}
 {
  "ts": 1760057340057,
  "module": "state.js",
  "event": "heading_set",
  "data": {
    "value": 0.7999999999999545,
    "reason": null
  }
}
 {
  "ts": 1760057340057,
  "module": "mapController.js",
  "event": "north_up_transform_check",
  "data": {
    "mapPaneTransform": "",
    "mapPaneOrigin": "",
    "rotatorTransform": "rotate(0deg)",
    "rotatorOrigin": ""
  }
}
 {
  "ts": 1760057340057,
  "module": "mapController.js",
  "event": "north_up_dom_check",
  "data": {
    "width": 30,
    "height": 30,
    "offsetTop": 0,
    "offsetLeft": 0
  }
}
 {
  "ts": 1760057340057,
  "module": "mapController.js",
  "event": "north_up_style_deepcheck",
  "data": {
    "outer": {
      "display": "block",
      "lineHeight": "18px",
      "verticalAlign": "baseline"
    },
    "rotator": {
      "display": "block",
      "lineHeight": "18px",
      "verticalAlign": "baseline"
    },
    "svg": {
      "display": "block",
      "lineHeight": "18px",
      "verticalAlign": "middle"
    }
  }
}
 {
  "ts": 1760057340057,
  "module": "mapController.js",
  "event": "north_up_dom_structure",
  "data": {
    "outerHTML": "<div id=\"userMarker\" class=\"user-marker\" data-role=\"user\">\n                <div class=\"user-location-marker-rotator\" style=\"transform: rotate(0deg);\">\n                    <svg viewBox=\"0 0 24 24\"><path d=\"M12 2L4.5 20.29l.71.71L12 18l6.79 3 .71-.71z\"></path></svg>\n                </div>\n            </div>"
  }
}
 {
  "ts": 1760057340057,
  "module": "mapController.js",
  "event": "apply_heading_north_up_fixed",
  "data": {
    "mode": "north-up",
    "map_rotation": "0 (fixed)",
    "marker_rotation": "0 (fixed)"
  }
}
 {
  "ts": 1760057340140,
  "module": "state.js",
  "event": "heading_set",
  "data": {
    "value": 0.5999999999999659,
    "reason": null
  }
}
 {
  "ts": 1760057340140,
  "module": "mapController.js",
  "event": "north_up_transform_check",
  "data": {
    "mapPaneTransform": "",
    "mapPaneOrigin": "",
    "rotatorTransform": "rotate(0deg)",
    "rotatorOrigin": ""
  }
}
 {
  "ts": 1760057340141,
  "module": "mapController.js",
  "event": "north_up_dom_check",
  "data": {
    "width": 30,
    "height": 30,
    "offsetTop": 0,
    "offsetLeft": 0
  }
}
 {
  "ts": 1760057340141,
  "module": "mapController.js",
  "event": "north_up_style_deepcheck",
  "data": {
    "outer": {
      "display": "block",
      "lineHeight": "18px",
      "verticalAlign": "baseline"
    },
    "rotator": {
      "display": "block",
      "lineHeight": "18px",
      "verticalAlign": "baseline"
    },
    "svg": {
      "display": "block",
      "lineHeight": "18px",
      "verticalAlign": "middle"
    }
  }
}
 {
  "ts": 1760057340141,
  "module": "mapController.js",
  "event": "north_up_dom_structure",
  "data": {
    "outerHTML": "<div id=\"userMarker\" class=\"user-marker\" data-role=\"user\">\n                <div class=\"user-location-marker-rotator\" style=\"transform: rotate(0deg);\">\n                    <svg viewBox=\"0 0 24 24\"><path d=\"M12 2L4.5 20.29l.71.71L12 18l6.79 3 .71-.71z\"></path></svg>\n                </div>\n            </div>"
  }
}
 {
  "ts": 1760057340141,
  "module": "mapController.js",
  "event": "apply_heading_north_up_fixed",
  "data": {
    "mode": "north-up",
    "map_rotation": "0 (fixed)",
    "marker_rotation": "0 (fixed)"
  }
}
 {
  "ts": 1760057340240,
  "module": "state.js",
  "event": "heading_set",
  "data": {
    "value": 0.5,
    "reason": null
  }
}
 {
  "ts": 1760057340240,
  "module": "mapController.js",
  "event": "north_up_transform_check",
  "data": {
    "mapPaneTransform": "",
    "mapPaneOrigin": "",
    "rotatorTransform": "rotate(0deg)",
    "rotatorOrigin": ""
  }
}
 {
  "ts": 1760057340240,
  "module": "mapController.js",
  "event": "north_up_dom_check",
  "data": {
    "width": 30,
    "height": 30,
    "offsetTop": 0,
    "offsetLeft": 0
  }
}
 {
  "ts": 1760057340240,
  "module": "mapController.js",
  "event": "north_up_style_deepcheck",
  "data": {
    "outer": {
      "display": "block",
      "lineHeight": "18px",
      "verticalAlign": "baseline"
    },
    "rotator": {
      "display": "block",
      "lineHeight": "18px",
      "verticalAlign": "baseline"
    },
    "svg": {
      "display": "block",
      "lineHeight": "18px",
      "verticalAlign": "middle"
    }
  }
}
 {
  "ts": 1760057340240,
  "module": "mapController.js",
  "event": "north_up_dom_structure",
  "data": {
    "outerHTML": "<div id=\"userMarker\" class=\"user-marker\" data-role=\"user\">\n                <div class=\"user-location-marker-rotator\" style=\"transform: rotate(0deg);\">\n                    <svg viewBox=\"0 0 24 24\"><path d=\"M12 2L4.5 20.29l.71.71L12 18l6.79 3 .71-.71z\"></path></svg>\n                </div>\n            </div>"
  }
}
 {
  "ts": 1760057340241,
  "module": "mapController.js",
  "event": "apply_heading_north_up_fixed",
  "data": {
    "mode": "north-up",
    "map_rotation": "0 (fixed)",
    "marker_rotation": "0 (fixed)"
  }
}
 {
  "ts": 1760057340373,
  "module": "state.js",
  "event": "heading_set",
  "data": {
    "value": 0.5999999999999659,
    "reason": null
  }
}
 {
  "ts": 1760057340374,
  "module": "mapController.js",
  "event": "north_up_transform_check",
  "data": {
    "mapPaneTransform": "",
    "mapPaneOrigin": "",
    "rotatorTransform": "rotate(0deg)",
    "rotatorOrigin": ""
  }
}
 {
  "ts": 1760057340374,
  "module": "mapController.js",
  "event": "north_up_dom_check",
  "data": {
    "width": 30,
    "height": 30,
    "offsetTop": 0,
    "offsetLeft": 0
  }
}
 {
  "ts": 1760057340374,
  "module": "mapController.js",
  "event": "north_up_style_deepcheck",
  "data": {
    "outer": {
      "display": "block",
      "lineHeight": "18px",
      "verticalAlign": "baseline"
    },
    "rotator": {
      "display": "block",
      "lineHeight": "18px",
      "verticalAlign": "baseline"
    },
    "svg": {
      "display": "block",
      "lineHeight": "18px",
      "verticalAlign": "middle"
    }
  }
}
 {
  "ts": 1760057340374,
  "module": "mapController.js",
  "event": "north_up_dom_structure",
  "data": {
    "outerHTML": "<div id=\"userMarker\" class=\"user-marker\" data-role=\"user\">\n                <div class=\"user-location-marker-rotator\" style=\"transform: rotate(0deg);\">\n                    <svg viewBox=\"0 0 24 24\"><path d=\"M12 2L4.5 20.29l.71.71L12 18l6.79 3 .71-.71z\"></path></svg>\n                </div>\n            </div>"
  }
}
 {
  "ts": 1760057340374,
  "module": "mapController.js",
  "event": "apply_heading_north_up_fixed",
  "data": {
    "mode": "north-up",
    "map_rotation": "0 (fixed)",
    "marker_rotation": "0 (fixed)"
  }
}
 {
  "ts": 1760057340407,
  "module": "state.js",
  "event": "heading_set",
  "data": {
    "value": 0.5,
    "reason": null
  }
}
 {
  "ts": 1760057340407,
  "module": "mapController.js",
  "event": "north_up_transform_check",
  "data": {
    "mapPaneTransform": "",
    "mapPaneOrigin": "",
    "rotatorTransform": "rotate(0deg)",
    "rotatorOrigin": ""
  }
}
 {
  "ts": 1760057340407,
  "module": "mapController.js",
  "event": "north_up_dom_check",
  "data": {
    "width": 30,
    "height": 30,
    "offsetTop": 0,
    "offsetLeft": 0
  }
}
 {
  "ts": 1760057340407,
  "module": "mapController.js",
  "event": "north_up_style_deepcheck",
  "data": {
    "outer": {
      "display": "block",
      "lineHeight": "18px",
      "verticalAlign": "baseline"
    },
    "rotator": {
      "display": "block",
      "lineHeight": "18px",
      "verticalAlign": "baseline"
    },
    "svg": {
      "display": "block",
      "lineHeight": "18px",
      "verticalAlign": "middle"
    }
  }
}
 {
  "ts": 1760057340407,
  "module": "mapController.js",
  "event": "north_up_dom_structure",
  "data": {
    "outerHTML": "<div id=\"userMarker\" class=\"user-marker\" data-role=\"user\">\n                <div class=\"user-location-marker-rotator\" style=\"transform: rotate(0deg);\">\n                    <svg viewBox=\"0 0 24 24\"><path d=\"M12 2L4.5 20.29l.71.71L12 18l6.79 3 .71-.71z\"></path></svg>\n                </div>\n            </div>"
  }
}
 {
  "ts": 1760057340407,
  "module": "mapController.js",
  "event": "apply_heading_north_up_fixed",
  "data": {
    "mode": "north-up",
    "map_rotation": "0 (fixed)",
    "marker_rotation": "0 (fixed)"
  }
}
 {
  "ts": 1760057340573,
  "module": "state.js",
  "event": "heading_set",
  "data": {
    "value": 0.39999999999997726,
    "reason": null
  }
}
 {
  "ts": 1760057340574,
  "module": "mapController.js",
  "event": "north_up_transform_check",
  "data": {
    "mapPaneTransform": "",
    "mapPaneOrigin": "",
    "rotatorTransform": "rotate(0deg)",
    "rotatorOrigin": ""
  }
}
 {
  "ts": 1760057340574,
  "module": "mapController.js",
  "event": "north_up_dom_check",
  "data": {
    "width": 30,
    "height": 30,
    "offsetTop": 0,
    "offsetLeft": 0
  }
}
 {
  "ts": 1760057340574,
  "module": "mapController.js",
  "event": "north_up_style_deepcheck",
  "data": {
    "outer": {
      "display": "block",
      "lineHeight": "18px",
      "verticalAlign": "baseline"
    },
    "rotator": {
      "display": "block",
      "lineHeight": "18px",
      "verticalAlign": "baseline"
    },
    "svg": {
      "display": "block",
      "lineHeight": "18px",
      "verticalAlign": "middle"
    }
  }
}
 {
  "ts": 1760057340574,
  "module": "mapController.js",
  "event": "north_up_dom_structure",
  "data": {
    "outerHTML": "<div id=\"userMarker\" class=\"user-marker\" data-role=\"user\">\n                <div class=\"user-location-marker-rotator\" style=\"transform: rotate(0deg);\">\n                    <svg viewBox=\"0 0 24 24\"><path d=\"M12 2L4.5 20.29l.71.71L12 18l6.79 3 .71-.71z\"></path></svg>\n                </div>\n            </div>"
  }
}
 {
  "ts": 1760057340574,
  "module": "mapController.js",
  "event": "apply_heading_north_up_fixed",
  "data": {
    "mode": "north-up",
    "map_rotation": "0 (fixed)",
    "marker_rotation": "0 (fixed)"
  }
}
 {
  "ts": 1760057340673,
  "module": "state.js",
  "event": "heading_set",
  "data": {
    "value": 0.2999999999999545,
    "reason": null
  }
}
 {
  "ts": 1760057340674,
  "module": "mapController.js",
  "event": "north_up_transform_check",
  "data": {
    "mapPaneTransform": "",
    "mapPaneOrigin": "",
    "rotatorTransform": "rotate(0deg)",
    "rotatorOrigin": ""
  }
}
 {
  "ts": 1760057340674,
  "module": "mapController.js",
  "event": "north_up_dom_check",
  "data": {
    "width": 30,
    "height": 30,
    "offsetTop": 0,
    "offsetLeft": 0
  }
}
 {
  "ts": 1760057340674,
  "module": "mapController.js",
  "event": "north_up_style_deepcheck",
  "data": {
    "outer": {
      "display": "block",
      "lineHeight": "18px",
      "verticalAlign": "baseline"
    },
    "rotator": {
      "display": "block",
      "lineHeight": "18px",
      "verticalAlign": "baseline"
    },
    "svg": {
      "display": "block",
      "lineHeight": "18px",
      "verticalAlign": "middle"
    }
  }
}
 {
  "ts": 1760057340674,
  "module": "mapController.js",
  "event": "north_up_dom_structure",
  "data": {
    "outerHTML": "<div id=\"userMarker\" class=\"user-marker\" data-role=\"user\">\n                <div class=\"user-location-marker-rotator\" style=\"transform: rotate(0deg);\">\n                    <svg viewBox=\"0 0 24 24\"><path d=\"M12 2L4.5 20.29l.71.71L12 18l6.79 3 .71-.71z\"></path></svg>\n                </div>\n            </div>"
  }
}
 {
  "ts": 1760057340674,
  "module": "mapController.js",
  "event": "apply_heading_north_up_fixed",
  "data": {
    "mode": "north-up",
    "map_rotation": "0 (fixed)",
    "marker_rotation": "0 (fixed)"
  }
}
 {
  "ts": 1760057340690,
  "module": "state.js",
  "event": "heading_set",
  "data": {
    "value": 0.39999999999997726,
    "reason": null
  }
}
 {
  "ts": 1760057340690,
  "module": "mapController.js",
  "event": "north_up_transform_check",
  "data": {
    "mapPaneTransform": "",
    "mapPaneOrigin": "",
    "rotatorTransform": "rotate(0deg)",
    "rotatorOrigin": ""
  }
}
 {
  "ts": 1760057340690,
  "module": "mapController.js",
  "event": "north_up_dom_check",
  "data": {
    "width": 30,
    "height": 30,
    "offsetTop": 0,
    "offsetLeft": 0
  }
}
 {
  "ts": 1760057340690,
  "module": "mapController.js",
  "event": "north_up_style_deepcheck",
  "data": {
    "outer": {
      "display": "block",
      "lineHeight": "18px",
      "verticalAlign": "baseline"
    },
    "rotator": {
      "display": "block",
      "lineHeight": "18px",
      "verticalAlign": "baseline"
    },
    "svg": {
      "display": "block",
      "lineHeight": "18px",
      "verticalAlign": "middle"
    }
  }
}
 {
  "ts": 1760057340690,
  "module": "mapController.js",
  "event": "north_up_dom_structure",
  "data": {
    "outerHTML": "<div id=\"userMarker\" class=\"user-marker\" data-role=\"user\">\n                <div class=\"user-location-marker-rotator\" style=\"transform: rotate(0deg);\">\n                    <svg viewBox=\"0 0 24 24\"><path d=\"M12 2L4.5 20.29l.71.71L12 18l6.79 3 .71-.71z\"></path></svg>\n                </div>\n            </div>"
  }
}
 {
  "ts": 1760057340691,
  "module": "mapController.js",
  "event": "apply_heading_north_up_fixed",
  "data": {
    "mode": "north-up",
    "map_rotation": "0 (fixed)",
    "marker_rotation": "0 (fixed)"
  }
}
 {
  "ts": 1760057340740,
  "module": "state.js",
  "event": "heading_set",
  "data": {
    "value": 0.5,
    "reason": null
  }
}
 {
  "ts": 1760057340740,
  "module": "mapController.js",
  "event": "north_up_transform_check",
  "data": {
    "mapPaneTransform": "",
    "mapPaneOrigin": "",
    "rotatorTransform": "rotate(0deg)",
    "rotatorOrigin": ""
  }
}
 {
  "ts": 1760057340740,
  "module": "mapController.js",
  "event": "north_up_dom_check",
  "data": {
    "width": 30,
    "height": 30,
    "offsetTop": 0,
    "offsetLeft": 0
  }
}
 {
  "ts": 1760057340740,
  "module": "mapController.js",
  "event": "north_up_style_deepcheck",
  "data": {
    "outer": {
      "display": "block",
      "lineHeight": "18px",
      "verticalAlign": "baseline"
    },
    "rotator": {
      "display": "block",
      "lineHeight": "18px",
      "verticalAlign": "baseline"
    },
    "svg": {
      "display": "block",
      "lineHeight": "18px",
      "verticalAlign": "middle"
    }
  }
}
 {
  "ts": 1760057340741,
  "module": "mapController.js",
  "event": "north_up_dom_structure",
  "data": {
    "outerHTML": "<div id=\"userMarker\" class=\"user-marker\" data-role=\"user\">\n                <div class=\"user-location-marker-rotator\" style=\"transform: rotate(0deg);\">\n                    <svg viewBox=\"0 0 24 24\"><path d=\"M12 2L4.5 20.29l.71.71L12 18l6.79 3 .71-.71z\"></path></svg>\n                </div>\n            </div>"
  }
}
 {
  "ts": 1760057340741,
  "module": "mapController.js",
  "event": "apply_heading_north_up_fixed",
  "data": {
    "mode": "north-up",
    "map_rotation": "0 (fixed)",
    "marker_rotation": "0 (fixed)"
  }
}
 {
  "ts": 1760057340790,
  "module": "state.js",
  "event": "heading_set",
  "data": {
    "value": 0.39999999999997726,
    "reason": null
  }
}
 {
  "ts": 1760057340790,
  "module": "mapController.js",
  "event": "north_up_transform_check",
  "data": {
    "mapPaneTransform": "",
    "mapPaneOrigin": "",
    "rotatorTransform": "rotate(0deg)",
    "rotatorOrigin": ""
  }
}
 {
  "ts": 1760057340790,
  "module": "mapController.js",
  "event": "north_up_dom_check",
  "data": {
    "width": 30,
    "height": 30,
    "offsetTop": 0,
    "offsetLeft": 0
  }
}
 {
  "ts": 1760057340790,
  "module": "mapController.js",
  "event": "north_up_style_deepcheck",
  "data": {
    "outer": {
      "display": "block",
      "lineHeight": "18px",
      "verticalAlign": "baseline"
    },
    "rotator": {
      "display": "block",
      "lineHeight": "18px",
      "verticalAlign": "baseline"
    },
    "svg": {
      "display": "block",
      "lineHeight": "18px",
      "verticalAlign": "middle"
    }
  }
}
 {
  "ts": 1760057340791,
  "module": "mapController.js",
  "event": "north_up_dom_structure",
  "data": {
    "outerHTML": "<div id=\"userMarker\" class=\"user-marker\" data-role=\"user\">\n                <div class=\"user-location-marker-rotator\" style=\"transform: rotate(0deg);\">\n                    <svg viewBox=\"0 0 24 24\"><path d=\"M12 2L4.5 20.29l.71.71L12 18l6.79 3 .71-.71z\"></path></svg>\n                </div>\n            </div>"
  }
}
 {
  "ts": 1760057340791,
  "module": "mapController.js",
  "event": "apply_heading_north_up_fixed",
  "data": {
    "mode": "north-up",
    "map_rotation": "0 (fixed)",
    "marker_rotation": "0 (fixed)"
  }
}
 {
  "ts": 1760057340807,
  "module": "state.js",
  "event": "heading_set",
  "data": {
    "value": 0.2999999999999545,
    "reason": null
  }
}
 {
  "ts": 1760057340807,
  "module": "mapController.js",
  "event": "north_up_transform_check",
  "data": {
    "mapPaneTransform": "",
    "mapPaneOrigin": "",
    "rotatorTransform": "rotate(0deg)",
    "rotatorOrigin": ""
  }
}
 {
  "ts": 1760057340807,
  "module": "mapController.js",
  "event": "north_up_dom_check",
  "data": {
    "width": 30,
    "height": 30,
    "offsetTop": 0,
    "offsetLeft": 0
  }
}
 {
  "ts": 1760057340807,
  "module": "mapController.js",
  "event": "north_up_style_deepcheck",
  "data": {
    "outer": {
      "display": "block",
      "lineHeight": "18px",
      "verticalAlign": "baseline"
    },
    "rotator": {
      "display": "block",
      "lineHeight": "18px",
      "verticalAlign": "baseline"
    },
    "svg": {
      "display": "block",
      "lineHeight": "18px",
      "verticalAlign": "middle"
    }
  }
}
 {
  "ts": 1760057340807,
  "module": "mapController.js",
  "event": "north_up_dom_structure",
  "data": {
    "outerHTML": "<div id=\"userMarker\" class=\"user-marker\" data-role=\"user\">\n                <div class=\"user-location-marker-rotator\" style=\"transform: rotate(0deg);\">\n                    <svg viewBox=\"0 0 24 24\"><path d=\"M12 2L4.5 20.29l.71.71L12 18l6.79 3 .71-.71z\"></path></svg>\n                </div>\n            </div>"
  }
}
 {
  "ts": 1760057340807,
  "module": "mapController.js",
  "event": "apply_heading_north_up_fixed",
  "data": {
    "mode": "north-up",
    "map_rotation": "0 (fixed)",
    "marker_rotation": "0 (fixed)"
  }
}
 {
  "ts": 1760057340857,
  "module": "state.js",
  "event": "heading_set",
  "data": {
    "value": 0.19999999999998863,
    "reason": null
  }
}
 {
  "ts": 1760057340857,
  "module": "mapController.js",
  "event": "north_up_transform_check",
  "data": {
    "mapPaneTransform": "",
    "mapPaneOrigin": "",
    "rotatorTransform": "rotate(0deg)",
    "rotatorOrigin": ""
  }
}
 {
  "ts": 1760057340857,
  "module": "mapController.js",
  "event": "north_up_dom_check",
  "data": {
    "width": 30,
    "height": 30,
    "offsetTop": 0,
    "offsetLeft": 0
  }
}
 {
  "ts": 1760057340857,
  "module": "mapController.js",
  "event": "north_up_style_deepcheck",
  "data": {
    "outer": {
      "display": "block",
      "lineHeight": "18px",
      "verticalAlign": "baseline"
    },
    "rotator": {
      "display": "block",
      "lineHeight": "18px",
      "verticalAlign": "baseline"
    },
    "svg": {
      "display": "block",
      "lineHeight": "18px",
      "verticalAlign": "middle"
    }
  }
}
 {
  "ts": 1760057340857,
  "module": "mapController.js",
  "event": "north_up_dom_structure",
  "data": {
    "outerHTML": "<div id=\"userMarker\" class=\"user-marker\" data-role=\"user\">\n                <div class=\"user-location-marker-rotator\" style=\"transform: rotate(0deg);\">\n                    <svg viewBox=\"0 0 24 24\"><path d=\"M12 2L4.5 20.29l.71.71L12 18l6.79 3 .71-.71z\"></path></svg>\n                </div>\n            </div>"
  }
}
 {
  "ts": 1760057340857,
  "module": "mapController.js",
  "event": "apply_heading_north_up_fixed",
  "data": {
    "mode": "north-up",
    "map_rotation": "0 (fixed)",
    "marker_rotation": "0 (fixed)"
  }
}
 {
  "ts": 1760057340890,
  "module": "state.js",
  "event": "heading_set",
  "data": {
    "value": 0.2999999999999545,
    "reason": null
  }
}
 {
  "ts": 1760057340890,
  "module": "mapController.js",
  "event": "north_up_transform_check",
  "data": {
    "mapPaneTransform": "",
    "mapPaneOrigin": "",
    "rotatorTransform": "rotate(0deg)",
    "rotatorOrigin": ""
  }
}
 {
  "ts": 1760057340890,
  "module": "mapController.js",
  "event": "north_up_dom_check",
  "data": {
    "width": 30,
    "height": 30,
    "offsetTop": 0,
    "offsetLeft": 0
  }
}
 {
  "ts": 1760057340891,
  "module": "mapController.js",
  "event": "north_up_style_deepcheck",
  "data": {
    "outer": {
      "display": "block",
      "lineHeight": "18px",
      "verticalAlign": "baseline"
    },
    "rotator": {
      "display": "block",
      "lineHeight": "18px",
      "verticalAlign": "baseline"
    },
    "svg": {
      "display": "block",
      "lineHeight": "18px",
      "verticalAlign": "middle"
    }
  }
}
 {
  "ts": 1760057340891,
  "module": "mapController.js",
  "event": "north_up_dom_structure",
  "data": {
    "outerHTML": "<div id=\"userMarker\" class=\"user-marker\" data-role=\"user\">\n                <div class=\"user-location-marker-rotator\" style=\"transform: rotate(0deg);\">\n                    <svg viewBox=\"0 0 24 24\"><path d=\"M12 2L4.5 20.29l.71.71L12 18l6.79 3 .71-.71z\"></path></svg>\n                </div>\n            </div>"
  }
}
 {
  "ts": 1760057340891,
  "module": "mapController.js",
  "event": "apply_heading_north_up_fixed",
  "data": {
    "mode": "north-up",
    "map_rotation": "0 (fixed)",
    "marker_rotation": "0 (fixed)"
  }
}
 {
  "ts": 1760057340990,
  "module": "state.js",
  "event": "heading_set",
  "data": {
    "value": 0.39999999999997726,
    "reason": null
  }
}
 {
  "ts": 1760057340990,
  "module": "mapController.js",
  "event": "north_up_transform_check",
  "data": {
    "mapPaneTransform": "",
    "mapPaneOrigin": "",
    "rotatorTransform": "rotate(0deg)",
    "rotatorOrigin": ""
  }
}
 {
  "ts": 1760057340990,
  "module": "mapController.js",
  "event": "north_up_dom_check",
  "data": {
    "width": 30,
    "height": 30,
    "offsetTop": 0,
    "offsetLeft": 0
  }
}
 {
  "ts": 1760057340990,
  "module": "mapController.js",
  "event": "north_up_style_deepcheck",
  "data": {
    "outer": {
      "display": "block",
      "lineHeight": "18px",
      "verticalAlign": "baseline"
    },
    "rotator": {
      "display": "block",
      "lineHeight": "18px",
      "verticalAlign": "baseline"
    },
    "svg": {
      "display": "block",
      "lineHeight": "18px",
      "verticalAlign": "middle"
    }
  }
}
 {
  "ts": 1760057340990,
  "module": "mapController.js",
  "event": "north_up_dom_structure",
  "data": {
    "outerHTML": "<div id=\"userMarker\" class=\"user-marker\" data-role=\"user\">\n                <div class=\"user-location-marker-rotator\" style=\"transform: rotate(0deg);\">\n                    <svg viewBox=\"0 0 24 24\"><path d=\"M12 2L4.5 20.29l.71.71L12 18l6.79 3 .71-.71z\"></path></svg>\n                </div>\n            </div>"
  }
}
 {
  "ts": 1760057340991,
  "module": "mapController.js",
  "event": "apply_heading_north_up_fixed",
  "data": {
    "mode": "north-up",
    "map_rotation": "0 (fixed)",
    "marker_rotation": "0 (fixed)"
  }
}
 {
  "ts": 1760057341040,
  "module": "state.js",
  "event": "heading_set",
  "data": {
    "value": 0.5,
    "reason": null
  }
}
 {
  "ts": 1760057341040,
  "module": "mapController.js",
  "event": "north_up_transform_check",
  "data": {
    "mapPaneTransform": "",
    "mapPaneOrigin": "",
    "rotatorTransform": "rotate(0deg)",
    "rotatorOrigin": ""
  }
}
 {
  "ts": 1760057341040,
  "module": "mapController.js",
  "event": "north_up_dom_check",
  "data": {
    "width": 30,
    "height": 30,
    "offsetTop": 0,
    "offsetLeft": 0
  }
}
 {
  "ts": 1760057341040,
  "module": "mapController.js",
  "event": "north_up_style_deepcheck",
  "data": {
    "outer": {
      "display": "block",
      "lineHeight": "18px",
      "verticalAlign": "baseline"
    },
    "rotator": {
      "display": "block",
      "lineHeight": "18px",
      "verticalAlign": "baseline"
    },
    "svg": {
      "display": "block",
      "lineHeight": "18px",
      "verticalAlign": "middle"
    }
  }
}
 {
  "ts": 1760057341040,
  "module": "mapController.js",
  "event": "north_up_dom_structure",
  "data": {
    "outerHTML": "<div id=\"userMarker\" class=\"user-marker\" data-role=\"user\">\n                <div class=\"user-location-marker-rotator\" style=\"transform: rotate(0deg);\">\n                    <svg viewBox=\"0 0 24 24\"><path d=\"M12 2L4.5 20.29l.71.71L12 18l6.79 3 .71-.71z\"></path></svg>\n                </div>\n            </div>"
  }
}
 {
  "ts": 1760057341041,
  "module": "mapController.js",
  "event": "apply_heading_north_up_fixed",
  "data": {
    "mode": "north-up",
    "map_rotation": "0 (fixed)",
    "marker_rotation": "0 (fixed)"
  }
}
 {
  "ts": 1760057341090,
  "module": "state.js",
  "event": "heading_set",
  "data": {
    "value": 0.39999999999997726,
    "reason": null
  }
}
 {
  "ts": 1760057341090,
  "module": "mapController.js",
  "event": "north_up_transform_check",
  "data": {
    "mapPaneTransform": "",
    "mapPaneOrigin": "",
    "rotatorTransform": "rotate(0deg)",
    "rotatorOrigin": ""
  }
}
 {
  "ts": 1760057341090,
  "module": "mapController.js",
  "event": "north_up_dom_check",
  "data": {
    "width": 30,
    "height": 30,
    "offsetTop": 0,
    "offsetLeft": 0
  }
}
 {
  "ts": 1760057341090,
  "module": "mapController.js",
  "event": "north_up_style_deepcheck",
  "data": {
    "outer": {
      "display": "block",
      "lineHeight": "18px",
      "verticalAlign": "baseline"
    },
    "rotator": {
      "display": "block",
      "lineHeight": "18px",
      "verticalAlign": "baseline"
    },
    "svg": {
      "display": "block",
      "lineHeight": "18px",
      "verticalAlign": "middle"
    }
  }
}
 {
  "ts": 1760057341090,
  "module": "mapController.js",
  "event": "north_up_dom_structure",
  "data": {
    "outerHTML": "<div id=\"userMarker\" class=\"user-marker\" data-role=\"user\">\n                <div class=\"user-location-marker-rotator\" style=\"transform: rotate(0deg);\">\n                    <svg viewBox=\"0 0 24 24\"><path d=\"M12 2L4.5 20.29l.71.71L12 18l6.79 3 .71-.71z\"></path></svg>\n                </div>\n            </div>"
  }
}
 {
  "ts": 1760057341090,
  "module": "mapController.js",
  "event": "apply_heading_north_up_fixed",
  "data": {
    "mode": "north-up",
    "map_rotation": "0 (fixed)",
    "marker_rotation": "0 (fixed)"
  }
}
 {
  "ts": 1760057341107,
  "module": "state.js",
  "event": "heading_set",
  "data": {
    "value": 0.5,
    "reason": null
  }
}
 {
  "ts": 1760057341107,
  "module": "mapController.js",
  "event": "north_up_transform_check",
  "data": {
    "mapPaneTransform": "",
    "mapPaneOrigin": "",
    "rotatorTransform": "rotate(0deg)",
    "rotatorOrigin": ""
  }
}
 {
  "ts": 1760057341107,
  "module": "mapController.js",
  "event": "north_up_dom_check",
  "data": {
    "width": 30,
    "height": 30,
    "offsetTop": 0,
    "offsetLeft": 0
  }
}
 {
  "ts": 1760057341107,
  "module": "mapController.js",
  "event": "north_up_style_deepcheck",
  "data": {
    "outer": {
      "display": "block",
      "lineHeight": "18px",
      "verticalAlign": "baseline"
    },
    "rotator": {
      "display": "block",
      "lineHeight": "18px",
      "verticalAlign": "baseline"
    },
    "svg": {
      "display": "block",
      "lineHeight": "18px",
      "verticalAlign": "middle"
    }
  }
}
 {
  "ts": 1760057341107,
  "module": "mapController.js",
  "event": "north_up_dom_structure",
  "data": {
    "outerHTML": "<div id=\"userMarker\" class=\"user-marker\" data-role=\"user\">\n                <div class=\"user-location-marker-rotator\" style=\"transform: rotate(0deg);\">\n                    <svg viewBox=\"0 0 24 24\"><path d=\"M12 2L4.5 20.29l.71.71L12 18l6.79 3 .71-.71z\"></path></svg>\n                </div>\n            </div>"
  }
}
 {
  "ts": 1760057341108,
  "module": "mapController.js",
  "event": "apply_heading_north_up_fixed",
  "data": {
    "mode": "north-up",
    "map_rotation": "0 (fixed)",
    "marker_rotation": "0 (fixed)"
  }
}
 {
  "ts": 1760057341190,
  "module": "state.js",
  "event": "heading_set",
  "data": {
    "value": 0.5999999999999659,
    "reason": null
  }
}
 {
  "ts": 1760057341190,
  "module": "mapController.js",
  "event": "north_up_transform_check",
  "data": {
    "mapPaneTransform": "",
    "mapPaneOrigin": "",
    "rotatorTransform": "rotate(0deg)",
    "rotatorOrigin": ""
  }
}
 {
  "ts": 1760057341190,
  "module": "mapController.js",
  "event": "north_up_dom_check",
  "data": {
    "width": 30,
    "height": 30,
    "offsetTop": 0,
    "offsetLeft": 0
  }
}
 {
  "ts": 1760057341190,
  "module": "mapController.js",
  "event": "north_up_style_deepcheck",
  "data": {
    "outer": {
      "display": "block",
      "lineHeight": "18px",
      "verticalAlign": "baseline"
    },
    "rotator": {
      "display": "block",
      "lineHeight": "18px",
      "verticalAlign": "baseline"
    },
    "svg": {
      "display": "block",
      "lineHeight": "18px",
      "verticalAlign": "middle"
    }
  }
}
 {
  "ts": 1760057341190,
  "module": "mapController.js",
  "event": "north_up_dom_structure",
  "data": {
    "outerHTML": "<div id=\"userMarker\" class=\"user-marker\" data-role=\"user\">\n                <div class=\"user-location-marker-rotator\" style=\"transform: rotate(0deg);\">\n                    <svg viewBox=\"0 0 24 24\"><path d=\"M12 2L4.5 20.29l.71.71L12 18l6.79 3 .71-.71z\"></path></svg>\n                </div>\n            </div>"
  }
}
 {
  "ts": 1760057341191,
  "module": "mapController.js",
  "event": "apply_heading_north_up_fixed",
  "data": {
    "mode": "north-up",
    "map_rotation": "0 (fixed)",
    "marker_rotation": "0 (fixed)"
  }
}
 {
  "ts": 1760057341257,
  "module": "state.js",
  "event": "heading_set",
  "data": {
    "value": 0.6999999999999886,
    "reason": null
  }
}
 {
  "ts": 1760057341257,
  "module": "mapController.js",
  "event": "north_up_transform_check",
  "data": {
    "mapPaneTransform": "",
    "mapPaneOrigin": "",
    "rotatorTransform": "rotate(0deg)",
    "rotatorOrigin": ""
  }
}
